({:type :comment, :data [if lt IE 7 ]> <html class="ie ie6"> <![endif]} {:type :comment, :data [if IE 7 ]>    <html class="ie ie7"> <![endif]} {:type :comment, :data [if IE 8 ]>    <html class="ie8"> <![endif]} {:type :comment, :data [if IE 9 ]>    <html class="ie9"> <![endif]} {:type :comment, :data [if (gt IE 9)|!(IE)]><!} {:tag :html, :attrs {:lang zh-CN}, :content ({:type :comment, :data <![endif]} 
 {:tag :head, :attrs nil, :content (
	 {:tag :meta, :attrs {:charset UTF-8}, :content nil} 
	 {:tag :meta, :attrs {:content webkit, :name renderer}, :content nil} 
	 {:tag :meta, :attrs {:content IE=edge, :http-equiv X-UA-Compatible}, :content nil} 
	 {:tag :meta, :attrs {:content a1z1s, :name data-spm}, :content nil} 
	 {:tag :title, :attrs nil, :content (一滴泪 专辑 杜奕衡)} 
	 {:tag :meta, :attrs {:content gNntuhTm2rH7Qa/GPp6lf0mIp9KQsjejNs+i1LZhG7U=, :name verify-v1}, :content nil} 
	 {:tag :meta, :attrs {:content 一滴泪 专辑 杜奕衡, :name keywords}, :content nil} 
	 {:tag :meta, :attrs {:content 一滴泪 专辑 杜奕衡, :name description}, :content nil} 
	 {:tag :meta, :attrs {:content app-id=595594905, :name apple-itunes-app}, :content nil} 

	 {:tag :link, :attrs {:rel stylesheet, :media all, :href http://res.xiami.net/static/common/base.css?ver=20140613-130702}, :content nil} 

		 {:tag :link, :attrs {:rel stylesheet, :media all, :href http://res.xiami.net/??res/v3/css/global.css,res/v3/css/login.css,static/css/basic/core_mod.css,static/relation/css/name_card.css?ver=20140613-130702}, :content nil} 

		 {:tag :link, :attrs {:rel stylesheet, :media all, :href http://res.xiami.net/??static/lib/jquery.jscrollpane.css,static/common/header.css,static/common/footer.css?ver=20140613-130702}, :content nil} 

	 {:tag :link, :attrs {:rel stylesheet, :media all, :href http://res.xiami.net/??res/css/default/group15.css,res/css/default/beta15.css,res/v3/css/music.css?ver=20140613-130702}, :content nil} 
 {:tag :link, :attrs {:rel stylesheet, :media all, :href http://res.xiami.net/res/js/jquery/jquery.lightbox.css?ver=20140613-130702}, :content nil} 

	 {:tag :link, :attrs {:rel stylesheet, :media all, :href http://res.xiami.net/static/common/old.css?ver=20140613-130702}, :content nil} 

	 {:tag :link, :attrs {:rel shortcut icon, :type image/x-icon, :href http://img.xiami.net/favicon.ico}, :content nil} 
	 {:tag :link, :attrs {:rel apple-touch-icon, :href http://img.xiami.net/res/img/common/ipad/xiami_logo_apple.png}, :content nil} 
	 {:tag :link, :attrs {:title Xiami Search, :rel search, :type application/opensearchdescription+xml, :href /opensearch.xml}, :content nil} 
	 {:tag :link, :attrs {:href /collect/feed, :title 虾米音乐每日精选, :type application/atom+xml, :rel alternate}, :content nil} 

	
	
	 {:tag :style, :attrs {:type text/css}, :content (

		#header{   text-align: left;  zoom:1;  z-index:10; }
		#header .wrapper,#secondary .wrapper,#footer .wrapper{
			_width: expression(documentElement.clientWidth < 980? "980px" : documentElement.clientWidth > 1100? "1100px" : "auto");
		}

		.ie6 #secondary a.current{ background: none;}
		#header .primary .search .submit{ padding:0; cursor: pointer;}
		#header a,#secondary a{ text-decoration:none;}
		#header .user{vertical-align:top;}
		#header .auto_complete strong{ font-weight:normal;}
		#header .primary .user_popup .content ul .logout{ padding:0;}
		#header .content,#secondary .content{ overflow: visible;}	
		#secondary{  text-align: left;}
		.no-shadow{ box-shadow: none !important; -moz-box-shadow: none !important; -webkit-box-shadow: none !important;}
		#footer{zoom: 1;}
	)} 
	


	 {:type :comment, :data [if lte IE 8]>
	<link href="http://res.xiami.net/res/v3/css/login_iefix.css?v=20130521145542" rel="stylesheet" media="all" />
	<![endif]} 

		 {:tag :script, :attrs {:src http://res.xiami.net/??static/lib/jQuery/1.4.4/jquery.min.js,res/js/jquery/jqDnR.js,static/lib/jqModal.js,res/js/jquery/jquery.form.js,res/js/jquery/jquery.cookie.js,res/js/jquery/jquery.tools.js,res/v3/js/functions/index.js,res/js/default/xiami.js?ver=20140613-130702, :type text/javascript}, :content nil} 

		 {:tag :script, :attrs {:src http://res.xiami.net/??static/js/lib/jquery.tmpl.min.js,static/js/app/relation.js,static/js/app/nameCard.js?ver=20140613-130702, :type text/javascript}, :content nil} 


	 {:tag :script, :attrs {:src http://res.xiami.net/??static/lib/jquery.mousewheel.js,static/lib/jquery.jscrollpane.min.js,static/common/header_old.js,static/common/base.js?ver=20140613-130702, :type text/javascript}, :content nil} 


	 {:tag :script, :attrs nil, :content (
	var _xiamitoken = $.cookie('_xiamitoken'),
		_xiamiimg = 'http://img.xiami.net',
		_xiamiuser = $.cookie('user'),
		_athenaapiurl = 'ihi.xiami.com';
	)} 

	 {:tag :script, :attrs {:src http://res.xiami.net/res/js/jquery/jquery.lightbox.js?ver=20140613-130702, :type text/javascript}, :content nil} 

	
			 {:tag :script, :attrs {:src http://partner.googleadservices.com/gampad/google_service.js?v=201307175516, :type text/javascript}, :content nil} 
	 {:tag :script, :attrs {:type text/javascript}, :content (GS_googleAddAdSenseService("ca-pub-2784367241150493");GS_googleEnableAllServices();)} 
		 {:tag :script, :attrs {:language JavaScript}, :content (
	GA_googleAddAttr("MusicType", "Album");
		GA_googleAddAttr("ArtistID", "205");
	GA_googleAddAttr("AlbumID", "883");
		)} 
		 {:tag :script, :attrs {:type text/javascript}, :content (
	GA_googleAddSlot("ca-pub-2784367241150493", "Muisc-Album_Right_300x250");GA_googleAddSlot("ca-pub-2784367241150493", "Muisc-Album_Bottom_300x250");	)} 
	 {:tag :script, :attrs {:type text/javascript}, :content (GA_googleFetchAds();)} 
	
)} 
 {:tag :body, :attrs {:data-spm 6659513}, :content ({:tag :script, :attrs {:type text/javascript}, :content (
(function (d) {
var t=d.createElement("script");t.type="text/javascript";t.async=true;t.id="tb-beacon-aplus";
t.setAttribute("exparams","category=&userid=&aplus&member_auth=0");
t.src=("https:"==d.location.protocol?"https://s":"http://a")+".tbcdn.cn/s/aplus_v2.js";
d.getElementsByTagName("head")[0].appendChild(t);
})(document);
)} 
 {:tag :script, :attrs nil, :content (
var ua = "";
var UA_Opt = {};
UA_Opt.LogVal = "ua";
UA_Opt.MaxMCLog = 3;
UA_Opt.MaxMPLog = 3;
UA_Opt.MaxKSLog = 3;
UA_Opt.Token = new Date().getTime() + ":" + Math.random();
UA_Opt.SendMethod = 8;
UA_Opt.Flag = 13454;
)} 
 {:tag :script, :attrs {:src http://uaction.aliyuncdn.com/js/ua.js}, :content nil} 
 {:tag :script, :attrs nil, :content (
try{
    UA_Opt.Token = new Date().getTime() + ":" + Math.random();
UA_Opt.reload();
}catch(err){}
var uaexp=new Date();
uaexp.setTime(uaexp.getTime()+30*24*60*60*1000);
document.cookie="pnm_cku822="+encodeURIComponent(ua)+";path=/;expires="+uaexp.toGMTString();
)} 



 {:tag :div, :attrs {:id xiami-content}, :content ({:tag :h1, :attrs nil, :content (一滴泪 专辑 杜奕衡)})} 
 {:tag :div, :attrs {:id web_loading}, :content (Loading...)} 





 {:tag :div, :attrs {:data-spm 226669510, :id header}, :content (
	 {:tag :div, :attrs {:class primary}, :content (
		 {:tag :div, :attrs {:class gap}, :content (
		 {:tag :div, :attrs {:class wrapper}, :content (
			 {:tag :table, :attrs nil, :content (
				 {:tag :tr, :attrs nil, :content (
					 {:tag :td, :attrs {:class logo}, :content ({:tag :a, :attrs {:title 虾米音乐网(xiami.com) - 高品质音乐 发现 分享, :href /}, :content (虾米音乐网(xiami.com) - 高品质音乐 发现 分享)})} 
										 {:tag :td, :attrs {:class nav}, :content (
						 {:tag :a, :attrs {:href /, :class bigtext current}, :content (发现音乐)} 
						 {:tag :a, :attrs {:href /space/lib-song, :class bigtext }, :content (我的音乐)} 
					)} 
					 {:tag :td, :attrs {:class subnav}, :content (
						 {:tag :a, :attrs {:href /collect, :class bigtext first }, :content (精选集)} 
						 {:tag :a, :attrs {:href /radio, :target _blank, :class bigtext middle }, :content (电台)} 
						 {:tag :a, :attrs {:href http://i.xiami.com, :class bigtext last }, :content (音乐人)} 
					)} 
					 {:tag :td, :attrs {:class search}, :content (
						 {:tag :div, :attrs {:class container}, :content (
							 {:tag :form, :attrs {:id search, :method get, :action /search}, :content (
								 {:tag :input, :attrs {:name key, :placeholder 音乐搜索，找人..., :autocomplete off, :class keyword}, :content nil} 
								 {:tag :input, :attrs {:value 搜索, :type submit, :class icon submit}, :content nil} 
								 {:tag :input, :attrs {:value 1, :name pos, :type hidden}, :content nil} 
							)} 
							 {:tag :div, :attrs {:class auto_complete}, :content nil} 
						)} 
					)} 
										 {:tag :td, :attrs {:class reg}, :content (
						 {:tag :a, :attrs {:href /member/register}, :content (免费注册)} 
					)} 
					 {:tag :td, :attrs {:class login}, :content (
						 {:tag :a, :attrs {:href https://login.xiami.com/member/login, :class first}, :content (立即登录)} 
						 {:tag :a, :attrs {:onclick sinaLogin();return false;, :href , :class middle}, :content ({:tag :b, :attrs {:class icon weibo}, :content (weibo)})} 
						 {:tag :a, :attrs {:onclick qqLogin();return false;, :href , :class last}, :content ({:tag :b, :attrs {:class icon qq}, :content (qq)})} 
					)} 
									)} 
			)} 
			 {:tag :div, :attrs {:class notify_popup}, :content (
				 {:tag :div, :attrs {:class content}, :content (
					 {:tag :div, :attrs {:class container}, :content ({:tag :p, :attrs {:class loading}, :content nil})} 
					 {:tag :b, :attrs {:class triangle}, :content ({:tag :i, :attrs nil, :content (◆)} ◆)} 
				)} 
			)} 			
			 {:tag :div, :attrs {:class user_popup}, :content (
				 {:tag :div, :attrs {:class content}, :content (
					 {:tag :ul, :attrs nil, :content (
						 {:tag :li, :attrs nil, :content ({:tag :a, :attrs {:href /u/}, :content ({:tag :b, :attrs {:class icon home}, :content nil} 我的主页)})} 
						 {:tag :li, :attrs {:class fence}, :content nil} 
						 {:tag :li, :attrs nil, :content ({:tag :a, :attrs {:href /relation/following}, :content ({:tag :b, :attrs {:class icon relationship}, :content nil} 关注 / 粉丝)})} 
						 {:tag :li, :attrs nil, :content ({:tag :a, :attrs {:href /vip}, :content ({:tag :b, :attrs {:class icon vip}, :content nil} VIP)})} 
						 {:tag :li, :attrs nil, :content ({:tag :a, :attrs {:href /account}, :content ({:tag :b, :attrs {:class icon account}, :content nil} 账户)})} 
						 {:tag :li, :attrs nil, :content ({:tag :a, :attrs {:href /property/myproperties}, :content ({:tag :b, :attrs {:class icon props}, :content nil} 道具)})} 
						 {:tag :li, :attrs nil, :content ({:tag :a, :attrs {:href /share}, :content ({:tag :b, :attrs {:class icon setting}, :content nil} 设置)})} 
						 {:tag :li, :attrs {:class fence}, :content nil} 
						 {:tag :li, :attrs nil, :content ({:tag :a, :attrs {:onclick return false;, :class logout, :href }, :content ({:tag :b, :attrs {:class icon logout}, :content nil} 退出)})} 
					)} 
					 {:tag :b, :attrs {:class triangle}, :content ({:tag :i, :attrs nil, :content (◆)} ◆)} 
				)} 
			)} 
		)} 
		)} 
	)} 
)} 
 {:tag :div, :attrs {:id hidden_obj}, :content (
	 {:tag :object, :attrs {:name trans, :id trans, :height 1, :width 1, :type application/x-shockwave-flash, :data /res/player/sdtos.swf?v=1402818301}, :content (
	     {:tag :param, :attrs {:value /res/player/sdtos.swf?v=1402818301, :name movie}, :content nil} 
	     {:tag :param, :attrs {:value high, :name quality}, :content nil} 
	     {:tag :param, :attrs {:value window, :name wmode}, :content nil} 
		 {:tag :param, :attrs {:value sameDomain, :name allowScriptAccess}, :content nil} 
	)} 
)} 
 {:tag :div, :attrs {:class white, :id page}, :content (
	 {:tag :div, :attrs {:typeof v:Review-aggregate, :class scalable clearfix, :id wrapper}, :content (

		 {:tag :div, :attrs {:id title}, :content (
			 {:tag :h1, :attrs {:property v:itemreviewed}, :content (一滴泪)} 
		)} 
		 {:tag :div, :attrs {:class clearfix, :id content}, :content (
			 {:tag :div, :attrs {:class clearfix, :id main_wrapper}, :content (
				 {:tag :div, :attrs {:id main_content}, :content (
					 {:tag :div, :attrs {:id main}, :content (
						 {:tag :div, :attrs {:data-spm 6856585, :class clearfix, :id album_block}, :content (

 {:tag :style, :attrs nil, :content (
#album_info{position:relative;z-index:2;min-height:310px;_height:310px; margin:5px 10px 0 250px;}
#album_cover{position:absolute;left:0;top:-5px;}
#album_cover .stats{padding:3px 8px; position:absolute; top:0; left:0px;}
#album_cover .shield{background:none repeat scroll 0 0 #333333; border-bottom:1px solid #171410; border-right:1px solid #171410; color:#999999;}
#album_cover .pubbing{background:none repeat scroll 0 0 #333333; border-bottom:1px solid #171410; border-right:1px solid #171410; color:#ffffff;}
#album_cover .unpub{background:none repeat scroll 0 0 #333333; border-bottom:1px solid #171410; border-right:1px solid #171410; color:#cccccc;}
#album_cover .promotion{background:none repeat scroll 0 0 #821616; border-bottom:1px solid #171410; border-right:1px solid #171410; color:#ffffff;}

.grade {margin: -5px 0 0 15px;overflow: hidden;height:16px;color:#aaa;}
.grade a{background: url('http://img.xiami.net/res/v3/img/star2.png') no-repeat scroll 0 0 transparent;display: inline-block;height: 16px;overflow: hidden;text-indent: -9999em;width: 16px;vertical-align:middle;}
.grade a.hover{ background-position:-17px 0}
.grade a.selected{ background-position:-34px 0}
.grade span {color: #666666;margin-left: 5px;vertical-align:middle;}
.grade b.delGrade{color:#8CA6D7;cursor:pointer;vertical-align:middle;display:none;}
.grade b:hover,.b-h{color:#36c;}

#album_rank{float:left;padding:10px 0 10px 5px;border-bottom:1px dashed #D9D9D9;}
#album_rank p{position:relative;padding:0 20px 0 100px;line-height:22px;color:#999;background:url('http://img.xiami.net/res/v3/img/star3.png') no-repeat 0 0;font-family:"Microsoft Yahei";}
#album_rank span{position:absolute;left:0;top:0;background:url('http://img.xiami.net/res/v3/img/star3.png') no-repeat 0 -24px;text-indent:-9999px;}
#album_rank em{margin:0 10px;font-weight:bold;font-size:16px;font-style:normal;color:#F60;vertical-align:middle;}

#album_info ul{clear:both;margin:10px 0;padding:10px 5px 5px;*padding:0 5px 5px;border-bottom:1px solid #EEE;}
#album_info ul li{ font-size:10px; color:#666;  height:12px; margin-bottom:7px; *margin:2px;}
#album_info ul li span{ float:left; margin-right:5px;}
#album_info ul li span.appraise_bg{ background:#FFDCC5; height:11px;  display:block;}
#album_info ul .appraise4{ background:url('http://img.xiami.net/res/v3/img/star1_v2.png') 0 0 no-repeat;}
#album_info ul .appraise3{ background:url('http://img.xiami.net/res/v3/img/star1_v2.png') 0 -14px no-repeat; }
#album_info ul .appraise2{ background:url('http://img.xiami.net/res/v3/img/star1_v2.png') 0 -28px no-repeat; }
#album_info ul .appraise1{ background:url('http://img.xiami.net/res/v3/img/star1_v2.png') 0 -42px no-repeat; }
#album_info ul .appraise0{ background:url('http://img.xiami.net/res/v3/img/star1_v2.png') 0 -56px no-repeat; }
/**/
#artist_fangroup_block{width:298px;height:403px;z-index:99999;margin-top:0;}
.music_counts{margin-bottom:20px;}
a.bt_tel{margin:0 10px;}
#album_acts .acts_list {position: absolute;right: 0;top: 50%;margin-top: -15px;}

)} 

							 {:tag :div, :attrs {:rel v:rating, :id album_info}, :content (
								 {:tag :div, :attrs {:typeof v:Rating, :id album_rank}, :content (
																		 {:tag :p, :attrs {:class clearfix}, :content ({:tag :span, :attrs {:style width:0px;}, :content nil} {:tag :em, :attrs {:property v:value}, :content nil} {:tag :span, :attrs {:property v:best}, :content (10)} (少于 {:tag :i, :attrs {:property v:votes}, :content (10)} 人评价))} 
																	)} 
								 {:tag :ul, :attrs nil, :content (
									 {:tag :li, :attrs nil, :content ({:tag :span, :attrs {:class appraise4 rankico}, :content ({:tag :em, :attrs nil, :content (酷爱)})} {:tag :span, :attrs {:class appraise_bg, :style width:100px;}, :content nil} 1)} 
									 {:tag :li, :attrs nil, :content ({:tag :span, :attrs {:class appraise3 rankico}, :content ({:tag :em, :attrs nil, :content (好听)})} {:tag :span, :attrs {:class appraise_bg, :style width:0px;}, :content nil} 0)} 
									 {:tag :li, :attrs nil, :content ({:tag :span, :attrs {:class appraise2 rankico}, :content ({:tag :em, :attrs nil, :content (能听)})} {:tag :span, :attrs {:class appraise_bg, :style width:0px;}, :content nil} 0)} 
									 {:tag :li, :attrs nil, :content ({:tag :span, :attrs {:class appraise1 rankico}, :content ({:tag :em, :attrs nil, :content (难听)})} {:tag :span, :attrs {:class appraise_bg, :style width:0px;}, :content nil} 0)} 
									 {:tag :li, :attrs nil, :content ({:tag :span, :attrs {:class appraise0 rankico}, :content ({:tag :em, :attrs nil, :content (噪音)})} {:tag :span, :attrs {:class appraise_bg, :style width:0px;}, :content nil} 0)} 
								)} 
								 {:tag :table, :attrs nil, :content (
									 {:tag :tr, :attrs nil, :content (
										 {:tag :td, :attrs {:valign top, :width 64, :class item}, :content (艺人：)} 
										 {:tag :td, :attrs {:valign top}, :content (
																						 {:tag :a, :attrs {:title , :href /artist/205}, :content (杜奕衡)} 
																					)} 
									)} 
									
									 {:tag :tr, :attrs nil, :content (
										 {:tag :td, :attrs {:valign top, :class item}, :content (语种：)} 
										 {:tag :td, :attrs {:valign top}, :content (国语)} 
									)} 
									 {:tag :tr, :attrs nil, :content (
										 {:tag :td, :attrs {:valign top, :class item}, :content (唱片公司：)} 
										 {:tag :td, :attrs {:valign top}, :content ({:tag :a, :attrs {:target _blank, :title 搜索星文唱片, :href /search?key=%E6%98%9F%E6%96%87%E5%94%B1%E7%89%87}, :content (星文唱片)})} 
									)} 
																		 {:tag :tr, :attrs nil, :content (
										 {:tag :td, :attrs {:valign top, :class item}, :content (发行时间：)} 
										 {:tag :td, :attrs {:valign top}, :content (2003年12月01日)} 
									)} 
																		 {:tag :tr, :attrs nil, :content (
										 {:tag :td, :attrs {:valign top, :class item}, :content (专辑类别：)} 
										 {:tag :td, :attrs {:valign top}, :content (录音室专辑)} 
									)} 
																		
																										)} 
							)} 
							 {:tag :div, :attrs {:id album_cover}, :content (
								 {:tag :a, :attrs {:class CDcover185, :href http://img.xiami.net/images/album/img5/205/883.jpg, :target _blank, :title 一滴泪, :id albumCover}, :content (  {:tag :img, :attrs {:alt 一滴泪, :rel v:photo, :src http://img.xiami.net/images/album/img5/205/883_2.jpg, :class cdCover185}, :content nil})} 
								
								 {:tag :div, :attrs {:id taobao_cd}, :content (
								
								 {:tag :style, :attrs nil, :content (
								#taobao_cd {
									width: 230px;
									margin: -10px 0 20px;
								}
								#taobao_cd a {
									display: block;
									width: 183px;
									height: 40px;
									border-radius: 3px;
									background: whitesmoke url("http://gtms03.alicdn.com/tps/i3/T1Q8T9FOtbXXcCq_Hr-93-32.gif") no-repeat 86px 4px;
									border: 1px solid #e0e0e0;
									text-decoration: none;
									margin: 0 auto;
									position: relative;
								}
								#taobao_cd s {
									display: block;
									width: 86px;
									height: 40px;
									color: #999;
									text-align: center;
									line-height: 40px;
									position: absolute;
									left: 0;
									top: 0;
								}
								#taobao_cd span {
									display: block;
									width: 64px;
									height: 20px;
									line-height: 20px;
									position: absolute;
									left: 116px;
									top: 4px;
									color: #fff;
									font-size: 12px;
									text-align: center;
								}
								#taobao_cd em {
									font-style: normal;
									font-size: 18px;
								}								
								)} 
								
								 {:tag :script, :attrs nil, :content (
								var albumid = '883',
									userid = _xiamiuser ? _xiamiuser.split('"')[0] : '';
									
									$(function() {
										$.getJSON('/app/promotion/getitem',{'type':3, 'id':albumid}, function(data) {
											if (data.data) {
												var itemsid = data.data[0].url.split('?id=')[1];
												goldlog.record('/xiamipc.1.10','','albumid='+albumid+'&itemsid='+itemsid+'&userid='+userid,'H46807173');
												$('#taobao_cd').append('<a onclick="javascript:goldlog.record(\'/xiamipc.1.11\',\'\',\'albumid='+albumid+'&itemsid='+itemsid+'&userid='+userid+'\',\'H46807174\')" href="' + data.data[0].url + '" target="_blank"><s>CD原价￥' + (data.data[0].normal_price | 0) + '</s><span>￥<em>' + (data.data[0].discount_price | 0) + '</em></span></a>');
											};
										});
									});
									
								)} 
								)} 

								 {:tag :p, :attrs {:class grade}, :content (
									 {:tag :input, :attrs {:name grade, :class grade_v, :value , :type hidden}, :content nil} 我的评价：
									 {:tag :a, :attrs {:onclick page_review(883,1);, :href javascript:void(0);}, :content (很差)} 
									 {:tag :a, :attrs {:onclick page_review(883,2);, :href javascript:void(0);}, :content (较差)} 
									 {:tag :a, :attrs {:onclick page_review(883,3);, :href javascript:void(0);}, :content (还行)} 
									 {:tag :a, :attrs {:onclick page_review(883,4);, :href javascript:void(0);}, :content (推荐)} 
									 {:tag :a, :attrs {:onclick page_review(883,5);, :href javascript:void(0);}, :content (力荐)} {:tag :span, :attrs nil, :content nil}  								)} 	
							)} 
						)} 

												 {:tag :div, :attrs {:class clearfix, :id album_acts}, :content (							
							 {:tag :div, :attrs {:class cd2play}, :content (
																 {:tag :a, :attrs {:href javascript:void(0), :title 立即播放 一滴泪 专辑, :onclick playalbum('883')}, :content (立即播放)} 
															)} 							
							 {:tag :ul, :attrs {:class acts_list}, :content (								
																								 {:tag :li, :attrs {:class do_fav, :id album_getfav_883}, :content ({:tag :a, :attrs {:title 收藏此专辑到音乐库, :class wrap, :href javascript:void(0);, :onclick tag(883,5)}, :content ({:tag :span, :attrs nil, :content ({:tag :i, :attrs nil, :content nil} 收藏到音乐库)})})} 
								 {:tag :li, :attrs {:id album_removefav_883, :style display:none, :class do_fav done}, :content ({:tag :a, :attrs {:class wrap item_5_883, :onclick albumstore('883',2);, :title 取消收藏, :href javascript:void(0)}, :content ({:tag :span, :attrs nil, :content ({:tag :i, :attrs nil, :content nil} 已收藏到音乐库 {:tag :strong, :attrs nil, :content ((取消))})})})} 
								 {:tag :li, :attrs {:class do_share}, :content ({:tag :a, :attrs {:title 分享给朋友们, :class wrap, :onclick recommend('883','33');, :href javascript:void(0);}, :content ({:tag :span, :attrs nil, :content ({:tag :i, :attrs nil, :content nil} 分享 {:tag :em, :attrs nil, :content ((1))})})})} 
								 {:tag :li, :attrs {:class do_widget}, :content ({:tag :a, :attrs {:title 将转贴到博客或BBS, :class wrap, :onclick getQuote(2,'883');, :href javascript:void(0)}, :content ({:tag :span, :attrs nil, :content ({:tag :i, :attrs nil, :content nil} 转贴)})})} 							)} 
						)} 
												
 {:tag :div, :attrs {:class bgbd clearfix, :id share_bar}, :content (
 {:tag :div, :attrs {:style float: right; padding-right:5px;, :class share-bar-inner}, :content (
 {:type :comment, :data  Baidu Button BEGIN } 
 {:tag :div, :attrs {:data {'wbuid':1718436033}, :style float: left; padding: 5px;, :class bdshare_t bds_tools get-codes-bdshare, :id bdshare}, :content (
 {:tag :span, :attrs {:class bds_more}, :content (分享到：)} 
 {:tag :a, :attrs {:style margin-right: 20px;, :class bds_tsina}, :content nil} 
 {:tag :a, :attrs {:class bds_renren}, :content nil} 
 {:tag :a, :attrs {:class bds_qzone}, :content nil} 
 {:tag :a, :attrs {:class bds_douban}, :content nil} 
 {:tag :a, :attrs {:class bds_tqq}, :content nil} 
 {:tag :a, :attrs {:class bds_t163}, :content nil} 
 {:tag :a, :attrs {:class bds_huaban}, :content nil} 
 {:type :comment, :data  <a class="shareCount"></a> } 
)} 
 {:tag :a, :attrs {:href , :onclick return shareLaiwang();, :title 分享到来往, :style float: left; margin-top: 10px; position: absolute; top:0; right: 141px;, :class laiwang}, :content ({:tag :i, :attrs {:style display: inline-block;width: 16px;height: 16px;margin-right: 2px;background: url('http://img.xiami.net/static/img/common/share_icon.png') no-repeat -263px 0;vertical-align: middle;}, :content nil})} 
)} 

 {:tag :script, :attrs {:data type=tools&uid=0, :id bdshare_js, :type text/javascript}, :content nil} 
 {:tag :script, :attrs {:id bdshell_js, :type text/javascript}, :content nil} 
 {:tag :script, :attrs {:type text/javascript}, :content (

    var bds_config = {
        'wbUid':1718436033,
        'snsKey':{'tsina':'3845915579'},
        'bdText':'分享 杜奕衡 的专辑《一滴泪》 专辑地址：http://www.xiami.com/album/883（分享自 @虾米音乐）',
        'bdPic':"http://img.xiami.net/images/album/img5/205/883.jpg"
    };
    var laiwang_config = {
        title:'分享 杜奕衡 的专辑《一滴泪》',
        location:'www.xiami.com/album/883',
        pic:'http://img.xiami.net/images/album/img5/205/883.jpg'
    };
    document.getElementById("bdshell_js").src = "http://bdimg.share.baidu.com/static/js/shell_v2.js?cdnversion=" + Math.ceil(new Date()/3600000);
    function shareLaiwang(){
        var url = 'content='+ encodeURIComponent(laiwang_config.title) + encodeURIComponent('http://'+laiwang_config.location)+'&title='+encodeURIComponent(laiwang_config.title)+'&url='+encodeURIComponent('http://'+laiwang_config.location)+'&image='+encodeURI(laiwang_config.pic);
        window.open('http://www.laiwang.com/stream/shareToLaiwang.htm?'+url+'&'+new Date().getTime(), 'newwindow', 'height=360,width=588, top='+(screen.height-360)/2+',left='+(screen.width-588)/2+', toolbar=no, menubar=no, scrollbars=no,resizable=yes,location=no, status=no');
        return false;
    }

)} 
 {:type :comment, :data  Baidu Button END } 
)} 												 {:tag :div, :attrs {:class clearfix intro_less, :id album_intro}, :content (
							 {:tag :div, :attrs {:class album_intro_brief}, :content ( 
							 {:tag :strong, :attrs nil, :content (专辑介绍：)} {:tag :span, :attrs {:property v:summary}, :content ({:tag :font, :attrs {:color #ff0000}, :content ({:tag :strong, :attrs nil, :content ([杜奕衡来了])})} {:tag :br, :attrs nil, :content nil} 
　　 {:tag :br, :attrs nil, :content nil} 
谁说这个时代寡情薄义，杜奕衡的情歌给你最深的感动 {:tag :br, :attrs nil, :content nil} 
谁说流行音乐陷入低迷，杜奕衡的专辑让我们看到转机 {:tag :br, :attrs nil, :content nil} 
历时壹年，耗资百万，华语歌坛难得壹见的高品质专辑 {:tag :br, :attrs nil, :content nil} 
华语乐坛壹号制作人张卫宁倾力打造 {:tag :br, :attrs nil, :content nil} 
吴旭文+ 潘协庆+ 高枫+ 浮克+ 捞仔+ 樊孝斌集合华语乐坛壹线音乐人创作阵容 {:tag :br, :attrs nil, :content nil} 
壹往无前搜罗乐坛佳作，十首都是主打歌 {:tag :br, :attrs nil, :content nil} 
华语乐坛唯壹最男人的声音 {:tag :br, :attrs nil, :content nil} 
 {:tag :br, :attrs nil, :content nil} 
 {:tag :strong, :attrs nil, :content ({:tag :font, :attrs {:color #ff0000}, :content ([杜奕衡：我是情义派掌门人])})} {:tag :br, :attrs nil, :content nil} 
　　杜奕衡是谁？一个舞跳得很好，歌也唱得很好的新人，一个绝无仅有的深情男声，演出时大家叫他John，周围的朋友部叫他逗逗，走到街上偶尔会被人误认为刘德华(人物，图库，视听，唱片)。 {:tag :br, :attrs nil, :content nil} 
 {:tag :br, :attrs nil, :content nil} 
　　而他会说，我只是我，名字不重要，我只要好好唱歌。 {:tag :br, :attrs nil, :content nil} 
 {:tag :br, :attrs nil, :content nil} 
　　入行多年，脚踏实地的他做过各种工作，但是仍然不改初衷。因为唱歌，是他唯一的梦想。 {:tag :br, :attrs nil, :content nil} 
 {:tag :br, :attrs nil, :content nil} 
　　2003年12月3日，杜奕衡泪洒新唱片首发式，这其中有感慨，有感动，也有对逝去故人的追忆。七年的时间，改变了太多事情。 {:tag :br, :attrs nil, :content nil} 
 {:tag :br, :attrs nil, :content nil} 
 {:tag :br, :attrs nil, :content nil} 
 {:tag :font, :attrs {:color #ff0000}, :content ({:tag :strong, :attrs nil, :content ([2003世事多变 发片计划屡屡搁浅])})} {:tag :br, :attrs nil, :content nil} 
 {:tag :br, :attrs nil, :content nil} 
　　实际上这张唱片中的大部分歌曲今年三月就已录制完成，本来预计四月份发片。但是天不从人愿，张国荣的去世另杜奕衡很受打击，因为Leslie一直是杜奕衡景仰的前辈，数年前的张国荣的一番话令杜奕衡铭记在心，也是他多年来不甘人后，脚踏实地拼搏的动力。张国荣的离世令他一段时间内情绪非常低落，加之忆起去年离世的好友高枫，短短几个月的时间两位良师益友相继离开，杜奕衡几乎要放弃。 {:tag :br, :attrs nil, :content nil} 
 {:tag :br, :attrs nil, :content nil} 
　　高枫生前也很看好杜奕衡的前途，他也是鼓励杜奕衡出专辑最重要的一个人。他曾经专门写了一首歌无偿赠送给杜奕衡，就是这张专辑里的《把咖啡喝掉》。高枫的父母也光临发布会现场，谈起高枫，杜奕衡流下了男儿泪。 {:tag :br, :attrs nil, :content nil} 
 {:tag :br, :attrs nil, :content nil} 
　　这眼泪是为故人而流，也为自己这七年坎坷的经历，更是为了今天他历经波折之后，终于站在了这个舞台上。 {:tag :br, :attrs nil, :content nil} 
 {:tag :br, :attrs nil, :content nil} 
 {:tag :br, :attrs nil, :content nil} 
 {:tag :strong, :attrs nil, :content ({:tag :font, :attrs {:color #ff0000}, :content ([天王天后一致肯定 歌神张学友钦点新人王])})} {:tag :br, :attrs nil, :content nil} 
 {:tag :br, :attrs nil, :content nil} 
　　数年前就签约演艺公司，经常赴港台与天王天后同台演出，有着丰富演出经验的杜奕衡曾受到张国荣(人物，图库，视听，唱片)、郭富城(人物，图库，视听，唱片)等歌坛前辈的高度评价，一代歌神张学友曾经多次指点他的唱功。时至今日，当杜奕衡提起这些前辈时，仍然充满了敬意，“他们的鼓励是我的动力，他们都是我的偶像。” {:tag :br, :attrs nil, :content nil} 
 {:tag :br, :attrs nil, :content nil} 
　学友很关心阿衡的新专辑制作，并根据他的声线，推荐曾经多次与自己合作，曾经为自己创作出《走过1999》、《好呆》、《心碎了无痕》的台湾著名音乐人吴旭文为阿衡量身订做歌曲。而曾经多次为天王天后幕后护航的吴旭文对阿衡的资质也颇为赞赏，与内地词坛怪才樊孝斌合作，很快就创作出了一首表达海峡两岸统一心声的爱国主义歌曲《祖传血脉》。 {:tag :br, :attrs nil, :content nil} 
 {:tag :br, :attrs nil, :content nil} 
 {:tag :br, :attrs nil, :content nil} 
 {:tag :strong, :attrs nil, :content ({:tag :font, :attrs {:color #ff0000}, :content ([歌坛催生情义派 杜奕衡首当其冲])})} {:tag :br, :attrs nil, :content nil} 
　　在一向缺乏阳刚之气的华语歌坛，即使是男歌手辈出也鲜有真正很男人的声音，特别是偶像化的年代，更显得脂粉气十足，对外表的苛责与雕琢使整个乐坛日益符号化，也忽略了对音乐本身的关注。最初在CCTV的中国音乐电视中看到杜奕衡新歌《一滴泪》时，令我印象颇深。 {:tag :br, :attrs nil, :content nil} 
 {:tag :br, :attrs nil, :content nil} 
　　而周传雄和阿杜(人物，图库，视听，唱片)走红歌坛的事实证明，流行音乐之所以能够流行，有两点最关键，一是以旋律动人，一是以真情实感动人。而杜奕衡的新歌，恰恰重视的是这两点，加之其俊朗而不是男性粗犷的外形，略带沧桑质感的声音，他完全具备走红歌坛的素质，因为他可以填补歌坛的空白。 {:tag :br, :attrs nil, :content nil} 
 {:tag :br, :attrs nil, :content nil} 
 {:tag :br, :attrs nil, :content nil} 
 {:tag :strong, :attrs nil, :content ({:tag :font, :attrs {:color #ff0000}, :content ([2003压轴大碟首发式 洒落“一滴泪”])})} {:tag :br, :attrs nil, :content nil} 
 {:tag :br, :attrs nil, :content nil} 
　　杜奕衡新专辑《一滴泪》由名制作人张卫宁领衔操刀，并动用了吴旭文、潘协庆、捞仔、浮克、董赫男、杨波、樊孝斌、杨海潮等两岸三地的音乐人跨刀助阵，是一张动静皆宜的唱片，而唱片中蕴含的“情义”概念，更是多年来华语乐坛未曾有过的。 {:tag :br, :attrs nil, :content nil} 
 {:tag :br, :attrs nil, :content nil} 
　　首波主打歌《剪刀石头布》是一首动感十足，旋律琅琅上口的舞曲。杜奕衡收放自如的唱功把这首歌处理得淋漓尽致。标题曲《一滴泪》由才子创作人李卫东作曲，词坛新锐崔恕参与填词，结构看似简单，却不失大气。有种感人肺腑的力量，被圈内誉为流行音乐新情诗。而另一首动人情歌《狼狈》则出自台湾炙手可热的创作人潘协庆的手笔，也非常具有流行的潜质。由台湾名制作人吴旭文的第一首中国风题材作品《祖传血脉》豪气十足，表现的则是男儿胸怀天下的气魄。整张唱片虽然风格多样，但是却以“情义”主题贯穿，既能满足听觉的多种需要，又不会给人不统一的感觉，看来唱片公司冠以“情义派掌门人”的称号给杜奕衡，是花了一番心思的。  {:tag :br, :attrs nil, :content nil} 
 {:tag :br, :attrs nil, :content nil} 
 {:tag :br, :attrs nil, :content nil} 
 {:tag :strong, :attrs nil, :content ({:tag :font, :attrs {:color #ff0000}, :content ([十首主打歌，十首K场高手必备曲目])})} {:tag :br, :attrs nil, :content nil} 
 {:tag :br, :attrs nil, :content nil} 
 {:tag :strong, :attrs nil, :content (　　第一波热情主打——《剪子 石头 布》)} {:tag :br, :attrs nil, :content nil} 
2003年度最闪亮明快的舞曲。诠释新世代新人类爱情态度。 {:tag :br, :attrs nil, :content nil} 
 {:tag :br, :attrs nil, :content nil} 
 {:tag :strong, :attrs nil, :content (　　第二波浓情主打——《一滴泪》)} {:tag :br, :attrs nil, :content nil} 
内地作曲新贵李卫东压箱之作，铭心刻骨、荡气回肠的2003新情诗。 {:tag :br, :attrs nil, :content nil} 
 {:tag :br, :attrs nil, :content nil} 
 {:tag :strong, :attrs nil, :content (　　第三波痴情主打——《狼狈》)} {:tag :br, :attrs nil, :content nil} 
台湾金牌音乐人潘协庆倾力打造，痴心男人情怀表露无疑。 {:tag :br, :attrs nil, :content nil} 
 {:tag :br, :attrs nil, :content nil} 
 {:tag :strong, :attrs nil, :content (　　深情主打——《爱上你》)} {:tag :br, :attrs nil, :content nil} 
都会男女传情示爱必备曲目，申奥大使桑兰温柔献声对唱。 {:tag :br, :attrs nil, :content nil} 
 {:tag :br, :attrs nil, :content nil} 
 {:tag :strong, :attrs nil, :content (　　劝情主打——《喜新厌旧》)} {:tag :br, :attrs nil, :content nil} 
《快乐老家》曲作者浮克超越自我，挑战传唱极限曲目。 {:tag :br, :attrs nil, :content nil} 
 {:tag :br, :attrs nil, :content nil} 
 {:tag :strong, :attrs nil, :content (　　忘情主打——《把咖啡喝掉》 {:tag :br, :attrs nil, :content nil} 
)} 早逝的音乐才子高枫最后遗作，才华横溢的音乐空间无尽蔓延。 {:tag :br, :attrs nil, :content nil} 
 {:tag :br, :attrs nil, :content nil} 
 {:tag :strong, :attrs nil, :content (　　调情主打——《雪花飘》)} {:tag :br, :attrs nil, :content nil} 
中国歌曲榜最佳作曲人董赫男首度为歌手量身打造的撩人舞曲作品。 {:tag :br, :attrs nil, :content nil} 
 {:tag :br, :attrs nil, :content nil} 
 {:tag :strong, :attrs nil, :content (　　迷情主打——《雪花飘》)} {:tag :br, :attrs nil, :content nil} 
西洋味道十足的都市情歌，名词人杨海潮倾心创作、从十七岁到七十岁都会喜欢的浪漫情怀。 {:tag :br, :attrs nil, :content nil} 
 {:tag :br, :attrs nil, :content nil} 
 {:tag :strong, :attrs nil, :content (　　激情主打——《摄氏101度》)} {:tag :br, :attrs nil, :content nil} 
中文舞曲状元欧阳勇亮再创劲歌辣舞新温度，令人热到飞起的舞曲。 {:tag :br, :attrs nil, :content nil} 
 {:tag :br, :attrs nil, :content nil} 
 {:tag :strong, :attrs nil, :content (　　豪情主打——《祖传血脉》)} {:tag :br, :attrs nil, :content nil} 
同是炎黄精神，同是华夏血脉，台湾乐坛情歌教父吴旭文第一首中国风格巨作。 {:tag :br, :attrs nil, :content nil} 
 {:tag :br, :attrs nil, :content nil})} 
							)} 
							 {:tag :div, :attrs {:class album_intro_toggle}, :content ({:tag :a, :attrs {:id show_more, :href javascript:void(0), :title }, :content (详细)})} 
						)} 
												 {:tag :div, :attrs {:class album_tracks mgt20, :id track}, :content (
														 {:tag :div, :attrs {:class cd_info clearfix}, :content (
																 {:tag :div, :attrs {:class cd_pay}, :content (
									 {:tag :a, :attrs {:href javascript:void(0), :title 免费下载到手机, :onclick showDialog('/music/sendall/id/883/type/album');, :class send_phone}, :content ({:tag :span, :attrs nil, :content (免费下载到手机)})} 
									 {:tag :a, :attrs {:href javascript:void(0), :title 下载整张专辑, :onclick downloadalbum('883','album')}, :content ({:tag :span, :attrs nil, :content (下载整张专辑)})} 
																		 
								)} 
							)} 
														 {:tag :div, :attrs {:class chapter mgt10}, :content (
																 {:tag :strong, :attrs {:style  border-bottom: 1px solid #E5E5E5;padding: 10px 5px;, :class trackname}, :content (disc 1 )} 
								 {:tag :table, :attrs {:class track_list, :cellpadding 0, :cellspacing 0}, :content (
																		 {:tag :tbody, :attrs nil, :content (
																														 {:tag :tr, :attrs nil, :content (
											 {:tag :td, :attrs {:class chkbox}, :content ({:tag :input, :attrs {:name recommendids, :value 10653, :checked checked, :type checkbox}, :content nil})} 
											 {:tag :td, :attrs {:class trackid}, :content (01)} 
											 {:tag :td, :attrs {:class song_name}, :content ({:tag :a, :attrs {:title , :href /song/10653}, :content (剪子 石头 布)}  )} 
											 {:type :comment, :data  <td class="song_price">0.8米</td>  } 
																						 {:tag :td, :attrs {:class song_hot}, :content (62)} 
											 {:tag :td, :attrs {:class song_hot_bar}, :content ({:tag :span, :attrs {:style width:21%;}, :content ( )})} 
																						 {:tag :td, :attrs {:class song_act}, :content (
																							 {:tag :div, :attrs {:style width:170px;_width:180px;, :class song_do}, :content (
 {:tag :a, :attrs {:onclick play('10653');, :title 试听, :href javascript:void(0), :class song_play}, :content ({:tag :span, :attrs nil, :content (试听)})}  
 {:tag :a, :attrs {:onclick recommend('10653','32'), :title 推荐, :href javascript:void(0), :class song_digg}, :content ({:tag :span, :attrs nil, :content (推荐)})}  
 {:tag :a, :attrs {:onclick collect('10653');, :title 添加到精选集, :href javascript:void(0), :class song_toclt}, :content ({:tag :span, :attrs nil, :content (添加到am精选集)})} 
 {:tag :a, :attrs {:onclick xm_download('10653');, :title 下载, :href javascript:void(0), :class song_download}, :content ({:tag :span, :attrs nil, :content (下载)})} 
 {:tag :a, :attrs {:title 发送到, :onclick showDialog('/music/send/id/10653');, :href javascript:void(0), :class song_tel}, :content (发送到)} 
 {:tag :div, :attrs {:class song_menu}, :content (
 {:tag :a, :attrs {:title , :href javascript:void(0), :class song_more}, :content (更多)} 
 {:tag :span, :attrs {:class song_menu_drop}, :content (
 {:tag :em, :attrs nil, :content nil} 
 {:tag :a, :attrs {:title , :onclick tag(10653,3);, :href javascript:;}, :content (添加标签)} 
 {:tag :a, :attrs {:title , :href /widget/isingle?sid=10653, :class toplayer}, :content (转贴到其它网站)})} 
)})} 																						)} 

										)} 
																																								 {:tag :tr, :attrs {:class bg_grey}, :content (
											 {:tag :td, :attrs {:class chkbox}, :content ({:tag :input, :attrs {:name recommendids, :value 10654, :checked checked, :type checkbox}, :content nil})} 
											 {:tag :td, :attrs {:class trackid}, :content (02)} 
											 {:tag :td, :attrs {:class song_name}, :content ({:tag :a, :attrs {:title , :href /song/10654}, :content (一滴泪)}  )} 
											 {:type :comment, :data  <td class="song_price">0.8米</td>  } 
																						 {:tag :td, :attrs {:class song_hot}, :content (595)} 
											 {:tag :td, :attrs {:class song_hot_bar}, :content ({:tag :span, :attrs {:style width:67%;}, :content ( )})} 
																						 {:tag :td, :attrs {:class song_act}, :content (
																							 {:tag :div, :attrs {:style width:170px;_width:180px;, :class song_do}, :content (
 {:tag :a, :attrs {:onclick play('10654');, :title 试听, :href javascript:void(0), :class song_play}, :content ({:tag :span, :attrs nil, :content (试听)})}  
 {:tag :a, :attrs {:onclick recommend('10654','32'), :title 推荐, :href javascript:void(0), :class song_digg}, :content ({:tag :span, :attrs nil, :content (推荐)})}  
 {:tag :a, :attrs {:onclick collect('10654');, :title 添加到精选集, :href javascript:void(0), :class song_toclt}, :content ({:tag :span, :attrs nil, :content (添加到am精选集)})} 
 {:tag :a, :attrs {:onclick xm_download('10654');, :title 下载, :href javascript:void(0), :class song_download}, :content ({:tag :span, :attrs nil, :content (下载)})} 
 {:tag :a, :attrs {:title 发送到, :onclick showDialog('/music/send/id/10654');, :href javascript:void(0), :class song_tel}, :content (发送到)} 
 {:tag :div, :attrs {:class song_menu}, :content (
 {:tag :a, :attrs {:title , :href javascript:void(0), :class song_more}, :content (更多)} 
 {:tag :span, :attrs {:class song_menu_drop}, :content (
 {:tag :em, :attrs nil, :content nil} 
 {:tag :a, :attrs {:title , :onclick tag(10654,3);, :href javascript:;}, :content (添加标签)} 
 {:tag :a, :attrs {:title , :href /widget/isingle?sid=10654, :class toplayer}, :content (转贴到其它网站)})} 
)})} 																						)} 

										)} 
																																								 {:tag :tr, :attrs nil, :content (
											 {:tag :td, :attrs {:class chkbox}, :content ({:tag :input, :attrs {:name recommendids, :value 10655, :checked checked, :type checkbox}, :content nil})} 
											 {:tag :td, :attrs {:class trackid}, :content (03)} 
											 {:tag :td, :attrs {:class song_name}, :content ({:tag :a, :attrs {:title , :href /song/10655}, :content (雪花飘)}  )} 
											 {:type :comment, :data  <td class="song_price">0.8米</td>  } 
																						 {:tag :td, :attrs {:class song_hot}, :content (110)} 
											 {:tag :td, :attrs {:class song_hot_bar}, :content ({:tag :span, :attrs {:style width:25%;}, :content ( )})} 
																						 {:tag :td, :attrs {:class song_act}, :content (
																							 {:tag :div, :attrs {:style width:170px;_width:180px;, :class song_do}, :content (
 {:tag :a, :attrs {:onclick play('10655');, :title 试听, :href javascript:void(0), :class song_play}, :content ({:tag :span, :attrs nil, :content (试听)})}  
 {:tag :a, :attrs {:onclick recommend('10655','32'), :title 推荐, :href javascript:void(0), :class song_digg}, :content ({:tag :span, :attrs nil, :content (推荐)})}  
 {:tag :a, :attrs {:onclick collect('10655');, :title 添加到精选集, :href javascript:void(0), :class song_toclt}, :content ({:tag :span, :attrs nil, :content (添加到am精选集)})} 
 {:tag :a, :attrs {:onclick xm_download('10655');, :title 下载, :href javascript:void(0), :class song_download}, :content ({:tag :span, :attrs nil, :content (下载)})} 
 {:tag :a, :attrs {:title 发送到, :onclick showDialog('/music/send/id/10655');, :href javascript:void(0), :class song_tel}, :content (发送到)} 
 {:tag :div, :attrs {:class song_menu}, :content (
 {:tag :a, :attrs {:title , :href javascript:void(0), :class song_more}, :content (更多)} 
 {:tag :span, :attrs {:class song_menu_drop}, :content (
 {:tag :em, :attrs nil, :content nil} 
 {:tag :a, :attrs {:title , :onclick tag(10655,3);, :href javascript:;}, :content (添加标签)} 
 {:tag :a, :attrs {:title , :href /widget/isingle?sid=10655, :class toplayer}, :content (转贴到其它网站)})} 
)})} 																						)} 

										)} 
																																								 {:tag :tr, :attrs {:class bg_grey}, :content (
											 {:tag :td, :attrs {:class chkbox}, :content ({:tag :input, :attrs {:name recommendids, :value 10656, :checked checked, :type checkbox}, :content nil})} 
											 {:tag :td, :attrs {:class trackid}, :content (04)} 
											 {:tag :td, :attrs {:class song_name}, :content ({:tag :a, :attrs {:title , :href /song/10656}, :content (你让我着迷)}  )} 
											 {:type :comment, :data  <td class="song_price">0.8米</td>  } 
																						 {:tag :td, :attrs {:class song_hot}, :content (632)} 
											 {:tag :td, :attrs {:class song_hot_bar}, :content ({:tag :span, :attrs {:style width:70%;}, :content ( )})} 
																						 {:tag :td, :attrs {:class song_act}, :content (
																							 {:tag :div, :attrs {:style width:170px;_width:180px;, :class song_do}, :content (
 {:tag :a, :attrs {:onclick play('10656');, :title 试听, :href javascript:void(0), :class song_play}, :content ({:tag :span, :attrs nil, :content (试听)})}  
 {:tag :a, :attrs {:onclick recommend('10656','32'), :title 推荐, :href javascript:void(0), :class song_digg}, :content ({:tag :span, :attrs nil, :content (推荐)})}  
 {:tag :a, :attrs {:onclick collect('10656');, :title 添加到精选集, :href javascript:void(0), :class song_toclt}, :content ({:tag :span, :attrs nil, :content (添加到am精选集)})} 
 {:tag :a, :attrs {:onclick xm_download('10656');, :title 下载, :href javascript:void(0), :class song_download}, :content ({:tag :span, :attrs nil, :content (下载)})} 
 {:tag :a, :attrs {:title 发送到, :onclick showDialog('/music/send/id/10656');, :href javascript:void(0), :class song_tel}, :content (发送到)} 
 {:tag :div, :attrs {:class song_menu}, :content (
 {:tag :a, :attrs {:title , :href javascript:void(0), :class song_more}, :content (更多)} 
 {:tag :span, :attrs {:class song_menu_drop}, :content (
 {:tag :em, :attrs nil, :content nil} 
 {:tag :a, :attrs {:title , :onclick tag(10656,3);, :href javascript:;}, :content (添加标签)} 
 {:tag :a, :attrs {:title , :href /widget/isingle?sid=10656, :class toplayer}, :content (转贴到其它网站)})} 
)})} 																						)} 

										)} 
																																								 {:tag :tr, :attrs nil, :content (
											 {:tag :td, :attrs {:class chkbox}, :content ({:tag :input, :attrs {:name recommendids, :value 10657, :checked checked, :type checkbox}, :content nil})} 
											 {:tag :td, :attrs {:class trackid}, :content (05)} 
											 {:tag :td, :attrs {:class song_name}, :content ({:tag :a, :attrs {:title , :href /song/10657}, :content (喜新厌旧)}  )} 
											 {:type :comment, :data  <td class="song_price">0.8米</td>  } 
																						 {:tag :td, :attrs {:class song_hot}, :content (979)} 
											 {:tag :td, :attrs {:class song_hot_bar}, :content ({:tag :span, :attrs {:style width:99%;}, :content ( )})} 
																						 {:tag :td, :attrs {:class song_act}, :content (
																							 {:tag :div, :attrs {:style width:170px;_width:180px;, :class song_do}, :content (
 {:tag :a, :attrs {:onclick play('10657');, :title 试听, :href javascript:void(0), :class song_play}, :content ({:tag :span, :attrs nil, :content (试听)})}  
 {:tag :a, :attrs {:onclick recommend('10657','32'), :title 推荐, :href javascript:void(0), :class song_digg}, :content ({:tag :span, :attrs nil, :content (推荐)})}  
 {:tag :a, :attrs {:onclick collect('10657');, :title 添加到精选集, :href javascript:void(0), :class song_toclt}, :content ({:tag :span, :attrs nil, :content (添加到am精选集)})} 
 {:tag :a, :attrs {:onclick xm_download('10657');, :title 下载, :href javascript:void(0), :class song_download}, :content ({:tag :span, :attrs nil, :content (下载)})} 
 {:tag :a, :attrs {:title 发送到, :onclick showDialog('/music/send/id/10657');, :href javascript:void(0), :class song_tel}, :content (发送到)} 
 {:tag :div, :attrs {:class song_menu}, :content (
 {:tag :a, :attrs {:title , :href javascript:void(0), :class song_more}, :content (更多)} 
 {:tag :span, :attrs {:class song_menu_drop}, :content (
 {:tag :em, :attrs nil, :content nil} 
 {:tag :a, :attrs {:title , :onclick tag(10657,3);, :href javascript:;}, :content (添加标签)} 
 {:tag :a, :attrs {:title , :href /widget/isingle?sid=10657, :class toplayer}, :content (转贴到其它网站)})} 
)})} 																						)} 

										)} 
																																								 {:tag :tr, :attrs {:class bg_grey}, :content (
											 {:tag :td, :attrs {:class chkbox}, :content ({:tag :input, :attrs {:name recommendids, :value 10658, :checked checked, :type checkbox}, :content nil})} 
											 {:tag :td, :attrs {:class trackid}, :content (06)} 
											 {:tag :td, :attrs {:class song_name}, :content ({:tag :a, :attrs {:title , :href /song/10658}, :content (狼狈)}  )} 
											 {:type :comment, :data  <td class="song_price">0.8米</td>  } 
																						 {:tag :td, :attrs {:class song_hot}, :content (29)} 
											 {:tag :td, :attrs {:class song_hot_bar}, :content ({:tag :span, :attrs {:style width:18%;}, :content ( )})} 
																						 {:tag :td, :attrs {:class song_act}, :content (
																							 {:tag :div, :attrs {:style width:170px;_width:180px;, :class song_do}, :content (
 {:tag :a, :attrs {:onclick play('10658');, :title 试听, :href javascript:void(0), :class song_play}, :content ({:tag :span, :attrs nil, :content (试听)})}  
 {:tag :a, :attrs {:onclick recommend('10658','32'), :title 推荐, :href javascript:void(0), :class song_digg}, :content ({:tag :span, :attrs nil, :content (推荐)})}  
 {:tag :a, :attrs {:onclick collect('10658');, :title 添加到精选集, :href javascript:void(0), :class song_toclt}, :content ({:tag :span, :attrs nil, :content (添加到am精选集)})} 
 {:tag :a, :attrs {:onclick xm_download('10658');, :title 下载, :href javascript:void(0), :class song_download}, :content ({:tag :span, :attrs nil, :content (下载)})} 
 {:tag :a, :attrs {:title 发送到, :onclick showDialog('/music/send/id/10658');, :href javascript:void(0), :class song_tel}, :content (发送到)} 
 {:tag :div, :attrs {:class song_menu}, :content (
 {:tag :a, :attrs {:title , :href javascript:void(0), :class song_more}, :content (更多)} 
 {:tag :span, :attrs {:class song_menu_drop}, :content (
 {:tag :em, :attrs nil, :content nil} 
 {:tag :a, :attrs {:title , :onclick tag(10658,3);, :href javascript:;}, :content (添加标签)} 
 {:tag :a, :attrs {:title , :href /widget/isingle?sid=10658, :class toplayer}, :content (转贴到其它网站)})} 
)})} 																						)} 

										)} 
																																								 {:tag :tr, :attrs nil, :content (
											 {:tag :td, :attrs {:class chkbox}, :content ({:tag :input, :attrs {:name recommendids, :value 10659, :checked checked, :type checkbox}, :content nil})} 
											 {:tag :td, :attrs {:class trackid}, :content (07)} 
											 {:tag :td, :attrs {:class song_name}, :content ({:tag :a, :attrs {:title , :href /song/10659}, :content (爱上你)}  )} 
											 {:type :comment, :data  <td class="song_price">0.8米</td>  } 
																						 {:tag :td, :attrs {:class song_hot}, :content (41)} 
											 {:tag :td, :attrs {:class song_hot_bar}, :content ({:tag :span, :attrs {:style width:19%;}, :content ( )})} 
																						 {:tag :td, :attrs {:class song_act}, :content (
																							 {:tag :div, :attrs {:style width:170px;_width:180px;, :class song_do}, :content (
 {:tag :a, :attrs {:onclick play('10659');, :title 试听, :href javascript:void(0), :class song_play}, :content ({:tag :span, :attrs nil, :content (试听)})}  
 {:tag :a, :attrs {:onclick recommend('10659','32'), :title 推荐, :href javascript:void(0), :class song_digg}, :content ({:tag :span, :attrs nil, :content (推荐)})}  
 {:tag :a, :attrs {:onclick collect('10659');, :title 添加到精选集, :href javascript:void(0), :class song_toclt}, :content ({:tag :span, :attrs nil, :content (添加到am精选集)})} 
 {:tag :a, :attrs {:onclick xm_download('10659');, :title 下载, :href javascript:void(0), :class song_download}, :content ({:tag :span, :attrs nil, :content (下载)})} 
 {:tag :a, :attrs {:title 发送到, :onclick showDialog('/music/send/id/10659');, :href javascript:void(0), :class song_tel}, :content (发送到)} 
 {:tag :div, :attrs {:class song_menu}, :content (
 {:tag :a, :attrs {:title , :href javascript:void(0), :class song_more}, :content (更多)} 
 {:tag :span, :attrs {:class song_menu_drop}, :content (
 {:tag :em, :attrs nil, :content nil} 
 {:tag :a, :attrs {:title , :onclick tag(10659,3);, :href javascript:;}, :content (添加标签)} 
 {:tag :a, :attrs {:title , :href /widget/isingle?sid=10659, :class toplayer}, :content (转贴到其它网站)})} 
)})} 																						)} 

										)} 
																																								 {:tag :tr, :attrs {:class bg_grey}, :content (
											 {:tag :td, :attrs {:class chkbox}, :content ({:tag :input, :attrs {:name recommendids, :value 10660, :checked checked, :type checkbox}, :content nil})} 
											 {:tag :td, :attrs {:class trackid}, :content (08)} 
											 {:tag :td, :attrs {:class song_name}, :content ({:tag :a, :attrs {:title , :href /song/10660}, :content (摄氏101度)}  )} 
											 {:type :comment, :data  <td class="song_price">0.8米</td>  } 
																						 {:tag :td, :attrs {:class song_hot}, :content (129)} 
											 {:tag :td, :attrs {:class song_hot_bar}, :content ({:tag :span, :attrs {:style width:27%;}, :content ( )})} 
																						 {:tag :td, :attrs {:class song_act}, :content (
																							 {:tag :div, :attrs {:style width:170px;_width:180px;, :class song_do}, :content (
 {:tag :a, :attrs {:onclick play('10660');, :title 试听, :href javascript:void(0), :class song_play}, :content ({:tag :span, :attrs nil, :content (试听)})}  
 {:tag :a, :attrs {:onclick recommend('10660','32'), :title 推荐, :href javascript:void(0), :class song_digg}, :content ({:tag :span, :attrs nil, :content (推荐)})}  
 {:tag :a, :attrs {:onclick collect('10660');, :title 添加到精选集, :href javascript:void(0), :class song_toclt}, :content ({:tag :span, :attrs nil, :content (添加到am精选集)})} 
 {:tag :a, :attrs {:onclick xm_download('10660');, :title 下载, :href javascript:void(0), :class song_download}, :content ({:tag :span, :attrs nil, :content (下载)})} 
 {:tag :a, :attrs {:title 发送到, :onclick showDialog('/music/send/id/10660');, :href javascript:void(0), :class song_tel}, :content (发送到)} 
 {:tag :div, :attrs {:class song_menu}, :content (
 {:tag :a, :attrs {:title , :href javascript:void(0), :class song_more}, :content (更多)} 
 {:tag :span, :attrs {:class song_menu_drop}, :content (
 {:tag :em, :attrs nil, :content nil} 
 {:tag :a, :attrs {:title , :onclick tag(10660,3);, :href javascript:;}, :content (添加标签)} 
 {:tag :a, :attrs {:title , :href /widget/isingle?sid=10660, :class toplayer}, :content (转贴到其它网站)})} 
)})} 																						)} 

										)} 
																																								 {:tag :tr, :attrs nil, :content (
											 {:tag :td, :attrs {:class chkbox}, :content ({:tag :input, :attrs {:name recommendids, :value 10661, :checked checked, :type checkbox}, :content nil})} 
											 {:tag :td, :attrs {:class trackid}, :content (09)} 
											 {:tag :td, :attrs {:class song_name}, :content ({:tag :a, :attrs {:title , :href /song/10661}, :content (祖传血脉)}  )} 
											 {:type :comment, :data  <td class="song_price">0.8米</td>  } 
																						 {:tag :td, :attrs {:class song_hot}, :content (79)} 
											 {:tag :td, :attrs {:class song_hot_bar}, :content ({:tag :span, :attrs {:style width:22%;}, :content ( )})} 
																						 {:tag :td, :attrs {:class song_act}, :content (
																							 {:tag :div, :attrs {:style width:170px;_width:180px;, :class song_do}, :content (
 {:tag :a, :attrs {:onclick play('10661');, :title 试听, :href javascript:void(0), :class song_play}, :content ({:tag :span, :attrs nil, :content (试听)})}  
 {:tag :a, :attrs {:onclick recommend('10661','32'), :title 推荐, :href javascript:void(0), :class song_digg}, :content ({:tag :span, :attrs nil, :content (推荐)})}  
 {:tag :a, :attrs {:onclick collect('10661');, :title 添加到精选集, :href javascript:void(0), :class song_toclt}, :content ({:tag :span, :attrs nil, :content (添加到am精选集)})} 
 {:tag :a, :attrs {:onclick xm_download('10661');, :title 下载, :href javascript:void(0), :class song_download}, :content ({:tag :span, :attrs nil, :content (下载)})} 
 {:tag :a, :attrs {:title 发送到, :onclick showDialog('/music/send/id/10661');, :href javascript:void(0), :class song_tel}, :content (发送到)} 
 {:tag :div, :attrs {:class song_menu}, :content (
 {:tag :a, :attrs {:title , :href javascript:void(0), :class song_more}, :content (更多)} 
 {:tag :span, :attrs {:class song_menu_drop}, :content (
 {:tag :em, :attrs nil, :content nil} 
 {:tag :a, :attrs {:title , :onclick tag(10661,3);, :href javascript:;}, :content (添加标签)} 
 {:tag :a, :attrs {:title , :href /widget/isingle?sid=10661, :class toplayer}, :content (转贴到其它网站)})} 
)})} 																						)} 

										)} 
																																								 {:tag :tr, :attrs {:class bg_grey}, :content (
											 {:tag :td, :attrs {:class chkbox}, :content ({:tag :input, :attrs {:name recommendids, :value 10662, :checked checked, :type checkbox}, :content nil})} 
											 {:tag :td, :attrs {:class trackid}, :content (10)} 
											 {:tag :td, :attrs {:class song_name}, :content ({:tag :a, :attrs {:title , :href /song/10662}, :content (把咖啡喝掉)}  )} 
											 {:type :comment, :data  <td class="song_price">0.8米</td>  } 
																						 {:tag :td, :attrs {:class song_hot}, :content (81)} 
											 {:tag :td, :attrs {:class song_hot_bar}, :content ({:tag :span, :attrs {:style width:22%;}, :content ( )})} 
																						 {:tag :td, :attrs {:class song_act}, :content (
																							 {:tag :div, :attrs {:style width:170px;_width:180px;, :class song_do}, :content (
 {:tag :a, :attrs {:onclick play('10662');, :title 试听, :href javascript:void(0), :class song_play}, :content ({:tag :span, :attrs nil, :content (试听)})}  
 {:tag :a, :attrs {:onclick recommend('10662','32'), :title 推荐, :href javascript:void(0), :class song_digg}, :content ({:tag :span, :attrs nil, :content (推荐)})}  
 {:tag :a, :attrs {:onclick collect('10662');, :title 添加到精选集, :href javascript:void(0), :class song_toclt}, :content ({:tag :span, :attrs nil, :content (添加到am精选集)})} 
 {:tag :a, :attrs {:onclick xm_download('10662');, :title 下载, :href javascript:void(0), :class song_download}, :content ({:tag :span, :attrs nil, :content (下载)})} 
 {:tag :a, :attrs {:title 发送到, :onclick showDialog('/music/send/id/10662');, :href javascript:void(0), :class song_tel}, :content (发送到)} 
 {:tag :div, :attrs {:class song_menu}, :content (
 {:tag :a, :attrs {:title , :href javascript:void(0), :class song_more}, :content (更多)} 
 {:tag :span, :attrs {:class song_menu_drop}, :content (
 {:tag :em, :attrs nil, :content nil} 
 {:tag :a, :attrs {:title , :onclick tag(10662,3);, :href javascript:;}, :content (添加标签)} 
 {:tag :a, :attrs {:title , :href /widget/isingle?sid=10662, :class toplayer}, :content (转贴到其它网站)})} 
)})} 																						)} 

										)} 
																													)} 
								)} 
															)} 
														 {:tag :div, :attrs {:class chapter_ctrl cd_count}, :content (
								 {:tag :div, :attrs {:class ctrl_play}, :content (  {:tag :a, :attrs {:class bt_choose, :href javascript:void(0), :title , :onclick selectAll('recommendids')}, :content ({:tag :span, :attrs nil, :content (全选)})}   {:tag :a, :attrs {:class bt_choose, :href javascript:void(0);, :onclick inverse('recommendids');, :title }, :content ({:tag :span, :attrs nil, :content (反选)})}   {:tag :a, :attrs {:class bt_play, :href javascript:void(0);, :title , :onclick playsongs('recommendids');}, :content ({:tag :span, :attrs nil, :content (播放选中歌曲)})}  )} 
								 {:tag :div, :attrs {:class ctrl_gears}, :content (  {:tag :a, :attrs {:class bt_cdgears, :href javascript:void(0), :title }, :content ({:tag :span, :attrs nil, :content (更多)})} 
									 {:tag :div, :attrs {:class ctrl_gears_more hidden}, :content ({:tag :em, :attrs nil, :content nil}   {:tag :a, :attrs {:href javascript:void(0);, :title 添加选中歌曲到精选集, :onclick collects('recommendids');}, :content (添加选中歌曲到精选集)} {:tag :a, :attrs {:class towidget, :href javascript:;, :title 将选中歌曲制作成虾米播播, :onclick makeMultiWidget('recommendids');return false;}, :content (将选中歌曲制作成虾米播播)}  )} 
								)} 
								 {:tag :div, :attrs {:class ctrl_download}, :content (
									 {:tag :a, :attrs {:class bt_download, :href javascript:void(0), :title 下载选中的歌曲, :onclick downloadsongs('recommendids')}, :content ({:tag :span, :attrs nil, :content (下载选中歌曲)})} 
								)} 
							)} 
													)} 
						 {:tag :div, :attrs {:class sec_Rlt mgt30, :id comments}, :content (
	 {:tag :h3, :attrs nil, :content (受欢迎的乐评)} 
	 {:tag :div, :attrs {:class common_sec, :id comment}, :content (
		 {:tag :ul, :attrs {:class clearfix}, :content (
				)} 
		 {:tag :div, :attrs {:class creat_comment}, :content ({:tag :a, :attrs {:href /comment/add/id/883, :class bt_links}, :content ({:tag :span, :attrs nil, :content (写乐评)})})} 
	)} 
	 {:tag :div, :attrs {:class acts}, :content ({:tag :a, :attrs {:href /comment/list/id/883, :class more}, :content (更多乐评)})} 
	
	 {:tag :script, :attrs nil, :content (
		$(function(){
			$('.comment_acts').hover(function(){
				$(this).addClass('acts_hover');
			},function(){
				$(this).removeClass('acts_hover');
			});
			
			$(".comment_item_main .title .more").click(function(){
				var self = $(this);
				var CommetId = self.data("commetid");
				if(self.hasClass("open")){
					self.removeClass("open").addClass("close");
					this.innerHTML = "展开";
					this.title = "展开";
				}else{
					self.removeClass("close").addClass("open");
					this.innerHTML = "收起";
					this.title = "收起";
					
					var view = $("#review_"+CommetId+"_full").find('em').eq(0).html();
					$("#review_"+CommetId+"_full").find('em').eq(0).html(parseInt(view)+1);					
					$.getJSON('/ajax/add-comment-views',{'id':CommetId},function(data){
						
					});				
				}
				$("#review_"+CommetId+"_full").toggle();
				$("#review_"+CommetId+"_short").toggle();
			});
		});
	)} 
	
)} 
						

 {:tag :div, :attrs {:class comments_wall blank40, :id wall}, :content (
		 {:tag :h3, :attrs {:style position:relative, :class Ctitle}, :content (我来说两句
		)} 
		 {:tag :div, :attrs {:class common_sec}, :content (
				 {:tag :div, :attrs {:class a_wall_unlog}, :content ( 
			 {:tag :div, :attrs {:style padding:10px 0;text-align:center;, :class login_method clearfix}, :content (
				 {:tag :a, :attrs {:style margin:0 5px;, :href https://login.xiami.com/member/login?taobao=1}, :content ({:tag :img, :attrs {:style float:none, :height 24, :width 125, :src http://img.xiami.net/res/img/common/thirdparty/taobao125_24.jpg, :alt 用淘宝帐号登录}, :content nil})} 
				 {:tag :a, :attrs {:style margin:0 5px;, :onclick sinaLoginForMsg();return false;, :href javascript:;}, :content ({:tag :img, :attrs {:style float:none, :height 24, :width 125, :src http://img.xiami.net/res/img/common/thirdparty/weibo125_24.jpg, :alt 用微博帐号登录}, :content nil})} 
				 {:tag :a, :attrs {:style margin:0 5px;, :onclick qqLoginForMsg();return false;, :href javascript:;}, :content ({:tag :img, :attrs {:style float:none, :height 24, :width 125, :src http://img.xiami.net/res/img/common/thirdparty/qq125_24.jpg, :alt 用QQ帐号登录}, :content nil})} 
							)} 
			 {:tag :p, :attrs {:style text-align: center;}, :content (您需要登录后才可以留言，请用虾米帐号  {:tag :a, :attrs {:title 直接登录到虾米, :href https://login.xiami.com/member/login}, :content (登录)}  或  {:tag :a, :attrs {:title 注册虾米, :href /member/register}, :content (免费注册)})} 
		)} 
				
									 {:tag :div, :attrs {:id wall_list, :class wall_list}, :content (
			 {:tag :p, :attrs {:class wall_list_count}, :content ({:tag :span, :attrs nil, :content (0)} 条简评)} 
			 {:tag :ul, :attrs nil, :content (
	)} 
		)} 
			)} 
)} 

 {:tag :style, :attrs nil, :content (
#autoSuggestList{border:1px solid #b3b3b3; background-color:#ffffff; height:auto; text-align:left;padding:0px 6px 6px; border-radius:3px;}

#autoSuggestList li{margin-top:6px; cursor:pointer; line-height:24px; color:#363636;; padding-right:10px}
#autoSuggestList li.suggest_title{border-top:none; cursor:default;}
#autoSuggestList li img{display:block; float:left; margin-right:5px;}
#autoSuggestList li.on{background-color:#eeeeee}
textarea {font:normal 12px/1.5em Tahoma, simsun; overflow-y:auto; overflow-x:hidden; word-wrap: break-word;}

#textareaShadow em{ font-style:normal;}
)} 

 {:tag :script, :attrs {:src http://res.xiami.net/res/js/jquery/jquery.color.js, :type text/javascript}, :content nil} 
 {:tag :script, :attrs {:src http://res.xiami.net/res/js/jquery/editbox/jquery.editbox.js?v=20131014, :type text/javascript}, :content nil} 
 {:tag :script, :attrs {:src http://res.xiami.net/static/js/plug/jquery.autoSuggest.js?v=20130517, :type text/javascript}, :content nil} 

 {:tag :script, :attrs nil, :content (
var commentType = 1;
var object_id = parseInt(883);
var uid = parseInt('') || 0;
var content_txt = '';
var content_html = '';
var topic = '';
var relids = '';

function regReportEvent() {
    $('.post_item').each(function(i){
        var self = this;
        $(self).unbind('mouseenter.report mouseleave.report');
        $(self).bind('mouseenter.report',function(){
            temp = setTimeout(function(){
                $(self).children('.info').children('.report').children('.reportbox').show();
            }, 200);
        }).bind('mouseleave.report', function(){
            clearTimeout(temp);
            $(self).children('.info').children('.report').children('.reportbox').hide();
        });
    });
}
regReportEvent();

$(document).ready(function(){
	var $commentDiv 	= $("#wall_list"),
	$commentForm 	= $('#post_form'),
	$commentCount	= $('.wall_list_count').find('span');
	$btn_Submit 	= $commentForm.find('.bt_sub4w'),
	$textarea 		= $commentForm.find('textarea'),
	$count 			= $commentForm.find('.type_counts em'),
	regDelEvent	= function(){
		$('.delete a',$commentDiv).attr('onclick','').unbind()
		.click(function(){
			if(!confirm('确定要删除吗？')) return false;
			var $this = $(this);
			$this.hide().after($loading2);
			$.post($this.attr('href'),{mode:'ajax'},function(data){
				if(data == '1') {
					$this.parent().parent().parent().remove();
					var count = parseInt($commentCount.text()) - 1;
					$commentCount.text(count);
				} else {
					$this.show().next().remove();
					alert(data);
				}
			});
			return false;
		});
	},

	//重新注册editbox的事件
	regEvent	= function(){
		regDelEvent();
		$('.editbox').editbox();
		$('.rebox').editbox({type:'re',saveBtnValue:'回 复',afterAppend:regDelEvent});
		$('.quotebox').editbox({type:'quote',saveBtnValue:'回 复',afterAppend:regDelEvent});
		$('.hotrebox').editbox({type:'re',saveBtnValue:'回 复',afterAppend:regDelEvent});
	},

	//ajax翻页
	ajaxTurnPage	= function(data,type){
		if(data){
			var $wallCount = $(".wall_list_count").clone();
			$commentDiv.empty().append(data);
			$commentDiv.prepend($wallCount);
			//$(".all_page").find('a')[0].focus();
		}

		$("#wall_list .all_page>a").each(function(){
			var href=$(this).attr('href');
			var patrn=/page\/(\d+)/;
			var page = patrn.exec(href);
			if(page) {
				href = '/commentlist/turnpage/id/'+object_id+'/page/'+page[1]+'/ajax/1';
				$(this).attr('href','javascript:;').click(function(){
					var location = String(window.location).split("#");
					$("#wall_list .all_page").empty().append($loading2);
					$.post(href,{'type':type},function(data){window.location = location[0]+"#wall_list";ajaxTurnPage(data,type);});
				});
			}
		});
		regEvent();
		regReportEvent();
	};

	ajaxTurnPage('',commentType);
	$textarea.keyup(function(){
		var num = $textarea.val().length;
		$count.html(num.toString());
	});

	$btn_Submit.click(function(){
		var val = $textarea.val();
		var num = val.length;

		if(num<1||/^\s*$/.test(val)) {alert('内容不能为空');return false;}
		if(num>300) {alert('输入内容请限制在300字以内');return false;}

		$btn_Submit.hide().after($loading2);
		if(commentType==23||commentType==25||commentType==24||commentType==30||commentType==12){
			var sendshare = $('#sendshare').val();
			if(sendshare==1) {
				var querydata = {
					relids:relids,
					type:commentType,
					oid:object_id,
					content:val,
					mode:'ajax',
					_xiamitoken:_xiamitoken,
					sendshare:sendshare,
					'content_txt':encodeURIComponent(content_txt),
					'content_html':encodeURIComponent(content_html),
					'topic':encodeURIComponent(topic)
				};
			}else {
				var querydata = {type:commentType,oid:object_id,content:val,relids:relids,mode:'ajax',_xiamitoken:_xiamitoken};
			}
		}else{
			var querydata = {type:commentType,oid:object_id,content:val,relids:relids,mode:'ajax',_xiamitoken:_xiamitoken};	
		}
	
		$.getJSON('/commentlist/add', querydata, function(data){
			$btn_Submit.fadeIn().next().remove();
			if(data.status=='failed') {alert(data.msg);return;}
			$count.html('0');
			if(!topic) {
				$textarea.val('');
				$textarea.next().val('');
			}else {
				$textarea.val(topic) ;
			}
			$commentDiv.find('ul').prepend(data.output);
			regEvent();

			var count = parseInt($commentCount.text()) + 1;
				$commentCount.text(count);
			var $c = $commentDiv.find('ul').children();
			var $last = $($c[0]);
			//$('a',$last).focus();
			//window.scrollTo(0,$(".comments_wall").offset().top);
			$last.hide().fadeIn('fast').animate({backgroundColor:'#FFE222'},'slow').animate({backgroundColor:'#ffffff'},1800);
		});
     
		relids = '';
		return false;
	});
	
	$("textarea[node-type=autoSuggest]").autoSuggest( "/relation/fetch", uid);
});
function detail_report(id,type){
	var url = '/ajax/report/id/'+ encodeURIComponent(id)+'/type/'+encodeURIComponent(type);
	showDialog(url);
}



function ageree(id,state){
	var querydata = {'id':id,'state':state,'user_id':uid,'mode':'ajax', '_xiamitoken':_xiamitoken};
	$.ajax({
		url:'/commentlist/ageree/',
		type: 'GET',
		data:querydata,
		dataType: 'json',
		timeout: 2000,
		beforeSend: function(){
		},
		error: function(data){	
			var url = '/commentlist/ageree/id/'+ encodeURIComponent(id)+'/state/'+encodeURIComponent(state);
			showDialog(url);
		},
		success: function(data){			
			if(data.status==1){
				if(state==1){
					var v = parseInt($('.agereebox_'+id).attr('rel'))+1;
					$('.agereebox_'+id).html('赞('+v+')');
				}else if(state==2){
					var v = parseInt($('.disagereebox_'+id).attr('rel'))+1;	
					$('.disagereebox_'+id).html('弱('+v+')');
				}				
			}
		}
	});	
}

$("#sendshare").click(function() {
    var val = $("#sendshare").val();
    if(val==1) $("#sendshare").val(0);
    if(val==0) $("#sendshare").val(1);   
});

var Renren={
	ApiKey:'8521f0afe9404fafbd73d063dd258df0',
	Receiver:'/renren/xd-receiver',
	CallBack:'/renren/login',
	Init:function(){
		var self=this;
		XN_RequireFeatures(["Connect"], function(){
			XN.Main.init(self.ApiKey,self.Receiver,{"doNotUseCachedConnectState":true,'permsToRequestOnConnect':'publish_feed'});
		});
	},
	
	Login:function(){
		XN.Connect.requireSession(function(){
			window.location='/renren/login';
		});
		setTimeout(function(){
			$('#shadow').remove();
			}, 300);
	},
	
	Logout:function(){
		var self=this;
		XN_RequireFeatures(["Connect"], function(){
			XN.Main.init(self.ApiKey,self.Receiver);
			XN.Connect.get_status().waitUntilReady(function (login_state) {
				if (login_state != XN.ConnectState.connected) self.Init();
				else {
					var $msg = $('#logoutMsg').find('ul');
					$msg.append('<li style="display:none">正在等待人人连接的退出! 请稍侯...</li>');
					var $last = $msg.find('li:last');
					$last.fadeIn();
					var timer = setInterval(function(){$last.html($last.html()+'.');},500);
					XN.Connect.logout(function () {
						clearInterval(timer);
						$last.html('人人连接已成功退出！');
						setTimeout(function(){$last.fadeOut();},3000);
						self.Init();
					});
				}
			});
		});
	}
};

window.renrenLogin=Renren.Login;

window.sinaLoginForMsg = function(){
	openWind("/sina?done");
};
window.renLoginForMsg = function() {
	openWind("/renren/goon?done");
};
window.qqLoginForMsg = function() {
	openWind("/share/connect/type/qzone?done");
};
window.taoLoginForMsg = function() {
	openWind("xxx");
};
)} 
					)} 
				)} 
				 {:tag :div, :attrs {:id sidebar}, :content (
										 {:tag :div, :attrs {:data-spm 6856593, :class music_counts}, :content (
						 {:tag :ul, :attrs {:class clearfix}, :content (
							 {:tag :li, :attrs {:class line}, :content ({:tag :em, :attrs {:id play_count_num}, :content nil} {:tag :span, :attrs nil, :content (试听)})} 
							 {:tag :li, :attrs {:class line}, :content (2 {:tag :span, :attrs nil, :content (收藏)})} 
							 {:tag :li, :attrs nil, :content ({:tag :a, :attrs {:title , :href #wall}, :content ({:tag :i, :attrs {:property v:count}, :content (0)} {:tag :span, :attrs nil, :content (评论)})})} 
						)} 
					)} 
					
					 {:tag :div, :attrs {:class block mgt20, :id album_fans_block}, :content (
						                        											)} 
                                         {:tag :div, :attrs {:data-spm 6856597, :class adm_block mgt20}, :content ({:type :comment, :data  Muisc-Album_Right_300x250 } {:tag :script, :attrs {:type text/javascript}, :content (GA_googleFillSlot("Muisc-Album_Right_300x250");)})} 
										 {:tag :div, :attrs {:class block sec_Rlt mgt20, :id other_albums}, :content (
						 {:tag :h3, :attrs nil, :content ({:tag :span, :attrs nil, :content (杜奕衡的其他热门专辑)})} 
						 {:tag :div, :attrs {:class content clearfix}, :content (
							 {:tag :div, :attrs {:class sider_sec}, :content (
								 {:tag :ul, :attrs nil, :content (
																		 {:tag :li, :attrs nil, :content (
										 {:tag :div, :attrs {:class album_item55_side}, :content (
											 {:tag :p, :attrs {:class cover}, :content (  {:tag :a, :attrs {:class CDcover55, :href /album/1369303064, :title }, :content ({:tag :img, :attrs {:alt , :height 55, :width 55, :src http://img.xiami.net/images/album/img5/205/13693030641373249668_3.jpg}, :content nil})})} 
											 {:tag :div, :attrs {:class info}, :content (
												 {:tag :p, :attrs {:class name}, :content ({:tag :a, :attrs {:title , :href /album/1369303064}, :content (你是这个世界最疼爱我的人)} {:tag :b, :attrs {:class ico_cd ele_inline mah}, :content ({:tag :a, :attrs {:onclick playalbum('1369303064'), :title 试听 你是这个世界最疼爱我的人, :href javascript:void(0)}, :content (试听)})})} 
												 {:tag :p, :attrs {:class year}, :content (2013发行)} 
											)} 
										)} 
									)} 
																		 {:tag :li, :attrs nil, :content (
										 {:tag :div, :attrs {:class album_item55_side}, :content (
											 {:tag :p, :attrs {:class cover}, :content (  {:tag :a, :attrs {:class CDcover55, :href /album/96493765, :title }, :content ({:tag :img, :attrs {:alt , :height 55, :width 55, :src http://img.xiami.net/images/album/img5/205/964937651396493765_3.jpg}, :content nil})})} 
											 {:tag :div, :attrs {:class info}, :content (
												 {:tag :p, :attrs {:class name}, :content ({:tag :a, :attrs {:title , :href /album/96493765}, :content (亲爱的我最爱的人)})} 
												 {:tag :p, :attrs {:class year}, :content (2013发行)} 
											)} 
										)} 
									)} 
																		 {:tag :li, :attrs nil, :content (
										 {:tag :div, :attrs {:class album_item55_side}, :content (
											 {:tag :p, :attrs {:class cover}, :content (  {:tag :a, :attrs {:class CDcover55, :href /album/1471181279, :title }, :content ({:tag :img, :attrs {:alt , :height 55, :width 55, :src http://img.xiami.net/images/album/img5/205/14711812791375164571_3.jpg}, :content nil})})} 
											 {:tag :div, :attrs {:class info}, :content (
												 {:tag :p, :attrs {:class name}, :content ({:tag :a, :attrs {:title , :href /album/1471181279}, :content (让子弹飞一会儿)})} 
												 {:tag :p, :attrs {:class year}, :content (2011发行)} 
											)} 
										)} 
									)} 
																		 {:tag :li, :attrs nil, :content (
										 {:tag :div, :attrs {:class album_item55_side}, :content (
											 {:tag :p, :attrs {:class cover}, :content (  {:tag :a, :attrs {:class CDcover55, :href /album/71181255, :title }, :content ({:tag :img, :attrs {:alt , :height 55, :width 55, :src http://img.xiami.net/images/album/img5/205/711812551371181255_3.jpg}, :content nil})})} 
											 {:tag :div, :attrs {:class info}, :content (
												 {:tag :p, :attrs {:class name}, :content ({:tag :a, :attrs {:title , :href /album/71181255}, :content (不要连分手都骗我)})} 
												 {:tag :p, :attrs {:class year}, :content (2009发行)} 
											)} 
										)} 
									)} 
																	)} 
							)} 
						
						)} 
						 {:tag :div, :attrs {:class acts}, :content ({:tag :a, :attrs {:class more, :href /artist/album/id/205}, :content (更多专辑)})} 
					)} 
					                    
					 {:tag :div, :attrs {:class block sec_Rlt mgt20, :id album_tags_block}, :content (
						 {:tag :h3, :attrs nil, :content (专辑标签)} 
						 {:tag :div, :attrs {:class content clearfix}, :content (
							 {:tag :a, :attrs {:title 标签为男声的专辑, :href /album/tag/%E7%94%B7%E5%A3%B0, :class hot3, :id tag_6277}, :content (男声)} {:tag :a, :attrs {:title 标签为中文的专辑, :href /album/tag/%E4%B8%AD%E6%96%87, :class hot3, :id tag_4825}, :content (中文)} 
						)} 
						 {:tag :div, :attrs {:class acts}, :content ({:tag :a, :attrs {:class more, :href /album/moretags/id/883}, :content (更多标签)})} 
					)} 
                     {:tag :div, :attrs {:class add2group}, :content ({:tag :a, :attrs {:title , :onclick groupalbum('883'), :href javascript:}, :content (收藏此专辑到我的小组)}  )} 
                    
                    					 {:tag :div, :attrs {:class who_pub blank25}, :content (
						 {:tag :p, :attrs nil, :content (为该专辑做出贡献的有：
						 {:tag :a, :attrs {:target _blank, :href /u/240051}, :content ({:tag :span, :attrs nil, :content (蓝色咖啡)})} 
												)} 
						
					)} 
					                    
					 {:tag :div, :attrs {:class amend mgt20}, :content (
						 {:tag :ul, :attrs nil, :content (
							 {:tag :li, :attrs nil, :content ({:tag :a, :attrs {:class report, :target _blank, :href /wiki/addalbum?id=883}, :content ({:tag :i, :attrs nil, :content nil} 专辑信息报错与补充)})} 
						)} 
					)} 
				)} 
			)} 
						 {:tag :div, :attrs {:data-spm 6856581, :id nav}, :content (
								 {:tag :a, :attrs {:class , :href /artist/205}, :content (艺人概览)} 
				 {:tag :a, :attrs {:class , :href /artist/profile/id/205}, :content (档案)} 				
				 {:tag :a, :attrs {:class current, :href /artist/album/id/205}, :content (专辑)} 				
				 {:tag :a, :attrs {:class , :href /artist/top/id/205}, :content (热门歌曲)} 				
				 {:tag :a, :attrs {:class , :href /artist/pic/arid/205}, :content (乐迷相册)} 
				 {:tag :a, :attrs {:class , :href /artist/similar/id/205}, :content (相似艺人)} 
				 {:tag :a, :attrs {:class  last, :href /artist/fans/id/205}, :content (粉丝)} 
							)} 
			 {:tag :div, :attrs {:style margin-left:111px;, :class adm_block mgt20}, :content ({:type :comment, :data  Muisc-Album_Bottom_300x250 } {:tag :script, :attrs {:type text/javascript}, :content (GA_googleFillSlot("Muisc-Album_Bottom_300x250");)})} 
		)} 
	)} 
)} 
 {:tag :script, :attrs {:language javascript}, :content (
var aid=883;
var arid = 205;
var search_site = 'http://www.xiami.com';

function page_review(id,num){
	var url = '/album/review/id/'+ encodeURIComponent(id) + '/num/'+ encodeURIComponent(num)+'/nolink/1';
	showDialog(url);
}

function getQuote(type,id){
	var url = '/ajax/getquote/type/'+ encodeURIComponent(type)+'/id/'+encodeURIComponent(id);
	showDialog(url);
}
$(document).ready(function() {
	$('#cover_lightbox').lightBox({
		imageLoading:'http://img.xiami.net/res/js/jquery/jquery_lightbox_images/lightbox-ico-loading.gif',
		imageBtnPrev:'http://img.xiami.net/res/js/jquery/jquery_lightbox_images/lightbox-btn-prev.gif',	
		imageBtnNext:'http://img.xiami.net/res/js/jquery/jquery_lightbox_images/lightbox-btn-next.gif',
		imageBtnClose:'http://img.xiami.net/res/js/jquery/jquery_lightbox_images/lightbox-btn-close_tiny.gif',
		imageBlank:'http://img.xiami.net/res/js/jquery/jquery_lightbox_images/lightbox-blank.gif'
	});
	var delGrade = $(".delGrade");
	$(".grade").hover(function(){
		delGrade.show();
	},function(){
		delGrade.hide();
	});
	delGrade.bind('click',function(){
		var $this = $(this);
		$this.siblings('a').removeClass('selected');
		$.getJSON('/album/review',{grade:0,id:aid,submit:1,mod:'ajax',_xiamitoken:_xiamitoken},function(data){
			if(data.status=='failed'){alert(data.msg);return;}
			$this.siblings('input').val('0');
			window.location.reload();
		});
	});
	/**/
	var target='.grade a';
	//var i=parseInt($('#album_cover .grade_v').val());
	var i = '';
	if(parseInt($('#album_cover .grade_v').val())){
		for (j=0; j<i; j++){$($(target).get(j)).addClass('selected');}
		$('.grade span').text($($(target).get(i-1)).text());
	}
	$(target).mouseover(function(){
		$(target).removeClass('hover').removeClass('selected');
		var i=parseInt($(target).index($(this)[0])); 
		for (j=0; j<=i; j++){$($(target).get(j)).addClass('hover');}
		$('.grade span').text($(this).text()); 
	}).click(function(){
		$(target).removeClass('hover').removeClass('selected');
		var i=parseInt($(target).index($(this)[0])); 
		for (j=0; j<=i; j++){$($(target).get(j)).addClass('selected');}
		$('#album_cover .grade_v').val(i+1);
		//$('.grade span').text($(this).text());
	}).mouseout(function(){
		$(target).removeClass('hover').removeClass('selected');
		var i=parseInt($('#album_cover .grade_v').val());		
		for (j=0; j<i; j++){$($(target).get(j)).addClass('selected');}
		if(!parseInt($('#album_cover .grade_v').val())){
		$('.grade span').text('');
		}else{
		$('.grade span').text($($(target).get(i-1)).text());
		}
	});
	/**/

	$('#album_acts').mouseenter(function(){
		$(this).addClass('acts_hover');
		$('.do_fav').mouseenter(function(){
			$(this).find('ul').show();
		})
		.mouseleave(function(){
			$(this).find('ul').hide();
		});
	})
	.mouseleave(function(){
		$(this).removeClass('acts_hover');
	});

	//专辑试听数
	var playCount = 0;
	var temp = $('.song_hot');
	for(var i=0;i<temp.length;i++){
		playCount += $(temp[i]).text()-0;
	}
	$('#play_count_num').html(playCount);
	
	$(".album_intro_toggle a").toggle(
		function() {
			$("#album_intro").removeClass("intro_less");
			$(this).attr('id','show_less').html("收缩");
		},
		function() {
			$("#album_intro").addClass("intro_less");
			$(this).attr('id','show_more').html("详细");
		}
	);
});
	//提交音频
	$('#submit_music').hover(function(){
		$(this).find('.show_tips').show();
	},function(){
		$(this).find('.show_tips').hide();
	});
$('#more_btn').bind("click", function(){
	if (!$(this).hasClass("song_less")) {
		$(this).html('- 更少').addClass("song_less");
		$('.share_btns').hide();
		$('#full_share').show();
	} else {
		$(this).html('+ 更多').removeClass("song_less");
		$('#full_share').hide();
		$('.share_btns').show();
	}
});
)} 


 {:tag :style, :attrs nil, :content (
	.sitemap dl dd a{
		background: none;
		padding: 0;
	}
	
	.sitemap dl dd{
		padding: 0;
		line-height: 22px;
	}

	.sitemap dl{
		margin: 0;
	}
	.sitemap dl dt{ 
	font-size: 12px;
	line-height: 22px;
	}
	#footer {zoom:1;}
)} 


 {:tag :div, :attrs {:data-spm 1110930425, :id footer}, :content (
	 {:tag :div, :attrs {:class gap}, :content (
	 {:tag :div, :attrs {:class wrapper}, :content (
		 {:tag :div, :attrs {:class content}, :content (
			 {:tag :div, :attrs {:class sitemap}, :content (
				
				 {:tag :dl, :attrs nil, :content (
					 {:tag :dt, :attrs nil, :content (关于)} 
					 {:tag :dd, :attrs nil, :content ({:tag :a, :attrs {:href /about, :title 关于我们}, :content (关于我们)})} 
					 {:tag :dd, :attrs nil, :content ({:tag :a, :attrs {:href /job, :title 虾米招聘}, :content (虾米招聘)} {:tag :sup, :attrs {:class hot}, :content nil})} 
										 {:tag :dd, :attrs nil, :content ({:tag :a, :attrs {:href /musician-contact, :title 独立音乐人合作}, :content (独立音乐人合作)})} 
					 {:tag :dd, :attrs nil, :content ({:tag :a, :attrs {:href /contact, :title 联系我们}, :content (联系我们)})} 
					 {:tag :dd, :attrs nil, :content ({:tag :a, :attrs {:href /links, :title 友情链接}, :content (友情链接)})} 
				)} 
				
				 {:tag :dl, :attrs nil, :content (
					 {:tag :dt, :attrs nil, :content (特色服务)} 
					 {:tag :dd, :attrs nil, :content ({:tag :a, :attrs {:href /vip, :title 虾米 VIP}, :content (虾米 VIP)})} 
					 {:tag :dd, :attrs nil, :content ({:tag :a, :attrs {:href /relation/talentcollect, :title 音乐达人}, :content (音乐达人)})} 
					 {:tag :dd, :attrs nil, :content ({:tag :a, :attrs {:href /group, :title 虾米小组}, :content (虾米小组)})} 
					 {:tag :dd, :attrs nil, :content ({:tag :a, :attrs {:href http://loop.xiami.com/, :title 虾米 LOOP}, :content (虾米 LOOP)})} 
					 {:tag :dd, :attrs nil, :content ({:tag :a, :attrs {:href /widget, :title 虾米播播}, :content (虾米播播)})} 
					 {:tag :dd, :attrs nil, :content ({:tag :a, :attrs {:href /events, :title 音乐专题}, :content (音乐专题)})} 
										
				)} 
				
				 {:tag :dl, :attrs nil, :content (
					 {:tag :dt, :attrs nil, :content (虾米云音乐)} 
					 {:tag :dd, :attrs nil, :content ({:tag :a, :attrs {:href /apps/iphone, :title 虾米 for iPhone}, :content (虾米 for iPhone)} {:tag :sup, :attrs {:class hot}, :content nil})} 
					 {:tag :dd, :attrs nil, :content ({:tag :a, :attrs {:href /apps/android, :title 虾米 for Android}, :content (虾米 for Android)})} 
					 {:tag :dd, :attrs nil, :content ({:tag :a, :attrs {:href /apps/win, :title 虾米 for Windows}, :content (虾米 for Windows)})} 
					 {:tag :dd, :attrs nil, :content ({:tag :a, :attrs {:href /apps/mac, :title 虾米 for Mac}, :content (虾米 for Mac)})} 
					 {:tag :dd, :attrs nil, :content ({:tag :a, :attrs {:href /apps/ipad, :title 虾米 for iPad}, :content (虾米 for iPad)})} 
				)} 

				
				 {:tag :dl, :attrs nil, :content (
					 {:tag :dt, :attrs nil, :content (更多)} 
					 {:tag :dd, :attrs nil, :content ({:tag :a, :attrs {:href /music/category, :title 分类找歌}, :content (分类找歌)})} 
					 {:tag :dd, :attrs nil, :content ({:tag :a, :attrs {:href /websitehelp, :title 帮助中心}, :content (帮助中心)})} 
					 {:tag :dd, :attrs nil, :content ({:tag :a, :attrs {:href /wiki/addalbum, :title 添加虾米还没有的资料}, :content (添加虾米还没有的资料)})} 
					 {:tag :dd, :attrs nil, :content ({:tag :a, :attrs {:href /music/want, :title 提交大家想要的专辑}, :content (提交大家想要的专辑)})} 
					 {:tag :dd, :attrs nil, :content ({:tag :a, :attrs {:href /group/join/id/10147?done=/group/thread-new/id/10147, :title 给虾米提意见}, :content (给虾米提意见)})} 
					 {:tag :dd, :attrs nil, :content ({:tag :a, :attrs {:href /software/allegro, :title 虾传}, :content (虾传)})} 
				)} 
			)} 
				
			 {:tag :div, :attrs {:class cooperation}, :content (
							)} 

		)} 
		 {:tag :div, :attrs {:class ali_group}, :content (
			 {:tag :a, :attrs {:href http://page.1688.com/shtml/about/ali_group1.shtml}, :content (阿里巴巴集团)} 
			 {:tag :b, :attrs nil, :content (|)} 
			 {:tag :a, :attrs {:href http://www.alibaba.com}, :content (阿里巴巴国际站)} 
			 {:tag :b, :attrs nil, :content (|)} 
			 {:tag :a, :attrs {:href http://www.1688.com}, :content (阿里巴巴中国站)} 
			 {:tag :b, :attrs nil, :content (|)} 
			 {:tag :a, :attrs {:href http://www.aliexpress.com}, :content (全球速卖通)} 
			 {:tag :b, :attrs nil, :content (|)} 
			 {:tag :a, :attrs {:href http://www.taobao.com}, :content (淘宝网)} 
			 {:tag :b, :attrs nil, :content (|)} 
			 {:tag :a, :attrs {:href http://www.tmall.com}, :content (天猫)} 
			 {:tag :b, :attrs nil, :content (|)} 
			 {:tag :a, :attrs {:href http://ju.taobao.com}, :content (聚划算)} 
			 {:tag :b, :attrs nil, :content (|)} 
			 {:tag :a, :attrs {:href http://www.etao.com}, :content (一淘)} 
			 {:tag :b, :attrs nil, :content (|)} 
			 {:tag :a, :attrs {:href http://www.alimama.com}, :content (阿里妈妈)} 
			 {:tag :b, :attrs nil, :content (|)} 
			 {:tag :a, :attrs {:href http://trip.taobao.com}, :content (淘宝旅行)} 
			 {:tag :b, :attrs nil, :content (|)} 
			 {:tag :a, :attrs {:href http://www.xiami.com}, :content (虾米)} 
			 {:tag :b, :attrs nil, :content (|)} 
			 {:tag :a, :attrs {:href http://www.aliyun.com}, :content (阿里云计算)} 
			 {:tag :b, :attrs nil, :content (|)} 
			 {:tag :a, :attrs {:href http://www.yunos.com}, :content (云OS)} 
			 {:tag :b, :attrs nil, :content (|)} 
			 {:tag :a, :attrs {:href http://www.net.cn}, :content (万网)} 
			 {:tag :b, :attrs nil, :content (|)} 
			 {:tag :a, :attrs {:href http://www.alipay.com}, :content (支付宝)} 
			 {:tag :b, :attrs nil, :content (|)} 
			 {:tag :a, :attrs {:href http://www.laiwang.com/}, :content (来往)} 
		)} 
		 {:tag :div, :attrs {:class extra}, :content (
			 {:tag :div, :attrs {:class sns}, :content (
				关注虾米： 
				 {:tag :a, :attrs {:title 新浪微博, :href http://t.sina.com.cn/xiamixiamixiami}, :content ({:tag :b, :attrs {:class icon sina}, :content nil})} 
				 {:tag :a, :attrs {:title 人人网, :href http://page.renren.com/699099957/index}, :content ({:tag :b, :attrs {:class icon renren}, :content nil})} 
				 {:tag :a, :attrs {:title QQ 空间, :href http://new.qzone.qq.com/810167634}, :content ({:tag :b, :attrs {:class icon qzone}, :content nil})} 
				 {:tag :a, :attrs {:title 腾讯微博, :href http://t.qq.com/xiaxiaomi}, :content ({:tag :b, :attrs {:class icon tqq}, :content nil})} 
								 {:tag :a, :attrs {:title 豆瓣, :href http://www.douban.com/people/xiaxiaomi}, :content ({:tag :b, :attrs {:class icon douban}, :content nil})} 
							)} 
			
			 {:tag :div, :attrs {:class copyright}, :content (© 2007 -  {:tag :script, :attrs nil, :content (document.write(new Date().getFullYear());)}   {:tag :a, :attrs {:href http://www.xiami.com/}, :content (杭州缪斯客网络科技有限公司)}  -  {:tag :a, :attrs {:title 网站地图, :href /sitemap}, :content (网站地图)}   {:tag :strong, :attrs {:title give music a chance, :class xiami_motto ti}, :content ("give music a chance")} {:tag :br, :attrs nil, :content nil} {:tag :a, :attrs {:target _blank, :href http://img.xiami.net/res/v3/img/wenwangwen.jpg}, :content (浙网文[2011]0012-005号)}      {:tag :a, :attrs {:title 浙ICP备08103200号-2, :target _blank, :href http://www.miibeian.gov.cn/}, :content (浙ICP备08103200号-2)}      {:tag :a, :attrs {:target _blank, :href http://img.xiami.net/res/v3/img/icp.jpg}, :content (经营许可证编号 浙B2-20110188)}     阿里巴巴旗下网站)} 
		)} 
	)} 
	)} 
)} 
 {:type :comment, :data  #footer}  

 {:tag :a, :attrs {:class t_hide, :href javascript:void(0);, :id gotop}, :content (Top)} 

 {:tag :div, :attrs {:style display:none;, :id personal_hover}, :content nil} 
 {:tag :textarea, :attrs {:style display:none;, :id personal_hover_tpl}, :content (
	)} {:tag :div, :attrs {:class lightShadow, :id personal_hover_shadow}, :content nil} 
	 {:tag :div, :attrs {:id personal_hover_inner}, :content (
	 {:tag :a, :attrs {:title  %gmt_access% , :href http://www.xiami.com/u/%uid%, :id personal_hover_link}, :content ({:tag :img, :attrs {:height 50, :width 50, :src %avatar%, :id personal_hover_img}, :content nil})} 
	 {:tag :img, :attrs {:alt , :height 50, :width 50, :src http://img.xiami.net/res/img/default/loading50x50.gif, :id personal_hover_pulser_img, :class hidden}, :content nil} 
	 {:tag :div, :attrs {:id personal_trigger_bar}, :content (
	 {:tag :a, :attrs {:title , :href javascript:;, :id personal_menu_down, :class personal_drop}, :content (更多内容)} 
	 {:tag :div, :attrs {:style display:none;, :class personal_buddy_menus, :id personal_menu_show}, :content (
	 {:tag :span, :attrs {:class blank_block}, :content nil} 
	 {:tag :p, :attrs {:id personal_relationship_g}, :content ({:tag :span, :attrs {:class be_contacts}, :content ({:tag :strong, :attrs nil, :content (%nick_name%)})})} 
	 {:tag :div, :attrs {:id personal_menu_other_div}, :content (
		 {:tag :a, :attrs {:title %nick_name%的个人主页, :href http://www.xiami.com/u/%uid%, :class blocks, :id personal_o_index}, :content (%nick_name%的个人主页)} 
 {:type :comment, :data 		<a id="personal_o_minifeed"  class="blocks" href="http://www.xiami.com/space/feed/u/%uid%" title="近况">近况</a>} 
		 {:tag :a, :attrs {:title %nick_name%的音乐库, :href http://www.xiami.com/space/lib-song/u/%uid%, :class blocks, :id personal_o_library}, :content (音乐库)} 
         {:tag :a, :attrs {:title %nick_name%的分享, :href http://www.xiami.com/space/rec/u/%uid%, :class blocks, :id personal_o_recommend}, :content (分享)} 
         {:tag :a, :attrs {:title %nick_name%的关注和粉丝, :href http://www.xiami.com/space/following/u/%uid%, :class blocks, :id personal_o_contact}, :content (关注/粉丝)} 
		 {:tag :a, :attrs {:title %nick_name%的精选集, :href http://www.xiami.com/space/collect/u/%uid%, :class blocks, :id personal_o_collect}, :content (精选集)} 
 {:type :comment, :data 		<a id="personal_o_charts"  class="blocks" href="http://www.xiami.com/space/charts/u/%uid%" title="个人排行榜">个人排行榜</a>} 
		 {:tag :a, :attrs {:title %nick_name%参与过的话题, :href http://www.xiami.com/space/group-thread/u/%uid%, :class blocks, :id personal_o_topic}, :content (参与的话题)} 
	)} 
	 {:tag :a, :attrs {:title 发站内信, :href http://www.xiami.com/member/sendpm?to_user_id=%uid%, :class blocks_out, :id personal_msgsned}, :content (发站内信)} 
	 {:tag :a, :attrs {:title 加入黑名单, :onclick blacklist('%uid%');return false;, :href javascript:;, :class blocks_out, :id personal_block_usr}, :content (加入黑名单)} 
	 {:tag :div, :attrs {:id person_menu_self_div}, :content nil} 
	)} 
	)} 
	)} 




 {:tag :script, :attrs nil, :content (
;(function($){
	$.fn.personalDropMenu = function(settings){
		var defaults = {
			menuDiv: '#personal_hover',
			tplDiv: '#personal_hover_tpl',
			dropdownArrow:'#personal_menu_down',
			myUid: 0
		};
        
		$.extend(defaults, settings);
        
		var $menuDiv,menuDiv_html,$tplDiv;
		$menuDiv = $(defaults.menuDiv);
		$tplDiv = $(defaults.tplDiv);
		menuDiv_html = $tplDiv.val();//保存原始的html        
		$menuDiv.bind('mouseleave',function(){$(this).hide();});
		window.isFriendshipQueryed=false;
		var friends;
		var setFriendHtml = function(uid,$obj){
			$obj.next().remove();
			if(uid == defaults.myUid) {
				$obj.html('<strong>你自己</strong>');
				$menuDiv.find('#personal_block_usr').remove();
				$menuDiv.find('#personal_msgsned').remove();
			}else if(!friends){
				$obj.after('<span class="be_stranger"><a href="javascript:;" onclick="attention('+uid+',1);">(加关注)</a></span>');
			}else if(friends['f_'+uid] && friends['f_'+uid]=="1"){
				$obj.after('<span class="be_stranger"> 已关注 <a href="http://www.xiami.com/member/attention/uid/'+uid+'/type/2?_xiamitoken='+_xiamitoken+'" onclick="return confirm(\'确定要取消吗？\');">(取消关注)</a></span>');
			}else if(friends['f_'+uid] && friends['f_'+uid]=="2"){
				$obj.after('<span class="be_stranger"> 已关注 <a href="http://www.xiami.com/member/attention/uid/'+uid+'/type/2?_xiamitoken='+_xiamitoken+'" onclick="return confirm(\'确定要取消吗？\');">(取消关注)</a></span>');
			}else if(friends['f_'+uid] && friends['f_'+uid]=="3"){
				$obj.after('<span class="be_stranger"> 已加入黑名单 <a href="http://www.xiami.com/member/attention/uid/'+uid+'/type/2?_xiamitoken='+_xiamitoken+'" onclick="return confirm(\'确定要取消吗？\');">(取消)</a></span>');
				$menuDiv.find('#personal_block_usr').remove();
				$menuDiv.find('#personal_msgsned').remove();
			}else{
				$obj.after('<span class="be_stranger"><a href="javascript:;" onclick="attention('+uid+',1);">(加关注)</a></span>');
			}
		};
        
		return this.each(function(){
			var $this;
			$this = $(this);
			$this.mouseover(function(){
				var params ={
					uid: /\d+/.exec($this.attr('href')),
					avatar: $this.find('img').attr('src'),
					nick_name:$this.attr('title'),
					gmt_access:$this.attr('rel')
				};
				if(params.gmt_access!='') params.gmt_access = "来访时间: "+params.gmt_access;
				var html = menuDiv_html.parseTpl(params);
				//var rects = $this[0].getBoundingClientRect();
				var rects = $this.offset();
				var bodyRects = $('body')[0].getBoundingClientRect();
				//var left = rects.left - bodyRects.left - 6;
				//var top = rects.top - bodyRects.top - 6;
				var left = rects.left - 6;
				var top = rects.top - 6;
				$menuDiv.css({'top':top,'left':left});
				$menuDiv.html(html).show();
				if(params.gmt_access=='') $menuDiv.find('#personal_hover_link').attr('title','');
				$menuDiv.find(defaults.dropdownArrow).click(function(){
					var $this = $(this);
					var $next = $this.next();
					$this.toggleClass('active')
					$next.toggle();
					if($next.css('display')!='block') return;
					$relation = $next.find('.be_contacts');
					if(params.uid ==defaults.myUid) {setFriendHtml(params.uid,$relation); return; }     
					if(isFriendshipQueryed){ setFriendHtml(params.uid,$relation); return; }                    
					if(!myUid) return;
					$relation.after($loading2);
					$.getJSON('/member/get-friends/_xiamitoken/'+_xiamitoken,function(data){
						try{
							$relation.next().remove();
							if(data.status == 'failed'){return false;}
							isFriendshipQueryed = true;
							friends = data.friends;
							setFriendHtml(params.uid,$relation);
						}catch(e){alert('Warning:something wrong! Please retry!');return;}
					});
				});
			});
		});
	};
})(jQuery);


// var myUid = parseInt('');
// $('.personalDropDown').personalDropMenu({myUid:myUid});
)} 

 {:tag :script, :attrs nil, :content (
_xiamitoken = 'b16d511a5ca1b4f83dd80cd3b8372db0';


$(document).ready(function(){
	$('body').click(function(e){
		$(".ctrl_gears_more").addClass('hidden');
		$(".bt_cdgears").removeClass('active');	
	});
	
	$("#web_loading").remove();

	$(".song_menu").mouseover(function() {
		$(this).css('z-index','6').children('span').show();
	}).mouseout(function() {
		$(this).css('z-index','5').children('span').hide();
	});

	$(".bt_cdgears").mouseover(function(){$(this).addClass('active').next().removeClass('hidden').show();});
	BackTop('gotop');
	
	// if ($.cookie('fools_day') != 1) {
	// 	var now = new Date();
	// 	var close_date = new Date('2012/4/2');
	// 	var begin_date = new Date('2012/4/1');
	// 	if (close_date.getTime()-now.getTime()>0 && now.getTime()-begin_date.getTime()>0) {
	// 		var rabbit_hole = Math.ceil(Math.random()*4);
	// 		if (rabbit_hole != 3) {
	// 			setTimeout(function() {
	// 				$.cookie('fools_day', 1 , { expires: 3, path: '/', domain: '.xiami.com'});
	// 				location.href = '/event/heavenconcert';
	// 			}, 3000);
	// 		}
	// 	}
	// }
});
var BackTop=function(btnId){
	var btn=document.getElementById(btnId);
	var browserName=navigator.userAgent.toLowerCase();
	if(/chrome/i.test(browserName) && /webkit/i.test(browserName) && /mozilla/i.test(browserName)){
	    var d = document.body;
	}else if(/webkit/i.test(browserName) && !this.chrome){
		var d = document.body;
	}else{
	    var d = document.documentElement ? document.documentElement : document.body;
	}
	/*var d = document.documentElement ? document.documentElement : document.body;*/
	window.onscroll=set;
	btn.onclick=function (){
		btn.className = 't_hide';
		window.onscroll=null;
		this.timer=setInterval(function(){
			//d.scrollTop = 0;
			d.scrollTop-=Math.ceil(d.scrollTop*0.8);
			if(d.scrollTop==0) clearInterval(btn.timer,window.onscroll=set);
		},10);
	};
	function set(){
		btn.className = d.scrollTop >= 1200 ? 't_show' : 't_hide';
	}
};
var checkFlash=function(a){var b='检测到您系统Flash插件版本过低,为了更好的使用虾米音乐,请升级您的Flash插件, <a href="http://get.adobe.com/cn/flashplayer/" target="_blank" style="color:#36c">马上升级</a>',c=function(){var a,c,b=document.body.children||document.body.childNodes;for(c=0;c<b.length;c++)if(1==b[c].nodeType){a=b[c];break}return a}(),d=function(){var c,a=navigator,b=0;if(a.plugins&&a.mimeTypes.length)c=navigator.plugins["Shockwave Flash"],c&&(b=c.description.replace(/.*\s(\d+\.\d+).*/,"$1"));else try{c=new window.ActiveXObject("ShockwaveFlash.ShockwaveFlash"),c&&(b=c.GetVariable("$version"))}catch(d){}return b}(),e=function(){var a=document.createElement("div");a.innerHTML=b,a.style.backgroundColor="#FFF9D7",a.style.borderBottom="1px solid #E3C823",a.style.fontWeight="bold",a.style.lineHeight="30px",a.style.textAlign="center",a.style.color="#f60",document.body.insertBefore(a,c)},f=d?d.match(/\d+/g):-1,g=f.length>0?f.join("."):0;return!g||parseInt(f[0],10)<a?(e(),!1):!0}(9);
)}  



 {:tag :script, :attrs {:type text/javascript}, :content (
  var _gaq = _gaq || [];
  _gaq.push(['_setAccount', 'UA-32929566-1']);
  _gaq.push(['_setDomainName', 'xiami.com']);
  _gaq.push(['_trackPageview']);

  (function() {
    var ga = document.createElement('script'); ga.type = 'text/javascript'; ga.async = true;
    ga.src = ('https:' == document.location.protocol ? 'https://ssl' : 'http://www') + '.google-analytics.com/ga.js';
    var s = document.getElementsByTagName('script')[0]; s.parentNode.insertBefore(ga, s);
  })();
)} 


 {:tag :div, :attrs {:style display:none}, :content (
 {:tag :script, :attrs {:charset gb2312, :language JavaScript, :src http://s95.cnzz.com/stat.php?id=921634&web_id=921634}, :content nil} 
 {:tag :script, :attrs {:language JavaScript, :src http://s16.cnzz.com/stat.php?id=2629111&web_id=2629111}, :content nil} 
)} 



 {:tag :div, :attrs {:style background:#fff; margin: 0 auto;display:none;}, :content ({:tag :font, :attrs {:style font-size:12px; color:#fff;}, :content (Host: , Process All 0.0779s Memory:3824.96k  {:tag :br, :attrs nil, :content nil} db_emumo_readDb: connect costs 0.00413203239441 s, 19 queries costs 0.0225 s  {:tag :br, :attrs nil, :content nil})})} 
)} 
)})
