({:type :comment, :data [if lt IE 7 ]> <html class="ie ie6"> <![endif]} {:type :comment, :data [if IE 7 ]>    <html class="ie ie7"> <![endif]} {:type :comment, :data [if IE 8 ]>    <html class="ie8"> <![endif]} {:type :comment, :data [if IE 9 ]>    <html class="ie9"> <![endif]} {:type :comment, :data [if (gt IE 9)|!(IE)]><!} {:tag :html, :attrs {:lang zh-CN}, :content ({:type :comment, :data <![endif]} 
 {:tag :head, :attrs nil, :content (
	 {:tag :meta, :attrs {:charset UTF-8}, :content nil} 
	 {:tag :meta, :attrs {:content webkit, :name renderer}, :content nil} 
	 {:tag :meta, :attrs {:content IE=edge, :http-equiv X-UA-Compatible}, :content nil} 
	 {:tag :meta, :attrs {:content a1z1s, :name data-spm}, :content nil} 
	 {:tag :title, :attrs nil, :content (玉环 专辑 陈司翰)} 
	 {:tag :meta, :attrs {:content gNntuhTm2rH7Qa/GPp6lf0mIp9KQsjejNs+i1LZhG7U=, :name verify-v1}, :content nil} 
	 {:tag :meta, :attrs {:content 玉环 专辑 陈司翰, :name keywords}, :content nil} 
	 {:tag :meta, :attrs {:content 玉环 专辑 陈司翰, :name description}, :content nil} 
	 {:tag :meta, :attrs {:content app-id=595594905, :name apple-itunes-app}, :content nil} 

	 {:tag :link, :attrs {:rel stylesheet, :media all, :href http://res.xiami.net/static/common/base.css?ver=20140613-130738}, :content nil} 

		 {:tag :link, :attrs {:rel stylesheet, :media all, :href http://res.xiami.net/??res/v3/css/global.css,res/v3/css/login.css,static/css/basic/core_mod.css,static/relation/css/name_card.css?ver=20140613-130738}, :content nil} 

		 {:tag :link, :attrs {:rel stylesheet, :media all, :href http://res.xiami.net/??static/lib/jquery.jscrollpane.css,static/common/header.css,static/common/footer.css?ver=20140613-130738}, :content nil} 

	 {:tag :link, :attrs {:rel stylesheet, :media all, :href http://res.xiami.net/??res/css/default/group15.css,res/css/default/beta15.css,res/v3/css/music.css?ver=20140613-130738}, :content nil} 
 {:tag :link, :attrs {:rel stylesheet, :media all, :href http://res.xiami.net/res/js/jquery/jquery.lightbox.css?ver=20140613-130738}, :content nil} 

	 {:tag :link, :attrs {:rel stylesheet, :media all, :href http://res.xiami.net/static/common/old.css?ver=20140613-130738}, :content nil} 

	 {:tag :link, :attrs {:rel shortcut icon, :type image/x-icon, :href http://img.xiami.net/favicon.ico}, :content nil} 
	 {:tag :link, :attrs {:rel apple-touch-icon, :href http://img.xiami.net/res/img/common/ipad/xiami_logo_apple.png}, :content nil} 
	 {:tag :link, :attrs {:title Xiami Search, :rel search, :type application/opensearchdescription+xml, :href /opensearch.xml}, :content nil} 
	 {:tag :link, :attrs {:href /collect/feed, :title 虾米音乐每日精选, :type application/atom+xml, :rel alternate}, :content nil} 

	
	
	 {:tag :style, :attrs {:type text/css}, :content (

		#header{   text-align: left;  zoom:1;  z-index:10; }
		#header .wrapper,#secondary .wrapper,#footer .wrapper{
			_width: expression(documentElement.clientWidth < 980? "980px" : documentElement.clientWidth > 1100? "1100px" : "auto");
		}

		.ie6 #secondary a.current{ background: none;}
		#header .primary .search .submit{ padding:0; cursor: pointer;}
		#header a,#secondary a{ text-decoration:none;}
		#header .user{vertical-align:top;}
		#header .auto_complete strong{ font-weight:normal;}
		#header .primary .user_popup .content ul .logout{ padding:0;}
		#header .content,#secondary .content{ overflow: visible;}	
		#secondary{  text-align: left;}
		.no-shadow{ box-shadow: none !important; -moz-box-shadow: none !important; -webkit-box-shadow: none !important;}
		#footer{zoom: 1;}
	)} 
	


	 {:type :comment, :data [if lte IE 8]>
	<link href="http://res.xiami.net/res/v3/css/login_iefix.css?v=20130521145542" rel="stylesheet" media="all" />
	<![endif]} 

		 {:tag :script, :attrs {:src http://res.xiami.net/??static/lib/jQuery/1.4.4/jquery.min.js,res/js/jquery/jqDnR.js,static/lib/jqModal.js,res/js/jquery/jquery.form.js,res/js/jquery/jquery.cookie.js,res/js/jquery/jquery.tools.js,res/v3/js/functions/index.js,res/js/default/xiami.js?ver=20140613-130738, :type text/javascript}, :content nil} 

		 {:tag :script, :attrs {:src http://res.xiami.net/??static/js/lib/jquery.tmpl.min.js,static/js/app/relation.js,static/js/app/nameCard.js?ver=20140613-130738, :type text/javascript}, :content nil} 


	 {:tag :script, :attrs {:src http://res.xiami.net/??static/lib/jquery.mousewheel.js,static/lib/jquery.jscrollpane.min.js,static/common/header_old.js,static/common/base.js?ver=20140613-130738, :type text/javascript}, :content nil} 


	 {:tag :script, :attrs nil, :content (
	var _xiamitoken = $.cookie('_xiamitoken'),
		_xiamiimg = 'http://img.xiami.net',
		_xiamiuser = $.cookie('user'),
		_athenaapiurl = 'ihi.xiami.com';
	)} 

	 {:tag :script, :attrs {:src http://res.xiami.net/res/js/jquery/jquery.lightbox.js?ver=20140613-130738, :type text/javascript}, :content nil} 

	
			 {:tag :script, :attrs {:src http://partner.googleadservices.com/gampad/google_service.js?v=201307175516, :type text/javascript}, :content nil} 
	 {:tag :script, :attrs {:type text/javascript}, :content (GS_googleAddAdSenseService("ca-pub-2784367241150493");GS_googleEnableAllServices();)} 
		 {:tag :script, :attrs {:language JavaScript}, :content (
	GA_googleAddAttr("MusicType", "Album");
		GA_googleAddAttr("ArtistID", "121");
	GA_googleAddAttr("AlbumID", "474");
		)} 
		 {:tag :script, :attrs {:type text/javascript}, :content (
	GA_googleAddSlot("ca-pub-2784367241150493", "Muisc-Album_Right_300x250");GA_googleAddSlot("ca-pub-2784367241150493", "Muisc-Album_Bottom_300x250");	)} 
	 {:tag :script, :attrs {:type text/javascript}, :content (GA_googleFetchAds();)} 
	
)} 
 {:tag :body, :attrs {:data-spm 6659513}, :content ({:tag :script, :attrs {:type text/javascript}, :content (
(function (d) {
var t=d.createElement("script");t.type="text/javascript";t.async=true;t.id="tb-beacon-aplus";
t.setAttribute("exparams","category=&userid=&aplus&member_auth=0");
t.src=("https:"==d.location.protocol?"https://s":"http://a")+".tbcdn.cn/s/aplus_v2.js";
d.getElementsByTagName("head")[0].appendChild(t);
})(document);
)} 
 {:tag :script, :attrs nil, :content (
var ua = "";
var UA_Opt = {};
UA_Opt.LogVal = "ua";
UA_Opt.MaxMCLog = 3;
UA_Opt.MaxMPLog = 3;
UA_Opt.MaxKSLog = 3;
UA_Opt.Token = new Date().getTime() + ":" + Math.random();
UA_Opt.SendMethod = 8;
UA_Opt.Flag = 13454;
)} 
 {:tag :script, :attrs {:src http://uaction.aliyuncdn.com/js/ua.js}, :content nil} 
 {:tag :script, :attrs nil, :content (
try{
    UA_Opt.Token = new Date().getTime() + ":" + Math.random();
UA_Opt.reload();
}catch(err){}
var uaexp=new Date();
uaexp.setTime(uaexp.getTime()+30*24*60*60*1000);
document.cookie="pnm_cku822="+encodeURIComponent(ua)+";path=/;expires="+uaexp.toGMTString();
)} 



 {:tag :div, :attrs {:id xiami-content}, :content ({:tag :h1, :attrs nil, :content (玉环 专辑 陈司翰)})} 
 {:tag :div, :attrs {:id web_loading}, :content (Loading...)} 





 {:tag :div, :attrs {:data-spm 226669510, :id header}, :content (
	 {:tag :div, :attrs {:class primary}, :content (
		 {:tag :div, :attrs {:class gap}, :content (
		 {:tag :div, :attrs {:class wrapper}, :content (
			 {:tag :table, :attrs nil, :content (
				 {:tag :tr, :attrs nil, :content (
					 {:tag :td, :attrs {:class logo}, :content ({:tag :a, :attrs {:title 虾米音乐网(xiami.com) - 高品质音乐 发现 分享, :href /}, :content (虾米音乐网(xiami.com) - 高品质音乐 发现 分享)})} 
										 {:tag :td, :attrs {:class nav}, :content (
						 {:tag :a, :attrs {:href /, :class bigtext current}, :content (发现音乐)} 
						 {:tag :a, :attrs {:href /space/lib-song, :class bigtext }, :content (我的音乐)} 
					)} 
					 {:tag :td, :attrs {:class subnav}, :content (
						 {:tag :a, :attrs {:href /collect, :class bigtext first }, :content (精选集)} 
						 {:tag :a, :attrs {:href /radio, :target _blank, :class bigtext middle }, :content (电台)} 
						 {:tag :a, :attrs {:href http://i.xiami.com, :class bigtext last }, :content (音乐人)} 
					)} 
					 {:tag :td, :attrs {:class search}, :content (
						 {:tag :div, :attrs {:class container}, :content (
							 {:tag :form, :attrs {:id search, :method get, :action /search}, :content (
								 {:tag :input, :attrs {:name key, :placeholder 音乐搜索，找人..., :autocomplete off, :class keyword}, :content nil} 
								 {:tag :input, :attrs {:value 搜索, :type submit, :class icon submit}, :content nil} 
								 {:tag :input, :attrs {:value 1, :name pos, :type hidden}, :content nil} 
							)} 
							 {:tag :div, :attrs {:class auto_complete}, :content nil} 
						)} 
					)} 
										 {:tag :td, :attrs {:class reg}, :content (
						 {:tag :a, :attrs {:href /member/register}, :content (免费注册)} 
					)} 
					 {:tag :td, :attrs {:class login}, :content (
						 {:tag :a, :attrs {:href https://login.xiami.com/member/login, :class first}, :content (立即登录)} 
						 {:tag :a, :attrs {:onclick sinaLogin();return false;, :href , :class middle}, :content ({:tag :b, :attrs {:class icon weibo}, :content (weibo)})} 
						 {:tag :a, :attrs {:onclick qqLogin();return false;, :href , :class last}, :content ({:tag :b, :attrs {:class icon qq}, :content (qq)})} 
					)} 
									)} 
			)} 
			 {:tag :div, :attrs {:class notify_popup}, :content (
				 {:tag :div, :attrs {:class content}, :content (
					 {:tag :div, :attrs {:class container}, :content ({:tag :p, :attrs {:class loading}, :content nil})} 
					 {:tag :b, :attrs {:class triangle}, :content ({:tag :i, :attrs nil, :content (◆)} ◆)} 
				)} 
			)} 			
			 {:tag :div, :attrs {:class user_popup}, :content (
				 {:tag :div, :attrs {:class content}, :content (
					 {:tag :ul, :attrs nil, :content (
						 {:tag :li, :attrs nil, :content ({:tag :a, :attrs {:href /u/}, :content ({:tag :b, :attrs {:class icon home}, :content nil} 我的主页)})} 
						 {:tag :li, :attrs {:class fence}, :content nil} 
						 {:tag :li, :attrs nil, :content ({:tag :a, :attrs {:href /relation/following}, :content ({:tag :b, :attrs {:class icon relationship}, :content nil} 关注 / 粉丝)})} 
						 {:tag :li, :attrs nil, :content ({:tag :a, :attrs {:href /vip}, :content ({:tag :b, :attrs {:class icon vip}, :content nil} VIP)})} 
						 {:tag :li, :attrs nil, :content ({:tag :a, :attrs {:href /account}, :content ({:tag :b, :attrs {:class icon account}, :content nil} 账户)})} 
						 {:tag :li, :attrs nil, :content ({:tag :a, :attrs {:href /property/myproperties}, :content ({:tag :b, :attrs {:class icon props}, :content nil} 道具)})} 
						 {:tag :li, :attrs nil, :content ({:tag :a, :attrs {:href /share}, :content ({:tag :b, :attrs {:class icon setting}, :content nil} 设置)})} 
						 {:tag :li, :attrs {:class fence}, :content nil} 
						 {:tag :li, :attrs nil, :content ({:tag :a, :attrs {:onclick return false;, :class logout, :href }, :content ({:tag :b, :attrs {:class icon logout}, :content nil} 退出)})} 
					)} 
					 {:tag :b, :attrs {:class triangle}, :content ({:tag :i, :attrs nil, :content (◆)} ◆)} 
				)} 
			)} 
		)} 
		)} 
	)} 
)} 
 {:tag :div, :attrs {:id hidden_obj}, :content (
	 {:tag :object, :attrs {:name trans, :id trans, :height 1, :width 1, :type application/x-shockwave-flash, :data /res/player/sdtos.swf?v=1402813578}, :content (
	     {:tag :param, :attrs {:value /res/player/sdtos.swf?v=1402813578, :name movie}, :content nil} 
	     {:tag :param, :attrs {:value high, :name quality}, :content nil} 
	     {:tag :param, :attrs {:value window, :name wmode}, :content nil} 
		 {:tag :param, :attrs {:value sameDomain, :name allowScriptAccess}, :content nil} 
	)} 
)} 
 {:tag :div, :attrs {:class white, :id page}, :content (
	 {:tag :div, :attrs {:typeof v:Review-aggregate, :class scalable clearfix, :id wrapper}, :content (

		 {:tag :div, :attrs {:id title}, :content (
			 {:tag :h1, :attrs {:property v:itemreviewed}, :content (玉环)} 
		)} 
		 {:tag :div, :attrs {:class clearfix, :id content}, :content (
			 {:tag :div, :attrs {:class clearfix, :id main_wrapper}, :content (
				 {:tag :div, :attrs {:id main_content}, :content (
					 {:tag :div, :attrs {:id main}, :content (
						 {:tag :div, :attrs {:data-spm 6856585, :class clearfix, :id album_block}, :content (

 {:tag :style, :attrs nil, :content (
#album_info{position:relative;z-index:2;min-height:310px;_height:310px; margin:5px 10px 0 250px;}
#album_cover{position:absolute;left:0;top:-5px;}
#album_cover .stats{padding:3px 8px; position:absolute; top:0; left:0px;}
#album_cover .shield{background:none repeat scroll 0 0 #333333; border-bottom:1px solid #171410; border-right:1px solid #171410; color:#999999;}
#album_cover .pubbing{background:none repeat scroll 0 0 #333333; border-bottom:1px solid #171410; border-right:1px solid #171410; color:#ffffff;}
#album_cover .unpub{background:none repeat scroll 0 0 #333333; border-bottom:1px solid #171410; border-right:1px solid #171410; color:#cccccc;}
#album_cover .promotion{background:none repeat scroll 0 0 #821616; border-bottom:1px solid #171410; border-right:1px solid #171410; color:#ffffff;}

.grade {margin: -5px 0 0 15px;overflow: hidden;height:16px;color:#aaa;}
.grade a{background: url('http://img.xiami.net/res/v3/img/star2.png') no-repeat scroll 0 0 transparent;display: inline-block;height: 16px;overflow: hidden;text-indent: -9999em;width: 16px;vertical-align:middle;}
.grade a.hover{ background-position:-17px 0}
.grade a.selected{ background-position:-34px 0}
.grade span {color: #666666;margin-left: 5px;vertical-align:middle;}
.grade b.delGrade{color:#8CA6D7;cursor:pointer;vertical-align:middle;display:none;}
.grade b:hover,.b-h{color:#36c;}

#album_rank{float:left;padding:10px 0 10px 5px;border-bottom:1px dashed #D9D9D9;}
#album_rank p{position:relative;padding:0 20px 0 100px;line-height:22px;color:#999;background:url('http://img.xiami.net/res/v3/img/star3.png') no-repeat 0 0;font-family:"Microsoft Yahei";}
#album_rank span{position:absolute;left:0;top:0;background:url('http://img.xiami.net/res/v3/img/star3.png') no-repeat 0 -24px;text-indent:-9999px;}
#album_rank em{margin:0 10px;font-weight:bold;font-size:16px;font-style:normal;color:#F60;vertical-align:middle;}

#album_info ul{clear:both;margin:10px 0;padding:10px 5px 5px;*padding:0 5px 5px;border-bottom:1px solid #EEE;}
#album_info ul li{ font-size:10px; color:#666;  height:12px; margin-bottom:7px; *margin:2px;}
#album_info ul li span{ float:left; margin-right:5px;}
#album_info ul li span.appraise_bg{ background:#FFDCC5; height:11px;  display:block;}
#album_info ul .appraise4{ background:url('http://img.xiami.net/res/v3/img/star1_v2.png') 0 0 no-repeat;}
#album_info ul .appraise3{ background:url('http://img.xiami.net/res/v3/img/star1_v2.png') 0 -14px no-repeat; }
#album_info ul .appraise2{ background:url('http://img.xiami.net/res/v3/img/star1_v2.png') 0 -28px no-repeat; }
#album_info ul .appraise1{ background:url('http://img.xiami.net/res/v3/img/star1_v2.png') 0 -42px no-repeat; }
#album_info ul .appraise0{ background:url('http://img.xiami.net/res/v3/img/star1_v2.png') 0 -56px no-repeat; }
/**/
#artist_fangroup_block{width:298px;height:403px;z-index:99999;margin-top:0;}
.music_counts{margin-bottom:20px;}
a.bt_tel{margin:0 10px;}
#album_acts .acts_list {position: absolute;right: 0;top: 50%;margin-top: -15px;}

)} 

							 {:tag :div, :attrs {:rel v:rating, :id album_info}, :content (
								 {:tag :div, :attrs {:typeof v:Rating, :id album_rank}, :content (
																		 {:tag :p, :attrs {:class clearfix}, :content ({:tag :span, :attrs {:style width:0px;}, :content nil} {:tag :em, :attrs {:property v:value}, :content nil} {:tag :span, :attrs {:property v:best}, :content (10)} (少于 {:tag :i, :attrs {:property v:votes}, :content (10)} 人评价))} 
																	)} 
								 {:tag :ul, :attrs nil, :content (
									 {:tag :li, :attrs nil, :content ({:tag :span, :attrs {:class appraise4 rankico}, :content ({:tag :em, :attrs nil, :content (酷爱)})} {:tag :span, :attrs {:class appraise_bg, :style width:0px;}, :content nil} 0)} 
									 {:tag :li, :attrs nil, :content ({:tag :span, :attrs {:class appraise3 rankico}, :content ({:tag :em, :attrs nil, :content (好听)})} {:tag :span, :attrs {:class appraise_bg, :style width:0px;}, :content nil} 0)} 
									 {:tag :li, :attrs nil, :content ({:tag :span, :attrs {:class appraise2 rankico}, :content ({:tag :em, :attrs nil, :content (能听)})} {:tag :span, :attrs {:class appraise_bg, :style width:100px;}, :content nil} 1)} 
									 {:tag :li, :attrs nil, :content ({:tag :span, :attrs {:class appraise1 rankico}, :content ({:tag :em, :attrs nil, :content (难听)})} {:tag :span, :attrs {:class appraise_bg, :style width:0px;}, :content nil} 0)} 
									 {:tag :li, :attrs nil, :content ({:tag :span, :attrs {:class appraise0 rankico}, :content ({:tag :em, :attrs nil, :content (噪音)})} {:tag :span, :attrs {:class appraise_bg, :style width:0px;}, :content nil} 0)} 
								)} 
								 {:tag :table, :attrs nil, :content (
									 {:tag :tr, :attrs nil, :content (
										 {:tag :td, :attrs {:valign top, :width 64, :class item}, :content (艺人：)} 
										 {:tag :td, :attrs {:valign top}, :content (
																						 {:tag :a, :attrs {:title , :href /artist/121}, :content (陈司翰)} 
																					)} 
									)} 
									
									 {:tag :tr, :attrs nil, :content (
										 {:tag :td, :attrs {:valign top, :class item}, :content (语种：)} 
										 {:tag :td, :attrs {:valign top}, :content (国语)} 
									)} 
									 {:tag :tr, :attrs nil, :content (
										 {:tag :td, :attrs {:valign top, :class item}, :content (唱片公司：)} 
										 {:tag :td, :attrs {:valign top}, :content ({:tag :a, :attrs {:target _blank, :title 搜索福茂唱片, :href /search?key=%E7%A6%8F%E8%8C%82%E5%94%B1%E7%89%87}, :content (福茂唱片)})} 
									)} 
																		 {:tag :tr, :attrs nil, :content (
										 {:tag :td, :attrs {:valign top, :class item}, :content (发行时间：)} 
										 {:tag :td, :attrs {:valign top}, :content (2004年07月01日)} 
									)} 
																		 {:tag :tr, :attrs nil, :content (
										 {:tag :td, :attrs {:valign top, :class item}, :content (专辑类别：)} 
										 {:tag :td, :attrs {:valign top}, :content (录音室专辑)} 
									)} 
																		
																										)} 
							)} 
							 {:tag :div, :attrs {:id album_cover}, :content (
								 {:tag :a, :attrs {:class CDcover185, :href http://img.xiami.net/images/album/img21/121/4741391346732.jpg, :target _blank, :title 玉环, :id albumCover}, :content (  {:tag :img, :attrs {:alt 玉环, :rel v:photo, :src http://img.xiami.net/images/album/img21/121/4741391346732_2.jpg, :class cdCover185}, :content nil})} 
								
								 {:tag :div, :attrs {:id taobao_cd}, :content (
								
								 {:tag :style, :attrs nil, :content (
								#taobao_cd {
									width: 230px;
									margin: -10px 0 20px;
								}
								#taobao_cd a {
									display: block;
									width: 183px;
									height: 40px;
									border-radius: 3px;
									background: whitesmoke url("http://gtms03.alicdn.com/tps/i3/T1Q8T9FOtbXXcCq_Hr-93-32.gif") no-repeat 86px 4px;
									border: 1px solid #e0e0e0;
									text-decoration: none;
									margin: 0 auto;
									position: relative;
								}
								#taobao_cd s {
									display: block;
									width: 86px;
									height: 40px;
									color: #999;
									text-align: center;
									line-height: 40px;
									position: absolute;
									left: 0;
									top: 0;
								}
								#taobao_cd span {
									display: block;
									width: 64px;
									height: 20px;
									line-height: 20px;
									position: absolute;
									left: 116px;
									top: 4px;
									color: #fff;
									font-size: 12px;
									text-align: center;
								}
								#taobao_cd em {
									font-style: normal;
									font-size: 18px;
								}								
								)} 
								
								 {:tag :script, :attrs nil, :content (
								var albumid = '474',
									userid = _xiamiuser ? _xiamiuser.split('"')[0] : '';
									
									$(function() {
										$.getJSON('/app/promotion/getitem',{'type':3, 'id':albumid}, function(data) {
											if (data.data) {
												var itemsid = data.data[0].url.split('?id=')[1];
												goldlog.record('/xiamipc.1.10','','albumid='+albumid+'&itemsid='+itemsid+'&userid='+userid,'H46807173');
												$('#taobao_cd').append('<a onclick="javascript:goldlog.record(\'/xiamipc.1.11\',\'\',\'albumid='+albumid+'&itemsid='+itemsid+'&userid='+userid+'\',\'H46807174\')" href="' + data.data[0].url + '" target="_blank"><s>CD原价￥' + (data.data[0].normal_price | 0) + '</s><span>￥<em>' + (data.data[0].discount_price | 0) + '</em></span></a>');
											};
										});
									});
									
								)} 
								)} 

								 {:tag :p, :attrs {:class grade}, :content (
									 {:tag :input, :attrs {:name grade, :class grade_v, :value , :type hidden}, :content nil} 我的评价：
									 {:tag :a, :attrs {:onclick page_review(474,1);, :href javascript:void(0);}, :content (很差)} 
									 {:tag :a, :attrs {:onclick page_review(474,2);, :href javascript:void(0);}, :content (较差)} 
									 {:tag :a, :attrs {:onclick page_review(474,3);, :href javascript:void(0);}, :content (还行)} 
									 {:tag :a, :attrs {:onclick page_review(474,4);, :href javascript:void(0);}, :content (推荐)} 
									 {:tag :a, :attrs {:onclick page_review(474,5);, :href javascript:void(0);}, :content (力荐)} {:tag :span, :attrs nil, :content nil}  								)} 	
							)} 
						)} 

												 {:tag :div, :attrs {:class clearfix, :id album_acts}, :content (							
							 {:tag :div, :attrs {:class cd2play}, :content (
																 {:tag :a, :attrs {:href javascript:void(0), :title 立即播放 玉环 专辑, :onclick playalbum('474')}, :content (立即播放)} 
															)} 							
							 {:tag :ul, :attrs {:class acts_list}, :content (								
																								 {:tag :li, :attrs {:class do_fav, :id album_getfav_474}, :content ({:tag :a, :attrs {:title 收藏此专辑到音乐库, :class wrap, :href javascript:void(0);, :onclick tag(474,5)}, :content ({:tag :span, :attrs nil, :content ({:tag :i, :attrs nil, :content nil} 收藏到音乐库)})})} 
								 {:tag :li, :attrs {:id album_removefav_474, :style display:none, :class do_fav done}, :content ({:tag :a, :attrs {:class wrap item_5_474, :onclick albumstore('474',2);, :title 取消收藏, :href javascript:void(0)}, :content ({:tag :span, :attrs nil, :content ({:tag :i, :attrs nil, :content nil} 已收藏到音乐库 {:tag :strong, :attrs nil, :content ((取消))})})})} 
								 {:tag :li, :attrs {:class do_share}, :content ({:tag :a, :attrs {:title 分享给朋友们, :class wrap, :onclick recommend('474','33');, :href javascript:void(0);}, :content ({:tag :span, :attrs nil, :content ({:tag :i, :attrs nil, :content nil} 分享 {:tag :em, :attrs nil, :content ((0))})})})} 
								 {:tag :li, :attrs {:class do_widget}, :content ({:tag :a, :attrs {:title 将转贴到博客或BBS, :class wrap, :onclick getQuote(2,'474');, :href javascript:void(0)}, :content ({:tag :span, :attrs nil, :content ({:tag :i, :attrs nil, :content nil} 转贴)})})} 							)} 
						)} 
												
 {:tag :div, :attrs {:class bgbd clearfix, :id share_bar}, :content (
 {:tag :div, :attrs {:style float: right; padding-right:5px;, :class share-bar-inner}, :content (
 {:type :comment, :data  Baidu Button BEGIN } 
 {:tag :div, :attrs {:data {'wbuid':1718436033}, :style float: left; padding: 5px;, :class bdshare_t bds_tools get-codes-bdshare, :id bdshare}, :content (
 {:tag :span, :attrs {:class bds_more}, :content (分享到：)} 
 {:tag :a, :attrs {:style margin-right: 20px;, :class bds_tsina}, :content nil} 
 {:tag :a, :attrs {:class bds_renren}, :content nil} 
 {:tag :a, :attrs {:class bds_qzone}, :content nil} 
 {:tag :a, :attrs {:class bds_douban}, :content nil} 
 {:tag :a, :attrs {:class bds_tqq}, :content nil} 
 {:tag :a, :attrs {:class bds_t163}, :content nil} 
 {:tag :a, :attrs {:class bds_huaban}, :content nil} 
 {:type :comment, :data  <a class="shareCount"></a> } 
)} 
 {:tag :a, :attrs {:href , :onclick return shareLaiwang();, :title 分享到来往, :style float: left; margin-top: 10px; position: absolute; top:0; right: 141px;, :class laiwang}, :content ({:tag :i, :attrs {:style display: inline-block;width: 16px;height: 16px;margin-right: 2px;background: url('http://img.xiami.net/static/img/common/share_icon.png') no-repeat -263px 0;vertical-align: middle;}, :content nil})} 
)} 

 {:tag :script, :attrs {:data type=tools&uid=0, :id bdshare_js, :type text/javascript}, :content nil} 
 {:tag :script, :attrs {:id bdshell_js, :type text/javascript}, :content nil} 
 {:tag :script, :attrs {:type text/javascript}, :content (

    var bds_config = {
        'wbUid':1718436033,
        'snsKey':{'tsina':'3845915579'},
        'bdText':'分享 陈司翰 的专辑《玉环》 专辑地址：http://www.xiami.com/album/474（分享自 @虾米音乐）',
        'bdPic':"http://img.xiami.net/images/album/img21/121/4741391346732.jpg"
    };
    var laiwang_config = {
        title:'分享 陈司翰 的专辑《玉环》',
        location:'www.xiami.com/album/474',
        pic:'http://img.xiami.net/images/album/img21/121/4741391346732.jpg'
    };
    document.getElementById("bdshell_js").src = "http://bdimg.share.baidu.com/static/js/shell_v2.js?cdnversion=" + Math.ceil(new Date()/3600000);
    function shareLaiwang(){
        var url = 'content='+ encodeURIComponent(laiwang_config.title) + encodeURIComponent('http://'+laiwang_config.location)+'&title='+encodeURIComponent(laiwang_config.title)+'&url='+encodeURIComponent('http://'+laiwang_config.location)+'&image='+encodeURI(laiwang_config.pic);
        window.open('http://www.laiwang.com/stream/shareToLaiwang.htm?'+url+'&'+new Date().getTime(), 'newwindow', 'height=360,width=588, top='+(screen.height-360)/2+',left='+(screen.width-588)/2+', toolbar=no, menubar=no, scrollbars=no,resizable=yes,location=no, status=no');
        return false;
    }

)} 
 {:type :comment, :data  Baidu Button END } 
)} 												 {:tag :div, :attrs {:class clearfix intro_less, :id album_intro}, :content (
							 {:tag :div, :attrs {:class album_intro_brief}, :content ( 
							 {:tag :strong, :attrs nil, :content (专辑介绍：)} {:tag :span, :attrs {:property v:summary}, :content nil} {:tag :p, :attrs nil, :content ({:tag :strong, :attrs nil, :content ({:tag :font, :attrs {:color #ff0000}, :content (今年夏天最浪漫的爱情魔戒 环肥燕瘦都不放弃的爱情信仰 {:tag :br, :attrs nil, :content nil} 
)})} {:tag :br, :attrs nil, :content nil} 
2004年暑假，陈司翰要带着他的第一支开心摇滚、第二支深情动容主打歌和“重量级”打造的音乐录影带，给歌迷不一样的听觉与视觉！ {:tag :br, :attrs nil, :content nil} 
 {:tag :br, :attrs nil, :content nil} 
时隔两年，陈司翰选了姊姊的旧东家福茂唱片，做为音乐再出发的基地。去年十月，陈司翰就独自一个人拎着行李，自己找了个住处，落脚台北。没有任何人陪伴，惦惦的开始一段新的音乐路程。为了录音配唱，他学习认识台北的道路，如果你在捷运站看到一个身高185的帅哥，不要怀疑自己看花了眼，没错！他就是陈司翰，努力的慢慢熟悉其实有些陌生的台北。 {:tag :br, :attrs nil, :content nil} 
 {:tag :br, :attrs nil, :content nil} 
这首陈司翰一手包办词曲的单曲‘玉环’，是他在台北生活时，看到一个‘帅哥带胖胖女回家’的信用卡广告，油然而生的创作灵感。他觉得欣赏女人的角度，自古以来环肥燕瘦都不一样，胖胖女也会有人捧在手心上宠爱的，歌词扭转了现代社会‘瘦＝漂亮’的标准与评价，加上摇滚的节奏，完全颠覆了大家对‘美’的看法，对‘爱情’的定义！！！ {:tag :br, :attrs nil, :content nil} 
 {:tag :br, :attrs nil, :content nil} 
所以当要拍摄‘玉环’MV时，陈司翰非常希望能找到激发创作灵感的来源，也就是信用卡广告中的胖胖女，来当他的‘玉环’MV女主角！而且廖慧珍不只身材是重量级的，她的资历更是超‘重量级’呢！！她可是堂堂得过金马奖最佳女配角来‘跨刀’演出‘小’萤幕上的MV喔！！ {:tag :br, :attrs nil, :content nil} 
 {:tag :br, :attrs nil, :content nil} 
‘玉环’的歌名典出中国四大美女杨贵妃，音乐曲风却出人意外是摇滚节奏，而且陈司翰特别为自己的歌定义为‘开心摇滚’！因为他认为摇滚不一定非要满嘴脏话批判社会，摇滚也可以轻松开心的玩！所以，在MV摄影现场，导演林炳存要陈司翰和廖慧珍扮演一对情侣时，两人玩得非常开心，工作人员还笑陈司翰好像变了一个人，好像从很矜持的金牛座变成疯狂的射手座了！！ {:tag :br, :attrs nil, :content nil} 
 {:tag :strong, :attrs nil, :content ({:tag :font, :attrs {:color #ff0000}, :content ({:tag :br, :attrs nil, :content nil} 
⊙创作的Victor {:tag :br, :attrs nil, :content nil} 
)})} {:tag :br, :attrs nil, :content nil} 
已经2年没有发专辑的Victor陈司翰，蛰伏了一阵子后，静极思动，在累积了一些唱歌与演戏的经验后，也尝试着在自己即将发行的新专辑中，创作表达自己的想法。他说在演过戏之后，自己的想法、观察和表达方式，都变的更细腻、更不一样了。第一首主打歌曲‘玉环’作词作曲人就是Victor自己，是他在台湾看到的一个‘孟姜女哭倒长城’喉糖广告，和‘帅哥带胖胖女回家’的信用卡广告，看完之后，油然而生的词曲创作灵感，他觉得自古每一个年代，欣赏女人的角度都不同，胖胖的女生也是会有人欣赏、有人捧在手心上宠爱的，歌词完全颠覆了现代社会对“瘦=漂亮”的标准与评价。 {:tag :br, :attrs nil, :content nil} 
 {:tag :br, :attrs nil, :content nil} 
‘玉环’这一首当中，也提到了唐朝最知名的丰满美女‘杨贵妃’，虽然她已是历史故事，但陈司翰写的歌词却是他对胖胖女表达的无限爱意，加上摇滚节奏的曲风，完全颠覆了现代人对‘美’的看法。 {:tag :br, :attrs nil, :content nil} 
 {:tag :br, :attrs nil, :content nil} 
努力学习创作的Victor，与‘玉环’的制作人刘永坚老师是好朋友，在与刘老师的合作下，除了展现词曲的创作能力，在整个编曲与风格也参与了许多的意见。他说能从头到尾地投入，到一首歌的诞生，让他更觉得作音乐的苦心，是一步一脚印的，也让他对自己专辑的音乐更贴近了一点。而以前在学生时期就学过钢琴、大提琴与萨克斯风的Victor，他说对于学过的乐器，对于他来说都有存在的价值与意义，现在为了学创作，他也积极学吉他，和电脑编曲等可以帮助他进行创作的课程。 {:tag :br, :attrs nil, :content nil} 
 {:tag :br, :attrs nil, :content nil} 
第二主打歌曲‘看见爱’，虽然是翻唱自韩国歌，但是在于光中老师的中文词与陈伟老师的编曲，双重强力打造之下，Victor唱起来也特别的深情，Victor说在唱这首歌的时候，他的脑子里面已经被自己想像的画面所感动了，陈伟老师对他的方式，通常不会给他太多唱歌的建议，而是让Victor试唱十多种方法，再由其中去找出最感动人的那一种唱腔。在跟陈伟老师合作的时期，两人也常相邀一起下工聊天小酌，要从陈伟老师身上“偷师”更多制作音乐的想法呢！ {:tag :br, :attrs nil, :content nil} 
 {:tag :strong, :attrs nil, :content ({:tag :font, :attrs {:color #ff0000}, :content ({:tag :br, :attrs nil, :content nil} 
⊙改变的Victor {:tag :br, :attrs nil, :content nil} 
)})} {:tag :br, :attrs nil, :content nil} 
虽然身为家中的独子，从小得到的关爱，自然不在话下，但是这些成长的日子，也让Victor越想挣脱关爱的眼神，努力去证明自己已经是个可以独立的大男孩！Victor有着金牛座典型的“择善固执”个性。他选择离自己的家，有大半个地球远的英国去念书。他选择来台湾租房子，学习独自生活，把唱片录好，把自己照顾好！为了演戏，他在香港跟师傅学习气功与功夫、学了大半年。他正学习在台北认路，如果你在捷运站看到他，没错！他就是陈司翰。出道这3年来，他还在努力学着当艺人、演员、歌手。 {:tag :br, :attrs nil, :content nil} 
 {:tag :br, :attrs nil, :content nil} 
以往的Victor-陈司翰给人的感觉，总是比较斯文、拘谨，但现在的他，从自己生活的体验中，与别人相处的互动中，都有着大不同的改变，对于任何新鲜的事情，他也都跃跃欲试，这也许跟他从生活周遭收集灵感的习惯，有非常密切的关系，他现在随身带着笔记本，把得到的想法记下来，还搭配自己的插图，这也展现他原本就具有的绘画才能。有着一口漂亮牙齿的他，现在总不吝啬给别人一个大大的笑容，而在录音、拍照等工作等待中，未免枯燥无聊，他也不厌其烦地搞笑起来。属于“慢热型”的他，对于演艺圈更加地熟悉了，现在的他正努力要好好释放他的能量，我们在Victor身上，也发掘了属于他年轻的活力无限！ {:tag :br, :attrs nil, :content nil} 
 {:tag :strong, :attrs nil, :content ({:tag :font, :attrs {:color #ff0000}, :content ({:tag :br, :attrs nil, :content nil} 
⊙视觉的Victor {:tag :br, :attrs nil, :content nil} 
)})} {:tag :br, :attrs nil, :content nil} 
‘玉环’这一张专辑，正值暑假发行，除了要让大家感受到陈司翰的活力无限之外，这也跟他喜爱的颜色有着大大的关联，‘橘色’是Victor最喜爱的颜色，当然这一次专辑的设计、包装、造型等，也绕着‘橘色’为主题。Victor认为他会喜欢‘橘色’，就是因为‘橘色’给人夏天、明亮、开朗的感觉，而且又可以‘放大别人的开心’。专辑中他的造型，有许多‘橘色’这个元素存在，不管是他带着‘橘色’电吉他，玩着音乐，或是任何造型师帮他准备的‘橘色’服装、配件，一上他的身，他就像个开心的太阳一样，具有一种“魔力”感染了全场的人，而任何摄影师要求的高难度动作，对他来说就像是小csae，轻轻松松完成！他在他自己创造出来的‘Orange Wonderland’中，玩出了一片不同的天空！ {:tag :br, :attrs nil, :content nil} 
 {:tag :br, :attrs nil, :content nil} 
而在专辑录音完成后与正式发片之间，陈司翰还轧出档期应知名电视制作人-何琇琼之邀，前往内地拍摄古装轻松喜剧“缘来就是你”，剧中的角色他饰演一名富家公子哥，但在一连串的变故之后，决心发愤图强，有所作为。古装扮相的他，相当俊美，玉树临风的形象与扮相甜美的内地新一代火红戏剧小天后—刘涛，对手戏相当多，郎才女貌的组合，为戏带来耳目一新的精采内容。为了戏他也毅然把原本的头发剃光，所以现在的他则是以一头“蛋型庞克”+剃着属于他英文名字“Victor”的‘V’字母的造型，来宣传他的新专辑。 {:tag :br, :attrs nil, :content nil} 
 {:tag :strong, :attrs nil, :content ({:tag :font, :attrs {:color #ff0000}, :content ({:tag :br, :attrs nil, :content nil} 
⊙主打MV三部曲—重量级跨刀 {:tag :br, :attrs nil, :content nil} 
)})} {:tag :strong, :attrs nil, :content ({:tag :br, :attrs nil, :content nil} 
玉环MV-重量级女主角-就是要廖慧珍)} {:tag :br, :attrs nil, :content nil} 
 {:tag :br, :attrs nil, :content nil} 
‘玉环’MV由知名导演—林炳存执导，陈司翰还要求工作人员，找来他所看到的胖妹信用卡广告的‘重量级’女主角，也就是得到金马奖最佳女主角，电影‘爱情来了’之中的“廖慧珍”，来担任‘玉环’MV女主角。拍摄当天，两人玩得非常开心，导演要他们扮演的就是一对男女朋友，相恋的过程中，胖胖女一直担心自己的身材不好，但是男主角陈司翰觉得“身高不是距离，体重不是问题”，还骑小绵羊逛街，开红色敞篷兜风，对世人宣告，‘我就是爱她！’而拍摄中，也发生了一个插曲，就是导演要TAKE一个廖慧珍站上磅秤，但是说什么她都不肯，她说“体重是一个女孩子的秘密！”。导演只好借镜带过，只不过导演开玩笑的让她的体重，两脚站上两个磅，却各80公斤！ {:tag :br, :attrs nil, :content nil} 
 {:tag :strong, :attrs nil, :content ({:tag :br, :attrs nil, :content nil} 
看见爱MV—重量级导演—刘伟强 {:tag :br, :attrs nil, :content nil} 
)} {:tag :br, :attrs nil, :content nil} 
第二波主打歌-‘看见爱’是一首非常好听的抒情旋律，公司为了能够让这一首歌能够打动听众的心灵最深处，跨海从香港找来了，凭着红遍中、港、台三地的电影《无间道》的当代电影大师---刘伟强，百忙之中特地抽空来执导‘看见爱’这一首歌的音乐录影带，可见得公司对陈司翰的用心，除了不惜砸下重金之外，导演也找到一栋，位在香港石澳美丽海边的知名现代画家工作室，剧情中就是让陈司翰饰演痴心的画家，对于死去的女友念念不放，只能靠着画画来纪念她，希望还能与女友再见一面，凄美的剧情，俨然是新版的“第六感生死恋”，公司还找来当红师姐—ANGELA张韶涵在MV中客串相助。 {:tag :br, :attrs nil, :content nil} 
 {:tag :br, :attrs nil, :content nil} 
拍摄MV当天，刘伟强导演可是费了许多心，把陈司翰拍得超帅，但是男女主角在对戏时，更让导演头痛，因为185公分的Victor和158公分的Angela抱在一起时，更是让导演费煞苦心来‘乔’出最完美的镜位，让一旁的工作人员笑称，原来这一支MV是新版的“第六感生死恋”加上“长短脚之恋”。)} 
							)} 
							 {:tag :div, :attrs {:class album_intro_toggle}, :content ({:tag :a, :attrs {:id show_more, :href javascript:void(0), :title }, :content (详细)})} 
						)} 
												 {:tag :div, :attrs {:class album_tracks mgt20, :id track}, :content (
														 {:tag :div, :attrs {:class cd_info clearfix}, :content (
																 {:tag :div, :attrs {:class cd_pay}, :content (
									 {:tag :a, :attrs {:href javascript:void(0), :title 免费下载到手机, :onclick showDialog('/music/sendall/id/474/type/album');, :class send_phone}, :content ({:tag :span, :attrs nil, :content (免费下载到手机)})} 
									 {:tag :a, :attrs {:href javascript:void(0), :title 下载整张专辑, :onclick downloadalbum('474','album')}, :content ({:tag :span, :attrs nil, :content (下载整张专辑)})} 
																		 
								)} 
							)} 
														 {:tag :div, :attrs {:class chapter mgt10}, :content (
																 {:tag :strong, :attrs {:style  border-bottom: 1px solid #E5E5E5;padding: 10px 5px;, :class trackname}, :content (disc 1 )} 
								 {:tag :table, :attrs {:class track_list, :cellpadding 0, :cellspacing 0}, :content (
																		 {:tag :tbody, :attrs nil, :content (
																														 {:tag :tr, :attrs nil, :content (
											 {:tag :td, :attrs {:class chkbox}, :content ({:tag :input, :attrs {:name recommendids, :value 5695, :checked checked, :type checkbox}, :content nil})} 
											 {:tag :td, :attrs {:class trackid}, :content (01)} 
											 {:tag :td, :attrs {:class song_name}, :content ({:tag :a, :attrs {:title , :href /song/5695}, :content (玉环)}  )} 
											 {:type :comment, :data  <td class="song_price">0.8米</td>  } 
																						 {:tag :td, :attrs {:class song_hot}, :content (107)} 
											 {:tag :td, :attrs {:class song_hot_bar}, :content ({:tag :span, :attrs {:style width:51%;}, :content ( )})} 
																						 {:tag :td, :attrs {:class song_act}, :content (
																							 {:tag :div, :attrs {:style width:170px;_width:180px;, :class song_do}, :content (
 {:tag :a, :attrs {:onclick play('5695');, :title 试听, :href javascript:void(0), :class song_play}, :content ({:tag :span, :attrs nil, :content (试听)})}  
 {:tag :a, :attrs {:onclick recommend('5695','32'), :title 推荐, :href javascript:void(0), :class song_digg}, :content ({:tag :span, :attrs nil, :content (推荐)})}  
 {:tag :a, :attrs {:onclick collect('5695');, :title 添加到精选集, :href javascript:void(0), :class song_toclt}, :content ({:tag :span, :attrs nil, :content (添加到am精选集)})} 
 {:tag :a, :attrs {:onclick xm_download('5695');, :title 下载, :href javascript:void(0), :class song_download}, :content ({:tag :span, :attrs nil, :content (下载)})} 
 {:tag :a, :attrs {:title 发送到, :onclick showDialog('/music/send/id/5695');, :href javascript:void(0), :class song_tel}, :content (发送到)} 
 {:tag :div, :attrs {:class song_menu}, :content (
 {:tag :a, :attrs {:title , :href javascript:void(0), :class song_more}, :content (更多)} 
 {:tag :span, :attrs {:class song_menu_drop}, :content (
 {:tag :em, :attrs nil, :content nil} 
 {:tag :a, :attrs {:title , :onclick tag(5695,3);, :href javascript:;}, :content (添加标签)} 
 {:tag :a, :attrs {:title , :href /widget/isingle?sid=5695, :class toplayer}, :content (转贴到其它网站)})} 
)})} 																						)} 

										)} 
																																								 {:tag :tr, :attrs {:class bg_grey}, :content (
											 {:tag :td, :attrs {:class chkbox}, :content ({:tag :input, :attrs {:name recommendids, :value 5696, :checked checked, :type checkbox}, :content nil})} 
											 {:tag :td, :attrs {:class trackid}, :content (02)} 
											 {:tag :td, :attrs {:class song_name}, :content ({:tag :a, :attrs {:title , :href /song/5696}, :content (嫉妒只是一粒沙)}  )} 
											 {:type :comment, :data  <td class="song_price">0.8米</td>  } 
																						 {:tag :td, :attrs {:class song_hot}, :content (56)} 
											 {:tag :td, :attrs {:class song_hot_bar}, :content ({:tag :span, :attrs {:style width:34%;}, :content ( )})} 
																						 {:tag :td, :attrs {:class song_act}, :content (
																							 {:tag :div, :attrs {:style width:170px;_width:180px;, :class song_do}, :content (
 {:tag :a, :attrs {:onclick play('5696');, :title 试听, :href javascript:void(0), :class song_play}, :content ({:tag :span, :attrs nil, :content (试听)})}  
 {:tag :a, :attrs {:onclick recommend('5696','32'), :title 推荐, :href javascript:void(0), :class song_digg}, :content ({:tag :span, :attrs nil, :content (推荐)})}  
 {:tag :a, :attrs {:onclick collect('5696');, :title 添加到精选集, :href javascript:void(0), :class song_toclt}, :content ({:tag :span, :attrs nil, :content (添加到am精选集)})} 
 {:tag :a, :attrs {:onclick xm_download('5696');, :title 下载, :href javascript:void(0), :class song_download}, :content ({:tag :span, :attrs nil, :content (下载)})} 
 {:tag :a, :attrs {:title 发送到, :onclick showDialog('/music/send/id/5696');, :href javascript:void(0), :class song_tel}, :content (发送到)} 
 {:tag :div, :attrs {:class song_menu}, :content (
 {:tag :a, :attrs {:title , :href javascript:void(0), :class song_more}, :content (更多)} 
 {:tag :span, :attrs {:class song_menu_drop}, :content (
 {:tag :em, :attrs nil, :content nil} 
 {:tag :a, :attrs {:title , :onclick tag(5696,3);, :href javascript:;}, :content (添加标签)} 
 {:tag :a, :attrs {:title , :href /widget/isingle?sid=5696, :class toplayer}, :content (转贴到其它网站)})} 
)})} 																						)} 

										)} 
																																								 {:tag :tr, :attrs nil, :content (
											 {:tag :td, :attrs {:class chkbox}, :content ({:tag :input, :attrs {:name recommendids, :value 5697, :checked checked, :type checkbox}, :content nil})} 
											 {:tag :td, :attrs {:class trackid}, :content (03)} 
											 {:tag :td, :attrs {:class song_name}, :content ({:tag :a, :attrs {:title , :href /song/5697}, :content (看见爱)}  )} 
											 {:type :comment, :data  <td class="song_price">0.8米</td>  } 
																						 {:tag :td, :attrs {:class song_hot}, :content (126)} 
											 {:tag :td, :attrs {:class song_hot_bar}, :content ({:tag :span, :attrs {:style width:57%;}, :content ( )})} 
																						 {:tag :td, :attrs {:class song_act}, :content (
																							 {:tag :div, :attrs {:style width:170px;_width:180px;, :class song_do}, :content (
 {:tag :a, :attrs {:onclick play('5697');, :title 试听, :href javascript:void(0), :class song_play}, :content ({:tag :span, :attrs nil, :content (试听)})}  
 {:tag :a, :attrs {:onclick recommend('5697','32'), :title 推荐, :href javascript:void(0), :class song_digg}, :content ({:tag :span, :attrs nil, :content (推荐)})}  
 {:tag :a, :attrs {:onclick collect('5697');, :title 添加到精选集, :href javascript:void(0), :class song_toclt}, :content ({:tag :span, :attrs nil, :content (添加到am精选集)})} 
 {:tag :a, :attrs {:onclick xm_download('5697');, :title 下载, :href javascript:void(0), :class song_download}, :content ({:tag :span, :attrs nil, :content (下载)})} 
 {:tag :a, :attrs {:title 发送到, :onclick showDialog('/music/send/id/5697');, :href javascript:void(0), :class song_tel}, :content (发送到)} 
 {:tag :div, :attrs {:class song_menu}, :content (
 {:tag :a, :attrs {:title , :href javascript:void(0), :class song_more}, :content (更多)} 
 {:tag :span, :attrs {:class song_menu_drop}, :content (
 {:tag :em, :attrs nil, :content nil} 
 {:tag :a, :attrs {:title , :onclick tag(5697,3);, :href javascript:;}, :content (添加标签)} 
 {:tag :a, :attrs {:title , :href /widget/isingle?sid=5697, :class toplayer}, :content (转贴到其它网站)})} 
)})} 																						)} 

										)} 
																																								 {:tag :tr, :attrs {:class bg_grey}, :content (
											 {:tag :td, :attrs {:class chkbox}, :content ({:tag :input, :attrs {:name recommendids, :value 5698, :checked checked, :type checkbox}, :content nil})} 
											 {:tag :td, :attrs {:class trackid}, :content (04)} 
											 {:tag :td, :attrs {:class song_name}, :content ({:tag :a, :attrs {:title , :href /song/5698}, :content (停战)}  )} 
											 {:type :comment, :data  <td class="song_price">0.8米</td>  } 
																						 {:tag :td, :attrs {:class song_hot}, :content (49)} 
											 {:tag :td, :attrs {:class song_hot_bar}, :content ({:tag :span, :attrs {:style width:32%;}, :content ( )})} 
																						 {:tag :td, :attrs {:class song_act}, :content (
																							 {:tag :div, :attrs {:style width:170px;_width:180px;, :class song_do}, :content (
 {:tag :a, :attrs {:onclick play('5698');, :title 试听, :href javascript:void(0), :class song_play}, :content ({:tag :span, :attrs nil, :content (试听)})}  
 {:tag :a, :attrs {:onclick recommend('5698','32'), :title 推荐, :href javascript:void(0), :class song_digg}, :content ({:tag :span, :attrs nil, :content (推荐)})}  
 {:tag :a, :attrs {:onclick collect('5698');, :title 添加到精选集, :href javascript:void(0), :class song_toclt}, :content ({:tag :span, :attrs nil, :content (添加到am精选集)})} 
 {:tag :a, :attrs {:onclick xm_download('5698');, :title 下载, :href javascript:void(0), :class song_download}, :content ({:tag :span, :attrs nil, :content (下载)})} 
 {:tag :a, :attrs {:title 发送到, :onclick showDialog('/music/send/id/5698');, :href javascript:void(0), :class song_tel}, :content (发送到)} 
 {:tag :div, :attrs {:class song_menu}, :content (
 {:tag :a, :attrs {:title , :href javascript:void(0), :class song_more}, :content (更多)} 
 {:tag :span, :attrs {:class song_menu_drop}, :content (
 {:tag :em, :attrs nil, :content nil} 
 {:tag :a, :attrs {:title , :onclick tag(5698,3);, :href javascript:;}, :content (添加标签)} 
 {:tag :a, :attrs {:title , :href /widget/isingle?sid=5698, :class toplayer}, :content (转贴到其它网站)})} 
)})} 																						)} 

										)} 
																																								 {:tag :tr, :attrs nil, :content (
											 {:tag :td, :attrs {:class chkbox}, :content ({:tag :input, :attrs {:name recommendids, :value 5699, :checked checked, :type checkbox}, :content nil})} 
											 {:tag :td, :attrs {:class trackid}, :content (05)} 
											 {:tag :td, :attrs {:class song_name}, :content ({:tag :a, :attrs {:title , :href /song/5699}, :content (挥霍浪漫)}  )} 
											 {:type :comment, :data  <td class="song_price">0.8米</td>  } 
																						 {:tag :td, :attrs {:class song_hot}, :content (236)} 
											 {:tag :td, :attrs {:class song_hot_bar}, :content ({:tag :span, :attrs {:style width:94%;}, :content ( )})} 
																						 {:tag :td, :attrs {:class song_act}, :content (
																							 {:tag :div, :attrs {:style width:170px;_width:180px;, :class song_do}, :content (
 {:tag :a, :attrs {:onclick play('5699');, :title 试听, :href javascript:void(0), :class song_play}, :content ({:tag :span, :attrs nil, :content (试听)})}  
 {:tag :a, :attrs {:onclick recommend('5699','32'), :title 推荐, :href javascript:void(0), :class song_digg}, :content ({:tag :span, :attrs nil, :content (推荐)})}  
 {:tag :a, :attrs {:onclick collect('5699');, :title 添加到精选集, :href javascript:void(0), :class song_toclt}, :content ({:tag :span, :attrs nil, :content (添加到am精选集)})} 
 {:tag :a, :attrs {:onclick xm_download('5699');, :title 下载, :href javascript:void(0), :class song_download}, :content ({:tag :span, :attrs nil, :content (下载)})} 
 {:tag :a, :attrs {:title 发送到, :onclick showDialog('/music/send/id/5699');, :href javascript:void(0), :class song_tel}, :content (发送到)} 
 {:tag :div, :attrs {:class song_menu}, :content (
 {:tag :a, :attrs {:title , :href javascript:void(0), :class song_more}, :content (更多)} 
 {:tag :span, :attrs {:class song_menu_drop}, :content (
 {:tag :em, :attrs nil, :content nil} 
 {:tag :a, :attrs {:title , :onclick tag(5699,3);, :href javascript:;}, :content (添加标签)} 
 {:tag :a, :attrs {:title , :href /widget/isingle?sid=5699, :class toplayer}, :content (转贴到其它网站)})} 
)})} 																						)} 

										)} 
																																								 {:tag :tr, :attrs {:class bg_grey}, :content (
											 {:tag :td, :attrs {:class chkbox}, :content ({:tag :input, :attrs {:name recommendids, :value 5700, :checked checked, :type checkbox}, :content nil})} 
											 {:tag :td, :attrs {:class trackid}, :content (06)} 
											 {:tag :td, :attrs {:class song_name}, :content ({:tag :a, :attrs {:title , :href /song/5700}, :content (Rosa)}  )} 
											 {:type :comment, :data  <td class="song_price">0.8米</td>  } 
																						 {:tag :td, :attrs {:class song_hot}, :content (18)} 
											 {:tag :td, :attrs {:class song_hot_bar}, :content ({:tag :span, :attrs {:style width:21%;}, :content ( )})} 
																						 {:tag :td, :attrs {:class song_act}, :content (
																							 {:tag :div, :attrs {:style width:170px;_width:180px;, :class song_do}, :content (
 {:tag :a, :attrs {:onclick play('5700');, :title 试听, :href javascript:void(0), :class song_play}, :content ({:tag :span, :attrs nil, :content (试听)})}  
 {:tag :a, :attrs {:onclick recommend('5700','32'), :title 推荐, :href javascript:void(0), :class song_digg}, :content ({:tag :span, :attrs nil, :content (推荐)})}  
 {:tag :a, :attrs {:onclick collect('5700');, :title 添加到精选集, :href javascript:void(0), :class song_toclt}, :content ({:tag :span, :attrs nil, :content (添加到am精选集)})} 
 {:tag :a, :attrs {:onclick xm_download('5700');, :title 下载, :href javascript:void(0), :class song_download}, :content ({:tag :span, :attrs nil, :content (下载)})} 
 {:tag :a, :attrs {:title 发送到, :onclick showDialog('/music/send/id/5700');, :href javascript:void(0), :class song_tel}, :content (发送到)} 
 {:tag :div, :attrs {:class song_menu}, :content (
 {:tag :a, :attrs {:title , :href javascript:void(0), :class song_more}, :content (更多)} 
 {:tag :span, :attrs {:class song_menu_drop}, :content (
 {:tag :em, :attrs nil, :content nil} 
 {:tag :a, :attrs {:title , :onclick tag(5700,3);, :href javascript:;}, :content (添加标签)} 
 {:tag :a, :attrs {:title , :href /widget/isingle?sid=5700, :class toplayer}, :content (转贴到其它网站)})} 
)})} 																						)} 

										)} 
																																								 {:tag :tr, :attrs nil, :content (
											 {:tag :td, :attrs {:class chkbox}, :content ({:tag :input, :attrs {:name recommendids, :value 5701, :checked checked, :type checkbox}, :content nil})} 
											 {:tag :td, :attrs {:class trackid}, :content (07)} 
											 {:tag :td, :attrs {:class song_name}, :content ({:tag :a, :attrs {:title , :href /song/5701}, :content (是或一点也不)}  )} 
											 {:type :comment, :data  <td class="song_price">0.8米</td>  } 
																						 {:tag :td, :attrs {:class song_hot}, :content (22)} 
											 {:tag :td, :attrs {:class song_hot_bar}, :content ({:tag :span, :attrs {:style width:23%;}, :content ( )})} 
																						 {:tag :td, :attrs {:class song_act}, :content (
																							 {:tag :div, :attrs {:style width:170px;_width:180px;, :class song_do}, :content (
 {:tag :a, :attrs {:onclick play('5701');, :title 试听, :href javascript:void(0), :class song_play}, :content ({:tag :span, :attrs nil, :content (试听)})}  
 {:tag :a, :attrs {:onclick recommend('5701','32'), :title 推荐, :href javascript:void(0), :class song_digg}, :content ({:tag :span, :attrs nil, :content (推荐)})}  
 {:tag :a, :attrs {:onclick collect('5701');, :title 添加到精选集, :href javascript:void(0), :class song_toclt}, :content ({:tag :span, :attrs nil, :content (添加到am精选集)})} 
 {:tag :a, :attrs {:onclick xm_download('5701');, :title 下载, :href javascript:void(0), :class song_download}, :content ({:tag :span, :attrs nil, :content (下载)})} 
 {:tag :a, :attrs {:title 发送到, :onclick showDialog('/music/send/id/5701');, :href javascript:void(0), :class song_tel}, :content (发送到)} 
 {:tag :div, :attrs {:class song_menu}, :content (
 {:tag :a, :attrs {:title , :href javascript:void(0), :class song_more}, :content (更多)} 
 {:tag :span, :attrs {:class song_menu_drop}, :content (
 {:tag :em, :attrs nil, :content nil} 
 {:tag :a, :attrs {:title , :onclick tag(5701,3);, :href javascript:;}, :content (添加标签)} 
 {:tag :a, :attrs {:title , :href /widget/isingle?sid=5701, :class toplayer}, :content (转贴到其它网站)})} 
)})} 																						)} 

										)} 
																																								 {:tag :tr, :attrs {:class bg_grey}, :content (
											 {:tag :td, :attrs {:class chkbox}, :content ({:tag :input, :attrs {:name recommendids, :value 5702, :checked checked, :type checkbox}, :content nil})} 
											 {:tag :td, :attrs {:class trackid}, :content (08)} 
											 {:tag :td, :attrs {:class song_name}, :content ({:tag :a, :attrs {:title , :href /song/5702}, :content (综艺节目)}  )} 
											 {:type :comment, :data  <td class="song_price">0.8米</td>  } 
																						 {:tag :td, :attrs {:class song_hot}, :content (55)} 
											 {:tag :td, :attrs {:class song_hot_bar}, :content ({:tag :span, :attrs {:style width:34%;}, :content ( )})} 
																						 {:tag :td, :attrs {:class song_act}, :content (
																							 {:tag :div, :attrs {:style width:170px;_width:180px;, :class song_do}, :content (
 {:tag :a, :attrs {:onclick play('5702');, :title 试听, :href javascript:void(0), :class song_play}, :content ({:tag :span, :attrs nil, :content (试听)})}  
 {:tag :a, :attrs {:onclick recommend('5702','32'), :title 推荐, :href javascript:void(0), :class song_digg}, :content ({:tag :span, :attrs nil, :content (推荐)})}  
 {:tag :a, :attrs {:onclick collect('5702');, :title 添加到精选集, :href javascript:void(0), :class song_toclt}, :content ({:tag :span, :attrs nil, :content (添加到am精选集)})} 
 {:tag :a, :attrs {:onclick xm_download('5702');, :title 下载, :href javascript:void(0), :class song_download}, :content ({:tag :span, :attrs nil, :content (下载)})} 
 {:tag :a, :attrs {:title 发送到, :onclick showDialog('/music/send/id/5702');, :href javascript:void(0), :class song_tel}, :content (发送到)} 
 {:tag :div, :attrs {:class song_menu}, :content (
 {:tag :a, :attrs {:title , :href javascript:void(0), :class song_more}, :content (更多)} 
 {:tag :span, :attrs {:class song_menu_drop}, :content (
 {:tag :em, :attrs nil, :content nil} 
 {:tag :a, :attrs {:title , :onclick tag(5702,3);, :href javascript:;}, :content (添加标签)} 
 {:tag :a, :attrs {:title , :href /widget/isingle?sid=5702, :class toplayer}, :content (转贴到其它网站)})} 
)})} 																						)} 

										)} 
																																								 {:tag :tr, :attrs nil, :content (
											 {:tag :td, :attrs {:class chkbox}, :content ({:tag :input, :attrs {:name recommendids, :value 5703, :checked checked, :type checkbox}, :content nil})} 
											 {:tag :td, :attrs {:class trackid}, :content (09)} 
											 {:tag :td, :attrs {:class song_name}, :content ({:tag :a, :attrs {:title , :href /song/5703}, :content (夜上海)}  )} 
											 {:type :comment, :data  <td class="song_price">0.8米</td>  } 
																						 {:tag :td, :attrs {:class song_hot}, :content (191)} 
											 {:tag :td, :attrs {:class song_hot_bar}, :content ({:tag :span, :attrs {:style width:79%;}, :content ( )})} 
																						 {:tag :td, :attrs {:class song_act}, :content (
																							 {:tag :div, :attrs {:style width:170px;_width:180px;, :class song_do}, :content (
 {:tag :a, :attrs {:onclick play('5703');, :title 试听, :href javascript:void(0), :class song_play}, :content ({:tag :span, :attrs nil, :content (试听)})}  
 {:tag :a, :attrs {:onclick recommend('5703','32'), :title 推荐, :href javascript:void(0), :class song_digg}, :content ({:tag :span, :attrs nil, :content (推荐)})}  
 {:tag :a, :attrs {:onclick collect('5703');, :title 添加到精选集, :href javascript:void(0), :class song_toclt}, :content ({:tag :span, :attrs nil, :content (添加到am精选集)})} 
 {:tag :a, :attrs {:onclick xm_download('5703');, :title 下载, :href javascript:void(0), :class song_download}, :content ({:tag :span, :attrs nil, :content (下载)})} 
 {:tag :a, :attrs {:title 发送到, :onclick showDialog('/music/send/id/5703');, :href javascript:void(0), :class song_tel}, :content (发送到)} 
 {:tag :div, :attrs {:class song_menu}, :content (
 {:tag :a, :attrs {:title , :href javascript:void(0), :class song_more}, :content (更多)} 
 {:tag :span, :attrs {:class song_menu_drop}, :content (
 {:tag :em, :attrs nil, :content nil} 
 {:tag :a, :attrs {:title , :onclick tag(5703,3);, :href javascript:;}, :content (添加标签)} 
 {:tag :a, :attrs {:title , :href /widget/isingle?sid=5703, :class toplayer}, :content (转贴到其它网站)})} 
)})} 																						)} 

										)} 
																																								 {:tag :tr, :attrs {:class bg_grey}, :content (
											 {:tag :td, :attrs {:class chkbox}, :content ({:tag :input, :attrs {:name recommendids, :value 5704, :checked checked, :type checkbox}, :content nil})} 
											 {:tag :td, :attrs {:class trackid}, :content (10)} 
											 {:tag :td, :attrs {:class song_name}, :content ({:tag :a, :attrs {:title , :href /song/5704}, :content (最后)}  )} 
											 {:type :comment, :data  <td class="song_price">0.8米</td>  } 
																						 {:tag :td, :attrs {:class song_hot}, :content (254)} 
											 {:tag :td, :attrs {:class song_hot_bar}, :content ({:tag :span, :attrs {:style width:99%;}, :content ( )})} 
																						 {:tag :td, :attrs {:class song_act}, :content (
																							 {:tag :div, :attrs {:style width:170px;_width:180px;, :class song_do}, :content (
 {:tag :a, :attrs {:onclick play('5704');, :title 试听, :href javascript:void(0), :class song_play}, :content ({:tag :span, :attrs nil, :content (试听)})}  
 {:tag :a, :attrs {:onclick recommend('5704','32'), :title 推荐, :href javascript:void(0), :class song_digg}, :content ({:tag :span, :attrs nil, :content (推荐)})}  
 {:tag :a, :attrs {:onclick collect('5704');, :title 添加到精选集, :href javascript:void(0), :class song_toclt}, :content ({:tag :span, :attrs nil, :content (添加到am精选集)})} 
 {:tag :a, :attrs {:onclick xm_download('5704');, :title 下载, :href javascript:void(0), :class song_download}, :content ({:tag :span, :attrs nil, :content (下载)})} 
 {:tag :a, :attrs {:title 发送到, :onclick showDialog('/music/send/id/5704');, :href javascript:void(0), :class song_tel}, :content (发送到)} 
 {:tag :div, :attrs {:class song_menu}, :content (
 {:tag :a, :attrs {:title , :href javascript:void(0), :class song_more}, :content (更多)} 
 {:tag :span, :attrs {:class song_menu_drop}, :content (
 {:tag :em, :attrs nil, :content nil} 
 {:tag :a, :attrs {:title , :onclick tag(5704,3);, :href javascript:;}, :content (添加标签)} 
 {:tag :a, :attrs {:title , :href /widget/isingle?sid=5704, :class toplayer}, :content (转贴到其它网站)})} 
)})} 																						)} 

										)} 
																													)} 
								)} 
															)} 
														 {:tag :div, :attrs {:class chapter_ctrl cd_count}, :content (
								 {:tag :div, :attrs {:class ctrl_play}, :content (  {:tag :a, :attrs {:class bt_choose, :href javascript:void(0), :title , :onclick selectAll('recommendids')}, :content ({:tag :span, :attrs nil, :content (全选)})}   {:tag :a, :attrs {:class bt_choose, :href javascript:void(0);, :onclick inverse('recommendids');, :title }, :content ({:tag :span, :attrs nil, :content (反选)})}   {:tag :a, :attrs {:class bt_play, :href javascript:void(0);, :title , :onclick playsongs('recommendids');}, :content ({:tag :span, :attrs nil, :content (播放选中歌曲)})}  )} 
								 {:tag :div, :attrs {:class ctrl_gears}, :content (  {:tag :a, :attrs {:class bt_cdgears, :href javascript:void(0), :title }, :content ({:tag :span, :attrs nil, :content (更多)})} 
									 {:tag :div, :attrs {:class ctrl_gears_more hidden}, :content ({:tag :em, :attrs nil, :content nil}   {:tag :a, :attrs {:href javascript:void(0);, :title 添加选中歌曲到精选集, :onclick collects('recommendids');}, :content (添加选中歌曲到精选集)} {:tag :a, :attrs {:class towidget, :href javascript:;, :title 将选中歌曲制作成虾米播播, :onclick makeMultiWidget('recommendids');return false;}, :content (将选中歌曲制作成虾米播播)}  )} 
								)} 
								 {:tag :div, :attrs {:class ctrl_download}, :content (
									 {:tag :a, :attrs {:class bt_download, :href javascript:void(0), :title 下载选中的歌曲, :onclick downloadsongs('recommendids')}, :content ({:tag :span, :attrs nil, :content (下载选中歌曲)})} 
								)} 
							)} 
													)} 
						 {:tag :div, :attrs {:class sec_Rlt mgt30, :id comments}, :content (
	 {:tag :h3, :attrs nil, :content (受欢迎的乐评)} 
	 {:tag :div, :attrs {:class common_sec, :id comment}, :content (
		 {:tag :ul, :attrs {:class clearfix}, :content (
				)} 
		 {:tag :div, :attrs {:class creat_comment}, :content ({:tag :a, :attrs {:href /comment/add/id/474, :class bt_links}, :content ({:tag :span, :attrs nil, :content (写乐评)})})} 
	)} 
	 {:tag :div, :attrs {:class acts}, :content ({:tag :a, :attrs {:href /comment/list/id/474, :class more}, :content (更多乐评)})} 
	
	 {:tag :script, :attrs nil, :content (
		$(function(){
			$('.comment_acts').hover(function(){
				$(this).addClass('acts_hover');
			},function(){
				$(this).removeClass('acts_hover');
			});
			
			$(".comment_item_main .title .more").click(function(){
				var self = $(this);
				var CommetId = self.data("commetid");
				if(self.hasClass("open")){
					self.removeClass("open").addClass("close");
					this.innerHTML = "展开";
					this.title = "展开";
				}else{
					self.removeClass("close").addClass("open");
					this.innerHTML = "收起";
					this.title = "收起";
					
					var view = $("#review_"+CommetId+"_full").find('em').eq(0).html();
					$("#review_"+CommetId+"_full").find('em').eq(0).html(parseInt(view)+1);					
					$.getJSON('/ajax/add-comment-views',{'id':CommetId},function(data){
						
					});				
				}
				$("#review_"+CommetId+"_full").toggle();
				$("#review_"+CommetId+"_short").toggle();
			});
		});
	)} 
	
)} 
						

 {:tag :div, :attrs {:class comments_wall blank40, :id wall}, :content (
		 {:tag :h3, :attrs {:style position:relative, :class Ctitle}, :content (我来说两句
		)} 
		 {:tag :div, :attrs {:class common_sec}, :content (
				 {:tag :div, :attrs {:class a_wall_unlog}, :content ( 
			 {:tag :div, :attrs {:style padding:10px 0;text-align:center;, :class login_method clearfix}, :content (
				 {:tag :a, :attrs {:style margin:0 5px;, :href https://login.xiami.com/member/login?taobao=1}, :content ({:tag :img, :attrs {:style float:none, :height 24, :width 125, :src http://img.xiami.net/res/img/common/thirdparty/taobao125_24.jpg, :alt 用淘宝帐号登录}, :content nil})} 
				 {:tag :a, :attrs {:style margin:0 5px;, :onclick sinaLoginForMsg();return false;, :href javascript:;}, :content ({:tag :img, :attrs {:style float:none, :height 24, :width 125, :src http://img.xiami.net/res/img/common/thirdparty/weibo125_24.jpg, :alt 用微博帐号登录}, :content nil})} 
				 {:tag :a, :attrs {:style margin:0 5px;, :onclick qqLoginForMsg();return false;, :href javascript:;}, :content ({:tag :img, :attrs {:style float:none, :height 24, :width 125, :src http://img.xiami.net/res/img/common/thirdparty/qq125_24.jpg, :alt 用QQ帐号登录}, :content nil})} 
							)} 
			 {:tag :p, :attrs {:style text-align: center;}, :content (您需要登录后才可以留言，请用虾米帐号  {:tag :a, :attrs {:title 直接登录到虾米, :href https://login.xiami.com/member/login}, :content (登录)}  或  {:tag :a, :attrs {:title 注册虾米, :href /member/register}, :content (免费注册)})} 
		)} 
				
									 {:tag :div, :attrs {:id wall_list, :class wall_list}, :content (
			 {:tag :p, :attrs {:class wall_list_count}, :content ({:tag :span, :attrs nil, :content (1)} 条简评)} 
			 {:tag :ul, :attrs nil, :content (
		 {:tag :li, :attrs {:id 18351539}, :content (
		 {:tag :div, :attrs {:class post_item}, :content (
			 {:tag :p, :attrs {:class usr_cover}, :content ({:tag :a, :attrs {:title 虾, :href http://www.xiami.com/u/2223105, :rel , :name_card 2223105}, :content (   {:tag :img, :attrs {:alt 虾, :height 50, :width 50, :src http://img.xiami.net/images/avatar_new/44/2223105_1398013971_1.jpg}, :content nil}   )})} 
			 {:tag :div, :attrs {:class info}, :content (  {:tag :span, :attrs {:class author}, :content ({:tag :a, :attrs {:title 虾, :name_card 2223105, :href http://www.xiami.com/u/2223105}, :content (虾)} (黄瓜必须拍，人生必须嗨。))} {:tag :span, :attrs {:class time}, :content (2013-12-09 22:25)} 
											 {:tag :span, :attrs {:class ageree}, :content ({:tag :a, :attrs {:rel 1, :onclick ageree(18351539,1), :class agereebox_18351539, :href javascript:;}, :content (赞(1))})} 
				 {:tag :span, :attrs {:class disageree}, :content ({:tag :a, :attrs {:rel 0, :onclick ageree(18351539,2), :class disagereebox_18351539, :href javascript:;}, :content (弱(0))})} 
							)} 
			 {:tag :div, :attrs {:class brief}, :content (
				 {:tag :div, :attrs {:id brief_18351539}, :content (天后陈慧琳的亲弟弟，红过一部偶像剧《又见橘花香》。初出道时还是备受瞩目的，当年还买过磁带。 {:tag :br, :attrs nil, :content nil} 
陈司翰自2004年发行了这张国语专辑《玉环》之后，虽一直有在拍戏却再没发行过音乐专辑。  {:tag :br, :attrs nil, :content nil} 
其实他几张专辑，不管国语还是粤语，班底都很强大，也挺好听的。
																)} 
				 )} 
		)} 
	)} 
	)} 
		)} 
			)} 
)} 

 {:tag :style, :attrs nil, :content (
#autoSuggestList{border:1px solid #b3b3b3; background-color:#ffffff; height:auto; text-align:left;padding:0px 6px 6px; border-radius:3px;}

#autoSuggestList li{margin-top:6px; cursor:pointer; line-height:24px; color:#363636;; padding-right:10px}
#autoSuggestList li.suggest_title{border-top:none; cursor:default;}
#autoSuggestList li img{display:block; float:left; margin-right:5px;}
#autoSuggestList li.on{background-color:#eeeeee}
textarea {font:normal 12px/1.5em Tahoma, simsun; overflow-y:auto; overflow-x:hidden; word-wrap: break-word;}

#textareaShadow em{ font-style:normal;}
)} 

 {:tag :script, :attrs {:src http://res.xiami.net/res/js/jquery/jquery.color.js, :type text/javascript}, :content nil} 
 {:tag :script, :attrs {:src http://res.xiami.net/res/js/jquery/editbox/jquery.editbox.js?v=20131014, :type text/javascript}, :content nil} 
 {:tag :script, :attrs {:src http://res.xiami.net/static/js/plug/jquery.autoSuggest.js?v=20130517, :type text/javascript}, :content nil} 

 {:tag :script, :attrs nil, :content (
var commentType = 1;
var object_id = parseInt(474);
var uid = parseInt('') || 0;
var content_txt = '';
var content_html = '';
var topic = '';
var relids = '';

function regReportEvent() {
    $('.post_item').each(function(i){
        var self = this;
        $(self).unbind('mouseenter.report mouseleave.report');
        $(self).bind('mouseenter.report',function(){
            temp = setTimeout(function(){
                $(self).children('.info').children('.report').children('.reportbox').show();
            }, 200);
        }).bind('mouseleave.report', function(){
            clearTimeout(temp);
            $(self).children('.info').children('.report').children('.reportbox').hide();
        });
    });
}
regReportEvent();

$(document).ready(function(){
	var $commentDiv 	= $("#wall_list"),
	$commentForm 	= $('#post_form'),
	$commentCount	= $('.wall_list_count').find('span');
	$btn_Submit 	= $commentForm.find('.bt_sub4w'),
	$textarea 		= $commentForm.find('textarea'),
	$count 			= $commentForm.find('.type_counts em'),
	regDelEvent	= function(){
		$('.delete a',$commentDiv).attr('onclick','').unbind()
		.click(function(){
			if(!confirm('确定要删除吗？')) return false;
			var $this = $(this);
			$this.hide().after($loading2);
			$.post($this.attr('href'),{mode:'ajax'},function(data){
				if(data == '1') {
					$this.parent().parent().parent().remove();
					var count = parseInt($commentCount.text()) - 1;
					$commentCount.text(count);
				} else {
					$this.show().next().remove();
					alert(data);
				}
			});
			return false;
		});
	},

	//重新注册editbox的事件
	regEvent	= function(){
		regDelEvent();
		$('.editbox').editbox();
		$('.rebox').editbox({type:'re',saveBtnValue:'回 复',afterAppend:regDelEvent});
		$('.quotebox').editbox({type:'quote',saveBtnValue:'回 复',afterAppend:regDelEvent});
		$('.hotrebox').editbox({type:'re',saveBtnValue:'回 复',afterAppend:regDelEvent});
	},

	//ajax翻页
	ajaxTurnPage	= function(data,type){
		if(data){
			var $wallCount = $(".wall_list_count").clone();
			$commentDiv.empty().append(data);
			$commentDiv.prepend($wallCount);
			//$(".all_page").find('a')[0].focus();
		}

		$("#wall_list .all_page>a").each(function(){
			var href=$(this).attr('href');
			var patrn=/page\/(\d+)/;
			var page = patrn.exec(href);
			if(page) {
				href = '/commentlist/turnpage/id/'+object_id+'/page/'+page[1]+'/ajax/1';
				$(this).attr('href','javascript:;').click(function(){
					var location = String(window.location).split("#");
					$("#wall_list .all_page").empty().append($loading2);
					$.post(href,{'type':type},function(data){window.location = location[0]+"#wall_list";ajaxTurnPage(data,type);});
				});
			}
		});
		regEvent();
		regReportEvent();
	};

	ajaxTurnPage('',commentType);
	$textarea.keyup(function(){
		var num = $textarea.val().length;
		$count.html(num.toString());
	});

	$btn_Submit.click(function(){
		var val = $textarea.val();
		var num = val.length;

		if(num<1||/^\s*$/.test(val)) {alert('内容不能为空');return false;}
		if(num>300) {alert('输入内容请限制在300字以内');return false;}

		$btn_Submit.hide().after($loading2);
		if(commentType==23||commentType==25||commentType==24||commentType==30||commentType==12){
			var sendshare = $('#sendshare').val();
			if(sendshare==1) {
				var querydata = {
					relids:relids,
					type:commentType,
					oid:object_id,
					content:val,
					mode:'ajax',
					_xiamitoken:_xiamitoken,
					sendshare:sendshare,
					'content_txt':encodeURIComponent(content_txt),
					'content_html':encodeURIComponent(content_html),
					'topic':encodeURIComponent(topic)
				};
			}else {
				var querydata = {type:commentType,oid:object_id,content:val,relids:relids,mode:'ajax',_xiamitoken:_xiamitoken};
			}
		}else{
			var querydata = {type:commentType,oid:object_id,content:val,relids:relids,mode:'ajax',_xiamitoken:_xiamitoken};	
		}
	
		$.getJSON('/commentlist/add', querydata, function(data){
			$btn_Submit.fadeIn().next().remove();
			if(data.status=='failed') {alert(data.msg);return;}
			$count.html('0');
			if(!topic) {
				$textarea.val('');
				$textarea.next().val('');
			}else {
				$textarea.val(topic) ;
			}
			$commentDiv.find('ul').prepend(data.output);
			regEvent();

			var count = parseInt($commentCount.text()) + 1;
				$commentCount.text(count);
			var $c = $commentDiv.find('ul').children();
			var $last = $($c[0]);
			//$('a',$last).focus();
			//window.scrollTo(0,$(".comments_wall").offset().top);
			$last.hide().fadeIn('fast').animate({backgroundColor:'#FFE222'},'slow').animate({backgroundColor:'#ffffff'},1800);
		});
     
		relids = '';
		return false;
	});
	
	$("textarea[node-type=autoSuggest]").autoSuggest( "/relation/fetch", uid);
});
function detail_report(id,type){
	var url = '/ajax/report/id/'+ encodeURIComponent(id)+'/type/'+encodeURIComponent(type);
	showDialog(url);
}



function ageree(id,state){
	var querydata = {'id':id,'state':state,'user_id':uid,'mode':'ajax', '_xiamitoken':_xiamitoken};
	$.ajax({
		url:'/commentlist/ageree/',
		type: 'GET',
		data:querydata,
		dataType: 'json',
		timeout: 2000,
		beforeSend: function(){
		},
		error: function(data){	
			var url = '/commentlist/ageree/id/'+ encodeURIComponent(id)+'/state/'+encodeURIComponent(state);
			showDialog(url);
		},
		success: function(data){			
			if(data.status==1){
				if(state==1){
					var v = parseInt($('.agereebox_'+id).attr('rel'))+1;
					$('.agereebox_'+id).html('赞('+v+')');
				}else if(state==2){
					var v = parseInt($('.disagereebox_'+id).attr('rel'))+1;	
					$('.disagereebox_'+id).html('弱('+v+')');
				}				
			}
		}
	});	
}

$("#sendshare").click(function() {
    var val = $("#sendshare").val();
    if(val==1) $("#sendshare").val(0);
    if(val==0) $("#sendshare").val(1);   
});

var Renren={
	ApiKey:'8521f0afe9404fafbd73d063dd258df0',
	Receiver:'/renren/xd-receiver',
	CallBack:'/renren/login',
	Init:function(){
		var self=this;
		XN_RequireFeatures(["Connect"], function(){
			XN.Main.init(self.ApiKey,self.Receiver,{"doNotUseCachedConnectState":true,'permsToRequestOnConnect':'publish_feed'});
		});
	},
	
	Login:function(){
		XN.Connect.requireSession(function(){
			window.location='/renren/login';
		});
		setTimeout(function(){
			$('#shadow').remove();
			}, 300);
	},
	
	Logout:function(){
		var self=this;
		XN_RequireFeatures(["Connect"], function(){
			XN.Main.init(self.ApiKey,self.Receiver);
			XN.Connect.get_status().waitUntilReady(function (login_state) {
				if (login_state != XN.ConnectState.connected) self.Init();
				else {
					var $msg = $('#logoutMsg').find('ul');
					$msg.append('<li style="display:none">正在等待人人连接的退出! 请稍侯...</li>');
					var $last = $msg.find('li:last');
					$last.fadeIn();
					var timer = setInterval(function(){$last.html($last.html()+'.');},500);
					XN.Connect.logout(function () {
						clearInterval(timer);
						$last.html('人人连接已成功退出！');
						setTimeout(function(){$last.fadeOut();},3000);
						self.Init();
					});
				}
			});
		});
	}
};

window.renrenLogin=Renren.Login;

window.sinaLoginForMsg = function(){
	openWind("/sina?done");
};
window.renLoginForMsg = function() {
	openWind("/renren/goon?done");
};
window.qqLoginForMsg = function() {
	openWind("/share/connect/type/qzone?done");
};
window.taoLoginForMsg = function() {
	openWind("xxx");
};
)} 
					)} 
				)} 
				 {:tag :div, :attrs {:id sidebar}, :content (
										 {:tag :div, :attrs {:data-spm 6856593, :class music_counts}, :content (
						 {:tag :ul, :attrs {:class clearfix}, :content (
							 {:tag :li, :attrs {:class line}, :content ({:tag :em, :attrs {:id play_count_num}, :content nil} {:tag :span, :attrs nil, :content (试听)})} 
							 {:tag :li, :attrs {:class line}, :content (3 {:tag :span, :attrs nil, :content (收藏)})} 
							 {:tag :li, :attrs nil, :content ({:tag :a, :attrs {:title , :href #wall}, :content ({:tag :i, :attrs {:property v:count}, :content (1)} {:tag :span, :attrs nil, :content (评论)})})} 
						)} 
					)} 
					
					 {:tag :div, :attrs {:class block mgt20, :id album_fans_block}, :content (
						                        											)} 
                                         {:tag :div, :attrs {:data-spm 6856597, :class adm_block mgt20}, :content ({:type :comment, :data  Muisc-Album_Right_300x250 } {:tag :script, :attrs {:type text/javascript}, :content (GA_googleFillSlot("Muisc-Album_Right_300x250");)})} 
										 {:tag :div, :attrs {:class block sec_Rlt mgt20, :id other_albums}, :content (
						 {:tag :h3, :attrs nil, :content ({:tag :span, :attrs nil, :content (陈司翰的其他热门专辑)})} 
						 {:tag :div, :attrs {:class content clearfix}, :content (
							 {:tag :div, :attrs {:class sider_sec}, :content (
								 {:tag :ul, :attrs nil, :content (
																		 {:tag :li, :attrs nil, :content (
										 {:tag :div, :attrs {:class album_item55_side}, :content (
											 {:tag :p, :attrs {:class cover}, :content (  {:tag :a, :attrs {:class CDcover55, :href /album/475, :title }, :content ({:tag :img, :attrs {:alt , :height 55, :width 55, :src http://img.xiami.net/images/album/img21/121/4751387871900_3.jpg}, :content nil})})} 
											 {:tag :div, :attrs {:class info}, :content (
												 {:tag :p, :attrs {:class name}, :content ({:tag :a, :attrs {:title , :href /album/475}, :content (爱情主义)} {:tag :b, :attrs {:class ico_cd ele_inline mah}, :content ({:tag :a, :attrs {:onclick playalbum('475'), :title 试听 爱情主义, :href javascript:void(0)}, :content (试听)})})} 
												 {:tag :p, :attrs {:class year}, :content (2002发行)} 
											)} 
										)} 
									)} 
																		 {:tag :li, :attrs nil, :content (
										 {:tag :div, :attrs {:class album_item55_side}, :content (
											 {:tag :p, :attrs {:class cover}, :content (  {:tag :a, :attrs {:class CDcover55, :href /album/476, :title }, :content ({:tag :img, :attrs {:alt , :height 55, :width 55, :src http://img.xiami.net/images/album/img21/121/4761391346848_3.jpg}, :content nil})})} 
											 {:tag :div, :attrs {:class info}, :content (
												 {:tag :p, :attrs {:class name}, :content ({:tag :a, :attrs {:title , :href /album/476}, :content (Listen)} {:tag :b, :attrs {:class ico_cd ele_inline mah}, :content ({:tag :a, :attrs {:onclick playalbum('476'), :title 试听 Listen, :href javascript:void(0)}, :content (试听)})})} 
												 {:tag :p, :attrs {:class year}, :content (2002发行)} 
											)} 
										)} 
									)} 
																		 {:tag :li, :attrs nil, :content (
										 {:tag :div, :attrs {:class album_item55_side}, :content (
											 {:tag :p, :attrs {:class cover}, :content (  {:tag :a, :attrs {:class CDcover55, :href /album/477, :title }, :content ({:tag :img, :attrs {:alt , :height 55, :width 55, :src http://img.xiami.net/images/album/img21/121/4771387871893_3.jpg}, :content nil})})} 
											 {:tag :div, :attrs {:class info}, :content (
												 {:tag :p, :attrs {:class name}, :content ({:tag :a, :attrs {:title , :href /album/477}, :content (陈司翰同名专辑)} {:tag :b, :attrs {:class ico_cd ele_inline mah}, :content ({:tag :a, :attrs {:onclick playalbum('477'), :title 试听 陈司翰同名专辑, :href javascript:void(0)}, :content (试听)})})} 
												 {:tag :p, :attrs {:class year}, :content (2001发行)} 
											)} 
										)} 
									)} 
																	)} 
							)} 
						
						)} 
						 {:tag :div, :attrs {:class acts}, :content ({:tag :a, :attrs {:class more, :href /artist/album/id/121}, :content (更多专辑)})} 
					)} 
					                    
					 {:tag :div, :attrs {:class block sec_Rlt mgt20, :id album_tags_block}, :content (
						 {:tag :h3, :attrs nil, :content (专辑标签)} 
						 {:tag :div, :attrs {:class content clearfix}, :content (
							
						)} 
						 {:tag :div, :attrs {:class acts}, :content ({:tag :a, :attrs {:class more, :href /album/moretags/id/474}, :content (更多标签)})} 
					)} 
                     {:tag :div, :attrs {:class add2group}, :content ({:tag :a, :attrs {:title , :onclick groupalbum('474'), :href javascript:}, :content (收藏此专辑到我的小组)}  )} 
                    
                    					 {:tag :div, :attrs {:class who_pub blank25}, :content (
						 {:tag :p, :attrs nil, :content (为该专辑做出贡献的有：
						 {:tag :a, :attrs {:target _blank, :href /u/2148}, :content ({:tag :span, :attrs nil, :content (ac1003)})} 
												)} 
						
					)} 
					                    
					 {:tag :div, :attrs {:class amend mgt20}, :content (
						 {:tag :ul, :attrs nil, :content (
							 {:tag :li, :attrs nil, :content ({:tag :a, :attrs {:class report, :target _blank, :href /wiki/addalbum?id=474}, :content ({:tag :i, :attrs nil, :content nil} 专辑信息报错与补充)})} 
						)} 
					)} 
				)} 
			)} 
						 {:tag :div, :attrs {:data-spm 6856581, :id nav}, :content (
								 {:tag :a, :attrs {:class , :href /artist/121}, :content (艺人概览)} 
				 {:tag :a, :attrs {:class , :href /artist/profile/id/121}, :content (档案)} 				
				 {:tag :a, :attrs {:class current, :href /artist/album/id/121}, :content (专辑)} 				
				 {:tag :a, :attrs {:class , :href /artist/top/id/121}, :content (热门歌曲)} 				
				 {:tag :a, :attrs {:class , :href /artist/pic/arid/121}, :content (乐迷相册)} 
				 {:tag :a, :attrs {:class , :href /artist/similar/id/121}, :content (相似艺人)} 
				 {:tag :a, :attrs {:class  last, :href /artist/fans/id/121}, :content (粉丝)} 
							)} 
			 {:tag :div, :attrs {:style margin-left:111px;, :class adm_block mgt20}, :content ({:type :comment, :data  Muisc-Album_Bottom_300x250 } {:tag :script, :attrs {:type text/javascript}, :content (GA_googleFillSlot("Muisc-Album_Bottom_300x250");)})} 
		)} 
	)} 
)} 
 {:tag :script, :attrs {:language javascript}, :content (
var aid=474;
var arid = 121;
var search_site = 'http://www.xiami.com';

function page_review(id,num){
	var url = '/album/review/id/'+ encodeURIComponent(id) + '/num/'+ encodeURIComponent(num)+'/nolink/1';
	showDialog(url);
}

function getQuote(type,id){
	var url = '/ajax/getquote/type/'+ encodeURIComponent(type)+'/id/'+encodeURIComponent(id);
	showDialog(url);
}
$(document).ready(function() {
	$('#cover_lightbox').lightBox({
		imageLoading:'http://img.xiami.net/res/js/jquery/jquery_lightbox_images/lightbox-ico-loading.gif',
		imageBtnPrev:'http://img.xiami.net/res/js/jquery/jquery_lightbox_images/lightbox-btn-prev.gif',	
		imageBtnNext:'http://img.xiami.net/res/js/jquery/jquery_lightbox_images/lightbox-btn-next.gif',
		imageBtnClose:'http://img.xiami.net/res/js/jquery/jquery_lightbox_images/lightbox-btn-close_tiny.gif',
		imageBlank:'http://img.xiami.net/res/js/jquery/jquery_lightbox_images/lightbox-blank.gif'
	});
	var delGrade = $(".delGrade");
	$(".grade").hover(function(){
		delGrade.show();
	},function(){
		delGrade.hide();
	});
	delGrade.bind('click',function(){
		var $this = $(this);
		$this.siblings('a').removeClass('selected');
		$.getJSON('/album/review',{grade:0,id:aid,submit:1,mod:'ajax',_xiamitoken:_xiamitoken},function(data){
			if(data.status=='failed'){alert(data.msg);return;}
			$this.siblings('input').val('0');
			window.location.reload();
		});
	});
	/**/
	var target='.grade a';
	//var i=parseInt($('#album_cover .grade_v').val());
	var i = '';
	if(parseInt($('#album_cover .grade_v').val())){
		for (j=0; j<i; j++){$($(target).get(j)).addClass('selected');}
		$('.grade span').text($($(target).get(i-1)).text());
	}
	$(target).mouseover(function(){
		$(target).removeClass('hover').removeClass('selected');
		var i=parseInt($(target).index($(this)[0])); 
		for (j=0; j<=i; j++){$($(target).get(j)).addClass('hover');}
		$('.grade span').text($(this).text()); 
	}).click(function(){
		$(target).removeClass('hover').removeClass('selected');
		var i=parseInt($(target).index($(this)[0])); 
		for (j=0; j<=i; j++){$($(target).get(j)).addClass('selected');}
		$('#album_cover .grade_v').val(i+1);
		//$('.grade span').text($(this).text());
	}).mouseout(function(){
		$(target).removeClass('hover').removeClass('selected');
		var i=parseInt($('#album_cover .grade_v').val());		
		for (j=0; j<i; j++){$($(target).get(j)).addClass('selected');}
		if(!parseInt($('#album_cover .grade_v').val())){
		$('.grade span').text('');
		}else{
		$('.grade span').text($($(target).get(i-1)).text());
		}
	});
	/**/

	$('#album_acts').mouseenter(function(){
		$(this).addClass('acts_hover');
		$('.do_fav').mouseenter(function(){
			$(this).find('ul').show();
		})
		.mouseleave(function(){
			$(this).find('ul').hide();
		});
	})
	.mouseleave(function(){
		$(this).removeClass('acts_hover');
	});

	//专辑试听数
	var playCount = 0;
	var temp = $('.song_hot');
	for(var i=0;i<temp.length;i++){
		playCount += $(temp[i]).text()-0;
	}
	$('#play_count_num').html(playCount);
	
	$(".album_intro_toggle a").toggle(
		function() {
			$("#album_intro").removeClass("intro_less");
			$(this).attr('id','show_less').html("收缩");
		},
		function() {
			$("#album_intro").addClass("intro_less");
			$(this).attr('id','show_more').html("详细");
		}
	);
});
	//提交音频
	$('#submit_music').hover(function(){
		$(this).find('.show_tips').show();
	},function(){
		$(this).find('.show_tips').hide();
	});
$('#more_btn').bind("click", function(){
	if (!$(this).hasClass("song_less")) {
		$(this).html('- 更少').addClass("song_less");
		$('.share_btns').hide();
		$('#full_share').show();
	} else {
		$(this).html('+ 更多').removeClass("song_less");
		$('#full_share').hide();
		$('.share_btns').show();
	}
});
)} 


 {:tag :style, :attrs nil, :content (
	.sitemap dl dd a{
		background: none;
		padding: 0;
	}
	
	.sitemap dl dd{
		padding: 0;
		line-height: 22px;
	}

	.sitemap dl{
		margin: 0;
	}
	.sitemap dl dt{ 
	font-size: 12px;
	line-height: 22px;
	}
	#footer {zoom:1;}
)} 


 {:tag :div, :attrs {:data-spm 1110930425, :id footer}, :content (
	 {:tag :div, :attrs {:class gap}, :content (
	 {:tag :div, :attrs {:class wrapper}, :content (
		 {:tag :div, :attrs {:class content}, :content (
			 {:tag :div, :attrs {:class sitemap}, :content (
				
				 {:tag :dl, :attrs nil, :content (
					 {:tag :dt, :attrs nil, :content (关于)} 
					 {:tag :dd, :attrs nil, :content ({:tag :a, :attrs {:href /about, :title 关于我们}, :content (关于我们)})} 
					 {:tag :dd, :attrs nil, :content ({:tag :a, :attrs {:href /job, :title 虾米招聘}, :content (虾米招聘)} {:tag :sup, :attrs {:class hot}, :content nil})} 
										 {:tag :dd, :attrs nil, :content ({:tag :a, :attrs {:href /musician-contact, :title 独立音乐人合作}, :content (独立音乐人合作)})} 
					 {:tag :dd, :attrs nil, :content ({:tag :a, :attrs {:href /contact, :title 联系我们}, :content (联系我们)})} 
					 {:tag :dd, :attrs nil, :content ({:tag :a, :attrs {:href /links, :title 友情链接}, :content (友情链接)})} 
				)} 
				
				 {:tag :dl, :attrs nil, :content (
					 {:tag :dt, :attrs nil, :content (特色服务)} 
					 {:tag :dd, :attrs nil, :content ({:tag :a, :attrs {:href /vip, :title 虾米 VIP}, :content (虾米 VIP)})} 
					 {:tag :dd, :attrs nil, :content ({:tag :a, :attrs {:href /relation/talentcollect, :title 音乐达人}, :content (音乐达人)})} 
					 {:tag :dd, :attrs nil, :content ({:tag :a, :attrs {:href /group, :title 虾米小组}, :content (虾米小组)})} 
					 {:tag :dd, :attrs nil, :content ({:tag :a, :attrs {:href http://loop.xiami.com/, :title 虾米 LOOP}, :content (虾米 LOOP)})} 
					 {:tag :dd, :attrs nil, :content ({:tag :a, :attrs {:href /widget, :title 虾米播播}, :content (虾米播播)})} 
					 {:tag :dd, :attrs nil, :content ({:tag :a, :attrs {:href /events, :title 音乐专题}, :content (音乐专题)})} 
										
				)} 
				
				 {:tag :dl, :attrs nil, :content (
					 {:tag :dt, :attrs nil, :content (虾米云音乐)} 
					 {:tag :dd, :attrs nil, :content ({:tag :a, :attrs {:href /apps/iphone, :title 虾米 for iPhone}, :content (虾米 for iPhone)} {:tag :sup, :attrs {:class hot}, :content nil})} 
					 {:tag :dd, :attrs nil, :content ({:tag :a, :attrs {:href /apps/android, :title 虾米 for Android}, :content (虾米 for Android)})} 
					 {:tag :dd, :attrs nil, :content ({:tag :a, :attrs {:href /apps/win, :title 虾米 for Windows}, :content (虾米 for Windows)})} 
					 {:tag :dd, :attrs nil, :content ({:tag :a, :attrs {:href /apps/mac, :title 虾米 for Mac}, :content (虾米 for Mac)})} 
					 {:tag :dd, :attrs nil, :content ({:tag :a, :attrs {:href /apps/ipad, :title 虾米 for iPad}, :content (虾米 for iPad)})} 
				)} 

				
				 {:tag :dl, :attrs nil, :content (
					 {:tag :dt, :attrs nil, :content (更多)} 
					 {:tag :dd, :attrs nil, :content ({:tag :a, :attrs {:href /music/category, :title 分类找歌}, :content (分类找歌)})} 
					 {:tag :dd, :attrs nil, :content ({:tag :a, :attrs {:href /websitehelp, :title 帮助中心}, :content (帮助中心)})} 
					 {:tag :dd, :attrs nil, :content ({:tag :a, :attrs {:href /wiki/addalbum, :title 添加虾米还没有的资料}, :content (添加虾米还没有的资料)})} 
					 {:tag :dd, :attrs nil, :content ({:tag :a, :attrs {:href /music/want, :title 提交大家想要的专辑}, :content (提交大家想要的专辑)})} 
					 {:tag :dd, :attrs nil, :content ({:tag :a, :attrs {:href /group/join/id/10147?done=/group/thread-new/id/10147, :title 给虾米提意见}, :content (给虾米提意见)})} 
					 {:tag :dd, :attrs nil, :content ({:tag :a, :attrs {:href /software/allegro, :title 虾传}, :content (虾传)})} 
				)} 
			)} 
				
			 {:tag :div, :attrs {:class cooperation}, :content (
							)} 

		)} 
		 {:tag :div, :attrs {:class ali_group}, :content (
			 {:tag :a, :attrs {:href http://page.1688.com/shtml/about/ali_group1.shtml}, :content (阿里巴巴集团)} 
			 {:tag :b, :attrs nil, :content (|)} 
			 {:tag :a, :attrs {:href http://www.alibaba.com}, :content (阿里巴巴国际站)} 
			 {:tag :b, :attrs nil, :content (|)} 
			 {:tag :a, :attrs {:href http://www.1688.com}, :content (阿里巴巴中国站)} 
			 {:tag :b, :attrs nil, :content (|)} 
			 {:tag :a, :attrs {:href http://www.aliexpress.com}, :content (全球速卖通)} 
			 {:tag :b, :attrs nil, :content (|)} 
			 {:tag :a, :attrs {:href http://www.taobao.com}, :content (淘宝网)} 
			 {:tag :b, :attrs nil, :content (|)} 
			 {:tag :a, :attrs {:href http://www.tmall.com}, :content (天猫)} 
			 {:tag :b, :attrs nil, :content (|)} 
			 {:tag :a, :attrs {:href http://ju.taobao.com}, :content (聚划算)} 
			 {:tag :b, :attrs nil, :content (|)} 
			 {:tag :a, :attrs {:href http://www.etao.com}, :content (一淘)} 
			 {:tag :b, :attrs nil, :content (|)} 
			 {:tag :a, :attrs {:href http://www.alimama.com}, :content (阿里妈妈)} 
			 {:tag :b, :attrs nil, :content (|)} 
			 {:tag :a, :attrs {:href http://trip.taobao.com}, :content (淘宝旅行)} 
			 {:tag :b, :attrs nil, :content (|)} 
			 {:tag :a, :attrs {:href http://www.xiami.com}, :content (虾米)} 
			 {:tag :b, :attrs nil, :content (|)} 
			 {:tag :a, :attrs {:href http://www.aliyun.com}, :content (阿里云计算)} 
			 {:tag :b, :attrs nil, :content (|)} 
			 {:tag :a, :attrs {:href http://www.yunos.com}, :content (云OS)} 
			 {:tag :b, :attrs nil, :content (|)} 
			 {:tag :a, :attrs {:href http://www.net.cn}, :content (万网)} 
			 {:tag :b, :attrs nil, :content (|)} 
			 {:tag :a, :attrs {:href http://www.alipay.com}, :content (支付宝)} 
			 {:tag :b, :attrs nil, :content (|)} 
			 {:tag :a, :attrs {:href http://www.laiwang.com/}, :content (来往)} 
		)} 
		 {:tag :div, :attrs {:class extra}, :content (
			 {:tag :div, :attrs {:class sns}, :content (
				关注虾米： 
				 {:tag :a, :attrs {:title 新浪微博, :href http://t.sina.com.cn/xiamixiamixiami}, :content ({:tag :b, :attrs {:class icon sina}, :content nil})} 
				 {:tag :a, :attrs {:title 人人网, :href http://page.renren.com/699099957/index}, :content ({:tag :b, :attrs {:class icon renren}, :content nil})} 
				 {:tag :a, :attrs {:title QQ 空间, :href http://new.qzone.qq.com/810167634}, :content ({:tag :b, :attrs {:class icon qzone}, :content nil})} 
				 {:tag :a, :attrs {:title 腾讯微博, :href http://t.qq.com/xiaxiaomi}, :content ({:tag :b, :attrs {:class icon tqq}, :content nil})} 
								 {:tag :a, :attrs {:title 豆瓣, :href http://www.douban.com/people/xiaxiaomi}, :content ({:tag :b, :attrs {:class icon douban}, :content nil})} 
							)} 
			
			 {:tag :div, :attrs {:class copyright}, :content (© 2007 -  {:tag :script, :attrs nil, :content (document.write(new Date().getFullYear());)}   {:tag :a, :attrs {:href http://www.xiami.com/}, :content (杭州缪斯客网络科技有限公司)}  -  {:tag :a, :attrs {:title 网站地图, :href /sitemap}, :content (网站地图)}   {:tag :strong, :attrs {:title give music a chance, :class xiami_motto ti}, :content ("give music a chance")} {:tag :br, :attrs nil, :content nil} {:tag :a, :attrs {:target _blank, :href http://img.xiami.net/res/v3/img/wenwangwen.jpg}, :content (浙网文[2011]0012-005号)}      {:tag :a, :attrs {:title 浙ICP备08103200号-2, :target _blank, :href http://www.miibeian.gov.cn/}, :content (浙ICP备08103200号-2)}      {:tag :a, :attrs {:target _blank, :href http://img.xiami.net/res/v3/img/icp.jpg}, :content (经营许可证编号 浙B2-20110188)}     阿里巴巴旗下网站)} 
		)} 
	)} 
	)} 
)} 
 {:type :comment, :data  #footer}  

 {:tag :a, :attrs {:class t_hide, :href javascript:void(0);, :id gotop}, :content (Top)} 

 {:tag :div, :attrs {:style display:none;, :id personal_hover}, :content nil} 
 {:tag :textarea, :attrs {:style display:none;, :id personal_hover_tpl}, :content (
	)} {:tag :div, :attrs {:class lightShadow, :id personal_hover_shadow}, :content nil} 
	 {:tag :div, :attrs {:id personal_hover_inner}, :content (
	 {:tag :a, :attrs {:title  %gmt_access% , :href http://www.xiami.com/u/%uid%, :id personal_hover_link}, :content ({:tag :img, :attrs {:height 50, :width 50, :src %avatar%, :id personal_hover_img}, :content nil})} 
	 {:tag :img, :attrs {:alt , :height 50, :width 50, :src http://img.xiami.net/res/img/default/loading50x50.gif, :id personal_hover_pulser_img, :class hidden}, :content nil} 
	 {:tag :div, :attrs {:id personal_trigger_bar}, :content (
	 {:tag :a, :attrs {:title , :href javascript:;, :id personal_menu_down, :class personal_drop}, :content (更多内容)} 
	 {:tag :div, :attrs {:style display:none;, :class personal_buddy_menus, :id personal_menu_show}, :content (
	 {:tag :span, :attrs {:class blank_block}, :content nil} 
	 {:tag :p, :attrs {:id personal_relationship_g}, :content ({:tag :span, :attrs {:class be_contacts}, :content ({:tag :strong, :attrs nil, :content (%nick_name%)})})} 
	 {:tag :div, :attrs {:id personal_menu_other_div}, :content (
		 {:tag :a, :attrs {:title %nick_name%的个人主页, :href http://www.xiami.com/u/%uid%, :class blocks, :id personal_o_index}, :content (%nick_name%的个人主页)} 
 {:type :comment, :data 		<a id="personal_o_minifeed"  class="blocks" href="http://www.xiami.com/space/feed/u/%uid%" title="近况">近况</a>} 
		 {:tag :a, :attrs {:title %nick_name%的音乐库, :href http://www.xiami.com/space/lib-song/u/%uid%, :class blocks, :id personal_o_library}, :content (音乐库)} 
         {:tag :a, :attrs {:title %nick_name%的分享, :href http://www.xiami.com/space/rec/u/%uid%, :class blocks, :id personal_o_recommend}, :content (分享)} 
         {:tag :a, :attrs {:title %nick_name%的关注和粉丝, :href http://www.xiami.com/space/following/u/%uid%, :class blocks, :id personal_o_contact}, :content (关注/粉丝)} 
		 {:tag :a, :attrs {:title %nick_name%的精选集, :href http://www.xiami.com/space/collect/u/%uid%, :class blocks, :id personal_o_collect}, :content (精选集)} 
 {:type :comment, :data 		<a id="personal_o_charts"  class="blocks" href="http://www.xiami.com/space/charts/u/%uid%" title="个人排行榜">个人排行榜</a>} 
		 {:tag :a, :attrs {:title %nick_name%参与过的话题, :href http://www.xiami.com/space/group-thread/u/%uid%, :class blocks, :id personal_o_topic}, :content (参与的话题)} 
	)} 
	 {:tag :a, :attrs {:title 发站内信, :href http://www.xiami.com/member/sendpm?to_user_id=%uid%, :class blocks_out, :id personal_msgsned}, :content (发站内信)} 
	 {:tag :a, :attrs {:title 加入黑名单, :onclick blacklist('%uid%');return false;, :href javascript:;, :class blocks_out, :id personal_block_usr}, :content (加入黑名单)} 
	 {:tag :div, :attrs {:id person_menu_self_div}, :content nil} 
	)} 
	)} 
	)} 




 {:tag :script, :attrs nil, :content (
;(function($){
	$.fn.personalDropMenu = function(settings){
		var defaults = {
			menuDiv: '#personal_hover',
			tplDiv: '#personal_hover_tpl',
			dropdownArrow:'#personal_menu_down',
			myUid: 0
		};
        
		$.extend(defaults, settings);
        
		var $menuDiv,menuDiv_html,$tplDiv;
		$menuDiv = $(defaults.menuDiv);
		$tplDiv = $(defaults.tplDiv);
		menuDiv_html = $tplDiv.val();//保存原始的html        
		$menuDiv.bind('mouseleave',function(){$(this).hide();});
		window.isFriendshipQueryed=false;
		var friends;
		var setFriendHtml = function(uid,$obj){
			$obj.next().remove();
			if(uid == defaults.myUid) {
				$obj.html('<strong>你自己</strong>');
				$menuDiv.find('#personal_block_usr').remove();
				$menuDiv.find('#personal_msgsned').remove();
			}else if(!friends){
				$obj.after('<span class="be_stranger"><a href="javascript:;" onclick="attention('+uid+',1);">(加关注)</a></span>');
			}else if(friends['f_'+uid] && friends['f_'+uid]=="1"){
				$obj.after('<span class="be_stranger"> 已关注 <a href="http://www.xiami.com/member/attention/uid/'+uid+'/type/2?_xiamitoken='+_xiamitoken+'" onclick="return confirm(\'确定要取消吗？\');">(取消关注)</a></span>');
			}else if(friends['f_'+uid] && friends['f_'+uid]=="2"){
				$obj.after('<span class="be_stranger"> 已关注 <a href="http://www.xiami.com/member/attention/uid/'+uid+'/type/2?_xiamitoken='+_xiamitoken+'" onclick="return confirm(\'确定要取消吗？\');">(取消关注)</a></span>');
			}else if(friends['f_'+uid] && friends['f_'+uid]=="3"){
				$obj.after('<span class="be_stranger"> 已加入黑名单 <a href="http://www.xiami.com/member/attention/uid/'+uid+'/type/2?_xiamitoken='+_xiamitoken+'" onclick="return confirm(\'确定要取消吗？\');">(取消)</a></span>');
				$menuDiv.find('#personal_block_usr').remove();
				$menuDiv.find('#personal_msgsned').remove();
			}else{
				$obj.after('<span class="be_stranger"><a href="javascript:;" onclick="attention('+uid+',1);">(加关注)</a></span>');
			}
		};
        
		return this.each(function(){
			var $this;
			$this = $(this);
			$this.mouseover(function(){
				var params ={
					uid: /\d+/.exec($this.attr('href')),
					avatar: $this.find('img').attr('src'),
					nick_name:$this.attr('title'),
					gmt_access:$this.attr('rel')
				};
				if(params.gmt_access!='') params.gmt_access = "来访时间: "+params.gmt_access;
				var html = menuDiv_html.parseTpl(params);
				//var rects = $this[0].getBoundingClientRect();
				var rects = $this.offset();
				var bodyRects = $('body')[0].getBoundingClientRect();
				//var left = rects.left - bodyRects.left - 6;
				//var top = rects.top - bodyRects.top - 6;
				var left = rects.left - 6;
				var top = rects.top - 6;
				$menuDiv.css({'top':top,'left':left});
				$menuDiv.html(html).show();
				if(params.gmt_access=='') $menuDiv.find('#personal_hover_link').attr('title','');
				$menuDiv.find(defaults.dropdownArrow).click(function(){
					var $this = $(this);
					var $next = $this.next();
					$this.toggleClass('active')
					$next.toggle();
					if($next.css('display')!='block') return;
					$relation = $next.find('.be_contacts');
					if(params.uid ==defaults.myUid) {setFriendHtml(params.uid,$relation); return; }     
					if(isFriendshipQueryed){ setFriendHtml(params.uid,$relation); return; }                    
					if(!myUid) return;
					$relation.after($loading2);
					$.getJSON('/member/get-friends/_xiamitoken/'+_xiamitoken,function(data){
						try{
							$relation.next().remove();
							if(data.status == 'failed'){return false;}
							isFriendshipQueryed = true;
							friends = data.friends;
							setFriendHtml(params.uid,$relation);
						}catch(e){alert('Warning:something wrong! Please retry!');return;}
					});
				});
			});
		});
	};
})(jQuery);


// var myUid = parseInt('');
// $('.personalDropDown').personalDropMenu({myUid:myUid});
)} 

 {:tag :script, :attrs nil, :content (
_xiamitoken = 'e2b4780e57f7ea8e0aaf5eacd61a9edd';


$(document).ready(function(){
	$('body').click(function(e){
		$(".ctrl_gears_more").addClass('hidden');
		$(".bt_cdgears").removeClass('active');	
	});
	
	$("#web_loading").remove();

	$(".song_menu").mouseover(function() {
		$(this).css('z-index','6').children('span').show();
	}).mouseout(function() {
		$(this).css('z-index','5').children('span').hide();
	});

	$(".bt_cdgears").mouseover(function(){$(this).addClass('active').next().removeClass('hidden').show();});
	BackTop('gotop');
	
	// if ($.cookie('fools_day') != 1) {
	// 	var now = new Date();
	// 	var close_date = new Date('2012/4/2');
	// 	var begin_date = new Date('2012/4/1');
	// 	if (close_date.getTime()-now.getTime()>0 && now.getTime()-begin_date.getTime()>0) {
	// 		var rabbit_hole = Math.ceil(Math.random()*4);
	// 		if (rabbit_hole != 3) {
	// 			setTimeout(function() {
	// 				$.cookie('fools_day', 1 , { expires: 3, path: '/', domain: '.xiami.com'});
	// 				location.href = '/event/heavenconcert';
	// 			}, 3000);
	// 		}
	// 	}
	// }
});
var BackTop=function(btnId){
	var btn=document.getElementById(btnId);
	var browserName=navigator.userAgent.toLowerCase();
	if(/chrome/i.test(browserName) && /webkit/i.test(browserName) && /mozilla/i.test(browserName)){
	    var d = document.body;
	}else if(/webkit/i.test(browserName) && !this.chrome){
		var d = document.body;
	}else{
	    var d = document.documentElement ? document.documentElement : document.body;
	}
	/*var d = document.documentElement ? document.documentElement : document.body;*/
	window.onscroll=set;
	btn.onclick=function (){
		btn.className = 't_hide';
		window.onscroll=null;
		this.timer=setInterval(function(){
			//d.scrollTop = 0;
			d.scrollTop-=Math.ceil(d.scrollTop*0.8);
			if(d.scrollTop==0) clearInterval(btn.timer,window.onscroll=set);
		},10);
	};
	function set(){
		btn.className = d.scrollTop >= 1200 ? 't_show' : 't_hide';
	}
};
var checkFlash=function(a){var b='检测到您系统Flash插件版本过低,为了更好的使用虾米音乐,请升级您的Flash插件, <a href="http://get.adobe.com/cn/flashplayer/" target="_blank" style="color:#36c">马上升级</a>',c=function(){var a,c,b=document.body.children||document.body.childNodes;for(c=0;c<b.length;c++)if(1==b[c].nodeType){a=b[c];break}return a}(),d=function(){var c,a=navigator,b=0;if(a.plugins&&a.mimeTypes.length)c=navigator.plugins["Shockwave Flash"],c&&(b=c.description.replace(/.*\s(\d+\.\d+).*/,"$1"));else try{c=new window.ActiveXObject("ShockwaveFlash.ShockwaveFlash"),c&&(b=c.GetVariable("$version"))}catch(d){}return b}(),e=function(){var a=document.createElement("div");a.innerHTML=b,a.style.backgroundColor="#FFF9D7",a.style.borderBottom="1px solid #E3C823",a.style.fontWeight="bold",a.style.lineHeight="30px",a.style.textAlign="center",a.style.color="#f60",document.body.insertBefore(a,c)},f=d?d.match(/\d+/g):-1,g=f.length>0?f.join("."):0;return!g||parseInt(f[0],10)<a?(e(),!1):!0}(9);
)}  



 {:tag :script, :attrs {:type text/javascript}, :content (
  var _gaq = _gaq || [];
  _gaq.push(['_setAccount', 'UA-32929566-1']);
  _gaq.push(['_setDomainName', 'xiami.com']);
  _gaq.push(['_trackPageview']);

  (function() {
    var ga = document.createElement('script'); ga.type = 'text/javascript'; ga.async = true;
    ga.src = ('https:' == document.location.protocol ? 'https://ssl' : 'http://www') + '.google-analytics.com/ga.js';
    var s = document.getElementsByTagName('script')[0]; s.parentNode.insertBefore(ga, s);
  })();
)} 


 {:tag :div, :attrs {:style display:none}, :content (
 {:tag :script, :attrs {:charset gb2312, :language JavaScript, :src http://s95.cnzz.com/stat.php?id=921634&web_id=921634}, :content nil} 
 {:tag :script, :attrs {:language JavaScript, :src http://s16.cnzz.com/stat.php?id=2629111&web_id=2629111}, :content nil} 
)} 



 {:tag :div, :attrs {:style background:#fff; margin: 0 auto;display:none;}, :content ({:tag :font, :attrs {:style font-size:12px; color:#fff;}, :content (Host: , Process All 0.0711s Memory:3816.63k  {:tag :br, :attrs nil, :content nil} db_emumo_readDb: connect costs 0.00394797325134 s, 18 queries costs 0.0201 s  {:tag :br, :attrs nil, :content nil})})} 
)} 
)})
