({:type :comment, :data [if lt IE 7 ]> <html class="ie ie6"> <![endif]} {:type :comment, :data [if IE 7 ]>    <html class="ie ie7"> <![endif]} {:type :comment, :data [if IE 8 ]>    <html class="ie8"> <![endif]} {:type :comment, :data [if IE 9 ]>    <html class="ie9"> <![endif]} {:type :comment, :data [if (gt IE 9)|!(IE)]><!} {:tag :html, :attrs {:lang zh-CN}, :content ({:type :comment, :data <![endif]} 
 {:tag :head, :attrs nil, :content (
	 {:tag :meta, :attrs {:charset UTF-8}, :content nil} 
	 {:tag :meta, :attrs {:content webkit, :name renderer}, :content nil} 
	 {:tag :meta, :attrs {:content IE=edge, :http-equiv X-UA-Compatible}, :content nil} 
	 {:tag :meta, :attrs {:content a1z1s, :name data-spm}, :content nil} 
	 {:tag :title, :attrs nil, :content (热带鱼的邮件 专辑 常海)} 
	 {:tag :meta, :attrs {:content gNntuhTm2rH7Qa/GPp6lf0mIp9KQsjejNs+i1LZhG7U=, :name verify-v1}, :content nil} 
	 {:tag :meta, :attrs {:content 热带鱼的邮件 专辑 常海, :name keywords}, :content nil} 
	 {:tag :meta, :attrs {:content 热带鱼的邮件 专辑 常海, :name description}, :content nil} 
	 {:tag :meta, :attrs {:content app-id=595594905, :name apple-itunes-app}, :content nil} 

	 {:tag :link, :attrs {:rel stylesheet, :media all, :href http://res.xiami.net/static/common/base.css?ver=20140613-130251}, :content nil} 

		 {:tag :link, :attrs {:rel stylesheet, :media all, :href http://res.xiami.net/??res/v3/css/global.css,res/v3/css/login.css,static/css/basic/core_mod.css,static/relation/css/name_card.css?ver=20140613-130251}, :content nil} 

		 {:tag :link, :attrs {:rel stylesheet, :media all, :href http://res.xiami.net/??static/lib/jquery.jscrollpane.css,static/common/header.css,static/common/footer.css?ver=20140613-130251}, :content nil} 

	 {:tag :link, :attrs {:rel stylesheet, :media all, :href http://res.xiami.net/??res/css/default/group15.css,res/css/default/beta15.css,res/v3/css/music.css?ver=20140613-130251}, :content nil} 
 {:tag :link, :attrs {:rel stylesheet, :media all, :href http://res.xiami.net/res/js/jquery/jquery.lightbox.css?ver=20140613-130251}, :content nil} 

	 {:tag :link, :attrs {:rel stylesheet, :media all, :href http://res.xiami.net/static/common/old.css?ver=20140613-130251}, :content nil} 

	 {:tag :link, :attrs {:rel shortcut icon, :type image/x-icon, :href http://img.xiami.net/favicon.ico}, :content nil} 
	 {:tag :link, :attrs {:rel apple-touch-icon, :href http://img.xiami.net/res/img/common/ipad/xiami_logo_apple.png}, :content nil} 
	 {:tag :link, :attrs {:title Xiami Search, :rel search, :type application/opensearchdescription+xml, :href /opensearch.xml}, :content nil} 
	 {:tag :link, :attrs {:href /collect/feed, :title 虾米音乐每日精选, :type application/atom+xml, :rel alternate}, :content nil} 

	
	
	 {:tag :style, :attrs {:type text/css}, :content (

		#header{   text-align: left;  zoom:1;  z-index:10; }
		#header .wrapper,#secondary .wrapper,#footer .wrapper{
			_width: expression(documentElement.clientWidth < 980? "980px" : documentElement.clientWidth > 1100? "1100px" : "auto");
		}

		.ie6 #secondary a.current{ background: none;}
		#header .primary .search .submit{ padding:0; cursor: pointer;}
		#header a,#secondary a{ text-decoration:none;}
		#header .user{vertical-align:top;}
		#header .auto_complete strong{ font-weight:normal;}
		#header .primary .user_popup .content ul .logout{ padding:0;}
		#header .content,#secondary .content{ overflow: visible;}	
		#secondary{  text-align: left;}
		.no-shadow{ box-shadow: none !important; -moz-box-shadow: none !important; -webkit-box-shadow: none !important;}
		#footer{zoom: 1;}
	)} 
	


	 {:type :comment, :data [if lte IE 8]>
	<link href="http://res.xiami.net/res/v3/css/login_iefix.css?v=20130521145542" rel="stylesheet" media="all" />
	<![endif]} 

		 {:tag :script, :attrs {:src http://res.xiami.net/??static/lib/jQuery/1.4.4/jquery.min.js,res/js/jquery/jqDnR.js,static/lib/jqModal.js,res/js/jquery/jquery.form.js,res/js/jquery/jquery.cookie.js,res/js/jquery/jquery.tools.js,res/v3/js/functions/index.js,res/js/default/xiami.js?ver=20140613-130251, :type text/javascript}, :content nil} 

		 {:tag :script, :attrs {:src http://res.xiami.net/??static/js/lib/jquery.tmpl.min.js,static/js/app/relation.js,static/js/app/nameCard.js?ver=20140613-130251, :type text/javascript}, :content nil} 


	 {:tag :script, :attrs {:src http://res.xiami.net/??static/lib/jquery.mousewheel.js,static/lib/jquery.jscrollpane.min.js,static/common/header_old.js,static/common/base.js?ver=20140613-130251, :type text/javascript}, :content nil} 


	 {:tag :script, :attrs nil, :content (
	var _xiamitoken = $.cookie('_xiamitoken'),
		_xiamiimg = 'http://img.xiami.net',
		_xiamiuser = $.cookie('user'),
		_athenaapiurl = 'ihi.xiami.com';
	)} 

	 {:tag :script, :attrs {:src http://res.xiami.net/res/js/jquery/jquery.lightbox.js?ver=20140613-130251, :type text/javascript}, :content nil} 

	
			 {:tag :script, :attrs {:src http://partner.googleadservices.com/gampad/google_service.js?v=201307175516, :type text/javascript}, :content nil} 
	 {:tag :script, :attrs {:type text/javascript}, :content (GS_googleAddAdSenseService("ca-pub-2784367241150493");GS_googleEnableAllServices();)} 
		 {:tag :script, :attrs {:language JavaScript}, :content (
	GA_googleAddAttr("MusicType", "Album");
		GA_googleAddAttr("ArtistID", "67");
	GA_googleAddAttr("AlbumID", "228");
		)} 
		 {:tag :script, :attrs {:type text/javascript}, :content (
	GA_googleAddSlot("ca-pub-2784367241150493", "Muisc-Album_Right_300x250");GA_googleAddSlot("ca-pub-2784367241150493", "Muisc-Album_Bottom_300x250");	)} 
	 {:tag :script, :attrs {:type text/javascript}, :content (GA_googleFetchAds();)} 
	
)} 
 {:tag :body, :attrs {:data-spm 6659513}, :content ({:tag :script, :attrs {:type text/javascript}, :content (
(function (d) {
var t=d.createElement("script");t.type="text/javascript";t.async=true;t.id="tb-beacon-aplus";
t.setAttribute("exparams","category=&userid=&aplus&member_auth=0");
t.src=("https:"==d.location.protocol?"https://s":"http://a")+".tbcdn.cn/s/aplus_v2.js";
d.getElementsByTagName("head")[0].appendChild(t);
})(document);
)} 
 {:tag :script, :attrs nil, :content (
var ua = "";
var UA_Opt = {};
UA_Opt.LogVal = "ua";
UA_Opt.MaxMCLog = 3;
UA_Opt.MaxMPLog = 3;
UA_Opt.MaxKSLog = 3;
UA_Opt.Token = new Date().getTime() + ":" + Math.random();
UA_Opt.SendMethod = 8;
UA_Opt.Flag = 13454;
)} 
 {:tag :script, :attrs {:src http://uaction.aliyuncdn.com/js/ua.js}, :content nil} 
 {:tag :script, :attrs nil, :content (
try{
    UA_Opt.Token = new Date().getTime() + ":" + Math.random();
UA_Opt.reload();
}catch(err){}
var uaexp=new Date();
uaexp.setTime(uaexp.getTime()+30*24*60*60*1000);
document.cookie="pnm_cku822="+encodeURIComponent(ua)+";path=/;expires="+uaexp.toGMTString();
)} 



 {:tag :div, :attrs {:id xiami-content}, :content ({:tag :h1, :attrs nil, :content (热带鱼的邮件 专辑 常海)})} 
 {:tag :div, :attrs {:id web_loading}, :content (Loading...)} 





 {:tag :div, :attrs {:data-spm 226669510, :id header}, :content (
	 {:tag :div, :attrs {:class primary}, :content (
		 {:tag :div, :attrs {:class gap}, :content (
		 {:tag :div, :attrs {:class wrapper}, :content (
			 {:tag :table, :attrs nil, :content (
				 {:tag :tr, :attrs nil, :content (
					 {:tag :td, :attrs {:class logo}, :content ({:tag :a, :attrs {:title 虾米音乐网(xiami.com) - 高品质音乐 发现 分享, :href /}, :content (虾米音乐网(xiami.com) - 高品质音乐 发现 分享)})} 
										 {:tag :td, :attrs {:class nav}, :content (
						 {:tag :a, :attrs {:href /, :class bigtext current}, :content (发现音乐)} 
						 {:tag :a, :attrs {:href /space/lib-song, :class bigtext }, :content (我的音乐)} 
					)} 
					 {:tag :td, :attrs {:class subnav}, :content (
						 {:tag :a, :attrs {:href /collect, :class bigtext first }, :content (精选集)} 
						 {:tag :a, :attrs {:href /radio, :target _blank, :class bigtext middle }, :content (电台)} 
						 {:tag :a, :attrs {:href http://i.xiami.com, :class bigtext last }, :content (音乐人)} 
					)} 
					 {:tag :td, :attrs {:class search}, :content (
						 {:tag :div, :attrs {:class container}, :content (
							 {:tag :form, :attrs {:id search, :method get, :action /search}, :content (
								 {:tag :input, :attrs {:name key, :placeholder 音乐搜索，找人..., :autocomplete off, :class keyword}, :content nil} 
								 {:tag :input, :attrs {:value 搜索, :type submit, :class icon submit}, :content nil} 
								 {:tag :input, :attrs {:value 1, :name pos, :type hidden}, :content nil} 
							)} 
							 {:tag :div, :attrs {:class auto_complete}, :content nil} 
						)} 
					)} 
										 {:tag :td, :attrs {:class reg}, :content (
						 {:tag :a, :attrs {:href /member/register}, :content (免费注册)} 
					)} 
					 {:tag :td, :attrs {:class login}, :content (
						 {:tag :a, :attrs {:href https://login.xiami.com/member/login, :class first}, :content (立即登录)} 
						 {:tag :a, :attrs {:onclick sinaLogin();return false;, :href , :class middle}, :content ({:tag :b, :attrs {:class icon weibo}, :content (weibo)})} 
						 {:tag :a, :attrs {:onclick qqLogin();return false;, :href , :class last}, :content ({:tag :b, :attrs {:class icon qq}, :content (qq)})} 
					)} 
									)} 
			)} 
			 {:tag :div, :attrs {:class notify_popup}, :content (
				 {:tag :div, :attrs {:class content}, :content (
					 {:tag :div, :attrs {:class container}, :content ({:tag :p, :attrs {:class loading}, :content nil})} 
					 {:tag :b, :attrs {:class triangle}, :content ({:tag :i, :attrs nil, :content (◆)} ◆)} 
				)} 
			)} 			
			 {:tag :div, :attrs {:class user_popup}, :content (
				 {:tag :div, :attrs {:class content}, :content (
					 {:tag :ul, :attrs nil, :content (
						 {:tag :li, :attrs nil, :content ({:tag :a, :attrs {:href /u/}, :content ({:tag :b, :attrs {:class icon home}, :content nil} 我的主页)})} 
						 {:tag :li, :attrs {:class fence}, :content nil} 
						 {:tag :li, :attrs nil, :content ({:tag :a, :attrs {:href /relation/following}, :content ({:tag :b, :attrs {:class icon relationship}, :content nil} 关注 / 粉丝)})} 
						 {:tag :li, :attrs nil, :content ({:tag :a, :attrs {:href /vip}, :content ({:tag :b, :attrs {:class icon vip}, :content nil} VIP)})} 
						 {:tag :li, :attrs nil, :content ({:tag :a, :attrs {:href /account}, :content ({:tag :b, :attrs {:class icon account}, :content nil} 账户)})} 
						 {:tag :li, :attrs nil, :content ({:tag :a, :attrs {:href /property/myproperties}, :content ({:tag :b, :attrs {:class icon props}, :content nil} 道具)})} 
						 {:tag :li, :attrs nil, :content ({:tag :a, :attrs {:href /share}, :content ({:tag :b, :attrs {:class icon setting}, :content nil} 设置)})} 
						 {:tag :li, :attrs {:class fence}, :content nil} 
						 {:tag :li, :attrs nil, :content ({:tag :a, :attrs {:onclick return false;, :class logout, :href }, :content ({:tag :b, :attrs {:class icon logout}, :content nil} 退出)})} 
					)} 
					 {:tag :b, :attrs {:class triangle}, :content ({:tag :i, :attrs nil, :content (◆)} ◆)} 
				)} 
			)} 
		)} 
		)} 
	)} 
)} 
 {:tag :div, :attrs {:id hidden_obj}, :content (
	 {:tag :object, :attrs {:name trans, :id trans, :height 1, :width 1, :type application/x-shockwave-flash, :data /res/player/sdtos.swf?v=1402812044}, :content (
	     {:tag :param, :attrs {:value /res/player/sdtos.swf?v=1402812044, :name movie}, :content nil} 
	     {:tag :param, :attrs {:value high, :name quality}, :content nil} 
	     {:tag :param, :attrs {:value window, :name wmode}, :content nil} 
		 {:tag :param, :attrs {:value sameDomain, :name allowScriptAccess}, :content nil} 
	)} 
)} 
 {:tag :div, :attrs {:class white, :id page}, :content (
	 {:tag :div, :attrs {:typeof v:Review-aggregate, :class scalable clearfix, :id wrapper}, :content (

		 {:tag :div, :attrs {:id title}, :content (
			 {:tag :h1, :attrs {:property v:itemreviewed}, :content (热带鱼的邮件)} 
		)} 
		 {:tag :div, :attrs {:class clearfix, :id content}, :content (
			 {:tag :div, :attrs {:class clearfix, :id main_wrapper}, :content (
				 {:tag :div, :attrs {:id main_content}, :content (
					 {:tag :div, :attrs {:id main}, :content (
						 {:tag :div, :attrs {:data-spm 6856585, :class clearfix, :id album_block}, :content (

 {:tag :style, :attrs nil, :content (
#album_info{position:relative;z-index:2;min-height:310px;_height:310px; margin:5px 10px 0 250px;}
#album_cover{position:absolute;left:0;top:-5px;}
#album_cover .stats{padding:3px 8px; position:absolute; top:0; left:0px;}
#album_cover .shield{background:none repeat scroll 0 0 #333333; border-bottom:1px solid #171410; border-right:1px solid #171410; color:#999999;}
#album_cover .pubbing{background:none repeat scroll 0 0 #333333; border-bottom:1px solid #171410; border-right:1px solid #171410; color:#ffffff;}
#album_cover .unpub{background:none repeat scroll 0 0 #333333; border-bottom:1px solid #171410; border-right:1px solid #171410; color:#cccccc;}
#album_cover .promotion{background:none repeat scroll 0 0 #821616; border-bottom:1px solid #171410; border-right:1px solid #171410; color:#ffffff;}

.grade {margin: -5px 0 0 15px;overflow: hidden;height:16px;color:#aaa;}
.grade a{background: url('http://img.xiami.net/res/v3/img/star2.png') no-repeat scroll 0 0 transparent;display: inline-block;height: 16px;overflow: hidden;text-indent: -9999em;width: 16px;vertical-align:middle;}
.grade a.hover{ background-position:-17px 0}
.grade a.selected{ background-position:-34px 0}
.grade span {color: #666666;margin-left: 5px;vertical-align:middle;}
.grade b.delGrade{color:#8CA6D7;cursor:pointer;vertical-align:middle;display:none;}
.grade b:hover,.b-h{color:#36c;}

#album_rank{float:left;padding:10px 0 10px 5px;border-bottom:1px dashed #D9D9D9;}
#album_rank p{position:relative;padding:0 20px 0 100px;line-height:22px;color:#999;background:url('http://img.xiami.net/res/v3/img/star3.png') no-repeat 0 0;font-family:"Microsoft Yahei";}
#album_rank span{position:absolute;left:0;top:0;background:url('http://img.xiami.net/res/v3/img/star3.png') no-repeat 0 -24px;text-indent:-9999px;}
#album_rank em{margin:0 10px;font-weight:bold;font-size:16px;font-style:normal;color:#F60;vertical-align:middle;}

#album_info ul{clear:both;margin:10px 0;padding:10px 5px 5px;*padding:0 5px 5px;border-bottom:1px solid #EEE;}
#album_info ul li{ font-size:10px; color:#666;  height:12px; margin-bottom:7px; *margin:2px;}
#album_info ul li span{ float:left; margin-right:5px;}
#album_info ul li span.appraise_bg{ background:#FFDCC5; height:11px;  display:block;}
#album_info ul .appraise4{ background:url('http://img.xiami.net/res/v3/img/star1_v2.png') 0 0 no-repeat;}
#album_info ul .appraise3{ background:url('http://img.xiami.net/res/v3/img/star1_v2.png') 0 -14px no-repeat; }
#album_info ul .appraise2{ background:url('http://img.xiami.net/res/v3/img/star1_v2.png') 0 -28px no-repeat; }
#album_info ul .appraise1{ background:url('http://img.xiami.net/res/v3/img/star1_v2.png') 0 -42px no-repeat; }
#album_info ul .appraise0{ background:url('http://img.xiami.net/res/v3/img/star1_v2.png') 0 -56px no-repeat; }
/**/
#artist_fangroup_block{width:298px;height:403px;z-index:99999;margin-top:0;}
.music_counts{margin-bottom:20px;}
a.bt_tel{margin:0 10px;}
#album_acts .acts_list {position: absolute;right: 0;top: 50%;margin-top: -15px;}

)} 

							 {:tag :div, :attrs {:rel v:rating, :id album_info}, :content (
								 {:tag :div, :attrs {:typeof v:Rating, :id album_rank}, :content (
																		 {:tag :p, :attrs {:class clearfix}, :content ({:tag :span, :attrs {:style width:0px;}, :content nil} {:tag :em, :attrs {:property v:value}, :content nil} {:tag :span, :attrs {:property v:best}, :content (10)} (少于 {:tag :i, :attrs {:property v:votes}, :content (10)} 人评价))} 
																	)} 
								 {:tag :ul, :attrs nil, :content (
									 {:tag :li, :attrs nil, :content ({:tag :span, :attrs {:class appraise4 rankico}, :content ({:tag :em, :attrs nil, :content (酷爱)})} {:tag :span, :attrs {:class appraise_bg, :style width:0px;}, :content nil} 0)} 
									 {:tag :li, :attrs nil, :content ({:tag :span, :attrs {:class appraise3 rankico}, :content ({:tag :em, :attrs nil, :content (好听)})} {:tag :span, :attrs {:class appraise_bg, :style width:0px;}, :content nil} 0)} 
									 {:tag :li, :attrs nil, :content ({:tag :span, :attrs {:class appraise2 rankico}, :content ({:tag :em, :attrs nil, :content (能听)})} {:tag :span, :attrs {:class appraise_bg, :style width:0px;}, :content nil} 0)} 
									 {:tag :li, :attrs nil, :content ({:tag :span, :attrs {:class appraise1 rankico}, :content ({:tag :em, :attrs nil, :content (难听)})} {:tag :span, :attrs {:class appraise_bg, :style width:0px;}, :content nil} 0)} 
									 {:tag :li, :attrs nil, :content ({:tag :span, :attrs {:class appraise0 rankico}, :content ({:tag :em, :attrs nil, :content (噪音)})} {:tag :span, :attrs {:class appraise_bg, :style width:0px;}, :content nil} 0)} 
								)} 
								 {:tag :table, :attrs nil, :content (
									 {:tag :tr, :attrs nil, :content (
										 {:tag :td, :attrs {:valign top, :width 64, :class item}, :content (艺人：)} 
										 {:tag :td, :attrs {:valign top}, :content (
																						 {:tag :a, :attrs {:title , :href /artist/67}, :content (常海)} 
																					)} 
									)} 
									
									 {:tag :tr, :attrs nil, :content (
										 {:tag :td, :attrs {:valign top, :class item}, :content (语种：)} 
										 {:tag :td, :attrs {:valign top}, :content (国语)} 
									)} 
									 {:tag :tr, :attrs nil, :content (
										 {:tag :td, :attrs {:valign top, :class item}, :content (唱片公司：)} 
										 {:tag :td, :attrs {:valign top}, :content ({:tag :a, :attrs {:target _blank, :title 搜索鸟人艺术, :href /search?key=%E9%B8%9F%E4%BA%BA%E8%89%BA%E6%9C%AF}, :content (鸟人艺术)})} 
									)} 
																		 {:tag :tr, :attrs nil, :content (
										 {:tag :td, :attrs {:valign top, :class item}, :content (发行时间：)} 
										 {:tag :td, :attrs {:valign top}, :content (2005年03月01日)} 
									)} 
																		 {:tag :tr, :attrs nil, :content (
										 {:tag :td, :attrs {:valign top, :class item}, :content (专辑类别：)} 
										 {:tag :td, :attrs {:valign top}, :content (录音室专辑)} 
									)} 
																		
																										)} 
							)} 
							 {:tag :div, :attrs {:id album_cover}, :content (
								 {:tag :a, :attrs {:class CDcover185, :href http://img.xiami.net/images/album/img0/2281284700240.jpg, :target _blank, :title 热带鱼的邮件, :id albumCover}, :content (  {:tag :img, :attrs {:alt 热带鱼的邮件, :rel v:photo, :src http://img.xiami.net/images/album/img0/2281284700240_2.jpg, :class cdCover185}, :content nil})} 
								 {:tag :span, :attrs {:class stats shield}, :content (已下架)} 
								
								 {:tag :div, :attrs {:id taobao_cd}, :content (
								
								 {:tag :style, :attrs nil, :content (
								#taobao_cd {
									width: 230px;
									margin: -10px 0 20px;
								}
								#taobao_cd a {
									display: block;
									width: 183px;
									height: 40px;
									border-radius: 3px;
									background: whitesmoke url("http://gtms03.alicdn.com/tps/i3/T1Q8T9FOtbXXcCq_Hr-93-32.gif") no-repeat 86px 4px;
									border: 1px solid #e0e0e0;
									text-decoration: none;
									margin: 0 auto;
									position: relative;
								}
								#taobao_cd s {
									display: block;
									width: 86px;
									height: 40px;
									color: #999;
									text-align: center;
									line-height: 40px;
									position: absolute;
									left: 0;
									top: 0;
								}
								#taobao_cd span {
									display: block;
									width: 64px;
									height: 20px;
									line-height: 20px;
									position: absolute;
									left: 116px;
									top: 4px;
									color: #fff;
									font-size: 12px;
									text-align: center;
								}
								#taobao_cd em {
									font-style: normal;
									font-size: 18px;
								}								
								)} 
								
								 {:tag :script, :attrs nil, :content (
								var albumid = '228',
									userid = _xiamiuser ? _xiamiuser.split('"')[0] : '';
									
									$(function() {
										$.getJSON('/app/promotion/getitem',{'type':3, 'id':albumid}, function(data) {
											if (data.data) {
												var itemsid = data.data[0].url.split('?id=')[1];
												goldlog.record('/xiamipc.1.10','','albumid='+albumid+'&itemsid='+itemsid+'&userid='+userid,'H46807173');
												$('#taobao_cd').append('<a onclick="javascript:goldlog.record(\'/xiamipc.1.11\',\'\',\'albumid='+albumid+'&itemsid='+itemsid+'&userid='+userid+'\',\'H46807174\')" href="' + data.data[0].url + '" target="_blank"><s>CD原价￥' + (data.data[0].normal_price | 0) + '</s><span>￥<em>' + (data.data[0].discount_price | 0) + '</em></span></a>');
											};
										});
									});
									
								)} 
								)} 

								 {:tag :p, :attrs {:class grade}, :content (
									 {:tag :input, :attrs {:name grade, :class grade_v, :value , :type hidden}, :content nil} 我的评价：
									 {:tag :a, :attrs {:onclick page_review(228,1);, :href javascript:void(0);}, :content (很差)} 
									 {:tag :a, :attrs {:onclick page_review(228,2);, :href javascript:void(0);}, :content (较差)} 
									 {:tag :a, :attrs {:onclick page_review(228,3);, :href javascript:void(0);}, :content (还行)} 
									 {:tag :a, :attrs {:onclick page_review(228,4);, :href javascript:void(0);}, :content (推荐)} 
									 {:tag :a, :attrs {:onclick page_review(228,5);, :href javascript:void(0);}, :content (力荐)} {:tag :span, :attrs nil, :content nil}  								)} 	
							)} 
						)} 

												 {:tag :div, :attrs {:class clearfix, :id album_acts}, :content (							
							 {:tag :div, :attrs {:class cd2play}, :content (
																这张专辑已经下架，暂时无法试听
															)} 							
							 {:tag :ul, :attrs {:class acts_list}, :content (								
																								 {:tag :li, :attrs {:class do_fav, :id album_getfav_228}, :content ({:tag :a, :attrs {:title 收藏此专辑到音乐库, :class wrap, :href javascript:void(0);, :onclick tag(228,5)}, :content ({:tag :span, :attrs nil, :content ({:tag :i, :attrs nil, :content nil} 收藏到音乐库)})})} 
								 {:tag :li, :attrs {:id album_removefav_228, :style display:none, :class do_fav done}, :content ({:tag :a, :attrs {:class wrap item_5_228, :onclick albumstore('228',2);, :title 取消收藏, :href javascript:void(0)}, :content ({:tag :span, :attrs nil, :content ({:tag :i, :attrs nil, :content nil} 已收藏到音乐库 {:tag :strong, :attrs nil, :content ((取消))})})})} 
								 {:tag :li, :attrs {:class do_share}, :content ({:tag :a, :attrs {:title 分享给朋友们, :class wrap, :onclick recommend('228','33');, :href javascript:void(0);}, :content ({:tag :span, :attrs nil, :content ({:tag :i, :attrs nil, :content nil} 分享 {:tag :em, :attrs nil, :content ((0))})})})} 
															)} 
						)} 
												
 {:tag :div, :attrs {:class bgbd clearfix, :id share_bar}, :content (
 {:tag :div, :attrs {:style float: right; padding-right:5px;, :class share-bar-inner}, :content (
 {:type :comment, :data  Baidu Button BEGIN } 
 {:tag :div, :attrs {:data {'wbuid':1718436033}, :style float: left; padding: 5px;, :class bdshare_t bds_tools get-codes-bdshare, :id bdshare}, :content (
 {:tag :span, :attrs {:class bds_more}, :content (分享到：)} 
 {:tag :a, :attrs {:style margin-right: 20px;, :class bds_tsina}, :content nil} 
 {:tag :a, :attrs {:class bds_renren}, :content nil} 
 {:tag :a, :attrs {:class bds_qzone}, :content nil} 
 {:tag :a, :attrs {:class bds_douban}, :content nil} 
 {:tag :a, :attrs {:class bds_tqq}, :content nil} 
 {:tag :a, :attrs {:class bds_t163}, :content nil} 
 {:tag :a, :attrs {:class bds_huaban}, :content nil} 
 {:type :comment, :data  <a class="shareCount"></a> } 
)} 
 {:tag :a, :attrs {:href , :onclick return shareLaiwang();, :title 分享到来往, :style float: left; margin-top: 10px; position: absolute; top:0; right: 141px;, :class laiwang}, :content ({:tag :i, :attrs {:style display: inline-block;width: 16px;height: 16px;margin-right: 2px;background: url('http://img.xiami.net/static/img/common/share_icon.png') no-repeat -263px 0;vertical-align: middle;}, :content nil})} 
)} 

 {:tag :script, :attrs {:data type=tools&uid=0, :id bdshare_js, :type text/javascript}, :content nil} 
 {:tag :script, :attrs {:id bdshell_js, :type text/javascript}, :content nil} 
 {:tag :script, :attrs {:type text/javascript}, :content (

    var bds_config = {
        'wbUid':1718436033,
        'snsKey':{'tsina':'3845915579'},
        'bdText':'分享 常海 的专辑《热带鱼的邮件》 专辑地址：http://www.xiami.com/album/228（分享自 @虾米音乐）',
        'bdPic':"http://img.xiami.net/images/album/img0/2281284700240.jpg"
    };
    var laiwang_config = {
        title:'分享 常海 的专辑《热带鱼的邮件》',
        location:'www.xiami.com/album/228',
        pic:'http://img.xiami.net/images/album/img0/2281284700240.jpg'
    };
    document.getElementById("bdshell_js").src = "http://bdimg.share.baidu.com/static/js/shell_v2.js?cdnversion=" + Math.ceil(new Date()/3600000);
    function shareLaiwang(){
        var url = 'content='+ encodeURIComponent(laiwang_config.title) + encodeURIComponent('http://'+laiwang_config.location)+'&title='+encodeURIComponent(laiwang_config.title)+'&url='+encodeURIComponent('http://'+laiwang_config.location)+'&image='+encodeURI(laiwang_config.pic);
        window.open('http://www.laiwang.com/stream/shareToLaiwang.htm?'+url+'&'+new Date().getTime(), 'newwindow', 'height=360,width=588, top='+(screen.height-360)/2+',left='+(screen.width-588)/2+', toolbar=no, menubar=no, scrollbars=no,resizable=yes,location=no, status=no');
        return false;
    }

)} 
 {:type :comment, :data  Baidu Button END } 
)} 												 {:tag :div, :attrs {:class clearfix intro_less, :id album_intro}, :content (
							 {:tag :div, :attrs {:class album_intro_brief}, :content ( 
							 {:tag :strong, :attrs nil, :content (专辑介绍：)} {:tag :span, :attrs {:property v:summary}, :content ({:tag :br, :attrs nil, :content nil} 
 {:tag :br, :attrs nil, :content nil} 
爱情的四个季节——“最佳情人”常海 乐坛才子 向你发出《热带鱼的邮件》 {:tag :br, :attrs nil, :content nil} 
 {:tag :br, :attrs nil, :content nil} 
⊙专辑简介 {:tag :br, :attrs nil, :content nil} 
 {:tag :br, :attrs nil, :content nil} 
初次拿到这张专辑的时候，让人很难想象出拥有这样一张稚气脸的主人会唱出怎样的声音。现在的内地乐坛可以说是“女声”的天下，面对阴盛阳衰的内地乐坛，期待的就是“男声”的加入，可是眼前的这张专辑能给大家带来惊喜吗？ {:tag :br, :attrs nil, :content nil} 
 {:tag :br, :attrs nil, :content nil} 
或许在很多人的眼里，冬天是四个季节中最不适合和爱情有关的季节，但这绝对不影响我们谈爱情，听爱情。听常海的新专辑主打歌《热带鱼的邮件》很有节奏感的前奏一开始，就让人仿佛重新回到夏天，离开嘈杂的城市，来到有阳光的海边，抱着吉他的常海以海为背景，正向自己发出“热带鱼的邮件”。 {:tag :br, :attrs nil, :content nil} 
 {:tag :br, :attrs nil, :content nil} 
这首歌曲风并不复杂，但想要听得懂这样的都市新音乐就不容易了，因为你必须有和常海一样的心境，才能在繁华嘈杂的城市里唱出阳光大海的感觉，但是对身陷繁杂城市的我们又谈何容易。说到吉他，常海是世界著名吉他品牌 Ovation 的内地代言人，作为初出茅庐的新人，能受到这样一个著名品牌的青睐，不仅是因为常海俊朗青春的外表，更是对常海音乐水平的肯定。当然，对这个内地乐坛新出道的“男声”，唱片公司也很重视，《热带鱼的邮件》 MV 动用了很多的演员参演，大约一百五十人的演员队伍，鸟人艺术的总经理，著名的音乐人周亚平先生更亲自客串 MV 的角色。有这么多人为常海保驾护航，常海一定可以成为内地乐坛最期待“男声”。 {:tag :br, :attrs nil, :content nil} 
 {:tag :br, :attrs nil, :content nil} 
如果说《热带鱼的邮件》让我们回到了夏天，那么《可爱的 OH》的前奏响起的时候，就让人仿佛走进了冬天。音乐的节奏到这首歌变的比较缓慢，但在常海的声音处理方式加上了混音的效果，让人听的时候总有种这首歌是为你一个人专场演唱的错觉。于是，带着这种美丽的错觉，常海温暖的用歌表白着他的爱，让听众忍不住又想再重听一次，因为实在舍不得这种和初恋一样美好的感觉。冬天和爱情总让人想到悲剧，但是听这首《可爱的 OH》，却有冬天喝到一杯热可可的感觉，温暖入心还带着爱情的甜蜜。 {:tag :br, :attrs nil, :content nil} 
 {:tag :br, :attrs nil, :content nil} 
歌唱到尾声的时候，我知道冬季的爱情不再属于悲剧，它可以是温暖的，甚至是俏皮的。在冬天听“春天”的歌，并没有时空错乱的感觉，相反，《春天》的前奏一开始的笑声让人一听就立刻心情大好。相爱的人喜欢把拥有爱情的感觉称为春天，外面就算可以感觉到冬天的萧瑟与不安，但是这首《春天》在常海的演绎下，马上感觉到春天的气息扑面而来。 {:tag :br, :attrs nil, :content nil} 
 {:tag :br, :attrs nil, :content nil} 
还正在回味春天气息的你，初听到《我只爱你》的时候，肯定有点不相信如此深情的声音来自常海，原来人真的“不可貌相”，就是有着稚气脸庞的常海，正深情演绎着这首《我只爱你》，而且唱的如此深情的让人难忘，钢琴的伴奏下常海的声音少了一份稚嫩，多了一份成熟，但不显突兀，却可以感觉到他的长大。如果说《热带鱼的邮件》是含蓄的表达着爱情，《可爱的 OH》是给刚刚开始恋爱的恋人们，那么这首《我只爱你》，就是常海在用歌坚定那份难得的情感，让人感动。 {:tag :br, :attrs nil, :content nil} 
 {:tag :br, :attrs nil, :content nil} 
听《这一年过去了》的时候，思绪又回到一年的开始，回顾自己这一年的一切，事业、生活、感情……这首歌的词曲来自常宽，这是来自兄长对弟弟的关爱，也是常海自己一年心情的总结。作为新人出自己的第一张专辑，有期待，有紧张，更是对自己的信心，所以这首歌也是常海自己向热爱音乐的朋友交出的一份答卷。 {:tag :br, :attrs nil, :content nil} 
 {:tag :br, :attrs nil, :content nil} 
作为新人的常海，能在出首张专辑的时候就参与创作，是唱片公司对他的信任与重视，让常海一展才华，也是向整个内地乐坛宣布新“男声”的出现。以情字为主的这张专辑，唱过了四个季节，唱出了爱情在春天的轻柔，在夏天的绚烂，在秋天的俏丽，在冬天的可爱，而无论稚气的爱，还是成熟的爱，常海都使整张专辑都被爱的气氛包围着，让他不愧于“最佳情人”的称号，所谓“最佳情人”就是毫不吝啬的说出“爱”。听这张专辑，最适合的姿势就是半躺在椅子里，背靠一个舒服的大靠垫，手里端一杯自己最爱的热饮。于是，在这样一个冬天到来的日子，忽然有种冲动，一种想要谈恋爱的冲动。 {:tag :br, :attrs nil, :content nil} 
 {:tag :br, :attrs nil, :content nil} 
⊙国际著名吉他品牌Ovation代言人 {:tag :br, :attrs nil, :content nil} 
 {:tag :br, :attrs nil, :content nil} 
为全世界贡献了第一把圆背木吉他的 Ovation，其超凡品质统治电声吉他制造业三十年，最近它来到了北京并将一把吉他交到了一个男孩手中。它曾以这种方式，交到过 Led Zeppelin 手中，交到过美国古典主义吉他大师 Yngwie Malmsteen 手中，交到过香港 Beyond 乐队的吉他手黄贯中手中。现在他属于这个男孩，全球著名吉他品牌OVATION的第一个中国内地代言人。在此之前，几乎没有几个做音乐的人听过这个叫做常海的男孩。 {:tag :br, :attrs nil, :content nil} 
 {:tag :br, :attrs nil, :content nil} 
⊙常海 - “优偶唱作人”常海 {:tag :br, :attrs nil, :content nil} 
 {:tag :br, :attrs nil, :content nil} 
在接受 Ovation 代言工作之前，常海就已经结束了其首张个人创作专辑的录制。 {:tag :br, :attrs nil, :content nil} 
 {:tag :br, :attrs nil, :content nil} 
常海，出身音乐世家，6岁开始鼓捣爵士鼓，15岁时把双手献给了吉他，把心给了邻居女孩，偶尔他还玩玩钢琴。98年，正值青葱的常海就已跨入了专业创作人的行列，在其创作履历上有为老歌手杭天琪写歌的纪录，显示了他在音乐上的早慧悟性。经过两三年在北京几间英国酒吧的驻唱经历，至2004年，常海得到北京鸟人艺术推广有限公司总经理周亚平先生的赏识，并最终成为鸟人艺术的签约歌手。 {:tag :br, :attrs nil, :content nil} 
 {:tag :br, :attrs nil, :content nil} 
2004年，是鸟人艺术成立十周年纪念。风雨十年，战旗不倒；十年间无数本土唱片折戟沉沙，鸟人却依然在飞。十年间，鸟人艺术曾向乐坛贡献过含笑、李琛、彝人制造等烙印强烈个人风格的“唱将鸟人”。在第十个年头里，常海的出现则宣告鸟人拥有了自己的第一个偶像型唱作人，而常海的首张个人创作专辑更被视为向鸟人艺术十年的献礼。 {:tag :br, :attrs nil, :content nil} 
 {:tag :br, :attrs nil, :content nil} 
偶像的面容、大都市男孩的气质、精良的吉他演奏技巧和英式风格的个人化音乐，纷纷集中于常海身上，绽放出异样光泽。值得欣慰的是，常海这次所代言的并不是某种家用电器或者新款运动鞋，而代言的是创造音乐的家伙，并且从来没有人这样做过。这是一个唱作人向音乐最忠诚的回归。因此，常海的出现，预示着鸟人艺术的下一个十年将呈现出更为时尚、开放与国际化的崭新面容。 {:tag :br, :attrs nil, :content nil} 
 {:tag :br, :attrs nil, :content nil} 
⊙常海首张个人创作专辑 {:tag :br, :attrs nil, :content nil} 
 {:tag :br, :attrs nil, :content nil} 
常海的首张个人创作专辑，由自己包办了整张唱片的全部创作，尽显创作才情。专辑由著名音乐人常宽出任制作人，北京顶级乐手鼎力加盟，刘麟、常宽制造的吉他，刘效松敲打的鼓，刘君利抚弄的贝斯。参与专辑录制的工作人员这样描述这些著名乐手的工作状态：每天进棚时，他们都信心十足。到凌晨时分录音结束，他们脸上洋溢着微笑，看不见任何工作的疲惫。相信是常海新鲜灵动的音乐将各位大腕乐手快乐感染。 {:tag :br, :attrs nil, :content nil} 
 {:tag :br, :attrs nil, :content nil} 
这是一张贡献无数情感和想象力的精彩制作，体现了常海的独有气质，被人称为“灵动，幻想和仲夏音乐之梦”，已引起圈内巨大期待。鸟人更是将唱片送至香港完成最后的母带处理，这对于一个新人来说是十分罕见的，更显示出鸟人艺术对这张专辑所投入的信心。在港缩混期间，常海的专辑同样受到香港音乐人士的注目。 {:tag :br, :attrs nil, :content nil} 
 {:tag :br, :attrs nil, :content nil} 
唱片强调着乐队状态，弥漫着闲适慵懒的英式曲风，松软质感的真乐器，常海不做修饰的演唱，营造出一个清澈无底的音乐梦境。在常海的音乐世界里，四处飘浮着灵动，快乐的畅想和美好的画面。经过香港著名的唐楼录音室的缩混，整张大碟的录音拥有极好的层次分布，无数漂亮而温暖的质感细节，乐器与常海的歌声相互推进，温柔相拥，散发出海天一色般的和谐有致。 {:tag :br, :attrs nil, :content nil} 
 {:tag :br, :attrs nil, :content nil} 
常海参与了专辑中的部分吉他演奏，同时还演奏了一曲钢琴。在内地新生代歌手中，常海几乎是唯一一个可以现场弹唱达到录音水准的歌手。Ovation这一次并没有将代言人荣誉交给一个职业吉他手，主要看中的就是常海能够自弹自唱挥洒自如。在未来，拿着Ovation吉他弹唱的常海形象将在电视里常常出现。这也将成为常海个人标志性的符号。 {:tag :br, :attrs nil, :content nil} 
 {:tag :br, :attrs nil, :content nil} 
⊙打榜单曲介绍 {:tag :br, :attrs nil, :content nil} 
 {:tag :br, :attrs nil, :content nil} 
打榜单曲《热带鱼的邮件》同时作为常海首张个人创作专辑的主打歌，充盈着奇幻的海洋味道，清新，动态，呈现着蓝色海浪的悠扬快意。温厚的打击乐，轻柔的贝斯，闪烁漂亮音色的吉他，玲珑浮凸于音场之中。常海的快乐歌声穿错其中，与惬意的音乐融为一体，歌声仿佛也沾染着热带鱼的斑驳色彩，带领听者进入唱游海底的自由。 {:tag :br, :attrs nil, :content nil} 
 {:tag :br, :attrs nil, :content nil} 
《热带鱼的邮件》的MV动用了150名演员的庞大阵容，堪称音乐录影带的一个拍摄纪录。摄影机用一个漫长的镜头跟随常海穿过了舞台、街道、酒吧、广场、CD店、餐厅，最后所有人汇集在舞台前欢呼常海的表演。整支MV用相当有完美视觉冲击力的动态长镜头配合了音乐的行进感，庞大的人物群，纷繁的色彩，舒悦的节奏，造就了活跃、热烈而时尚的影像。而常海的演出则显示了他让人惊讶的压台感和表演气质。 {:tag :br, :attrs nil, :content nil} 
 {:tag :br, :attrs nil, :content nil} 
⊙常海独白：爱的真言 {:tag :br, :attrs nil, :content nil} 
 {:tag :br, :attrs nil, :content nil} 
直到有一天，在日复一日中成熟，才感到什么都在变，不变的是爱的真言。 {:tag :br, :attrs nil, :content nil} 
 {:tag :br, :attrs nil, :content nil} 
喜欢坐在城市的余辉下，把自己完全包裹在自己世界里。在城市的喧闹中，就这般坐着，呆呆地坐着，似乎也在想着什么，想什么…… {:tag :br, :attrs nil, :content nil} 
 {:tag :br, :attrs nil, :content nil} 
读书时喜欢单一色彩，纯白或是青黑，都是追逐的光芒。以至经常会问自己，是不是一直要保留这种对纯粹的狂热？后来看书上面说，那是完美主义心态在作祟。其实世上很多事情都有欠缺，如月亮不一定在十五的时候就圆；成长中的誓言也会缩水一样。只要放宽认识，自然不负多少沉重在心上。也有的说，那是对真言的保留，一个怀揣着对美好的憧憬，为求索最终彼岸，将至死不渝。 {:tag :br, :attrs nil, :content nil} 
 {:tag :br, :attrs nil, :content nil} 
这是属于年少时代的真言，一次次梦般憧憬，一次次迷样寻觅。多少时候，日月穿梭般的飞过，在日复一日的日子里渐渐成熟，时时还能感受被纯纯的真言打动。心想完了，自己定会被这种潜意识迫害至惨不忍睹。那就惨着吧，反正没自恋倾向，不必天天对着镜子。 {:tag :br, :attrs nil, :content nil} 
 {:tag :br, :attrs nil, :content nil} 
也就这么想着，看天空的云在水中飘散，鸟翩跹飞过屋檐，她们在追索的道路上都留下了自己轨迹。有了他们的影儿，感觉做任何事，只要留下什么，总会少些遗憾。人们追求真爱，是为保留在心中那抹淡淡的纯，在封尘多年后，依然会被感动。 {:tag :br, :attrs nil, :content nil} 
 {:tag :br, :attrs nil, :content nil} 
云是因为洁白倒影，鸟是因为翅膀飞翔，爱的真言，要用心灵圣洁诠释出单纯色彩。水是心的舌，心是水深远的回音。所以人世间的情感，也就有了刻骨铭心的爱情独白。 {:tag :br, :attrs nil, :content nil} 
 {:tag :br, :attrs nil, :content nil} 
时间过的真快，转眼已是新世纪的第四个年头。小时候虽然因家庭环境学过不少乐器，可自己总认为真正接触音乐，还是1992年跟国内著名音乐人常宽大哥学吉他开始。那时因为自己有其它乐器的底子，学起来感觉不怎么吃力，但常宽大哥还是非常认真的教我一些演奏技巧和多年积累起来的丰富经验，并用磁带录制小样让我反复听自己弹奏的曲目，点评其中的优势与不足，所有这些都对我以后的发展有极大的帮助。后来还算是顺利吧，参军成为文艺兵，演出的机会多了，也慢慢的磨练出自己的一些风格和特点。 {:tag :br, :attrs nil, :content nil} 
 {:tag :br, :attrs nil, :content nil} 
日子就这么过了，直到有天和要好朋友聊天，感觉需要有个属于自己的乐队，于是大家便走到了一起。在国内，每天都有象这样的乐队成立，当然也有很多音乐梦被击得粉碎。而我们除了对音乐的热爱，建立乐队的初衷更是希望能在观众面前表现完整的自己。我既当主唱又兼作词作曲，有时也谈谈恋爱，让女朋友跟我到处跑，时间过得蛮充实的。 {:tag :br, :attrs nil, :content nil} 
 {:tag :br, :attrs nil, :content nil} 
在一座临海城市演出的时候，闲暇漫步海滩，感觉到一种对恋爱倾诉真言的冲动，或许就似身处恋爱中的人，对自己所爱的人一种表达吧。除了物质传递和亲密接触，还有心灵上的感动。由此《热带鱼的邮件》的创作想法宣告诞生。这里，没有刻意追求动感的杀伤力，激昂、伤怀、痛楚统统不存在；有的只是对爱的真言，甜蜜、思念、向往。 {:tag :br, :attrs nil, :content nil} 
 {:tag :br, :attrs nil, :content nil} 
回到北京，在朋友推荐下拜识了著名音乐制作人周亚平老师，并得到他的赏识。亲临挂帅为这张爱的真言《热带鱼的邮件》，也是我推出的首张唱片做监制。在制作唱片的日子里，很多前辈和好朋友给了我极大的帮助和鼓励，使之能顺利的录制完成，这里，衷心感谢大家！ {:tag :br, :attrs nil, :content nil} 
《热带鱼的邮件》是我走向成熟的一步，也是一次难得的探索和尝试。正如歌词里明示的那样：鱼儿已浮出水面，期待着收到她的邮件还会远吗？ {:tag :br, :attrs nil, :content nil} 
 {:tag :br, :attrs nil, :content nil} 
在录制完成唱片不久，接受了世界著名吉他品牌 Ovation 内地代言人的工作，愿今后用手中的吉他，为广大支持关心我的朋友，创作更多更好的歌曲！ {:tag :br, :attrs nil, :content nil} 
 {:tag :br, :attrs nil, :content nil} 
⊙常海之感谢…… {:tag :br, :attrs nil, :content nil} 
 {:tag :br, :attrs nil, :content nil} 
感谢：我最好的朋友、我的启蒙老师、永远给我支持和力量的爸爸。 {:tag :br, :attrs nil, :content nil} 
感谢：永远给我爱和自由，并且很坚强的妈妈。 {:tag :br, :attrs nil, :content nil} 
感谢：能让我每天看到阳光，对我充满信心的哥哥。也是我这张唱片的制作人常宽。 {:tag :br, :attrs nil, :content nil} 
感谢：能让我在北京依然感觉到家庭温暖的姐姐：朱朱 {:tag :br, :attrs nil, :content nil} 
感谢：在天堂里一直保佑我的姥姥 {:tag :br, :attrs nil, :content nil} 
感谢：参与这张唱片录音工作的每一位音乐家、录音师、以及为这张唱片和 MTV 付出辛勤工作的每一个人。(特别感谢这张唱片的摄影师：高原姐姐) {:tag :br, :attrs nil, :content nil} 
感谢：我乐队的成员以及陪伴我走到今天的所有的人 {:tag :br, :attrs nil, :content nil} 
感谢：我的老板周亚平先生能让我得到我多年追求的这张唱片 {:tag :br, :attrs nil, :content nil} 
感谢：所有收到热带鱼邮件的朋友们，谢谢你们的支持！ {:tag :br, :attrs nil, :content nil} 
 {:tag :br, :attrs nil, :content nil} 
愿你们的每一天充满阳光！ —— 常海 {:tag :br, :attrs nil, :content nil} 
 {:tag :br, :attrs nil, :content nil} 
⊙关于常海 {:tag :br, :attrs nil, :content nil} 
 {:tag :br, :attrs nil, :content nil} 
常海，出身音乐世家，6岁开始鼓捣爵士鼓，15岁时把双手献给了吉他，把心给了邻居女孩，偶尔他还玩玩钢琴。98年，正值青葱的常海就已跨入了专业创作人的行列，在其创作履历上有为老歌手杭天琪写歌的纪录，显示了他在音乐上的早慧悟性。经过两三年在北京几间英国酒吧的驻唱经历，至2004年，常海得到北京鸟人艺术推广有限公司总经理周亚平先生的赏识，并最终成为鸟人艺术的签约歌手。 {:tag :br, :attrs nil, :content nil} 
 {:tag :br, :attrs nil, :content nil} 
1992年 {:tag :br, :attrs nil, :content nil} 
在内地著名音乐人常宽的影响下，开始学习吉它、钢琴演奏及音乐创作。 {:tag :br, :attrs nil, :content nil} 
 {:tag :br, :attrs nil, :content nil} 
1993年 {:tag :br, :attrs nil, :content nil} 
被解放军五十四军文工团特招入伍，在团期间担任扬琴、爵士鼓演奏演员。 {:tag :br, :attrs nil, :content nil} 
 {:tag :br, :attrs nil, :content nil} 
1998年 {:tag :br, :attrs nil, :content nil} 
与北京蓝月唱片公司签订歌曲创作合约，进行音乐创作。 {:tag :br, :attrs nil, :content nil} 
 {:tag :br, :attrs nil, :content nil} 
1999－2002年 {:tag :br, :attrs nil, :content nil} 
为歌手杭天琪专辑创作歌曲《迷雾》； {:tag :br, :attrs nil, :content nil} 
为北京电视台《环球影视》栏目主持人李煜创作歌曲《我心不变》； {:tag :br, :attrs nil, :content nil} 
为中国独立电视节参赛作品《夏天的花朵》创作电影配乐。 {:tag :br, :attrs nil, :content nil} 
期间组建常海乐队，担任乐队主唱、词曲创作、在全国各地PUB巡回演出300多场。 {:tag :br, :attrs nil, :content nil} 
 {:tag :br, :attrs nil, :content nil} 
2003年 {:tag :br, :attrs nil, :content nil} 
结识北京著名音乐人周亚平先生，并与北京鸟人艺术推广有限责任公司签约成为旗下艺人。 {:tag :br, :attrs nil, :content nil} 
 {:tag :br, :attrs nil, :content nil} 
2004年3月 {:tag :br, :attrs nil, :content nil} 
开始录制首张个人专辑《热带鱼的邮件》。 {:tag :br, :attrs nil, :content nil} 
 {:tag :br, :attrs nil, :content nil})} 
							)} 
							 {:tag :div, :attrs {:class album_intro_toggle}, :content ({:tag :a, :attrs {:id show_more, :href javascript:void(0), :title }, :content (详细)})} 
						)} 
												 {:tag :div, :attrs {:class album_tracks mgt20, :id track}, :content (
														 {:tag :div, :attrs {:class chapter mgt10}, :content (
																 {:tag :strong, :attrs {:style  border-bottom: 1px solid #E5E5E5;padding: 10px 5px;, :class trackname}, :content (disc 1 )} 
								 {:tag :table, :attrs {:class track_list, :cellpadding 0, :cellspacing 0}, :content (
																		 {:tag :tbody, :attrs nil, :content (
																														 {:tag :tr, :attrs nil, :content (
											 {:tag :td, :attrs {:class chkbox}, :content ({:tag :input, :attrs {:name recommendids, :value 2798, :disabled disabled, :type checkbox}, :content nil})} 
											 {:tag :td, :attrs {:class trackid}, :content (01)} 
											 {:tag :td, :attrs {:class song_name}, :content ({:tag :a, :attrs {:title , :href /song/2798}, :content (热带鱼的邮件)}  )} 
											 {:type :comment, :data  <td class="song_price">0.8米</td>  } 
																						 {:tag :td, :attrs {:class song_hot}, :content nil} 
											 {:tag :td, :attrs {:class song_hot_bar}, :content nil} 
																						 {:tag :td, :attrs {:class song_act}, :content (
																							 {:tag :div, :attrs {:style width:170px;_width:180px;, :class song_do}, :content (
 {:tag :a, :attrs {:onclick recommend('2798','32'), :title 推荐, :href javascript:void(0), :class song_digg}, :content ({:tag :span, :attrs nil, :content (推荐)})}  
 {:tag :a, :attrs {:onclick collect('2798');, :title 添加到精选集, :href javascript:void(0), :class song_toclt}, :content ({:tag :span, :attrs nil, :content (添加到am精选集)})} 
 {:tag :div, :attrs {:class song_menu}, :content (
 {:tag :a, :attrs {:title , :href javascript:void(0), :class song_more}, :content (更多)} 
 {:tag :span, :attrs {:class song_menu_drop}, :content (
 {:tag :em, :attrs nil, :content nil} 
 {:tag :a, :attrs {:title , :onclick tag(2798,3);, :href javascript:;}, :content (添加标签)} 
)} 
)})} 																						)} 

										)} 
																																								 {:tag :tr, :attrs {:class bg_grey}, :content (
											 {:tag :td, :attrs {:class chkbox}, :content ({:tag :input, :attrs {:name recommendids, :value 2799, :disabled disabled, :type checkbox}, :content nil})} 
											 {:tag :td, :attrs {:class trackid}, :content (02)} 
											 {:tag :td, :attrs {:class song_name}, :content ({:tag :a, :attrs {:title , :href /song/2799}, :content (你能感觉到我的爱吗)}  )} 
											 {:type :comment, :data  <td class="song_price">0.8米</td>  } 
																						 {:tag :td, :attrs {:class song_hot}, :content nil} 
											 {:tag :td, :attrs {:class song_hot_bar}, :content nil} 
																						 {:tag :td, :attrs {:class song_act}, :content (
																							 {:tag :div, :attrs {:style width:170px;_width:180px;, :class song_do}, :content (
 {:tag :a, :attrs {:onclick recommend('2799','32'), :title 推荐, :href javascript:void(0), :class song_digg}, :content ({:tag :span, :attrs nil, :content (推荐)})}  
 {:tag :a, :attrs {:onclick collect('2799');, :title 添加到精选集, :href javascript:void(0), :class song_toclt}, :content ({:tag :span, :attrs nil, :content (添加到am精选集)})} 
 {:tag :div, :attrs {:class song_menu}, :content (
 {:tag :a, :attrs {:title , :href javascript:void(0), :class song_more}, :content (更多)} 
 {:tag :span, :attrs {:class song_menu_drop}, :content (
 {:tag :em, :attrs nil, :content nil} 
 {:tag :a, :attrs {:title , :onclick tag(2799,3);, :href javascript:;}, :content (添加标签)} 
)} 
)})} 																						)} 

										)} 
																																								 {:tag :tr, :attrs nil, :content (
											 {:tag :td, :attrs {:class chkbox}, :content ({:tag :input, :attrs {:name recommendids, :value 2800, :disabled disabled, :type checkbox}, :content nil})} 
											 {:tag :td, :attrs {:class trackid}, :content (03)} 
											 {:tag :td, :attrs {:class song_name}, :content ({:tag :a, :attrs {:title , :href /song/2800}, :content (可爱的 Oh)}  )} 
											 {:type :comment, :data  <td class="song_price">0.8米</td>  } 
																						 {:tag :td, :attrs {:class song_hot}, :content nil} 
											 {:tag :td, :attrs {:class song_hot_bar}, :content nil} 
																						 {:tag :td, :attrs {:class song_act}, :content (
																							 {:tag :div, :attrs {:style width:170px;_width:180px;, :class song_do}, :content (
 {:tag :a, :attrs {:onclick recommend('2800','32'), :title 推荐, :href javascript:void(0), :class song_digg}, :content ({:tag :span, :attrs nil, :content (推荐)})}  
 {:tag :a, :attrs {:onclick collect('2800');, :title 添加到精选集, :href javascript:void(0), :class song_toclt}, :content ({:tag :span, :attrs nil, :content (添加到am精选集)})} 
 {:tag :div, :attrs {:class song_menu}, :content (
 {:tag :a, :attrs {:title , :href javascript:void(0), :class song_more}, :content (更多)} 
 {:tag :span, :attrs {:class song_menu_drop}, :content (
 {:tag :em, :attrs nil, :content nil} 
 {:tag :a, :attrs {:title , :onclick tag(2800,3);, :href javascript:;}, :content (添加标签)} 
)} 
)})} 																						)} 

										)} 
																																								 {:tag :tr, :attrs {:class bg_grey}, :content (
											 {:tag :td, :attrs {:class chkbox}, :content ({:tag :input, :attrs {:name recommendids, :value 2801, :disabled disabled, :type checkbox}, :content nil})} 
											 {:tag :td, :attrs {:class trackid}, :content (04)} 
											 {:tag :td, :attrs {:class song_name}, :content ({:tag :a, :attrs {:title , :href /song/2801}, :content (未来世界)}  )} 
											 {:type :comment, :data  <td class="song_price">0.8米</td>  } 
																						 {:tag :td, :attrs {:class song_hot}, :content nil} 
											 {:tag :td, :attrs {:class song_hot_bar}, :content nil} 
																						 {:tag :td, :attrs {:class song_act}, :content (
																							 {:tag :div, :attrs {:style width:170px;_width:180px;, :class song_do}, :content (
 {:tag :a, :attrs {:onclick recommend('2801','32'), :title 推荐, :href javascript:void(0), :class song_digg}, :content ({:tag :span, :attrs nil, :content (推荐)})}  
 {:tag :a, :attrs {:onclick collect('2801');, :title 添加到精选集, :href javascript:void(0), :class song_toclt}, :content ({:tag :span, :attrs nil, :content (添加到am精选集)})} 
 {:tag :div, :attrs {:class song_menu}, :content (
 {:tag :a, :attrs {:title , :href javascript:void(0), :class song_more}, :content (更多)} 
 {:tag :span, :attrs {:class song_menu_drop}, :content (
 {:tag :em, :attrs nil, :content nil} 
 {:tag :a, :attrs {:title , :onclick tag(2801,3);, :href javascript:;}, :content (添加标签)} 
)} 
)})} 																						)} 

										)} 
																																								 {:tag :tr, :attrs nil, :content (
											 {:tag :td, :attrs {:class chkbox}, :content ({:tag :input, :attrs {:name recommendids, :value 2802, :disabled disabled, :type checkbox}, :content nil})} 
											 {:tag :td, :attrs {:class trackid}, :content (05)} 
											 {:tag :td, :attrs {:class song_name}, :content ({:tag :a, :attrs {:title , :href /song/2802}, :content (美丽女人)}  )} 
											 {:type :comment, :data  <td class="song_price">0.8米</td>  } 
																						 {:tag :td, :attrs {:class song_hot}, :content nil} 
											 {:tag :td, :attrs {:class song_hot_bar}, :content nil} 
																						 {:tag :td, :attrs {:class song_act}, :content (
																							 {:tag :div, :attrs {:style width:170px;_width:180px;, :class song_do}, :content (
 {:tag :a, :attrs {:onclick recommend('2802','32'), :title 推荐, :href javascript:void(0), :class song_digg}, :content ({:tag :span, :attrs nil, :content (推荐)})}  
 {:tag :a, :attrs {:onclick collect('2802');, :title 添加到精选集, :href javascript:void(0), :class song_toclt}, :content ({:tag :span, :attrs nil, :content (添加到am精选集)})} 
 {:tag :div, :attrs {:class song_menu}, :content (
 {:tag :a, :attrs {:title , :href javascript:void(0), :class song_more}, :content (更多)} 
 {:tag :span, :attrs {:class song_menu_drop}, :content (
 {:tag :em, :attrs nil, :content nil} 
 {:tag :a, :attrs {:title , :onclick tag(2802,3);, :href javascript:;}, :content (添加标签)} 
)} 
)})} 																						)} 

										)} 
																																								 {:tag :tr, :attrs {:class bg_grey}, :content (
											 {:tag :td, :attrs {:class chkbox}, :content ({:tag :input, :attrs {:name recommendids, :value 2803, :disabled disabled, :type checkbox}, :content nil})} 
											 {:tag :td, :attrs {:class trackid}, :content (06)} 
											 {:tag :td, :attrs {:class song_name}, :content ({:tag :a, :attrs {:title , :href /song/2803}, :content (春天)}  )} 
											 {:type :comment, :data  <td class="song_price">0.8米</td>  } 
																						 {:tag :td, :attrs {:class song_hot}, :content nil} 
											 {:tag :td, :attrs {:class song_hot_bar}, :content nil} 
																						 {:tag :td, :attrs {:class song_act}, :content (
																							 {:tag :div, :attrs {:style width:170px;_width:180px;, :class song_do}, :content (
 {:tag :a, :attrs {:onclick recommend('2803','32'), :title 推荐, :href javascript:void(0), :class song_digg}, :content ({:tag :span, :attrs nil, :content (推荐)})}  
 {:tag :a, :attrs {:onclick collect('2803');, :title 添加到精选集, :href javascript:void(0), :class song_toclt}, :content ({:tag :span, :attrs nil, :content (添加到am精选集)})} 
 {:tag :div, :attrs {:class song_menu}, :content (
 {:tag :a, :attrs {:title , :href javascript:void(0), :class song_more}, :content (更多)} 
 {:tag :span, :attrs {:class song_menu_drop}, :content (
 {:tag :em, :attrs nil, :content nil} 
 {:tag :a, :attrs {:title , :onclick tag(2803,3);, :href javascript:;}, :content (添加标签)} 
)} 
)})} 																						)} 

										)} 
																																								 {:tag :tr, :attrs nil, :content (
											 {:tag :td, :attrs {:class chkbox}, :content ({:tag :input, :attrs {:name recommendids, :value 2804, :disabled disabled, :type checkbox}, :content nil})} 
											 {:tag :td, :attrs {:class trackid}, :content (07)} 
											 {:tag :td, :attrs {:class song_name}, :content ({:tag :a, :attrs {:title , :href /song/2804}, :content (我只爱你)}  )} 
											 {:type :comment, :data  <td class="song_price">0.8米</td>  } 
																						 {:tag :td, :attrs {:class song_hot}, :content nil} 
											 {:tag :td, :attrs {:class song_hot_bar}, :content nil} 
																						 {:tag :td, :attrs {:class song_act}, :content (
																							 {:tag :div, :attrs {:style width:170px;_width:180px;, :class song_do}, :content (
 {:tag :a, :attrs {:onclick recommend('2804','32'), :title 推荐, :href javascript:void(0), :class song_digg}, :content ({:tag :span, :attrs nil, :content (推荐)})}  
 {:tag :a, :attrs {:onclick collect('2804');, :title 添加到精选集, :href javascript:void(0), :class song_toclt}, :content ({:tag :span, :attrs nil, :content (添加到am精选集)})} 
 {:tag :div, :attrs {:class song_menu}, :content (
 {:tag :a, :attrs {:title , :href javascript:void(0), :class song_more}, :content (更多)} 
 {:tag :span, :attrs {:class song_menu_drop}, :content (
 {:tag :em, :attrs nil, :content nil} 
 {:tag :a, :attrs {:title , :onclick tag(2804,3);, :href javascript:;}, :content (添加标签)} 
)} 
)})} 																						)} 

										)} 
																																								 {:tag :tr, :attrs {:class bg_grey}, :content (
											 {:tag :td, :attrs {:class chkbox}, :content ({:tag :input, :attrs {:name recommendids, :value 2805, :disabled disabled, :type checkbox}, :content nil})} 
											 {:tag :td, :attrs {:class trackid}, :content (08)} 
											 {:tag :td, :attrs {:class song_name}, :content ({:tag :a, :attrs {:title , :href /song/2805}, :content (雨夜)}  )} 
											 {:type :comment, :data  <td class="song_price">0.8米</td>  } 
																						 {:tag :td, :attrs {:class song_hot}, :content nil} 
											 {:tag :td, :attrs {:class song_hot_bar}, :content nil} 
																						 {:tag :td, :attrs {:class song_act}, :content (
																							 {:tag :div, :attrs {:style width:170px;_width:180px;, :class song_do}, :content (
 {:tag :a, :attrs {:onclick recommend('2805','32'), :title 推荐, :href javascript:void(0), :class song_digg}, :content ({:tag :span, :attrs nil, :content (推荐)})}  
 {:tag :a, :attrs {:onclick collect('2805');, :title 添加到精选集, :href javascript:void(0), :class song_toclt}, :content ({:tag :span, :attrs nil, :content (添加到am精选集)})} 
 {:tag :div, :attrs {:class song_menu}, :content (
 {:tag :a, :attrs {:title , :href javascript:void(0), :class song_more}, :content (更多)} 
 {:tag :span, :attrs {:class song_menu_drop}, :content (
 {:tag :em, :attrs nil, :content nil} 
 {:tag :a, :attrs {:title , :onclick tag(2805,3);, :href javascript:;}, :content (添加标签)} 
)} 
)})} 																						)} 

										)} 
																																								 {:tag :tr, :attrs nil, :content (
											 {:tag :td, :attrs {:class chkbox}, :content ({:tag :input, :attrs {:name recommendids, :value 2806, :disabled disabled, :type checkbox}, :content nil})} 
											 {:tag :td, :attrs {:class trackid}, :content (09)} 
											 {:tag :td, :attrs {:class song_name}, :content ({:tag :a, :attrs {:title , :href /song/2806}, :content (永远的那一天)}  )} 
											 {:type :comment, :data  <td class="song_price">0.8米</td>  } 
																						 {:tag :td, :attrs {:class song_hot}, :content nil} 
											 {:tag :td, :attrs {:class song_hot_bar}, :content nil} 
																						 {:tag :td, :attrs {:class song_act}, :content (
																							 {:tag :div, :attrs {:style width:170px;_width:180px;, :class song_do}, :content (
 {:tag :a, :attrs {:onclick recommend('2806','32'), :title 推荐, :href javascript:void(0), :class song_digg}, :content ({:tag :span, :attrs nil, :content (推荐)})}  
 {:tag :a, :attrs {:onclick collect('2806');, :title 添加到精选集, :href javascript:void(0), :class song_toclt}, :content ({:tag :span, :attrs nil, :content (添加到am精选集)})} 
 {:tag :div, :attrs {:class song_menu}, :content (
 {:tag :a, :attrs {:title , :href javascript:void(0), :class song_more}, :content (更多)} 
 {:tag :span, :attrs {:class song_menu_drop}, :content (
 {:tag :em, :attrs nil, :content nil} 
 {:tag :a, :attrs {:title , :onclick tag(2806,3);, :href javascript:;}, :content (添加标签)} 
)} 
)})} 																						)} 

										)} 
																																								 {:tag :tr, :attrs {:class bg_grey}, :content (
											 {:tag :td, :attrs {:class chkbox}, :content ({:tag :input, :attrs {:name recommendids, :value 2807, :disabled disabled, :type checkbox}, :content nil})} 
											 {:tag :td, :attrs {:class trackid}, :content (10)} 
											 {:tag :td, :attrs {:class song_name}, :content ({:tag :a, :attrs {:title , :href /song/2807}, :content (这一年过去了)}  )} 
											 {:type :comment, :data  <td class="song_price">0.8米</td>  } 
																						 {:tag :td, :attrs {:class song_hot}, :content nil} 
											 {:tag :td, :attrs {:class song_hot_bar}, :content nil} 
																						 {:tag :td, :attrs {:class song_act}, :content (
																							 {:tag :div, :attrs {:style width:170px;_width:180px;, :class song_do}, :content (
 {:tag :a, :attrs {:onclick recommend('2807','32'), :title 推荐, :href javascript:void(0), :class song_digg}, :content ({:tag :span, :attrs nil, :content (推荐)})}  
 {:tag :a, :attrs {:onclick collect('2807');, :title 添加到精选集, :href javascript:void(0), :class song_toclt}, :content ({:tag :span, :attrs nil, :content (添加到am精选集)})} 
 {:tag :div, :attrs {:class song_menu}, :content (
 {:tag :a, :attrs {:title , :href javascript:void(0), :class song_more}, :content (更多)} 
 {:tag :span, :attrs {:class song_menu_drop}, :content (
 {:tag :em, :attrs nil, :content nil} 
 {:tag :a, :attrs {:title , :onclick tag(2807,3);, :href javascript:;}, :content (添加标签)} 
)} 
)})} 																						)} 

										)} 
																													)} 
								)} 
															)} 
													)} 
						 {:tag :div, :attrs {:class sec_Rlt mgt30, :id comments}, :content (
	 {:tag :h3, :attrs nil, :content (受欢迎的乐评)} 
	 {:tag :div, :attrs {:class common_sec, :id comment}, :content (
		 {:tag :ul, :attrs {:class clearfix}, :content (
				)} 
		 {:tag :div, :attrs {:class creat_comment}, :content ({:tag :a, :attrs {:href /comment/add/id/228, :class bt_links}, :content ({:tag :span, :attrs nil, :content (写乐评)})})} 
	)} 
	 {:tag :div, :attrs {:class acts}, :content ({:tag :a, :attrs {:href /comment/list/id/228, :class more}, :content (更多乐评)})} 
	
	 {:tag :script, :attrs nil, :content (
		$(function(){
			$('.comment_acts').hover(function(){
				$(this).addClass('acts_hover');
			},function(){
				$(this).removeClass('acts_hover');
			});
			
			$(".comment_item_main .title .more").click(function(){
				var self = $(this);
				var CommetId = self.data("commetid");
				if(self.hasClass("open")){
					self.removeClass("open").addClass("close");
					this.innerHTML = "展开";
					this.title = "展开";
				}else{
					self.removeClass("close").addClass("open");
					this.innerHTML = "收起";
					this.title = "收起";
					
					var view = $("#review_"+CommetId+"_full").find('em').eq(0).html();
					$("#review_"+CommetId+"_full").find('em').eq(0).html(parseInt(view)+1);					
					$.getJSON('/ajax/add-comment-views',{'id':CommetId},function(data){
						
					});				
				}
				$("#review_"+CommetId+"_full").toggle();
				$("#review_"+CommetId+"_short").toggle();
			});
		});
	)} 
	
)} 
						

 {:tag :div, :attrs {:class comments_wall blank40, :id wall}, :content (
		 {:tag :h3, :attrs {:style position:relative, :class Ctitle}, :content (我来说两句
		)} 
		 {:tag :div, :attrs {:class common_sec}, :content (
				 {:tag :div, :attrs {:class a_wall_unlog}, :content ( 
			 {:tag :div, :attrs {:style padding:10px 0;text-align:center;, :class login_method clearfix}, :content (
				 {:tag :a, :attrs {:style margin:0 5px;, :href https://login.xiami.com/member/login?taobao=1}, :content ({:tag :img, :attrs {:style float:none, :height 24, :width 125, :src http://img.xiami.net/res/img/common/thirdparty/taobao125_24.jpg, :alt 用淘宝帐号登录}, :content nil})} 
				 {:tag :a, :attrs {:style margin:0 5px;, :onclick sinaLoginForMsg();return false;, :href javascript:;}, :content ({:tag :img, :attrs {:style float:none, :height 24, :width 125, :src http://img.xiami.net/res/img/common/thirdparty/weibo125_24.jpg, :alt 用微博帐号登录}, :content nil})} 
				 {:tag :a, :attrs {:style margin:0 5px;, :onclick qqLoginForMsg();return false;, :href javascript:;}, :content ({:tag :img, :attrs {:style float:none, :height 24, :width 125, :src http://img.xiami.net/res/img/common/thirdparty/qq125_24.jpg, :alt 用QQ帐号登录}, :content nil})} 
							)} 
			 {:tag :p, :attrs {:style text-align: center;}, :content (您需要登录后才可以留言，请用虾米帐号  {:tag :a, :attrs {:title 直接登录到虾米, :href https://login.xiami.com/member/login}, :content (登录)}  或  {:tag :a, :attrs {:title 注册虾米, :href /member/register}, :content (免费注册)})} 
		)} 
				
									 {:tag :div, :attrs {:id wall_list, :class wall_list}, :content (
			 {:tag :p, :attrs {:class wall_list_count}, :content ({:tag :span, :attrs nil, :content (1)} 条简评)} 
			 {:tag :ul, :attrs nil, :content (
		 {:tag :li, :attrs {:id 14191232}, :content (
		 {:tag :div, :attrs {:class post_item}, :content (
			 {:tag :p, :attrs {:class usr_cover}, :content ({:tag :a, :attrs {:title YUEMIZHE, :href http://www.xiami.com/u/6763428, :rel , :name_card 6763428}, :content (   {:tag :img, :attrs {:alt YUEMIZHE, :height 50, :width 50, :src http://img.xiami.net/images/avatar_new/135/26/6763428/6763428_1340530768_1.jpg}, :content nil}   )})} 
			 {:tag :div, :attrs {:class info}, :content (  {:tag :span, :attrs {:class author}, :content ({:tag :a, :attrs {:title YUEMIZHE, :name_card 6763428, :href http://www.xiami.com/u/6763428}, :content (YUEMIZHE)})} {:tag :span, :attrs {:class time}, :content (2013-03-02 20:26)} 
											 {:tag :span, :attrs {:class ageree}, :content ({:tag :a, :attrs {:rel 0, :onclick ageree(14191232,1), :class agereebox_14191232, :href javascript:;}, :content (赞(0))})} 
				 {:tag :span, :attrs {:class disageree}, :content ({:tag :a, :attrs {:rel 0, :onclick ageree(14191232,2), :class disagereebox_14191232, :href javascript:;}, :content (弱(0))})} 
							)} 
			 {:tag :div, :attrs {:class brief}, :content (
				 {:tag :div, :attrs {:id brief_14191232}, :content (会过去的
																)} 
				 )} 
		)} 
	)} 
	)} 
		)} 
			)} 
)} 

 {:tag :style, :attrs nil, :content (
#autoSuggestList{border:1px solid #b3b3b3; background-color:#ffffff; height:auto; text-align:left;padding:0px 6px 6px; border-radius:3px;}

#autoSuggestList li{margin-top:6px; cursor:pointer; line-height:24px; color:#363636;; padding-right:10px}
#autoSuggestList li.suggest_title{border-top:none; cursor:default;}
#autoSuggestList li img{display:block; float:left; margin-right:5px;}
#autoSuggestList li.on{background-color:#eeeeee}
textarea {font:normal 12px/1.5em Tahoma, simsun; overflow-y:auto; overflow-x:hidden; word-wrap: break-word;}

#textareaShadow em{ font-style:normal;}
)} 

 {:tag :script, :attrs {:src http://res.xiami.net/res/js/jquery/jquery.color.js, :type text/javascript}, :content nil} 
 {:tag :script, :attrs {:src http://res.xiami.net/res/js/jquery/editbox/jquery.editbox.js?v=20131014, :type text/javascript}, :content nil} 
 {:tag :script, :attrs {:src http://res.xiami.net/static/js/plug/jquery.autoSuggest.js?v=20130517, :type text/javascript}, :content nil} 

 {:tag :script, :attrs nil, :content (
var commentType = 1;
var object_id = parseInt(228);
var uid = parseInt('') || 0;
var content_txt = '';
var content_html = '';
var topic = '';
var relids = '';

function regReportEvent() {
    $('.post_item').each(function(i){
        var self = this;
        $(self).unbind('mouseenter.report mouseleave.report');
        $(self).bind('mouseenter.report',function(){
            temp = setTimeout(function(){
                $(self).children('.info').children('.report').children('.reportbox').show();
            }, 200);
        }).bind('mouseleave.report', function(){
            clearTimeout(temp);
            $(self).children('.info').children('.report').children('.reportbox').hide();
        });
    });
}
regReportEvent();

$(document).ready(function(){
	var $commentDiv 	= $("#wall_list"),
	$commentForm 	= $('#post_form'),
	$commentCount	= $('.wall_list_count').find('span');
	$btn_Submit 	= $commentForm.find('.bt_sub4w'),
	$textarea 		= $commentForm.find('textarea'),
	$count 			= $commentForm.find('.type_counts em'),
	regDelEvent	= function(){
		$('.delete a',$commentDiv).attr('onclick','').unbind()
		.click(function(){
			if(!confirm('确定要删除吗？')) return false;
			var $this = $(this);
			$this.hide().after($loading2);
			$.post($this.attr('href'),{mode:'ajax'},function(data){
				if(data == '1') {
					$this.parent().parent().parent().remove();
					var count = parseInt($commentCount.text()) - 1;
					$commentCount.text(count);
				} else {
					$this.show().next().remove();
					alert(data);
				}
			});
			return false;
		});
	},

	//重新注册editbox的事件
	regEvent	= function(){
		regDelEvent();
		$('.editbox').editbox();
		$('.rebox').editbox({type:'re',saveBtnValue:'回 复',afterAppend:regDelEvent});
		$('.quotebox').editbox({type:'quote',saveBtnValue:'回 复',afterAppend:regDelEvent});
		$('.hotrebox').editbox({type:'re',saveBtnValue:'回 复',afterAppend:regDelEvent});
	},

	//ajax翻页
	ajaxTurnPage	= function(data,type){
		if(data){
			var $wallCount = $(".wall_list_count").clone();
			$commentDiv.empty().append(data);
			$commentDiv.prepend($wallCount);
			//$(".all_page").find('a')[0].focus();
		}

		$("#wall_list .all_page>a").each(function(){
			var href=$(this).attr('href');
			var patrn=/page\/(\d+)/;
			var page = patrn.exec(href);
			if(page) {
				href = '/commentlist/turnpage/id/'+object_id+'/page/'+page[1]+'/ajax/1';
				$(this).attr('href','javascript:;').click(function(){
					var location = String(window.location).split("#");
					$("#wall_list .all_page").empty().append($loading2);
					$.post(href,{'type':type},function(data){window.location = location[0]+"#wall_list";ajaxTurnPage(data,type);});
				});
			}
		});
		regEvent();
		regReportEvent();
	};

	ajaxTurnPage('',commentType);
	$textarea.keyup(function(){
		var num = $textarea.val().length;
		$count.html(num.toString());
	});

	$btn_Submit.click(function(){
		var val = $textarea.val();
		var num = val.length;

		if(num<1||/^\s*$/.test(val)) {alert('内容不能为空');return false;}
		if(num>300) {alert('输入内容请限制在300字以内');return false;}

		$btn_Submit.hide().after($loading2);
		if(commentType==23||commentType==25||commentType==24||commentType==30||commentType==12){
			var sendshare = $('#sendshare').val();
			if(sendshare==1) {
				var querydata = {
					relids:relids,
					type:commentType,
					oid:object_id,
					content:val,
					mode:'ajax',
					_xiamitoken:_xiamitoken,
					sendshare:sendshare,
					'content_txt':encodeURIComponent(content_txt),
					'content_html':encodeURIComponent(content_html),
					'topic':encodeURIComponent(topic)
				};
			}else {
				var querydata = {type:commentType,oid:object_id,content:val,relids:relids,mode:'ajax',_xiamitoken:_xiamitoken};
			}
		}else{
			var querydata = {type:commentType,oid:object_id,content:val,relids:relids,mode:'ajax',_xiamitoken:_xiamitoken};	
		}
	
		$.getJSON('/commentlist/add', querydata, function(data){
			$btn_Submit.fadeIn().next().remove();
			if(data.status=='failed') {alert(data.msg);return;}
			$count.html('0');
			if(!topic) {
				$textarea.val('');
				$textarea.next().val('');
			}else {
				$textarea.val(topic) ;
			}
			$commentDiv.find('ul').prepend(data.output);
			regEvent();

			var count = parseInt($commentCount.text()) + 1;
				$commentCount.text(count);
			var $c = $commentDiv.find('ul').children();
			var $last = $($c[0]);
			//$('a',$last).focus();
			//window.scrollTo(0,$(".comments_wall").offset().top);
			$last.hide().fadeIn('fast').animate({backgroundColor:'#FFE222'},'slow').animate({backgroundColor:'#ffffff'},1800);
		});
     
		relids = '';
		return false;
	});
	
	$("textarea[node-type=autoSuggest]").autoSuggest( "/relation/fetch", uid);
});
function detail_report(id,type){
	var url = '/ajax/report/id/'+ encodeURIComponent(id)+'/type/'+encodeURIComponent(type);
	showDialog(url);
}



function ageree(id,state){
	var querydata = {'id':id,'state':state,'user_id':uid,'mode':'ajax', '_xiamitoken':_xiamitoken};
	$.ajax({
		url:'/commentlist/ageree/',
		type: 'GET',
		data:querydata,
		dataType: 'json',
		timeout: 2000,
		beforeSend: function(){
		},
		error: function(data){	
			var url = '/commentlist/ageree/id/'+ encodeURIComponent(id)+'/state/'+encodeURIComponent(state);
			showDialog(url);
		},
		success: function(data){			
			if(data.status==1){
				if(state==1){
					var v = parseInt($('.agereebox_'+id).attr('rel'))+1;
					$('.agereebox_'+id).html('赞('+v+')');
				}else if(state==2){
					var v = parseInt($('.disagereebox_'+id).attr('rel'))+1;	
					$('.disagereebox_'+id).html('弱('+v+')');
				}				
			}
		}
	});	
}

$("#sendshare").click(function() {
    var val = $("#sendshare").val();
    if(val==1) $("#sendshare").val(0);
    if(val==0) $("#sendshare").val(1);   
});

var Renren={
	ApiKey:'8521f0afe9404fafbd73d063dd258df0',
	Receiver:'/renren/xd-receiver',
	CallBack:'/renren/login',
	Init:function(){
		var self=this;
		XN_RequireFeatures(["Connect"], function(){
			XN.Main.init(self.ApiKey,self.Receiver,{"doNotUseCachedConnectState":true,'permsToRequestOnConnect':'publish_feed'});
		});
	},
	
	Login:function(){
		XN.Connect.requireSession(function(){
			window.location='/renren/login';
		});
		setTimeout(function(){
			$('#shadow').remove();
			}, 300);
	},
	
	Logout:function(){
		var self=this;
		XN_RequireFeatures(["Connect"], function(){
			XN.Main.init(self.ApiKey,self.Receiver);
			XN.Connect.get_status().waitUntilReady(function (login_state) {
				if (login_state != XN.ConnectState.connected) self.Init();
				else {
					var $msg = $('#logoutMsg').find('ul');
					$msg.append('<li style="display:none">正在等待人人连接的退出! 请稍侯...</li>');
					var $last = $msg.find('li:last');
					$last.fadeIn();
					var timer = setInterval(function(){$last.html($last.html()+'.');},500);
					XN.Connect.logout(function () {
						clearInterval(timer);
						$last.html('人人连接已成功退出！');
						setTimeout(function(){$last.fadeOut();},3000);
						self.Init();
					});
				}
			});
		});
	}
};

window.renrenLogin=Renren.Login;

window.sinaLoginForMsg = function(){
	openWind("/sina?done");
};
window.renLoginForMsg = function() {
	openWind("/renren/goon?done");
};
window.qqLoginForMsg = function() {
	openWind("/share/connect/type/qzone?done");
};
window.taoLoginForMsg = function() {
	openWind("xxx");
};
)} 
					)} 
				)} 
				 {:tag :div, :attrs {:id sidebar}, :content (
										 {:tag :div, :attrs {:data-spm 6856593, :class music_counts}, :content (
						 {:tag :ul, :attrs {:class clearfix}, :content (
							 {:tag :li, :attrs {:class line}, :content ({:tag :em, :attrs {:id play_count_num}, :content nil} {:tag :span, :attrs nil, :content (试听)})} 
							 {:tag :li, :attrs {:class line}, :content (1 {:tag :span, :attrs nil, :content (收藏)})} 
							 {:tag :li, :attrs nil, :content ({:tag :a, :attrs {:title , :href #wall}, :content ({:tag :i, :attrs {:property v:count}, :content (1)} {:tag :span, :attrs nil, :content (评论)})})} 
						)} 
					)} 
					
					 {:tag :div, :attrs {:class block mgt20, :id album_fans_block}, :content (
						                        											)} 
                                         {:tag :div, :attrs {:data-spm 6856597, :class adm_block mgt20}, :content ({:type :comment, :data  Muisc-Album_Right_300x250 } {:tag :script, :attrs {:type text/javascript}, :content (GA_googleFillSlot("Muisc-Album_Right_300x250");)})} 
					                    
					 {:tag :div, :attrs {:class block sec_Rlt mgt20, :id album_tags_block}, :content (
						 {:tag :h3, :attrs nil, :content (专辑标签)} 
						 {:tag :div, :attrs {:class content clearfix}, :content (
							
						)} 
						 {:tag :div, :attrs {:class acts}, :content ({:tag :a, :attrs {:class more, :href /album/moretags/id/228}, :content (更多标签)})} 
					)} 
                     {:tag :div, :attrs {:class add2group}, :content ({:tag :a, :attrs {:title , :onclick groupalbum('228'), :href javascript:}, :content (收藏此专辑到我的小组)}  )} 
                    
                    					 {:tag :div, :attrs {:class who_pub blank25}, :content (
						 {:tag :p, :attrs nil, :content (为该专辑做出贡献的有：
						 {:tag :a, :attrs {:target _blank, :href /u/4605}, :content ({:tag :span, :attrs nil, :content (ceo007 {:tag :a, :attrs {:style display:inline, :title 虾米Vip, :target _blank, :href http://www.xiami.com/vip}, :content ({:tag :i, :attrs {:class icon icon_vip}, :content nil})})})} 
												)} 
						
					)} 
					                    
					 {:tag :div, :attrs {:class amend mgt20}, :content (
						 {:tag :ul, :attrs nil, :content (
							 {:tag :li, :attrs nil, :content ({:tag :a, :attrs {:class report, :target _blank, :href /wiki/addalbum?id=228}, :content ({:tag :i, :attrs nil, :content nil} 专辑信息报错与补充)})} 
						)} 
					)} 
				)} 
			)} 
						 {:tag :div, :attrs {:data-spm 6856581, :id nav}, :content (
								 {:tag :a, :attrs {:class , :href /artist/67}, :content (艺人概览)} 
				 {:tag :a, :attrs {:class , :href /artist/profile/id/67}, :content (档案)} 				
				 {:tag :a, :attrs {:class current, :href /artist/album/id/67}, :content (专辑)} 				
				 {:tag :a, :attrs {:class , :href /artist/top/id/67}, :content (热门歌曲)} 				
				 {:tag :a, :attrs {:class , :href /artist/pic/arid/67}, :content (乐迷相册)} 
				 {:tag :a, :attrs {:class , :href /artist/similar/id/67}, :content (相似艺人)} 
				 {:tag :a, :attrs {:class  last, :href /artist/fans/id/67}, :content (粉丝)} 
							)} 
			 {:tag :div, :attrs {:style margin-left:111px;, :class adm_block mgt20}, :content ({:type :comment, :data  Muisc-Album_Bottom_300x250 } {:tag :script, :attrs {:type text/javascript}, :content (GA_googleFillSlot("Muisc-Album_Bottom_300x250");)})} 
		)} 
	)} 
)} 
 {:tag :script, :attrs {:language javascript}, :content (
var aid=228;
var arid = 67;
var search_site = 'http://www.xiami.com';

function page_review(id,num){
	var url = '/album/review/id/'+ encodeURIComponent(id) + '/num/'+ encodeURIComponent(num)+'/nolink/1';
	showDialog(url);
}

function getQuote(type,id){
	var url = '/ajax/getquote/type/'+ encodeURIComponent(type)+'/id/'+encodeURIComponent(id);
	showDialog(url);
}
$(document).ready(function() {
	$('#cover_lightbox').lightBox({
		imageLoading:'http://img.xiami.net/res/js/jquery/jquery_lightbox_images/lightbox-ico-loading.gif',
		imageBtnPrev:'http://img.xiami.net/res/js/jquery/jquery_lightbox_images/lightbox-btn-prev.gif',	
		imageBtnNext:'http://img.xiami.net/res/js/jquery/jquery_lightbox_images/lightbox-btn-next.gif',
		imageBtnClose:'http://img.xiami.net/res/js/jquery/jquery_lightbox_images/lightbox-btn-close_tiny.gif',
		imageBlank:'http://img.xiami.net/res/js/jquery/jquery_lightbox_images/lightbox-blank.gif'
	});
	var delGrade = $(".delGrade");
	$(".grade").hover(function(){
		delGrade.show();
	},function(){
		delGrade.hide();
	});
	delGrade.bind('click',function(){
		var $this = $(this);
		$this.siblings('a').removeClass('selected');
		$.getJSON('/album/review',{grade:0,id:aid,submit:1,mod:'ajax',_xiamitoken:_xiamitoken},function(data){
			if(data.status=='failed'){alert(data.msg);return;}
			$this.siblings('input').val('0');
			window.location.reload();
		});
	});
	/**/
	var target='.grade a';
	//var i=parseInt($('#album_cover .grade_v').val());
	var i = '';
	if(parseInt($('#album_cover .grade_v').val())){
		for (j=0; j<i; j++){$($(target).get(j)).addClass('selected');}
		$('.grade span').text($($(target).get(i-1)).text());
	}
	$(target).mouseover(function(){
		$(target).removeClass('hover').removeClass('selected');
		var i=parseInt($(target).index($(this)[0])); 
		for (j=0; j<=i; j++){$($(target).get(j)).addClass('hover');}
		$('.grade span').text($(this).text()); 
	}).click(function(){
		$(target).removeClass('hover').removeClass('selected');
		var i=parseInt($(target).index($(this)[0])); 
		for (j=0; j<=i; j++){$($(target).get(j)).addClass('selected');}
		$('#album_cover .grade_v').val(i+1);
		//$('.grade span').text($(this).text());
	}).mouseout(function(){
		$(target).removeClass('hover').removeClass('selected');
		var i=parseInt($('#album_cover .grade_v').val());		
		for (j=0; j<i; j++){$($(target).get(j)).addClass('selected');}
		if(!parseInt($('#album_cover .grade_v').val())){
		$('.grade span').text('');
		}else{
		$('.grade span').text($($(target).get(i-1)).text());
		}
	});
	/**/

	$('#album_acts').mouseenter(function(){
		$(this).addClass('acts_hover');
		$('.do_fav').mouseenter(function(){
			$(this).find('ul').show();
		})
		.mouseleave(function(){
			$(this).find('ul').hide();
		});
	})
	.mouseleave(function(){
		$(this).removeClass('acts_hover');
	});

	//专辑试听数
	var playCount = 0;
	var temp = $('.song_hot');
	for(var i=0;i<temp.length;i++){
		playCount += $(temp[i]).text()-0;
	}
	$('#play_count_num').html(playCount);
	
	$(".album_intro_toggle a").toggle(
		function() {
			$("#album_intro").removeClass("intro_less");
			$(this).attr('id','show_less').html("收缩");
		},
		function() {
			$("#album_intro").addClass("intro_less");
			$(this).attr('id','show_more').html("详细");
		}
	);
});
	//提交音频
	$('#submit_music').hover(function(){
		$(this).find('.show_tips').show();
	},function(){
		$(this).find('.show_tips').hide();
	});
$('#more_btn').bind("click", function(){
	if (!$(this).hasClass("song_less")) {
		$(this).html('- 更少').addClass("song_less");
		$('.share_btns').hide();
		$('#full_share').show();
	} else {
		$(this).html('+ 更多').removeClass("song_less");
		$('#full_share').hide();
		$('.share_btns').show();
	}
});
)} 


 {:tag :style, :attrs nil, :content (
	.sitemap dl dd a{
		background: none;
		padding: 0;
	}
	
	.sitemap dl dd{
		padding: 0;
		line-height: 22px;
	}

	.sitemap dl{
		margin: 0;
	}
	.sitemap dl dt{ 
	font-size: 12px;
	line-height: 22px;
	}
	#footer {zoom:1;}
)} 


 {:tag :div, :attrs {:data-spm 1110930425, :id footer}, :content (
	 {:tag :div, :attrs {:class gap}, :content (
	 {:tag :div, :attrs {:class wrapper}, :content (
		 {:tag :div, :attrs {:class content}, :content (
			 {:tag :div, :attrs {:class sitemap}, :content (
				
				 {:tag :dl, :attrs nil, :content (
					 {:tag :dt, :attrs nil, :content (关于)} 
					 {:tag :dd, :attrs nil, :content ({:tag :a, :attrs {:href /about, :title 关于我们}, :content (关于我们)})} 
					 {:tag :dd, :attrs nil, :content ({:tag :a, :attrs {:href /job, :title 虾米招聘}, :content (虾米招聘)} {:tag :sup, :attrs {:class hot}, :content nil})} 
										 {:tag :dd, :attrs nil, :content ({:tag :a, :attrs {:href /musician-contact, :title 独立音乐人合作}, :content (独立音乐人合作)})} 
					 {:tag :dd, :attrs nil, :content ({:tag :a, :attrs {:href /contact, :title 联系我们}, :content (联系我们)})} 
					 {:tag :dd, :attrs nil, :content ({:tag :a, :attrs {:href /links, :title 友情链接}, :content (友情链接)})} 
				)} 
				
				 {:tag :dl, :attrs nil, :content (
					 {:tag :dt, :attrs nil, :content (特色服务)} 
					 {:tag :dd, :attrs nil, :content ({:tag :a, :attrs {:href /vip, :title 虾米 VIP}, :content (虾米 VIP)})} 
					 {:tag :dd, :attrs nil, :content ({:tag :a, :attrs {:href /relation/talentcollect, :title 音乐达人}, :content (音乐达人)})} 
					 {:tag :dd, :attrs nil, :content ({:tag :a, :attrs {:href /group, :title 虾米小组}, :content (虾米小组)})} 
					 {:tag :dd, :attrs nil, :content ({:tag :a, :attrs {:href http://loop.xiami.com/, :title 虾米 LOOP}, :content (虾米 LOOP)})} 
					 {:tag :dd, :attrs nil, :content ({:tag :a, :attrs {:href /widget, :title 虾米播播}, :content (虾米播播)})} 
					 {:tag :dd, :attrs nil, :content ({:tag :a, :attrs {:href /events, :title 音乐专题}, :content (音乐专题)})} 
										
				)} 
				
				 {:tag :dl, :attrs nil, :content (
					 {:tag :dt, :attrs nil, :content (虾米云音乐)} 
					 {:tag :dd, :attrs nil, :content ({:tag :a, :attrs {:href /apps/iphone, :title 虾米 for iPhone}, :content (虾米 for iPhone)} {:tag :sup, :attrs {:class hot}, :content nil})} 
					 {:tag :dd, :attrs nil, :content ({:tag :a, :attrs {:href /apps/android, :title 虾米 for Android}, :content (虾米 for Android)})} 
					 {:tag :dd, :attrs nil, :content ({:tag :a, :attrs {:href /apps/win, :title 虾米 for Windows}, :content (虾米 for Windows)})} 
					 {:tag :dd, :attrs nil, :content ({:tag :a, :attrs {:href /apps/mac, :title 虾米 for Mac}, :content (虾米 for Mac)})} 
					 {:tag :dd, :attrs nil, :content ({:tag :a, :attrs {:href /apps/ipad, :title 虾米 for iPad}, :content (虾米 for iPad)})} 
				)} 

				
				 {:tag :dl, :attrs nil, :content (
					 {:tag :dt, :attrs nil, :content (更多)} 
					 {:tag :dd, :attrs nil, :content ({:tag :a, :attrs {:href /music/category, :title 分类找歌}, :content (分类找歌)})} 
					 {:tag :dd, :attrs nil, :content ({:tag :a, :attrs {:href /websitehelp, :title 帮助中心}, :content (帮助中心)})} 
					 {:tag :dd, :attrs nil, :content ({:tag :a, :attrs {:href /wiki/addalbum, :title 添加虾米还没有的资料}, :content (添加虾米还没有的资料)})} 
					 {:tag :dd, :attrs nil, :content ({:tag :a, :attrs {:href /music/want, :title 提交大家想要的专辑}, :content (提交大家想要的专辑)})} 
					 {:tag :dd, :attrs nil, :content ({:tag :a, :attrs {:href /group/join/id/10147?done=/group/thread-new/id/10147, :title 给虾米提意见}, :content (给虾米提意见)})} 
					 {:tag :dd, :attrs nil, :content ({:tag :a, :attrs {:href /software/allegro, :title 虾传}, :content (虾传)})} 
				)} 
			)} 
				
			 {:tag :div, :attrs {:class cooperation}, :content (
							)} 

		)} 
		 {:tag :div, :attrs {:class ali_group}, :content (
			 {:tag :a, :attrs {:href http://page.1688.com/shtml/about/ali_group1.shtml}, :content (阿里巴巴集团)} 
			 {:tag :b, :attrs nil, :content (|)} 
			 {:tag :a, :attrs {:href http://www.alibaba.com}, :content (阿里巴巴国际站)} 
			 {:tag :b, :attrs nil, :content (|)} 
			 {:tag :a, :attrs {:href http://www.1688.com}, :content (阿里巴巴中国站)} 
			 {:tag :b, :attrs nil, :content (|)} 
			 {:tag :a, :attrs {:href http://www.aliexpress.com}, :content (全球速卖通)} 
			 {:tag :b, :attrs nil, :content (|)} 
			 {:tag :a, :attrs {:href http://www.taobao.com}, :content (淘宝网)} 
			 {:tag :b, :attrs nil, :content (|)} 
			 {:tag :a, :attrs {:href http://www.tmall.com}, :content (天猫)} 
			 {:tag :b, :attrs nil, :content (|)} 
			 {:tag :a, :attrs {:href http://ju.taobao.com}, :content (聚划算)} 
			 {:tag :b, :attrs nil, :content (|)} 
			 {:tag :a, :attrs {:href http://www.etao.com}, :content (一淘)} 
			 {:tag :b, :attrs nil, :content (|)} 
			 {:tag :a, :attrs {:href http://www.alimama.com}, :content (阿里妈妈)} 
			 {:tag :b, :attrs nil, :content (|)} 
			 {:tag :a, :attrs {:href http://trip.taobao.com}, :content (淘宝旅行)} 
			 {:tag :b, :attrs nil, :content (|)} 
			 {:tag :a, :attrs {:href http://www.xiami.com}, :content (虾米)} 
			 {:tag :b, :attrs nil, :content (|)} 
			 {:tag :a, :attrs {:href http://www.aliyun.com}, :content (阿里云计算)} 
			 {:tag :b, :attrs nil, :content (|)} 
			 {:tag :a, :attrs {:href http://www.yunos.com}, :content (云OS)} 
			 {:tag :b, :attrs nil, :content (|)} 
			 {:tag :a, :attrs {:href http://www.net.cn}, :content (万网)} 
			 {:tag :b, :attrs nil, :content (|)} 
			 {:tag :a, :attrs {:href http://www.alipay.com}, :content (支付宝)} 
			 {:tag :b, :attrs nil, :content (|)} 
			 {:tag :a, :attrs {:href http://www.laiwang.com/}, :content (来往)} 
		)} 
		 {:tag :div, :attrs {:class extra}, :content (
			 {:tag :div, :attrs {:class sns}, :content (
				关注虾米： 
				 {:tag :a, :attrs {:title 新浪微博, :href http://t.sina.com.cn/xiamixiamixiami}, :content ({:tag :b, :attrs {:class icon sina}, :content nil})} 
				 {:tag :a, :attrs {:title 人人网, :href http://page.renren.com/699099957/index}, :content ({:tag :b, :attrs {:class icon renren}, :content nil})} 
				 {:tag :a, :attrs {:title QQ 空间, :href http://new.qzone.qq.com/810167634}, :content ({:tag :b, :attrs {:class icon qzone}, :content nil})} 
				 {:tag :a, :attrs {:title 腾讯微博, :href http://t.qq.com/xiaxiaomi}, :content ({:tag :b, :attrs {:class icon tqq}, :content nil})} 
								 {:tag :a, :attrs {:title 豆瓣, :href http://www.douban.com/people/xiaxiaomi}, :content ({:tag :b, :attrs {:class icon douban}, :content nil})} 
							)} 
			
			 {:tag :div, :attrs {:class copyright}, :content (© 2007 -  {:tag :script, :attrs nil, :content (document.write(new Date().getFullYear());)}   {:tag :a, :attrs {:href http://www.xiami.com/}, :content (杭州缪斯客网络科技有限公司)}  -  {:tag :a, :attrs {:title 网站地图, :href /sitemap}, :content (网站地图)}   {:tag :strong, :attrs {:title give music a chance, :class xiami_motto ti}, :content ("give music a chance")} {:tag :br, :attrs nil, :content nil} {:tag :a, :attrs {:target _blank, :href http://img.xiami.net/res/v3/img/wenwangwen.jpg}, :content (浙网文[2011]0012-005号)}      {:tag :a, :attrs {:title 浙ICP备08103200号-2, :target _blank, :href http://www.miibeian.gov.cn/}, :content (浙ICP备08103200号-2)}      {:tag :a, :attrs {:target _blank, :href http://img.xiami.net/res/v3/img/icp.jpg}, :content (经营许可证编号 浙B2-20110188)}     阿里巴巴旗下网站)} 
		)} 
	)} 
	)} 
)} 
 {:type :comment, :data  #footer}  

 {:tag :a, :attrs {:class t_hide, :href javascript:void(0);, :id gotop}, :content (Top)} 

 {:tag :div, :attrs {:style display:none;, :id personal_hover}, :content nil} 
 {:tag :textarea, :attrs {:style display:none;, :id personal_hover_tpl}, :content (
	)} {:tag :div, :attrs {:class lightShadow, :id personal_hover_shadow}, :content nil} 
	 {:tag :div, :attrs {:id personal_hover_inner}, :content (
	 {:tag :a, :attrs {:title  %gmt_access% , :href http://www.xiami.com/u/%uid%, :id personal_hover_link}, :content ({:tag :img, :attrs {:height 50, :width 50, :src %avatar%, :id personal_hover_img}, :content nil})} 
	 {:tag :img, :attrs {:alt , :height 50, :width 50, :src http://img.xiami.net/res/img/default/loading50x50.gif, :id personal_hover_pulser_img, :class hidden}, :content nil} 
	 {:tag :div, :attrs {:id personal_trigger_bar}, :content (
	 {:tag :a, :attrs {:title , :href javascript:;, :id personal_menu_down, :class personal_drop}, :content (更多内容)} 
	 {:tag :div, :attrs {:style display:none;, :class personal_buddy_menus, :id personal_menu_show}, :content (
	 {:tag :span, :attrs {:class blank_block}, :content nil} 
	 {:tag :p, :attrs {:id personal_relationship_g}, :content ({:tag :span, :attrs {:class be_contacts}, :content ({:tag :strong, :attrs nil, :content (%nick_name%)})})} 
	 {:tag :div, :attrs {:id personal_menu_other_div}, :content (
		 {:tag :a, :attrs {:title %nick_name%的个人主页, :href http://www.xiami.com/u/%uid%, :class blocks, :id personal_o_index}, :content (%nick_name%的个人主页)} 
 {:type :comment, :data 		<a id="personal_o_minifeed"  class="blocks" href="http://www.xiami.com/space/feed/u/%uid%" title="近况">近况</a>} 
		 {:tag :a, :attrs {:title %nick_name%的音乐库, :href http://www.xiami.com/space/lib-song/u/%uid%, :class blocks, :id personal_o_library}, :content (音乐库)} 
         {:tag :a, :attrs {:title %nick_name%的分享, :href http://www.xiami.com/space/rec/u/%uid%, :class blocks, :id personal_o_recommend}, :content (分享)} 
         {:tag :a, :attrs {:title %nick_name%的关注和粉丝, :href http://www.xiami.com/space/following/u/%uid%, :class blocks, :id personal_o_contact}, :content (关注/粉丝)} 
		 {:tag :a, :attrs {:title %nick_name%的精选集, :href http://www.xiami.com/space/collect/u/%uid%, :class blocks, :id personal_o_collect}, :content (精选集)} 
 {:type :comment, :data 		<a id="personal_o_charts"  class="blocks" href="http://www.xiami.com/space/charts/u/%uid%" title="个人排行榜">个人排行榜</a>} 
		 {:tag :a, :attrs {:title %nick_name%参与过的话题, :href http://www.xiami.com/space/group-thread/u/%uid%, :class blocks, :id personal_o_topic}, :content (参与的话题)} 
	)} 
	 {:tag :a, :attrs {:title 发站内信, :href http://www.xiami.com/member/sendpm?to_user_id=%uid%, :class blocks_out, :id personal_msgsned}, :content (发站内信)} 
	 {:tag :a, :attrs {:title 加入黑名单, :onclick blacklist('%uid%');return false;, :href javascript:;, :class blocks_out, :id personal_block_usr}, :content (加入黑名单)} 
	 {:tag :div, :attrs {:id person_menu_self_div}, :content nil} 
	)} 
	)} 
	)} 




 {:tag :script, :attrs nil, :content (
;(function($){
	$.fn.personalDropMenu = function(settings){
		var defaults = {
			menuDiv: '#personal_hover',
			tplDiv: '#personal_hover_tpl',
			dropdownArrow:'#personal_menu_down',
			myUid: 0
		};
        
		$.extend(defaults, settings);
        
		var $menuDiv,menuDiv_html,$tplDiv;
		$menuDiv = $(defaults.menuDiv);
		$tplDiv = $(defaults.tplDiv);
		menuDiv_html = $tplDiv.val();//保存原始的html        
		$menuDiv.bind('mouseleave',function(){$(this).hide();});
		window.isFriendshipQueryed=false;
		var friends;
		var setFriendHtml = function(uid,$obj){
			$obj.next().remove();
			if(uid == defaults.myUid) {
				$obj.html('<strong>你自己</strong>');
				$menuDiv.find('#personal_block_usr').remove();
				$menuDiv.find('#personal_msgsned').remove();
			}else if(!friends){
				$obj.after('<span class="be_stranger"><a href="javascript:;" onclick="attention('+uid+',1);">(加关注)</a></span>');
			}else if(friends['f_'+uid] && friends['f_'+uid]=="1"){
				$obj.after('<span class="be_stranger"> 已关注 <a href="http://www.xiami.com/member/attention/uid/'+uid+'/type/2?_xiamitoken='+_xiamitoken+'" onclick="return confirm(\'确定要取消吗？\');">(取消关注)</a></span>');
			}else if(friends['f_'+uid] && friends['f_'+uid]=="2"){
				$obj.after('<span class="be_stranger"> 已关注 <a href="http://www.xiami.com/member/attention/uid/'+uid+'/type/2?_xiamitoken='+_xiamitoken+'" onclick="return confirm(\'确定要取消吗？\');">(取消关注)</a></span>');
			}else if(friends['f_'+uid] && friends['f_'+uid]=="3"){
				$obj.after('<span class="be_stranger"> 已加入黑名单 <a href="http://www.xiami.com/member/attention/uid/'+uid+'/type/2?_xiamitoken='+_xiamitoken+'" onclick="return confirm(\'确定要取消吗？\');">(取消)</a></span>');
				$menuDiv.find('#personal_block_usr').remove();
				$menuDiv.find('#personal_msgsned').remove();
			}else{
				$obj.after('<span class="be_stranger"><a href="javascript:;" onclick="attention('+uid+',1);">(加关注)</a></span>');
			}
		};
        
		return this.each(function(){
			var $this;
			$this = $(this);
			$this.mouseover(function(){
				var params ={
					uid: /\d+/.exec($this.attr('href')),
					avatar: $this.find('img').attr('src'),
					nick_name:$this.attr('title'),
					gmt_access:$this.attr('rel')
				};
				if(params.gmt_access!='') params.gmt_access = "来访时间: "+params.gmt_access;
				var html = menuDiv_html.parseTpl(params);
				//var rects = $this[0].getBoundingClientRect();
				var rects = $this.offset();
				var bodyRects = $('body')[0].getBoundingClientRect();
				//var left = rects.left - bodyRects.left - 6;
				//var top = rects.top - bodyRects.top - 6;
				var left = rects.left - 6;
				var top = rects.top - 6;
				$menuDiv.css({'top':top,'left':left});
				$menuDiv.html(html).show();
				if(params.gmt_access=='') $menuDiv.find('#personal_hover_link').attr('title','');
				$menuDiv.find(defaults.dropdownArrow).click(function(){
					var $this = $(this);
					var $next = $this.next();
					$this.toggleClass('active')
					$next.toggle();
					if($next.css('display')!='block') return;
					$relation = $next.find('.be_contacts');
					if(params.uid ==defaults.myUid) {setFriendHtml(params.uid,$relation); return; }     
					if(isFriendshipQueryed){ setFriendHtml(params.uid,$relation); return; }                    
					if(!myUid) return;
					$relation.after($loading2);
					$.getJSON('/member/get-friends/_xiamitoken/'+_xiamitoken,function(data){
						try{
							$relation.next().remove();
							if(data.status == 'failed'){return false;}
							isFriendshipQueryed = true;
							friends = data.friends;
							setFriendHtml(params.uid,$relation);
						}catch(e){alert('Warning:something wrong! Please retry!');return;}
					});
				});
			});
		});
	};
})(jQuery);


// var myUid = parseInt('');
// $('.personalDropDown').personalDropMenu({myUid:myUid});
)} 

 {:tag :script, :attrs nil, :content (
_xiamitoken = '00d3c9dd4b2e4a778d12c047b34fe15a';


$(document).ready(function(){
	$('body').click(function(e){
		$(".ctrl_gears_more").addClass('hidden');
		$(".bt_cdgears").removeClass('active');	
	});
	
	$("#web_loading").remove();

	$(".song_menu").mouseover(function() {
		$(this).css('z-index','6').children('span').show();
	}).mouseout(function() {
		$(this).css('z-index','5').children('span').hide();
	});

	$(".bt_cdgears").mouseover(function(){$(this).addClass('active').next().removeClass('hidden').show();});
	BackTop('gotop');
	
	// if ($.cookie('fools_day') != 1) {
	// 	var now = new Date();
	// 	var close_date = new Date('2012/4/2');
	// 	var begin_date = new Date('2012/4/1');
	// 	if (close_date.getTime()-now.getTime()>0 && now.getTime()-begin_date.getTime()>0) {
	// 		var rabbit_hole = Math.ceil(Math.random()*4);
	// 		if (rabbit_hole != 3) {
	// 			setTimeout(function() {
	// 				$.cookie('fools_day', 1 , { expires: 3, path: '/', domain: '.xiami.com'});
	// 				location.href = '/event/heavenconcert';
	// 			}, 3000);
	// 		}
	// 	}
	// }
});
var BackTop=function(btnId){
	var btn=document.getElementById(btnId);
	var browserName=navigator.userAgent.toLowerCase();
	if(/chrome/i.test(browserName) && /webkit/i.test(browserName) && /mozilla/i.test(browserName)){
	    var d = document.body;
	}else if(/webkit/i.test(browserName) && !this.chrome){
		var d = document.body;
	}else{
	    var d = document.documentElement ? document.documentElement : document.body;
	}
	/*var d = document.documentElement ? document.documentElement : document.body;*/
	window.onscroll=set;
	btn.onclick=function (){
		btn.className = 't_hide';
		window.onscroll=null;
		this.timer=setInterval(function(){
			//d.scrollTop = 0;
			d.scrollTop-=Math.ceil(d.scrollTop*0.8);
			if(d.scrollTop==0) clearInterval(btn.timer,window.onscroll=set);
		},10);
	};
	function set(){
		btn.className = d.scrollTop >= 1200 ? 't_show' : 't_hide';
	}
};
var checkFlash=function(a){var b='检测到您系统Flash插件版本过低,为了更好的使用虾米音乐,请升级您的Flash插件, <a href="http://get.adobe.com/cn/flashplayer/" target="_blank" style="color:#36c">马上升级</a>',c=function(){var a,c,b=document.body.children||document.body.childNodes;for(c=0;c<b.length;c++)if(1==b[c].nodeType){a=b[c];break}return a}(),d=function(){var c,a=navigator,b=0;if(a.plugins&&a.mimeTypes.length)c=navigator.plugins["Shockwave Flash"],c&&(b=c.description.replace(/.*\s(\d+\.\d+).*/,"$1"));else try{c=new window.ActiveXObject("ShockwaveFlash.ShockwaveFlash"),c&&(b=c.GetVariable("$version"))}catch(d){}return b}(),e=function(){var a=document.createElement("div");a.innerHTML=b,a.style.backgroundColor="#FFF9D7",a.style.borderBottom="1px solid #E3C823",a.style.fontWeight="bold",a.style.lineHeight="30px",a.style.textAlign="center",a.style.color="#f60",document.body.insertBefore(a,c)},f=d?d.match(/\d+/g):-1,g=f.length>0?f.join("."):0;return!g||parseInt(f[0],10)<a?(e(),!1):!0}(9);
)}  



 {:tag :script, :attrs {:type text/javascript}, :content (
  var _gaq = _gaq || [];
  _gaq.push(['_setAccount', 'UA-32929566-1']);
  _gaq.push(['_setDomainName', 'xiami.com']);
  _gaq.push(['_trackPageview']);

  (function() {
    var ga = document.createElement('script'); ga.type = 'text/javascript'; ga.async = true;
    ga.src = ('https:' == document.location.protocol ? 'https://ssl' : 'http://www') + '.google-analytics.com/ga.js';
    var s = document.getElementsByTagName('script')[0]; s.parentNode.insertBefore(ga, s);
  })();
)} 


 {:tag :div, :attrs {:style display:none}, :content (
 {:tag :script, :attrs {:charset gb2312, :language JavaScript, :src http://s95.cnzz.com/stat.php?id=921634&web_id=921634}, :content nil} 
 {:tag :script, :attrs {:language JavaScript, :src http://s16.cnzz.com/stat.php?id=2629111&web_id=2629111}, :content nil} 
)} 



 {:tag :div, :attrs {:style background:#fff; margin: 0 auto;display:none;}, :content ({:tag :font, :attrs {:style font-size:12px; color:#fff;}, :content (Host: , Process All 0.1232s Memory:3810.18k  {:tag :br, :attrs nil, :content nil} db_emumo_readDb: connect costs 0.0048360824585 s, 19 queries costs 0.0267 s  {:tag :br, :attrs nil, :content nil})})} 
)} 
)})
