({:type :comment, :data [if lt IE 7 ]> <html class="ie ie6"> <![endif]} {:type :comment, :data [if IE 7 ]>    <html class="ie ie7"> <![endif]} {:type :comment, :data [if IE 8 ]>    <html class="ie8"> <![endif]} {:type :comment, :data [if IE 9 ]>    <html class="ie9"> <![endif]} {:type :comment, :data [if (gt IE 9)|!(IE)]><!} {:tag :html, :attrs {:lang zh-CN}, :content ({:type :comment, :data <![endif]} 
 {:tag :head, :attrs nil, :content (
	 {:tag :meta, :attrs {:charset UTF-8}, :content nil} 
	 {:tag :meta, :attrs {:content webkit, :name renderer}, :content nil} 
	 {:tag :meta, :attrs {:content IE=edge, :http-equiv X-UA-Compatible}, :content nil} 
	 {:tag :meta, :attrs {:content a1z1s, :name data-spm}, :content nil} 
	 {:tag :title, :attrs nil, :content (长征交响曲 专辑 丁善德)} 
	 {:tag :meta, :attrs {:content gNntuhTm2rH7Qa/GPp6lf0mIp9KQsjejNs+i1LZhG7U=, :name verify-v1}, :content nil} 
	 {:tag :meta, :attrs {:content 长征交响曲 专辑 丁善德, :name keywords}, :content nil} 
	 {:tag :meta, :attrs {:content 长征交响曲 专辑 丁善德, :name description}, :content nil} 
	 {:tag :meta, :attrs {:content app-id=595594905, :name apple-itunes-app}, :content nil} 

	 {:tag :link, :attrs {:rel stylesheet, :media all, :href http://res.xiami.net/static/common/base.css?ver=20140613-130702}, :content nil} 

		 {:tag :link, :attrs {:rel stylesheet, :media all, :href http://res.xiami.net/??res/v3/css/global.css,res/v3/css/login.css,static/css/basic/core_mod.css,static/relation/css/name_card.css?ver=20140613-130702}, :content nil} 

		 {:tag :link, :attrs {:rel stylesheet, :media all, :href http://res.xiami.net/??static/lib/jquery.jscrollpane.css,static/common/header.css,static/common/footer.css?ver=20140613-130702}, :content nil} 

	 {:tag :link, :attrs {:rel stylesheet, :media all, :href http://res.xiami.net/??res/css/default/group15.css,res/css/default/beta15.css,res/v3/css/music.css?ver=20140613-130702}, :content nil} 
 {:tag :link, :attrs {:rel stylesheet, :media all, :href http://res.xiami.net/res/js/jquery/jquery.lightbox.css?ver=20140613-130702}, :content nil} 

	 {:tag :link, :attrs {:rel stylesheet, :media all, :href http://res.xiami.net/static/common/old.css?ver=20140613-130702}, :content nil} 

	 {:tag :link, :attrs {:rel shortcut icon, :type image/x-icon, :href http://img.xiami.net/favicon.ico}, :content nil} 
	 {:tag :link, :attrs {:rel apple-touch-icon, :href http://img.xiami.net/res/img/common/ipad/xiami_logo_apple.png}, :content nil} 
	 {:tag :link, :attrs {:title Xiami Search, :rel search, :type application/opensearchdescription+xml, :href /opensearch.xml}, :content nil} 
	 {:tag :link, :attrs {:href /collect/feed, :title 虾米音乐每日精选, :type application/atom+xml, :rel alternate}, :content nil} 

	
	
	 {:tag :style, :attrs {:type text/css}, :content (

		#header{   text-align: left;  zoom:1;  z-index:10; }
		#header .wrapper,#secondary .wrapper,#footer .wrapper{
			_width: expression(documentElement.clientWidth < 980? "980px" : documentElement.clientWidth > 1100? "1100px" : "auto");
		}

		.ie6 #secondary a.current{ background: none;}
		#header .primary .search .submit{ padding:0; cursor: pointer;}
		#header a,#secondary a{ text-decoration:none;}
		#header .user{vertical-align:top;}
		#header .auto_complete strong{ font-weight:normal;}
		#header .primary .user_popup .content ul .logout{ padding:0;}
		#header .content,#secondary .content{ overflow: visible;}	
		#secondary{  text-align: left;}
		.no-shadow{ box-shadow: none !important; -moz-box-shadow: none !important; -webkit-box-shadow: none !important;}
		#footer{zoom: 1;}
	)} 
	


	 {:type :comment, :data [if lte IE 8]>
	<link href="http://res.xiami.net/res/v3/css/login_iefix.css?v=20130521145542" rel="stylesheet" media="all" />
	<![endif]} 

		 {:tag :script, :attrs {:src http://res.xiami.net/??static/lib/jQuery/1.4.4/jquery.min.js,res/js/jquery/jqDnR.js,static/lib/jqModal.js,res/js/jquery/jquery.form.js,res/js/jquery/jquery.cookie.js,res/js/jquery/jquery.tools.js,res/v3/js/functions/index.js,res/js/default/xiami.js?ver=20140613-130702, :type text/javascript}, :content nil} 

		 {:tag :script, :attrs {:src http://res.xiami.net/??static/js/lib/jquery.tmpl.min.js,static/js/app/relation.js,static/js/app/nameCard.js?ver=20140613-130702, :type text/javascript}, :content nil} 


	 {:tag :script, :attrs {:src http://res.xiami.net/??static/lib/jquery.mousewheel.js,static/lib/jquery.jscrollpane.min.js,static/common/header_old.js,static/common/base.js?ver=20140613-130702, :type text/javascript}, :content nil} 


	 {:tag :script, :attrs nil, :content (
	var _xiamitoken = $.cookie('_xiamitoken'),
		_xiamiimg = 'http://img.xiami.net',
		_xiamiuser = $.cookie('user'),
		_athenaapiurl = 'ihi.xiami.com';
	)} 

	 {:tag :script, :attrs {:src http://res.xiami.net/res/js/jquery/jquery.lightbox.js?ver=20140613-130702, :type text/javascript}, :content nil} 

	
			 {:tag :script, :attrs {:src http://partner.googleadservices.com/gampad/google_service.js?v=201307175516, :type text/javascript}, :content nil} 
	 {:tag :script, :attrs {:type text/javascript}, :content (GS_googleAddAdSenseService("ca-pub-2784367241150493");GS_googleEnableAllServices();)} 
		 {:tag :script, :attrs {:language JavaScript}, :content (
	GA_googleAddAttr("MusicType", "Album");
		GA_googleAddAttr("ArtistID", "188");
	GA_googleAddAttr("AlbumID", "774");
		)} 
		 {:tag :script, :attrs {:type text/javascript}, :content (
	GA_googleAddSlot("ca-pub-2784367241150493", "Muisc-Album_Right_300x250");GA_googleAddSlot("ca-pub-2784367241150493", "Muisc-Album_Bottom_300x250");	)} 
	 {:tag :script, :attrs {:type text/javascript}, :content (GA_googleFetchAds();)} 
	
)} 
 {:tag :body, :attrs {:data-spm 6659513}, :content ({:tag :script, :attrs {:type text/javascript}, :content (
(function (d) {
var t=d.createElement("script");t.type="text/javascript";t.async=true;t.id="tb-beacon-aplus";
t.setAttribute("exparams","category=&userid=&aplus&member_auth=0");
t.src=("https:"==d.location.protocol?"https://s":"http://a")+".tbcdn.cn/s/aplus_v2.js";
d.getElementsByTagName("head")[0].appendChild(t);
})(document);
)} 
 {:tag :script, :attrs nil, :content (
var ua = "";
var UA_Opt = {};
UA_Opt.LogVal = "ua";
UA_Opt.MaxMCLog = 3;
UA_Opt.MaxMPLog = 3;
UA_Opt.MaxKSLog = 3;
UA_Opt.Token = new Date().getTime() + ":" + Math.random();
UA_Opt.SendMethod = 8;
UA_Opt.Flag = 13454;
)} 
 {:tag :script, :attrs {:src http://uaction.aliyuncdn.com/js/ua.js}, :content nil} 
 {:tag :script, :attrs nil, :content (
try{
    UA_Opt.Token = new Date().getTime() + ":" + Math.random();
UA_Opt.reload();
}catch(err){}
var uaexp=new Date();
uaexp.setTime(uaexp.getTime()+30*24*60*60*1000);
document.cookie="pnm_cku822="+encodeURIComponent(ua)+";path=/;expires="+uaexp.toGMTString();
)} 



 {:tag :div, :attrs {:id xiami-content}, :content ({:tag :h1, :attrs nil, :content (长征交响曲 专辑 丁善德)})} 
 {:tag :div, :attrs {:id web_loading}, :content (Loading...)} 





 {:tag :div, :attrs {:data-spm 226669510, :id header}, :content (
	 {:tag :div, :attrs {:class primary}, :content (
		 {:tag :div, :attrs {:class gap}, :content (
		 {:tag :div, :attrs {:class wrapper}, :content (
			 {:tag :table, :attrs nil, :content (
				 {:tag :tr, :attrs nil, :content (
					 {:tag :td, :attrs {:class logo}, :content ({:tag :a, :attrs {:title 虾米音乐网(xiami.com) - 高品质音乐 发现 分享, :href /}, :content (虾米音乐网(xiami.com) - 高品质音乐 发现 分享)})} 
										 {:tag :td, :attrs {:class nav}, :content (
						 {:tag :a, :attrs {:href /, :class bigtext current}, :content (发现音乐)} 
						 {:tag :a, :attrs {:href /space/lib-song, :class bigtext }, :content (我的音乐)} 
					)} 
					 {:tag :td, :attrs {:class subnav}, :content (
						 {:tag :a, :attrs {:href /collect, :class bigtext first }, :content (精选集)} 
						 {:tag :a, :attrs {:href /radio, :target _blank, :class bigtext middle }, :content (电台)} 
						 {:tag :a, :attrs {:href http://i.xiami.com, :class bigtext last }, :content (音乐人)} 
					)} 
					 {:tag :td, :attrs {:class search}, :content (
						 {:tag :div, :attrs {:class container}, :content (
							 {:tag :form, :attrs {:id search, :method get, :action /search}, :content (
								 {:tag :input, :attrs {:name key, :placeholder 音乐搜索，找人..., :autocomplete off, :class keyword}, :content nil} 
								 {:tag :input, :attrs {:value 搜索, :type submit, :class icon submit}, :content nil} 
								 {:tag :input, :attrs {:value 1, :name pos, :type hidden}, :content nil} 
							)} 
							 {:tag :div, :attrs {:class auto_complete}, :content nil} 
						)} 
					)} 
										 {:tag :td, :attrs {:class reg}, :content (
						 {:tag :a, :attrs {:href /member/register}, :content (免费注册)} 
					)} 
					 {:tag :td, :attrs {:class login}, :content (
						 {:tag :a, :attrs {:href https://login.xiami.com/member/login, :class first}, :content (立即登录)} 
						 {:tag :a, :attrs {:onclick sinaLogin();return false;, :href , :class middle}, :content ({:tag :b, :attrs {:class icon weibo}, :content (weibo)})} 
						 {:tag :a, :attrs {:onclick qqLogin();return false;, :href , :class last}, :content ({:tag :b, :attrs {:class icon qq}, :content (qq)})} 
					)} 
									)} 
			)} 
			 {:tag :div, :attrs {:class notify_popup}, :content (
				 {:tag :div, :attrs {:class content}, :content (
					 {:tag :div, :attrs {:class container}, :content ({:tag :p, :attrs {:class loading}, :content nil})} 
					 {:tag :b, :attrs {:class triangle}, :content ({:tag :i, :attrs nil, :content (◆)} ◆)} 
				)} 
			)} 			
			 {:tag :div, :attrs {:class user_popup}, :content (
				 {:tag :div, :attrs {:class content}, :content (
					 {:tag :ul, :attrs nil, :content (
						 {:tag :li, :attrs nil, :content ({:tag :a, :attrs {:href /u/}, :content ({:tag :b, :attrs {:class icon home}, :content nil} 我的主页)})} 
						 {:tag :li, :attrs {:class fence}, :content nil} 
						 {:tag :li, :attrs nil, :content ({:tag :a, :attrs {:href /relation/following}, :content ({:tag :b, :attrs {:class icon relationship}, :content nil} 关注 / 粉丝)})} 
						 {:tag :li, :attrs nil, :content ({:tag :a, :attrs {:href /vip}, :content ({:tag :b, :attrs {:class icon vip}, :content nil} VIP)})} 
						 {:tag :li, :attrs nil, :content ({:tag :a, :attrs {:href /account}, :content ({:tag :b, :attrs {:class icon account}, :content nil} 账户)})} 
						 {:tag :li, :attrs nil, :content ({:tag :a, :attrs {:href /property/myproperties}, :content ({:tag :b, :attrs {:class icon props}, :content nil} 道具)})} 
						 {:tag :li, :attrs nil, :content ({:tag :a, :attrs {:href /share}, :content ({:tag :b, :attrs {:class icon setting}, :content nil} 设置)})} 
						 {:tag :li, :attrs {:class fence}, :content nil} 
						 {:tag :li, :attrs nil, :content ({:tag :a, :attrs {:onclick return false;, :class logout, :href }, :content ({:tag :b, :attrs {:class icon logout}, :content nil} 退出)})} 
					)} 
					 {:tag :b, :attrs {:class triangle}, :content ({:tag :i, :attrs nil, :content (◆)} ◆)} 
				)} 
			)} 
		)} 
		)} 
	)} 
)} 
 {:tag :div, :attrs {:id hidden_obj}, :content (
	 {:tag :object, :attrs {:name trans, :id trans, :height 1, :width 1, :type application/x-shockwave-flash, :data /res/player/sdtos.swf?v=1402817538}, :content (
	     {:tag :param, :attrs {:value /res/player/sdtos.swf?v=1402817538, :name movie}, :content nil} 
	     {:tag :param, :attrs {:value high, :name quality}, :content nil} 
	     {:tag :param, :attrs {:value window, :name wmode}, :content nil} 
		 {:tag :param, :attrs {:value sameDomain, :name allowScriptAccess}, :content nil} 
	)} 
)} 
 {:tag :div, :attrs {:class white, :id page}, :content (
	 {:tag :div, :attrs {:typeof v:Review-aggregate, :class scalable clearfix, :id wrapper}, :content (

		 {:tag :div, :attrs {:id title}, :content (
			 {:tag :h1, :attrs {:property v:itemreviewed}, :content (长征交响曲)} 
		)} 
		 {:tag :div, :attrs {:class clearfix, :id content}, :content (
			 {:tag :div, :attrs {:class clearfix, :id main_wrapper}, :content (
				 {:tag :div, :attrs {:id main_content}, :content (
					 {:tag :div, :attrs {:id main}, :content (
						 {:tag :div, :attrs {:data-spm 6856585, :class clearfix, :id album_block}, :content (

 {:tag :style, :attrs nil, :content (
#album_info{position:relative;z-index:2;min-height:310px;_height:310px; margin:5px 10px 0 250px;}
#album_cover{position:absolute;left:0;top:-5px;}
#album_cover .stats{padding:3px 8px; position:absolute; top:0; left:0px;}
#album_cover .shield{background:none repeat scroll 0 0 #333333; border-bottom:1px solid #171410; border-right:1px solid #171410; color:#999999;}
#album_cover .pubbing{background:none repeat scroll 0 0 #333333; border-bottom:1px solid #171410; border-right:1px solid #171410; color:#ffffff;}
#album_cover .unpub{background:none repeat scroll 0 0 #333333; border-bottom:1px solid #171410; border-right:1px solid #171410; color:#cccccc;}
#album_cover .promotion{background:none repeat scroll 0 0 #821616; border-bottom:1px solid #171410; border-right:1px solid #171410; color:#ffffff;}

.grade {margin: -5px 0 0 15px;overflow: hidden;height:16px;color:#aaa;}
.grade a{background: url('http://img.xiami.net/res/v3/img/star2.png') no-repeat scroll 0 0 transparent;display: inline-block;height: 16px;overflow: hidden;text-indent: -9999em;width: 16px;vertical-align:middle;}
.grade a.hover{ background-position:-17px 0}
.grade a.selected{ background-position:-34px 0}
.grade span {color: #666666;margin-left: 5px;vertical-align:middle;}
.grade b.delGrade{color:#8CA6D7;cursor:pointer;vertical-align:middle;display:none;}
.grade b:hover,.b-h{color:#36c;}

#album_rank{float:left;padding:10px 0 10px 5px;border-bottom:1px dashed #D9D9D9;}
#album_rank p{position:relative;padding:0 20px 0 100px;line-height:22px;color:#999;background:url('http://img.xiami.net/res/v3/img/star3.png') no-repeat 0 0;font-family:"Microsoft Yahei";}
#album_rank span{position:absolute;left:0;top:0;background:url('http://img.xiami.net/res/v3/img/star3.png') no-repeat 0 -24px;text-indent:-9999px;}
#album_rank em{margin:0 10px;font-weight:bold;font-size:16px;font-style:normal;color:#F60;vertical-align:middle;}

#album_info ul{clear:both;margin:10px 0;padding:10px 5px 5px;*padding:0 5px 5px;border-bottom:1px solid #EEE;}
#album_info ul li{ font-size:10px; color:#666;  height:12px; margin-bottom:7px; *margin:2px;}
#album_info ul li span{ float:left; margin-right:5px;}
#album_info ul li span.appraise_bg{ background:#FFDCC5; height:11px;  display:block;}
#album_info ul .appraise4{ background:url('http://img.xiami.net/res/v3/img/star1_v2.png') 0 0 no-repeat;}
#album_info ul .appraise3{ background:url('http://img.xiami.net/res/v3/img/star1_v2.png') 0 -14px no-repeat; }
#album_info ul .appraise2{ background:url('http://img.xiami.net/res/v3/img/star1_v2.png') 0 -28px no-repeat; }
#album_info ul .appraise1{ background:url('http://img.xiami.net/res/v3/img/star1_v2.png') 0 -42px no-repeat; }
#album_info ul .appraise0{ background:url('http://img.xiami.net/res/v3/img/star1_v2.png') 0 -56px no-repeat; }
/**/
#artist_fangroup_block{width:298px;height:403px;z-index:99999;margin-top:0;}
.music_counts{margin-bottom:20px;}
a.bt_tel{margin:0 10px;}
#album_acts .acts_list {position: absolute;right: 0;top: 50%;margin-top: -15px;}

)} 

							 {:tag :div, :attrs {:rel v:rating, :id album_info}, :content (
								 {:tag :div, :attrs {:typeof v:Rating, :id album_rank}, :content (
																		 {:tag :p, :attrs {:class clearfix}, :content ({:tag :span, :attrs {:style width:0px;}, :content nil} {:tag :em, :attrs {:property v:value}, :content nil} {:tag :span, :attrs {:property v:best}, :content (10)} (少于 {:tag :i, :attrs {:property v:votes}, :content (10)} 人评价))} 
																	)} 
								 {:tag :ul, :attrs nil, :content (
									 {:tag :li, :attrs nil, :content ({:tag :span, :attrs {:class appraise4 rankico}, :content ({:tag :em, :attrs nil, :content (酷爱)})} {:tag :span, :attrs {:class appraise_bg, :style width:100px;}, :content nil} 4)} 
									 {:tag :li, :attrs nil, :content ({:tag :span, :attrs {:class appraise3 rankico}, :content ({:tag :em, :attrs nil, :content (好听)})} {:tag :span, :attrs {:class appraise_bg, :style width:25px;}, :content nil} 1)} 
									 {:tag :li, :attrs nil, :content ({:tag :span, :attrs {:class appraise2 rankico}, :content ({:tag :em, :attrs nil, :content (能听)})} {:tag :span, :attrs {:class appraise_bg, :style width:0px;}, :content nil} 0)} 
									 {:tag :li, :attrs nil, :content ({:tag :span, :attrs {:class appraise1 rankico}, :content ({:tag :em, :attrs nil, :content (难听)})} {:tag :span, :attrs {:class appraise_bg, :style width:0px;}, :content nil} 0)} 
									 {:tag :li, :attrs nil, :content ({:tag :span, :attrs {:class appraise0 rankico}, :content ({:tag :em, :attrs nil, :content (噪音)})} {:tag :span, :attrs {:class appraise_bg, :style width:0px;}, :content nil} 0)} 
								)} 
								 {:tag :table, :attrs nil, :content (
									 {:tag :tr, :attrs nil, :content (
										 {:tag :td, :attrs {:valign top, :width 64, :class item}, :content (艺人：)} 
										 {:tag :td, :attrs {:valign top}, :content (
																						 {:tag :a, :attrs {:title , :href /artist/188}, :content (丁善德)} 
																					)} 
									)} 
									
									 {:tag :tr, :attrs nil, :content (
										 {:tag :td, :attrs {:valign top, :class item}, :content (语种：)} 
										 {:tag :td, :attrs {:valign top}, :content (音乐)} 
									)} 
									 {:tag :tr, :attrs nil, :content (
										 {:tag :td, :attrs {:valign top, :class item}, :content (唱片公司：)} 
										 {:tag :td, :attrs {:valign top}, :content ({:tag :a, :attrs {:target _blank, :title 搜索马可勃罗, :href /search?key=%E9%A9%AC%E5%8F%AF%E5%8B%83%E7%BD%97}, :content (马可勃罗)})} 
									)} 
																		 {:tag :tr, :attrs nil, :content (
										 {:tag :td, :attrs {:valign top, :class item}, :content (发行时间：)} 
										 {:tag :td, :attrs {:valign top}, :content (1996年09月01日)} 
									)} 
																		 {:tag :tr, :attrs nil, :content (
										 {:tag :td, :attrs {:valign top, :class item}, :content (专辑类别：)} 
										 {:tag :td, :attrs {:valign top}, :content (录音室专辑)} 
									)} 
																		
																										)} 
							)} 
							 {:tag :div, :attrs {:id album_cover}, :content (
								 {:tag :a, :attrs {:class CDcover185, :href http://img.xiami.net/images/pic/04/03/10107302484m_2.jpg, :target _blank, :title 长征交响曲, :id albumCover}, :content (  {:tag :img, :attrs {:alt 长征交响曲, :rel v:photo, :src http://img.xiami.net/images/pic/04/03/10107302484m_2.jpg, :class cdCover185}, :content nil})} 
								
								 {:tag :div, :attrs {:id taobao_cd}, :content (
								
								 {:tag :style, :attrs nil, :content (
								#taobao_cd {
									width: 230px;
									margin: -10px 0 20px;
								}
								#taobao_cd a {
									display: block;
									width: 183px;
									height: 40px;
									border-radius: 3px;
									background: whitesmoke url("http://gtms03.alicdn.com/tps/i3/T1Q8T9FOtbXXcCq_Hr-93-32.gif") no-repeat 86px 4px;
									border: 1px solid #e0e0e0;
									text-decoration: none;
									margin: 0 auto;
									position: relative;
								}
								#taobao_cd s {
									display: block;
									width: 86px;
									height: 40px;
									color: #999;
									text-align: center;
									line-height: 40px;
									position: absolute;
									left: 0;
									top: 0;
								}
								#taobao_cd span {
									display: block;
									width: 64px;
									height: 20px;
									line-height: 20px;
									position: absolute;
									left: 116px;
									top: 4px;
									color: #fff;
									font-size: 12px;
									text-align: center;
								}
								#taobao_cd em {
									font-style: normal;
									font-size: 18px;
								}								
								)} 
								
								 {:tag :script, :attrs nil, :content (
								var albumid = '774',
									userid = _xiamiuser ? _xiamiuser.split('"')[0] : '';
									
									$(function() {
										$.getJSON('/app/promotion/getitem',{'type':3, 'id':albumid}, function(data) {
											if (data.data) {
												var itemsid = data.data[0].url.split('?id=')[1];
												goldlog.record('/xiamipc.1.10','','albumid='+albumid+'&itemsid='+itemsid+'&userid='+userid,'H46807173');
												$('#taobao_cd').append('<a onclick="javascript:goldlog.record(\'/xiamipc.1.11\',\'\',\'albumid='+albumid+'&itemsid='+itemsid+'&userid='+userid+'\',\'H46807174\')" href="' + data.data[0].url + '" target="_blank"><s>CD原价￥' + (data.data[0].normal_price | 0) + '</s><span>￥<em>' + (data.data[0].discount_price | 0) + '</em></span></a>');
											};
										});
									});
									
								)} 
								)} 

								 {:tag :p, :attrs {:class grade}, :content (
									 {:tag :input, :attrs {:name grade, :class grade_v, :value , :type hidden}, :content nil} 我的评价：
									 {:tag :a, :attrs {:onclick page_review(774,1);, :href javascript:void(0);}, :content (很差)} 
									 {:tag :a, :attrs {:onclick page_review(774,2);, :href javascript:void(0);}, :content (较差)} 
									 {:tag :a, :attrs {:onclick page_review(774,3);, :href javascript:void(0);}, :content (还行)} 
									 {:tag :a, :attrs {:onclick page_review(774,4);, :href javascript:void(0);}, :content (推荐)} 
									 {:tag :a, :attrs {:onclick page_review(774,5);, :href javascript:void(0);}, :content (力荐)} {:tag :span, :attrs nil, :content nil}  								)} 	
							)} 
						)} 

												 {:tag :div, :attrs {:class clearfix, :id album_acts}, :content (							
							 {:tag :div, :attrs {:class cd2play}, :content (
																 {:tag :a, :attrs {:href javascript:void(0), :title 立即播放 长征交响曲 专辑, :onclick playalbum('774')}, :content (立即播放)} 
															)} 							
							 {:tag :ul, :attrs {:class acts_list}, :content (								
																								 {:tag :li, :attrs {:class do_fav, :id album_getfav_774}, :content ({:tag :a, :attrs {:title 收藏此专辑到音乐库, :class wrap, :href javascript:void(0);, :onclick tag(774,5)}, :content ({:tag :span, :attrs nil, :content ({:tag :i, :attrs nil, :content nil} 收藏到音乐库)})})} 
								 {:tag :li, :attrs {:id album_removefav_774, :style display:none, :class do_fav done}, :content ({:tag :a, :attrs {:class wrap item_5_774, :onclick albumstore('774',2);, :title 取消收藏, :href javascript:void(0)}, :content ({:tag :span, :attrs nil, :content ({:tag :i, :attrs nil, :content nil} 已收藏到音乐库 {:tag :strong, :attrs nil, :content ((取消))})})})} 
								 {:tag :li, :attrs {:class do_share}, :content ({:tag :a, :attrs {:title 分享给朋友们, :class wrap, :onclick recommend('774','33');, :href javascript:void(0);}, :content ({:tag :span, :attrs nil, :content ({:tag :i, :attrs nil, :content nil} 分享 {:tag :em, :attrs nil, :content ((21))})})})} 
								 {:tag :li, :attrs {:class do_widget}, :content ({:tag :a, :attrs {:title 将转贴到博客或BBS, :class wrap, :onclick getQuote(2,'774');, :href javascript:void(0)}, :content ({:tag :span, :attrs nil, :content ({:tag :i, :attrs nil, :content nil} 转贴)})})} 							)} 
						)} 
												
 {:tag :div, :attrs {:class bgbd clearfix, :id share_bar}, :content (
 {:tag :div, :attrs {:style float: right; padding-right:5px;, :class share-bar-inner}, :content (
 {:type :comment, :data  Baidu Button BEGIN } 
 {:tag :div, :attrs {:data {'wbuid':1718436033}, :style float: left; padding: 5px;, :class bdshare_t bds_tools get-codes-bdshare, :id bdshare}, :content (
 {:tag :span, :attrs {:class bds_more}, :content (分享到：)} 
 {:tag :a, :attrs {:style margin-right: 20px;, :class bds_tsina}, :content nil} 
 {:tag :a, :attrs {:class bds_renren}, :content nil} 
 {:tag :a, :attrs {:class bds_qzone}, :content nil} 
 {:tag :a, :attrs {:class bds_douban}, :content nil} 
 {:tag :a, :attrs {:class bds_tqq}, :content nil} 
 {:tag :a, :attrs {:class bds_t163}, :content nil} 
 {:tag :a, :attrs {:class bds_huaban}, :content nil} 
 {:type :comment, :data  <a class="shareCount"></a> } 
)} 
 {:tag :a, :attrs {:href , :onclick return shareLaiwang();, :title 分享到来往, :style float: left; margin-top: 10px; position: absolute; top:0; right: 141px;, :class laiwang}, :content ({:tag :i, :attrs {:style display: inline-block;width: 16px;height: 16px;margin-right: 2px;background: url('http://img.xiami.net/static/img/common/share_icon.png') no-repeat -263px 0;vertical-align: middle;}, :content nil})} 
)} 

 {:tag :script, :attrs {:data type=tools&uid=0, :id bdshare_js, :type text/javascript}, :content nil} 
 {:tag :script, :attrs {:id bdshell_js, :type text/javascript}, :content nil} 
 {:tag :script, :attrs {:type text/javascript}, :content (

    var bds_config = {
        'wbUid':1718436033,
        'snsKey':{'tsina':'3845915579'},
        'bdText':'分享 丁善德 的专辑《长征交响曲》 专辑地址：http://www.xiami.com/album/774（分享自 @虾米音乐）',
        'bdPic':"http://img.xiami.net/images/pic/04/03/10107302484m.jpg"
    };
    var laiwang_config = {
        title:'分享 丁善德 的专辑《长征交响曲》',
        location:'www.xiami.com/album/774',
        pic:'http://img.xiami.net/images/pic/04/03/10107302484m.jpg'
    };
    document.getElementById("bdshell_js").src = "http://bdimg.share.baidu.com/static/js/shell_v2.js?cdnversion=" + Math.ceil(new Date()/3600000);
    function shareLaiwang(){
        var url = 'content='+ encodeURIComponent(laiwang_config.title) + encodeURIComponent('http://'+laiwang_config.location)+'&title='+encodeURIComponent(laiwang_config.title)+'&url='+encodeURIComponent('http://'+laiwang_config.location)+'&image='+encodeURI(laiwang_config.pic);
        window.open('http://www.laiwang.com/stream/shareToLaiwang.htm?'+url+'&'+new Date().getTime(), 'newwindow', 'height=360,width=588, top='+(screen.height-360)/2+',left='+(screen.width-588)/2+', toolbar=no, menubar=no, scrollbars=no,resizable=yes,location=no, status=no');
        return false;
    }

)} 
 {:type :comment, :data  Baidu Button END } 
)} 												 {:tag :div, :attrs {:class clearfix intro_less, :id album_intro}, :content (
							 {:tag :div, :attrs {:class album_intro_brief}, :content ( 
							 {:tag :strong, :attrs nil, :content (专辑介绍：)} {:tag :span, :attrs {:property v:summary}, :content ({:tag :br, :attrs nil, :content nil} 　　丁善德作于六十年代初，以举世闻名的二万五千里长征为题材，歌颂了中国工农红军英勇顽强、机智豪迈的作风，以及不畏艰险、不怕牺牲的革命英雄主义气概。为了创作此曲，作者曾多次深入当年红军经过的地区，选择和概括了长征途中有代表性的典型事件。以丰富的音乐表现手法，准确、鲜明、生动地反映了这一伟大历史事件。共有五个乐章。第一乐章“踏上征途”，奏鸣曲式。“九一八”事变后，祖国到处充满着人民的悲愤和抗日的呼声。远处传来嘹亮的军号，为挽救民族的危急，工农红军雄赳赳地踏上征途。具有山歌风的副部，斗争激烈的展开部和以音响丰满的再现部，表现了老区人民依依不舍地欢送红军的情景。第二乐章“红军是各族人民的亲人”，是回旋曲式、复二部曲式、变奏曲式三者结合的混合曲式。红军长征途经苗、瑶、彝、藏、回等兄弟民族地区，受到各族人民载歌载舞的热烈欢迎。音乐色彩丰富，并有浓郁鲜明的地区特色。第三乐章“飞夺沪定桥”，谐谑曲。红军飞速行军抢渡大渡河后，又踏上征途胜利地前进。第四乐章“翻雪山，过草地”，无再现部的三部曲式。高山盖满皑皑白雪，无边的草地荒无人烟，红军以革命英雄主义气概 {:tag :br, :attrs nil, :content nil} 　　克服难以想像的困难继续前进。在描绘风雪时，成功地借鉴了印象派的手法，使音乐十分生动、形象。第五乐章“胜利会师”，无展开部的奏鸣曲式。中国工农红军历尽艰险到达陕北，胜利会师，人民纵情欢呼，尽情歌唱长征的伟大胜利。作品曾多次在国外演出并受到较高的评价。 {:tag :br, :attrs nil, :content nil} 　　中国革命史上的2500里长征，本身便是一幅宏伟壮丽的画卷，一首惊天动地的史诗。它已被众多的文艺家写进了自己的作品，在音乐方面，最成功的当推丁善德的《长征》交响曲和总政歌舞团的《长征组歌》本曲第一乐章《踏上征途》，从深沉的导奏开始，逐渐发展成气势宏大的进行曲，第二乐章《红军--各族人民的亲人》，运用了西南少数民族音乐素材，描写长征途中的军民鱼水情，第三乐章《飞夺泸定桥》，全曲节奏快捷，惊心动魄，气势慑人，第四乐章《翻雪山。过草地》除刻划长征的艰苦卓绝，也不乏美丽风光和深远意境的描绘，终曲则为《胜利会师》，用舞曲体载引出极灿烂的气分。 {:tag :br, :attrs nil, :content nil} 　　作者十分精炼而准确地表现了这一史诗性的事件，既表现了革命征途的艰苦又表现了革命的乐观主义精神。林克昌与名古屋乐团的演绎与作品相称，可以列为收藏版之一。 {:tag :br, :attrs nil, :content nil} 　　丁善德简介： {:tag :br, :attrs nil, :content nil} 　　丁善德（1911-1995 ），作曲家，钢琴家、音乐教育家。长期在上海音乐学院执教，历任作曲系主任、副院长。先后担任中国音协上海分会副主席、上海音乐出版社社长、中国音协副主席等职。 {:tag :br, :attrs nil, :content nil} 　　丁善德生于江苏昆山。自小在家乡读书时，即广泛接触民间音乐，自学二胡、笛子、三弦、琵琶和风琴。1928年入上海国立音乐总院（后改为国立音专）钢琴系，受教于俄籍钢琴教授查哈罗夫，并师从朱荇青、黄自攻习琵琶、和声、配器。1934年，贺绿汀的两首钢琴曲《牧童短笛》及《摇篮曲》，在俄籍作曲家齐尔品征求“有中国风格的钢琴曲”比赛中获奖。贺绿汀请丁善德为百代唱片将这两首作品录制唱片，唱片出版后，行销全国，备受欢迎。而丁善德成为中国音乐史上第一位录制唱片的钢琴家而载入史册。 {:tag :br, :attrs nil, :content nil} 　　1935年5月，丁善德在上海、北平、天津举行毕业音乐会。这是中国钢琴家举办的第一个独奏音乐会，演出盛况空前，它标志着中国音乐的演奏艺术进入了一个新的时期，这是中国人民的一种光荣。同年6月，丁善德毕业于本科钢琴系。后曾任天津女子师范学校音乐系、上海国立音乐专科学校教师，上海私立音乐专科学校校长。抗战以后，筹办上海音乐馆，并亲自主持该馆工作，从事音乐教育活动。1946年任南京国立音乐学院教授。在学习期间，曾从黄自学习和声和配器，从事教学后又从德国作曲家弗兰克尔学习作曲。1945 年发表钢琴独奏《春之旅组曲》、《E大调钢琴奏鸣曲》。 {:tag :br, :attrs nil, :content nil} 　　1947年赴法国巴黎音乐院学习作曲，指导教师为布朗热教授及渥朋教授。1949年回国后，长期在上海音乐学院执教，先后担任柏林国际舒曼钢琴比赛（1956年）、波兰国际肖邦第六届钢琴比赛（1960年）、比利时伊丽莎白皇后国际钢琴比赛（1964年）评委。在国内多次举行个人钢琴独奏会。 {:tag :br, :attrs nil, :content nil} 　　《长征交响乐》作于1960-1962年间， 全曲由《踏上征途》、（红军 各族人民的亲人》、《飞夺泸定桥》、《翻雪山，过草地》、《胜利会师》九个乐章构成，1962年5月由上海交响乐团首演，后为香港等地交响乐团多吹演出，1983年由日本名古屋交响乐队录制的唱片，销售超过万张，获金唱片奖。 {:tag :br, :attrs nil, :content nil} 　　集作曲家、钢琴家于一身的丁善德，曾创作《春之旅》钢琴组曲、《E大调钢琴奏鸣曲》、《序曲三首》、《中国民歌主题变奏曲》等钢琴作品。其中《中国民歌主题变奏曲》，由作者亲自在法国广播电台作首次公演后，广为流传。他创作的两首风格新颖、匠心独运的钢琴曲：《新疆舞曲》第1、2号，深得来华讲学的苏联指挥家迪利济耶夫的喜爱，亲自动手将它改编为管弦乐曲，并指挥演出。 {:tag :br, :attrs nil, :content nil} 　　《长征交响曲》创作于1959-1961年间的又一部重要作品。它以雄浑的笔调，丰富的音色，深厚的感情及宏伟的气魄，讴歌了红军长征途中不畏艰险、不怕牺牲的革命主义气概。 {:tag :br, :attrs nil, :content nil} 　　作为一位优秀的音乐教育家，丁善德不仅编写了《原对位法》，《复对位法》、《赋格写作技术》等教材，培养出了中国几代优秀作曲家，而且对儿童音乐给予了充分的关注。1953年他谱写了题为《快乐的节日》儿童钢琴组曲。他还为电影《小小英雄》、《神笔》、《夸口的青蛙》，《小梅的梦》等谱曲。此外，丁善德还作有一批艺术歌曲、民歌改编曲以及大合唱《黄浦江颂》等。 {:tag :br, :attrs nil, :content nil} 　　1983 年6月20日，上海音乐学院曾举办“丁善德钢琴、声乐作品音乐会”。同年在香港举办了丁善德交响音乐作品音乐会。 {:tag :br, :attrs nil, :content nil} 　　林克昌简历： {:tag :br, :attrs nil, :content nil} 　　林克昌一九二八年出生于印尼婆罗洲马辰，是印尼第四代华侨，八岁开始学习小提琴，十三岁正式拜师来自上海的俄罗斯小提琴手，十五岁加入雅加达广播管弦乐团，十七岁担任该团首席。 {:tag :br, :attrs nil, :content nil} 　　一九四六年，林克昌获荷兰东印度群岛政府奖学金，进入阿姆斯特丹音乐学院，四年后获得阿姆斯特丹音乐学院小提琴荣誉文?，也是九年中第一位获此荣誉的人。音乐院毕业后，林克昌得到巴黎音乐学院奖学金前往该校深造，继续师从罗马尼亚小提琴大师安奈斯可、班乃狄迪与图舍，一九五四年进入罗马国际小提琴大赛前三名。林克昌在一九五五年开始与巴黎音乐学院指挥教授毕高特学习指挥。因为他之前所接受的奖学金有必须回国服务的义务，所以在一九五六年他回到印尼任雅加达广播管弦乐团指挥。 {:tag :br, :attrs nil, :content nil} 　　由于反对印尼的排华运动，林克昌在一九五九年响应「回归祖国」口号前往北京，任北京中央广播交响乐团首席指挥、任教中央音乐学院，负责指导北京五个交响乐团首席成员。一九六八年文革高峰时期，林克昌一家被周恩来特准离境前往澳门，后来成为香港管弦乐团首任音乐总监。 {:tag :br, :attrs nil, :content nil} 　　一九七三年，林克昌曾被《The Way They Play》收入世界弦乐演奏家第二辑，与罗斯特罗波维奇、帕尔曼、祖克曼、史达克、柯冈……等人并列。林克昌在一九七四年香港艺术节排出全套中国管弦乐曲。他的中国化政策引起港英政府排斥，在乐团专业化第二年，林克昌遭解聘而且丧失原来英国女王欲颁授的爵士荣衔。一九七六年，林克昌一家迁居澳洲，并加入雪梨交响乐团担任弦乐手，后任昆士兰交响乐团独奏，同时在雪梨新南威尔斯音乐学院、墨尔本大学音乐、维多利亚艺术学院音乐学校任教。一九七七年开始长期与香港HK公司合作，在日本和大陆录制中国音乐，其中由林克昌指挥、西崎崇子担任独奏的《梁祝》小提琴协奏曲得到白金唱片奖。一九八○到八五年担任日本群马交响乐团首席客座指挥，－九八五到八九年移居香港。 {:tag :br, :attrs nil, :content nil} 　　一九九一年，舞蹈家妻子石圣芳应云门舞集邀请到台湾授课，林克昌与妻子迁居台北并受聘国立艺术学院教职，次年因年满六十五岁、学历资格与台湾法令不合，被迫从艺术学院退休。在台期间除客席指挥国家音乐厅交响乐团获得热烈好评与回响之外，并在九八年应邀指挥国家音乐厅交响乐团在总统府介寿馆音乐会演出，同年赴莫斯科与世界知名的俄罗斯国家管弦乐团合作录制柴科夫斯基三部交响曲，并赢得次年第十届新闻局有声出版「金曲奖」六项提名及两项大奖。林克昌后定居澳洲，不定期指挥台湾交响乐团及北京中国广播乐团等乐团。 {:tag :br, :attrs nil, :content nil} 　　二零零二年，台湾长荣乐团扩编为70人编制的交响乐团，并聘请林克昌担任乐团第一任音乐总监及首席指挥，至2004年7月为止。回复自由身，林克昌仍在两岸指挥音乐会演出，乐团包括上海交响乐团及国家交响乐团等。 {:tag :br, :attrs nil, :content nil})} 
							)} 
							 {:tag :div, :attrs {:class album_intro_toggle}, :content ({:tag :a, :attrs {:id show_more, :href javascript:void(0), :title }, :content (详细)})} 
						)} 
												 {:tag :div, :attrs {:class album_tracks mgt20, :id track}, :content (
														 {:tag :div, :attrs {:class cd_info clearfix}, :content (
																 {:tag :div, :attrs {:class cd_pay}, :content (
									 {:tag :a, :attrs {:href javascript:void(0), :title 免费下载到手机, :onclick showDialog('/music/sendall/id/774/type/album');, :class send_phone}, :content ({:tag :span, :attrs nil, :content (免费下载到手机)})} 
									 {:tag :a, :attrs {:href javascript:void(0), :title 下载整张专辑, :onclick downloadalbum('774','album')}, :content ({:tag :span, :attrs nil, :content (下载整张专辑)})} 
																		 
								)} 
							)} 
														 {:tag :div, :attrs {:class chapter mgt10}, :content (
																 {:tag :strong, :attrs {:style  border-bottom: 1px solid #E5E5E5;padding: 10px 5px;, :class trackname}, :content (disc 1 )} 
								 {:tag :table, :attrs {:class track_list, :cellpadding 0, :cellspacing 0}, :content (
																		 {:tag :tbody, :attrs nil, :content (
																														 {:tag :tr, :attrs nil, :content (
											 {:tag :td, :attrs {:class chkbox}, :content ({:tag :input, :attrs {:name recommendids, :value 9356, :checked checked, :type checkbox}, :content nil})} 
											 {:tag :td, :attrs {:class trackid}, :content (01)} 
											 {:tag :td, :attrs {:class song_name}, :content ({:tag :a, :attrs {:title , :href /song/9356}, :content (第一乐章 踏上征途)}  )} 
											 {:type :comment, :data  <td class="song_price">0.8米</td>  } 
																						 {:tag :td, :attrs {:class song_hot}, :content (1034)} 
											 {:tag :td, :attrs {:class song_hot_bar}, :content ({:tag :span, :attrs {:style width:99%;}, :content ( )})} 
																						 {:tag :td, :attrs {:class song_act}, :content (
																							 {:tag :div, :attrs {:style width:170px;_width:180px;, :class song_do}, :content (
 {:tag :a, :attrs {:onclick play('9356');, :title 试听, :href javascript:void(0), :class song_play}, :content ({:tag :span, :attrs nil, :content (试听)})}  
 {:tag :a, :attrs {:onclick recommend('9356','32'), :title 推荐, :href javascript:void(0), :class song_digg}, :content ({:tag :span, :attrs nil, :content (推荐)})}  
 {:tag :a, :attrs {:onclick collect('9356');, :title 添加到精选集, :href javascript:void(0), :class song_toclt}, :content ({:tag :span, :attrs nil, :content (添加到am精选集)})} 
 {:tag :a, :attrs {:onclick xm_download('9356');, :title 下载, :href javascript:void(0), :class song_download}, :content ({:tag :span, :attrs nil, :content (下载)})} 
 {:tag :a, :attrs {:title 发送到, :onclick showDialog('/music/send/id/9356');, :href javascript:void(0), :class song_tel}, :content (发送到)} 
 {:tag :div, :attrs {:class song_menu}, :content (
 {:tag :a, :attrs {:title , :href javascript:void(0), :class song_more}, :content (更多)} 
 {:tag :span, :attrs {:class song_menu_drop}, :content (
 {:tag :em, :attrs nil, :content nil} 
 {:tag :a, :attrs {:title , :onclick tag(9356,3);, :href javascript:;}, :content (添加标签)} 
 {:tag :a, :attrs {:title , :href /widget/isingle?sid=9356, :class toplayer}, :content (转贴到其它网站)})} 
)})} 																						)} 

										)} 
																																								 {:tag :tr, :attrs {:class bg_grey}, :content (
											 {:tag :td, :attrs {:class chkbox}, :content ({:tag :input, :attrs {:name recommendids, :value 9357, :checked checked, :type checkbox}, :content nil})} 
											 {:tag :td, :attrs {:class trackid}, :content (02)} 
											 {:tag :td, :attrs {:class song_name}, :content ({:tag :a, :attrs {:title , :href /song/9357}, :content (第二乐章 红军.各民族的亲人)}  )} 
											 {:type :comment, :data  <td class="song_price">0.8米</td>  } 
																						 {:tag :td, :attrs {:class song_hot}, :content (797)} 
											 {:tag :td, :attrs {:class song_hot_bar}, :content ({:tag :span, :attrs {:style width:80%;}, :content ( )})} 
																						 {:tag :td, :attrs {:class song_act}, :content (
																							 {:tag :div, :attrs {:style width:170px;_width:180px;, :class song_do}, :content (
 {:tag :a, :attrs {:onclick play('9357');, :title 试听, :href javascript:void(0), :class song_play}, :content ({:tag :span, :attrs nil, :content (试听)})}  
 {:tag :a, :attrs {:onclick recommend('9357','32'), :title 推荐, :href javascript:void(0), :class song_digg}, :content ({:tag :span, :attrs nil, :content (推荐)})}  
 {:tag :a, :attrs {:onclick collect('9357');, :title 添加到精选集, :href javascript:void(0), :class song_toclt}, :content ({:tag :span, :attrs nil, :content (添加到am精选集)})} 
 {:tag :a, :attrs {:onclick xm_download('9357');, :title 下载, :href javascript:void(0), :class song_download}, :content ({:tag :span, :attrs nil, :content (下载)})} 
 {:tag :a, :attrs {:title 发送到, :onclick showDialog('/music/send/id/9357');, :href javascript:void(0), :class song_tel}, :content (发送到)} 
 {:tag :div, :attrs {:class song_menu}, :content (
 {:tag :a, :attrs {:title , :href javascript:void(0), :class song_more}, :content (更多)} 
 {:tag :span, :attrs {:class song_menu_drop}, :content (
 {:tag :em, :attrs nil, :content nil} 
 {:tag :a, :attrs {:title , :onclick tag(9357,3);, :href javascript:;}, :content (添加标签)} 
 {:tag :a, :attrs {:title , :href /widget/isingle?sid=9357, :class toplayer}, :content (转贴到其它网站)})} 
)})} 																						)} 

										)} 
																																								 {:tag :tr, :attrs nil, :content (
											 {:tag :td, :attrs {:class chkbox}, :content ({:tag :input, :attrs {:name recommendids, :value 9358, :checked checked, :type checkbox}, :content nil})} 
											 {:tag :td, :attrs {:class trackid}, :content (03)} 
											 {:tag :td, :attrs {:class song_name}, :content ({:tag :a, :attrs {:title , :href /song/9358}, :content (第三乐章 飞夺泸定桥)}  )} 
											 {:type :comment, :data  <td class="song_price">0.8米</td>  } 
																						 {:tag :td, :attrs {:class song_hot}, :content (381)} 
											 {:tag :td, :attrs {:class song_hot_bar}, :content ({:tag :span, :attrs {:style width:46%;}, :content ( )})} 
																						 {:tag :td, :attrs {:class song_act}, :content (
																							 {:tag :div, :attrs {:style width:170px;_width:180px;, :class song_do}, :content (
 {:tag :a, :attrs {:onclick play('9358');, :title 试听, :href javascript:void(0), :class song_play}, :content ({:tag :span, :attrs nil, :content (试听)})}  
 {:tag :a, :attrs {:onclick recommend('9358','32'), :title 推荐, :href javascript:void(0), :class song_digg}, :content ({:tag :span, :attrs nil, :content (推荐)})}  
 {:tag :a, :attrs {:onclick collect('9358');, :title 添加到精选集, :href javascript:void(0), :class song_toclt}, :content ({:tag :span, :attrs nil, :content (添加到am精选集)})} 
 {:tag :a, :attrs {:onclick xm_download('9358');, :title 下载, :href javascript:void(0), :class song_download}, :content ({:tag :span, :attrs nil, :content (下载)})} 
 {:tag :a, :attrs {:title 发送到, :onclick showDialog('/music/send/id/9358');, :href javascript:void(0), :class song_tel}, :content (发送到)} 
 {:tag :div, :attrs {:class song_menu}, :content (
 {:tag :a, :attrs {:title , :href javascript:void(0), :class song_more}, :content (更多)} 
 {:tag :span, :attrs {:class song_menu_drop}, :content (
 {:tag :em, :attrs nil, :content nil} 
 {:tag :a, :attrs {:title , :onclick tag(9358,3);, :href javascript:;}, :content (添加标签)} 
 {:tag :a, :attrs {:title , :href /widget/isingle?sid=9358, :class toplayer}, :content (转贴到其它网站)})} 
)})} 																						)} 

										)} 
																																								 {:tag :tr, :attrs {:class bg_grey}, :content (
											 {:tag :td, :attrs {:class chkbox}, :content ({:tag :input, :attrs {:name recommendids, :value 9359, :checked checked, :type checkbox}, :content nil})} 
											 {:tag :td, :attrs {:class trackid}, :content (04)} 
											 {:tag :td, :attrs {:class song_name}, :content ({:tag :a, :attrs {:title , :href /song/9359}, :content (第四乐章 翻雪山 过草地)}  )} 
											 {:type :comment, :data  <td class="song_price">0.8米</td>  } 
																						 {:tag :td, :attrs {:class song_hot}, :content (402)} 
											 {:tag :td, :attrs {:class song_hot_bar}, :content ({:tag :span, :attrs {:style width:48%;}, :content ( )})} 
																						 {:tag :td, :attrs {:class song_act}, :content (
																							 {:tag :div, :attrs {:style width:170px;_width:180px;, :class song_do}, :content (
 {:tag :a, :attrs {:onclick play('9359');, :title 试听, :href javascript:void(0), :class song_play}, :content ({:tag :span, :attrs nil, :content (试听)})}  
 {:tag :a, :attrs {:onclick recommend('9359','32'), :title 推荐, :href javascript:void(0), :class song_digg}, :content ({:tag :span, :attrs nil, :content (推荐)})}  
 {:tag :a, :attrs {:onclick collect('9359');, :title 添加到精选集, :href javascript:void(0), :class song_toclt}, :content ({:tag :span, :attrs nil, :content (添加到am精选集)})} 
 {:tag :a, :attrs {:onclick xm_download('9359');, :title 下载, :href javascript:void(0), :class song_download}, :content ({:tag :span, :attrs nil, :content (下载)})} 
 {:tag :a, :attrs {:title 发送到, :onclick showDialog('/music/send/id/9359');, :href javascript:void(0), :class song_tel}, :content (发送到)} 
 {:tag :div, :attrs {:class song_menu}, :content (
 {:tag :a, :attrs {:title , :href javascript:void(0), :class song_more}, :content (更多)} 
 {:tag :span, :attrs {:class song_menu_drop}, :content (
 {:tag :em, :attrs nil, :content nil} 
 {:tag :a, :attrs {:title , :onclick tag(9359,3);, :href javascript:;}, :content (添加标签)} 
 {:tag :a, :attrs {:title , :href /widget/isingle?sid=9359, :class toplayer}, :content (转贴到其它网站)})} 
)})} 																						)} 

										)} 
																																								 {:tag :tr, :attrs nil, :content (
											 {:tag :td, :attrs {:class chkbox}, :content ({:tag :input, :attrs {:name recommendids, :value 9360, :checked checked, :type checkbox}, :content nil})} 
											 {:tag :td, :attrs {:class trackid}, :content (05)} 
											 {:tag :td, :attrs {:class song_name}, :content ({:tag :a, :attrs {:title , :href /song/9360}, :content (第五乐章 胜利会师)}  )} 
											 {:type :comment, :data  <td class="song_price">0.8米</td>  } 
																						 {:tag :td, :attrs {:class song_hot}, :content (488)} 
											 {:tag :td, :attrs {:class song_hot_bar}, :content ({:tag :span, :attrs {:style width:55%;}, :content ( )})} 
																						 {:tag :td, :attrs {:class song_act}, :content (
																							 {:tag :div, :attrs {:style width:170px;_width:180px;, :class song_do}, :content (
 {:tag :a, :attrs {:onclick play('9360');, :title 试听, :href javascript:void(0), :class song_play}, :content ({:tag :span, :attrs nil, :content (试听)})}  
 {:tag :a, :attrs {:onclick recommend('9360','32'), :title 推荐, :href javascript:void(0), :class song_digg}, :content ({:tag :span, :attrs nil, :content (推荐)})}  
 {:tag :a, :attrs {:onclick collect('9360');, :title 添加到精选集, :href javascript:void(0), :class song_toclt}, :content ({:tag :span, :attrs nil, :content (添加到am精选集)})} 
 {:tag :a, :attrs {:onclick xm_download('9360');, :title 下载, :href javascript:void(0), :class song_download}, :content ({:tag :span, :attrs nil, :content (下载)})} 
 {:tag :a, :attrs {:title 发送到, :onclick showDialog('/music/send/id/9360');, :href javascript:void(0), :class song_tel}, :content (发送到)} 
 {:tag :div, :attrs {:class song_menu}, :content (
 {:tag :a, :attrs {:title , :href javascript:void(0), :class song_more}, :content (更多)} 
 {:tag :span, :attrs {:class song_menu_drop}, :content (
 {:tag :em, :attrs nil, :content nil} 
 {:tag :a, :attrs {:title , :onclick tag(9360,3);, :href javascript:;}, :content (添加标签)} 
 {:tag :a, :attrs {:title , :href /widget/isingle?sid=9360, :class toplayer}, :content (转贴到其它网站)})} 
)})} 																						)} 

										)} 
																													)} 
								)} 
															)} 
														 {:tag :div, :attrs {:class chapter_ctrl cd_count}, :content (
								 {:tag :div, :attrs {:class ctrl_play}, :content (  {:tag :a, :attrs {:class bt_choose, :href javascript:void(0), :title , :onclick selectAll('recommendids')}, :content ({:tag :span, :attrs nil, :content (全选)})}   {:tag :a, :attrs {:class bt_choose, :href javascript:void(0);, :onclick inverse('recommendids');, :title }, :content ({:tag :span, :attrs nil, :content (反选)})}   {:tag :a, :attrs {:class bt_play, :href javascript:void(0);, :title , :onclick playsongs('recommendids');}, :content ({:tag :span, :attrs nil, :content (播放选中歌曲)})}  )} 
								 {:tag :div, :attrs {:class ctrl_gears}, :content (  {:tag :a, :attrs {:class bt_cdgears, :href javascript:void(0), :title }, :content ({:tag :span, :attrs nil, :content (更多)})} 
									 {:tag :div, :attrs {:class ctrl_gears_more hidden}, :content ({:tag :em, :attrs nil, :content nil}   {:tag :a, :attrs {:href javascript:void(0);, :title 添加选中歌曲到精选集, :onclick collects('recommendids');}, :content (添加选中歌曲到精选集)} {:tag :a, :attrs {:class towidget, :href javascript:;, :title 将选中歌曲制作成虾米播播, :onclick makeMultiWidget('recommendids');return false;}, :content (将选中歌曲制作成虾米播播)}  )} 
								)} 
								 {:tag :div, :attrs {:class ctrl_download}, :content (
									 {:tag :a, :attrs {:class bt_download, :href javascript:void(0), :title 下载选中的歌曲, :onclick downloadsongs('recommendids')}, :content ({:tag :span, :attrs nil, :content (下载选中歌曲)})} 
								)} 
							)} 
													)} 
						 {:tag :div, :attrs {:class sec_Rlt mgt30, :id comments}, :content (
	 {:tag :h3, :attrs nil, :content (受欢迎的乐评)} 
	 {:tag :div, :attrs {:class common_sec, :id comment}, :content (
		 {:tag :ul, :attrs {:class clearfix}, :content (
				 {:tag :li, :attrs {:class comments_item}, :content (
			 {:tag :div, :attrs {:class comment_item}, :content (
				 {:tag :p, :attrs {:class buddy}, :content ({:tag :a, :attrs {:title , :href /u/7452581}, :content ({:tag :img, :attrs {:alt , :height 50, :width 50, :src http://img.xiami.net/res/img/default/usr50.gif}, :content nil})})} 
				 {:tag :div, :attrs {:class comment_item_main}, :content (
					 {:tag :div, :attrs {:class title clearfix}, :content (
						 {:tag :h4, :attrs nil, :content ({:tag :a, :attrs {:title 表现重大历史事件的经典乐曲《长征交响曲》, :href /comment/21229}, :content (表现重大历史事件的经典乐曲《长征交响曲》)})} 
						 {:tag :a, :attrs {:title 展开, :data-commetid 21229, :class more close}, :content (展开)} 
					)} 
					 {:tag :div, :attrs {:class author}, :content ({:tag :a, :attrs {:title , :href /u/7452581}, :content (颍河笛叟)}  发表于 2012-01-25  {:tag :p, :attrs {:class album_rank}, :content ({:tag :span, :attrs {:style width:50px;}, :content (评分)})})} 
					 {:tag :div, :attrs {:class comment_brief, :id review_21229_short}, :content (
						《长征交响曲》是表现和歌颂长征这一伟大的历史事件的五乐章交响曲，为了写作这部交响曲，作者曾于1958年冬到1959年春，去江西、广西、贵州、四川等地深入生活，收集音乐素材，作品面世后，受到一致好评，几...
											)} 
					 {:tag :div, :attrs {:style display:none;, :class comment_brief comment_brief_full, :id review_21229_full}, :content (
						《长征交响曲》是表现和歌颂长征这一伟大的历史事件的五乐章交响曲，为了写作这部交响曲，作者曾于1958年冬到1959年春，去江西、广西、贵州、四川等地深入生活，收集音乐素材，作品面世后，受到一致好评，几十年来被许多世界知名乐团演奏过。他借用交响乐的艺术形式，成功地反映了“长征”这一重大**历史题材，使之成为一直传奏不衰的经典作品！中国**史上的2500里长征，本身便是一幅宏伟壮丽的画卷，一首惊天动地的史诗，它被众多的文艺家写进了自己的作品，在音乐方面，最成功的当推丁善德的《长征》交响曲和总政歌舞团的《长征组歌》！本曲第一乐章《踏上征途》，从深沉的导奏开始，逐渐发展成气势宏大的进行曲，第二乐章《红军--各族人民的亲人》，运用了西南少数民族音乐素材，描写长征途中的军民鱼水情，第三乐章《飞夺泸定桥》，全曲节奏快捷，惊心动魄，气势慑人，第四乐章《翻雪山。过草地》除刻划长征的艰苦卓绝，也不乏美丽风光和深远意境的描绘，终曲则为《胜利会师》，用舞曲体载引出极灿烂的气氛。作者十分精炼而准确地表现了这一史诗性的事件，既表现了**征途的艰苦又表现了**的乐观主义精神。
						 {:tag :div, :attrs {:class comment_acts clearfix}, :content (
							 {:tag :ul, :attrs {:class acts_list}, :content (
								 {:tag :li, :attrs {:class do_share}, :content (
									 {:tag :a, :attrs {:onclick recommend('21229','37'), :href javascript:void(0), :class wrap}, :content ({:tag :span, :attrs nil, :content ({:tag :i, :attrs nil, :content nil} 分享)})} 
								)} 
							)} 
							 {:tag :table, :attrs nil, :content (
								 {:tag :tbody, :attrs nil, :content (
									 {:tag :tr, :attrs nil, :content (
										 {:tag :td, :attrs {:class gap}, :content ({:tag :em, :attrs nil, :content (385)} 浏览)} 
										 {:tag :td, :attrs nil, :content ({:tag :a, :attrs {:href /comment/21229#wall}, :content ({:tag :em, :attrs nil, :content (0)} 简评)})} 
									)} 
								)} 
							)} 
						)} 
											)} 
					 {:type :comment, :data  <div class="comment_toggle"><a href="/comment/21229" title="">0个回复 | 0人推荐</a></div> } 
				)} 
			)} 
		)} 
				)} 
		 {:tag :div, :attrs {:class creat_comment}, :content ({:tag :a, :attrs {:href /comment/add/id/774, :class bt_links}, :content ({:tag :span, :attrs nil, :content (写乐评)})})} 
	)} 
	 {:tag :div, :attrs {:class acts}, :content ({:tag :a, :attrs {:href /comment/list/id/774, :class more}, :content (更多乐评)})} 
	
	 {:tag :script, :attrs nil, :content (
		$(function(){
			$('.comment_acts').hover(function(){
				$(this).addClass('acts_hover');
			},function(){
				$(this).removeClass('acts_hover');
			});
			
			$(".comment_item_main .title .more").click(function(){
				var self = $(this);
				var CommetId = self.data("commetid");
				if(self.hasClass("open")){
					self.removeClass("open").addClass("close");
					this.innerHTML = "展开";
					this.title = "展开";
				}else{
					self.removeClass("close").addClass("open");
					this.innerHTML = "收起";
					this.title = "收起";
					
					var view = $("#review_"+CommetId+"_full").find('em').eq(0).html();
					$("#review_"+CommetId+"_full").find('em').eq(0).html(parseInt(view)+1);					
					$.getJSON('/ajax/add-comment-views',{'id':CommetId},function(data){
						
					});				
				}
				$("#review_"+CommetId+"_full").toggle();
				$("#review_"+CommetId+"_short").toggle();
			});
		});
	)} 
	
)} 
						

 {:tag :div, :attrs {:class comments_wall blank40, :id wall}, :content (
		 {:tag :h3, :attrs {:style position:relative, :class Ctitle}, :content (我来说两句
		)} 
		 {:tag :div, :attrs {:class common_sec}, :content (
				 {:tag :div, :attrs {:class a_wall_unlog}, :content ( 
			 {:tag :div, :attrs {:style padding:10px 0;text-align:center;, :class login_method clearfix}, :content (
				 {:tag :a, :attrs {:style margin:0 5px;, :href https://login.xiami.com/member/login?taobao=1}, :content ({:tag :img, :attrs {:style float:none, :height 24, :width 125, :src http://img.xiami.net/res/img/common/thirdparty/taobao125_24.jpg, :alt 用淘宝帐号登录}, :content nil})} 
				 {:tag :a, :attrs {:style margin:0 5px;, :onclick sinaLoginForMsg();return false;, :href javascript:;}, :content ({:tag :img, :attrs {:style float:none, :height 24, :width 125, :src http://img.xiami.net/res/img/common/thirdparty/weibo125_24.jpg, :alt 用微博帐号登录}, :content nil})} 
				 {:tag :a, :attrs {:style margin:0 5px;, :onclick qqLoginForMsg();return false;, :href javascript:;}, :content ({:tag :img, :attrs {:style float:none, :height 24, :width 125, :src http://img.xiami.net/res/img/common/thirdparty/qq125_24.jpg, :alt 用QQ帐号登录}, :content nil})} 
							)} 
			 {:tag :p, :attrs {:style text-align: center;}, :content (您需要登录后才可以留言，请用虾米帐号  {:tag :a, :attrs {:title 直接登录到虾米, :href https://login.xiami.com/member/login}, :content (登录)}  或  {:tag :a, :attrs {:title 注册虾米, :href /member/register}, :content (免费注册)})} 
		)} 
				
									 {:tag :div, :attrs {:id wall_list, :class wall_list}, :content (
			 {:tag :p, :attrs {:class wall_list_count}, :content ({:tag :span, :attrs nil, :content (5)} 条简评)} 
			 {:tag :ul, :attrs nil, :content (
		 {:tag :li, :attrs {:id 18119413}, :content (
		 {:tag :div, :attrs {:class post_item}, :content (
			 {:tag :p, :attrs {:class usr_cover}, :content ({:tag :a, :attrs {:title 赚钱才加码不动乃真功, :href http://www.xiami.com/u/28161922, :rel , :name_card 28161922}, :content (   {:tag :img, :attrs {:alt 赚钱才加码不动乃真功, :height 50, :width 50, :src http://img.xiami.net/res/img/default/usr50.gif}, :content nil}   )})} 
			 {:tag :div, :attrs {:class info}, :content (  {:tag :span, :attrs {:class author}, :content ({:tag :a, :attrs {:title 赚钱才加码不动乃真功, :name_card 28161922, :href http://www.xiami.com/u/28161922}, :content (赚钱才加码不动乃真功)})} {:tag :span, :attrs {:class time}, :content (2013-11-22 09:23)} 
											 {:tag :span, :attrs {:class ageree}, :content ({:tag :a, :attrs {:rel 0, :onclick ageree(18119413,1), :class agereebox_18119413, :href javascript:;}, :content (赞(0))})} 
				 {:tag :span, :attrs {:class disageree}, :content ({:tag :a, :attrs {:rel 0, :onclick ageree(18119413,2), :class disagereebox_18119413, :href javascript:;}, :content (弱(0))})} 
							)} 
			 {:tag :div, :attrs {:class brief}, :content (
				 {:tag :div, :attrs {:id brief_18119413}, :content (好听
																)} 
				 )} 
		)} 
	)} 
		 {:tag :li, :attrs {:id 17944035}, :content (
		 {:tag :div, :attrs {:class post_item}, :content (
			 {:tag :p, :attrs {:class usr_cover}, :content ({:tag :a, :attrs {:title 天鹰, :href http://www.xiami.com/u/10332936, :rel , :name_card 10332936}, :content (   {:tag :img, :attrs {:alt 天鹰, :height 50, :width 50, :src http://img.xiami.net/images/avatar/36/10332936/103329361345696973_1.jpg}, :content nil}   )})} 
			 {:tag :div, :attrs {:class info}, :content (  {:tag :span, :attrs {:class author}, :content ({:tag :a, :attrs {:title 天鹰, :name_card 10332936, :href http://www.xiami.com/u/10332936}, :content (天鹰)} {:tag :a, :attrs {:style display:inline, :title 虾米Vip, :target _blank, :href http://www.xiami.com/vip}, :content ({:tag :i, :attrs {:class icon icon_vip}, :content nil})})} {:tag :span, :attrs {:class time}, :content (2013-11-09 16:54)} 
											 {:tag :span, :attrs {:class ageree}, :content ({:tag :a, :attrs {:rel 0, :onclick ageree(17944035,1), :class agereebox_17944035, :href javascript:;}, :content (赞(0))})} 
				 {:tag :span, :attrs {:class disageree}, :content ({:tag :a, :attrs {:rel 0, :onclick ageree(17944035,2), :class disagereebox_17944035, :href javascript:;}, :content (弱(0))})} 
							)} 
			 {:tag :div, :attrs {:class brief}, :content (
				 {:tag :div, :attrs {:id brief_17944035}, :content (太好了 巨人之作
																)} 
				 )} 
		)} 
	)} 
		 {:tag :li, :attrs {:id 11455550}, :content (
		 {:tag :div, :attrs {:class post_item}, :content (
			 {:tag :p, :attrs {:class usr_cover}, :content ({:tag :a, :attrs {:title 凤山, :href http://www.xiami.com/u/9252163, :rel , :name_card 9252163}, :content (   {:tag :img, :attrs {:alt 凤山, :height 50, :width 50, :src http://img.xiami.net/images/avatar_new/185/4/9252163/9252163_1337687199_1.jpg}, :content nil}   )})} 
			 {:tag :div, :attrs {:class info}, :content (  {:tag :span, :attrs {:class author}, :content ({:tag :a, :attrs {:title 凤山, :name_card 9252163, :href http://www.xiami.com/u/9252163}, :content (凤山)} {:tag :a, :attrs {:style display:inline, :title 虾米Vip, :target _blank, :href http://www.xiami.com/vip}, :content ({:tag :i, :attrs {:class icon icon_vip}, :content nil})})} {:tag :span, :attrs {:class time}, :content (2012-07-23 10:07)} 
											 {:tag :span, :attrs {:class ageree}, :content ({:tag :a, :attrs {:rel 0, :onclick ageree(11455550,1), :class agereebox_11455550, :href javascript:;}, :content (赞(0))})} 
				 {:tag :span, :attrs {:class disageree}, :content ({:tag :a, :attrs {:rel 0, :onclick ageree(11455550,2), :class disagereebox_11455550, :href javascript:;}, :content (弱(0))})} 
							)} 
			 {:tag :div, :attrs {:class brief}, :content (
				 {:tag :div, :attrs {:id brief_11455550}, :content (~
																)} 
				 )} 
		)} 
	)} 
		 {:tag :li, :attrs {:id 10159179}, :content (
		 {:tag :div, :attrs {:class post_item}, :content (
			 {:tag :p, :attrs {:class usr_cover}, :content ({:tag :a, :attrs {:title KWOng, :href http://www.xiami.com/u/8739109, :rel , :name_card 8739109}, :content (   {:tag :img, :attrs {:alt KWOng, :height 50, :width 50, :src http://img.xiami.net/res/img/default/usr50.gif}, :content nil}   )})} 
			 {:tag :div, :attrs {:class info}, :content (  {:tag :span, :attrs {:class author}, :content ({:tag :a, :attrs {:title KWOng, :name_card 8739109, :href http://www.xiami.com/u/8739109}, :content (KWOng)})} {:tag :span, :attrs {:class time}, :content (2012-04-04 20:22)} 
											 {:tag :span, :attrs {:class ageree}, :content ({:tag :a, :attrs {:rel 0, :onclick ageree(10159179,1), :class agereebox_10159179, :href javascript:;}, :content (赞(0))})} 
				 {:tag :span, :attrs {:class disageree}, :content ({:tag :a, :attrs {:rel 0, :onclick ageree(10159179,2), :class disagereebox_10159179, :href javascript:;}, :content (弱(0))})} 
							)} 
			 {:tag :div, :attrs {:class brief}, :content (
				 {:tag :div, :attrs {:id brief_10159179}, :content (气势磅礴
																)} 
				 )} 
		)} 
	)} 
		 {:tag :li, :attrs {:id 9864905}, :content (
		 {:tag :div, :attrs {:class post_item}, :content (
			 {:tag :p, :attrs {:class usr_cover}, :content ({:tag :a, :attrs {:title 我爱歌唱！, :href http://www.xiami.com/u/8424110, :rel , :name_card 8424110}, :content (   {:tag :img, :attrs {:alt 我爱歌唱！, :height 50, :width 50, :src http://img.xiami.net/res/img/default/usr50.gif}, :content nil}   )})} 
			 {:tag :div, :attrs {:class info}, :content (  {:tag :span, :attrs {:class author}, :content ({:tag :a, :attrs {:title 我爱歌唱！, :name_card 8424110, :href http://www.xiami.com/u/8424110}, :content (我爱歌唱！)})} {:tag :span, :attrs {:class time}, :content (2012-03-14 15:22)} 
											 {:tag :span, :attrs {:class ageree}, :content ({:tag :a, :attrs {:rel 0, :onclick ageree(9864905,1), :class agereebox_9864905, :href javascript:;}, :content (赞(0))})} 
				 {:tag :span, :attrs {:class disageree}, :content ({:tag :a, :attrs {:rel 0, :onclick ageree(9864905,2), :class disagereebox_9864905, :href javascript:;}, :content (弱(0))})} 
							)} 
			 {:tag :div, :attrs {:class brief}, :content (
				 {:tag :div, :attrs {:id brief_9864905}, :content (dd
																)} 
				 )} 
		)} 
	)} 
	)} 
		)} 
			)} 
)} 

 {:tag :style, :attrs nil, :content (
#autoSuggestList{border:1px solid #b3b3b3; background-color:#ffffff; height:auto; text-align:left;padding:0px 6px 6px; border-radius:3px;}

#autoSuggestList li{margin-top:6px; cursor:pointer; line-height:24px; color:#363636;; padding-right:10px}
#autoSuggestList li.suggest_title{border-top:none; cursor:default;}
#autoSuggestList li img{display:block; float:left; margin-right:5px;}
#autoSuggestList li.on{background-color:#eeeeee}
textarea {font:normal 12px/1.5em Tahoma, simsun; overflow-y:auto; overflow-x:hidden; word-wrap: break-word;}

#textareaShadow em{ font-style:normal;}
)} 

 {:tag :script, :attrs {:src http://res.xiami.net/res/js/jquery/jquery.color.js, :type text/javascript}, :content nil} 
 {:tag :script, :attrs {:src http://res.xiami.net/res/js/jquery/editbox/jquery.editbox.js?v=20131014, :type text/javascript}, :content nil} 
 {:tag :script, :attrs {:src http://res.xiami.net/static/js/plug/jquery.autoSuggest.js?v=20130517, :type text/javascript}, :content nil} 

 {:tag :script, :attrs nil, :content (
var commentType = 1;
var object_id = parseInt(774);
var uid = parseInt('') || 0;
var content_txt = '';
var content_html = '';
var topic = '';
var relids = '';

function regReportEvent() {
    $('.post_item').each(function(i){
        var self = this;
        $(self).unbind('mouseenter.report mouseleave.report');
        $(self).bind('mouseenter.report',function(){
            temp = setTimeout(function(){
                $(self).children('.info').children('.report').children('.reportbox').show();
            }, 200);
        }).bind('mouseleave.report', function(){
            clearTimeout(temp);
            $(self).children('.info').children('.report').children('.reportbox').hide();
        });
    });
}
regReportEvent();

$(document).ready(function(){
	var $commentDiv 	= $("#wall_list"),
	$commentForm 	= $('#post_form'),
	$commentCount	= $('.wall_list_count').find('span');
	$btn_Submit 	= $commentForm.find('.bt_sub4w'),
	$textarea 		= $commentForm.find('textarea'),
	$count 			= $commentForm.find('.type_counts em'),
	regDelEvent	= function(){
		$('.delete a',$commentDiv).attr('onclick','').unbind()
		.click(function(){
			if(!confirm('确定要删除吗？')) return false;
			var $this = $(this);
			$this.hide().after($loading2);
			$.post($this.attr('href'),{mode:'ajax'},function(data){
				if(data == '1') {
					$this.parent().parent().parent().remove();
					var count = parseInt($commentCount.text()) - 1;
					$commentCount.text(count);
				} else {
					$this.show().next().remove();
					alert(data);
				}
			});
			return false;
		});
	},

	//重新注册editbox的事件
	regEvent	= function(){
		regDelEvent();
		$('.editbox').editbox();
		$('.rebox').editbox({type:'re',saveBtnValue:'回 复',afterAppend:regDelEvent});
		$('.quotebox').editbox({type:'quote',saveBtnValue:'回 复',afterAppend:regDelEvent});
		$('.hotrebox').editbox({type:'re',saveBtnValue:'回 复',afterAppend:regDelEvent});
	},

	//ajax翻页
	ajaxTurnPage	= function(data,type){
		if(data){
			var $wallCount = $(".wall_list_count").clone();
			$commentDiv.empty().append(data);
			$commentDiv.prepend($wallCount);
			//$(".all_page").find('a')[0].focus();
		}

		$("#wall_list .all_page>a").each(function(){
			var href=$(this).attr('href');
			var patrn=/page\/(\d+)/;
			var page = patrn.exec(href);
			if(page) {
				href = '/commentlist/turnpage/id/'+object_id+'/page/'+page[1]+'/ajax/1';
				$(this).attr('href','javascript:;').click(function(){
					var location = String(window.location).split("#");
					$("#wall_list .all_page").empty().append($loading2);
					$.post(href,{'type':type},function(data){window.location = location[0]+"#wall_list";ajaxTurnPage(data,type);});
				});
			}
		});
		regEvent();
		regReportEvent();
	};

	ajaxTurnPage('',commentType);
	$textarea.keyup(function(){
		var num = $textarea.val().length;
		$count.html(num.toString());
	});

	$btn_Submit.click(function(){
		var val = $textarea.val();
		var num = val.length;

		if(num<1||/^\s*$/.test(val)) {alert('内容不能为空');return false;}
		if(num>300) {alert('输入内容请限制在300字以内');return false;}

		$btn_Submit.hide().after($loading2);
		if(commentType==23||commentType==25||commentType==24||commentType==30||commentType==12){
			var sendshare = $('#sendshare').val();
			if(sendshare==1) {
				var querydata = {
					relids:relids,
					type:commentType,
					oid:object_id,
					content:val,
					mode:'ajax',
					_xiamitoken:_xiamitoken,
					sendshare:sendshare,
					'content_txt':encodeURIComponent(content_txt),
					'content_html':encodeURIComponent(content_html),
					'topic':encodeURIComponent(topic)
				};
			}else {
				var querydata = {type:commentType,oid:object_id,content:val,relids:relids,mode:'ajax',_xiamitoken:_xiamitoken};
			}
		}else{
			var querydata = {type:commentType,oid:object_id,content:val,relids:relids,mode:'ajax',_xiamitoken:_xiamitoken};	
		}
	
		$.getJSON('/commentlist/add', querydata, function(data){
			$btn_Submit.fadeIn().next().remove();
			if(data.status=='failed') {alert(data.msg);return;}
			$count.html('0');
			if(!topic) {
				$textarea.val('');
				$textarea.next().val('');
			}else {
				$textarea.val(topic) ;
			}
			$commentDiv.find('ul').prepend(data.output);
			regEvent();

			var count = parseInt($commentCount.text()) + 1;
				$commentCount.text(count);
			var $c = $commentDiv.find('ul').children();
			var $last = $($c[0]);
			//$('a',$last).focus();
			//window.scrollTo(0,$(".comments_wall").offset().top);
			$last.hide().fadeIn('fast').animate({backgroundColor:'#FFE222'},'slow').animate({backgroundColor:'#ffffff'},1800);
		});
     
		relids = '';
		return false;
	});
	
	$("textarea[node-type=autoSuggest]").autoSuggest( "/relation/fetch", uid);
});
function detail_report(id,type){
	var url = '/ajax/report/id/'+ encodeURIComponent(id)+'/type/'+encodeURIComponent(type);
	showDialog(url);
}



function ageree(id,state){
	var querydata = {'id':id,'state':state,'user_id':uid,'mode':'ajax', '_xiamitoken':_xiamitoken};
	$.ajax({
		url:'/commentlist/ageree/',
		type: 'GET',
		data:querydata,
		dataType: 'json',
		timeout: 2000,
		beforeSend: function(){
		},
		error: function(data){	
			var url = '/commentlist/ageree/id/'+ encodeURIComponent(id)+'/state/'+encodeURIComponent(state);
			showDialog(url);
		},
		success: function(data){			
			if(data.status==1){
				if(state==1){
					var v = parseInt($('.agereebox_'+id).attr('rel'))+1;
					$('.agereebox_'+id).html('赞('+v+')');
				}else if(state==2){
					var v = parseInt($('.disagereebox_'+id).attr('rel'))+1;	
					$('.disagereebox_'+id).html('弱('+v+')');
				}				
			}
		}
	});	
}

$("#sendshare").click(function() {
    var val = $("#sendshare").val();
    if(val==1) $("#sendshare").val(0);
    if(val==0) $("#sendshare").val(1);   
});

var Renren={
	ApiKey:'8521f0afe9404fafbd73d063dd258df0',
	Receiver:'/renren/xd-receiver',
	CallBack:'/renren/login',
	Init:function(){
		var self=this;
		XN_RequireFeatures(["Connect"], function(){
			XN.Main.init(self.ApiKey,self.Receiver,{"doNotUseCachedConnectState":true,'permsToRequestOnConnect':'publish_feed'});
		});
	},
	
	Login:function(){
		XN.Connect.requireSession(function(){
			window.location='/renren/login';
		});
		setTimeout(function(){
			$('#shadow').remove();
			}, 300);
	},
	
	Logout:function(){
		var self=this;
		XN_RequireFeatures(["Connect"], function(){
			XN.Main.init(self.ApiKey,self.Receiver);
			XN.Connect.get_status().waitUntilReady(function (login_state) {
				if (login_state != XN.ConnectState.connected) self.Init();
				else {
					var $msg = $('#logoutMsg').find('ul');
					$msg.append('<li style="display:none">正在等待人人连接的退出! 请稍侯...</li>');
					var $last = $msg.find('li:last');
					$last.fadeIn();
					var timer = setInterval(function(){$last.html($last.html()+'.');},500);
					XN.Connect.logout(function () {
						clearInterval(timer);
						$last.html('人人连接已成功退出！');
						setTimeout(function(){$last.fadeOut();},3000);
						self.Init();
					});
				}
			});
		});
	}
};

window.renrenLogin=Renren.Login;

window.sinaLoginForMsg = function(){
	openWind("/sina?done");
};
window.renLoginForMsg = function() {
	openWind("/renren/goon?done");
};
window.qqLoginForMsg = function() {
	openWind("/share/connect/type/qzone?done");
};
window.taoLoginForMsg = function() {
	openWind("xxx");
};
)} 
					)} 
				)} 
				 {:tag :div, :attrs {:id sidebar}, :content (
										 {:tag :div, :attrs {:data-spm 6856593, :class music_counts}, :content (
						 {:tag :ul, :attrs {:class clearfix}, :content (
							 {:tag :li, :attrs {:class line}, :content ({:tag :em, :attrs {:id play_count_num}, :content nil} {:tag :span, :attrs nil, :content (试听)})} 
							 {:tag :li, :attrs {:class line}, :content (50 {:tag :span, :attrs nil, :content (收藏)})} 
							 {:tag :li, :attrs nil, :content ({:tag :a, :attrs {:title , :href #wall}, :content ({:tag :i, :attrs {:property v:count}, :content (5)} {:tag :span, :attrs nil, :content (评论)})})} 
						)} 
					)} 
					
					 {:tag :div, :attrs {:class block mgt20, :id album_fans_block}, :content (
						                                                 {:tag :h3, :attrs nil, :content (收藏了这张专辑的人们...)} 
                         {:tag :div, :attrs {:class content clearfix}, :content (
                             {:tag :ul, :attrs nil, :content (
                                                                 {:tag :li, :attrs nil, :content ({:tag :a, :attrs {:title 耕夫, :name_card 1070493, :href /u/1070493}, :content ({:tag :img, :attrs {:alt 耕夫, :src http://img.xiami.net/images/avatar_new/21/40/1070493/1070493_1305184812_1.jpg}, :content nil})} {:tag :p, :attrs nil, :content ({:tag :a, :attrs {:href /u/1070493}, :content (耕夫)})})} 
                                                                 {:tag :li, :attrs nil, :content ({:tag :a, :attrs {:title 七彩虹, :name_card 399462, :href /u/399462}, :content ({:tag :img, :attrs {:alt 七彩虹, :src http://img.xiami.net/images/avatar_new/7/98/399462/399462_1305051007_1.gif}, :content nil})} {:tag :p, :attrs nil, :content ({:tag :a, :attrs {:href /u/399462}, :content (七彩虹)})})} 
                                                                 {:tag :li, :attrs nil, :content ({:tag :a, :attrs {:title 陽陽, :name_card 751096, :href /u/751096}, :content ({:tag :img, :attrs {:alt 陽陽, :src http://img.xiami.net/images/avatar_new/15/2/751096/751096_1314721454_1.jpg}, :content nil})} {:tag :p, :attrs nil, :content ({:tag :a, :attrs {:href /u/751096}, :content (陽陽)} {:tag :a, :attrs {:style display:inline, :title 虾米Vip, :target _blank, :href http://www.xiami.com/vip}, :content ({:tag :i, :attrs {:class icon icon_vip}, :content nil})})})} 
                                                                 {:tag :li, :attrs nil, :content ({:tag :a, :attrs {:title bz101, :name_card 3053172, :href /u/3053172}, :content ({:tag :img, :attrs {:alt bz101, :src http://img.xiami.net/res/img/default/usr50.gif}, :content nil})} {:tag :p, :attrs nil, :content ({:tag :a, :attrs {:href /u/3053172}, :content (bz101)})})} 
                                                                 {:tag :li, :attrs nil, :content ({:tag :a, :attrs {:title DJJACK4477, :name_card 4283662, :href /u/4283662}, :content ({:tag :img, :attrs {:alt DJJACK4477, :src http://img.xiami.net/images/avatar_new/85/67/4283662/4283662_1363813260_1.jpg}, :content nil})} {:tag :p, :attrs nil, :content ({:tag :a, :attrs {:href /u/4283662}, :content (DJJACK4477)})})} 
                                                                 {:tag :li, :attrs nil, :content ({:tag :a, :attrs {:title 果果虫, :name_card 4473853, :href /u/4473853}, :content ({:tag :img, :attrs {:alt 果果虫, :src http://img.xiami.net/images/avatar_new/89/47/4473853/4473853_1309273621_1.jpg}, :content nil})} {:tag :p, :attrs nil, :content ({:tag :a, :attrs {:href /u/4473853}, :content (果果虫)})})} 
                                                                 {:tag :li, :attrs nil, :content ({:tag :a, :attrs {:title 风信子, :name_card 732107, :href /u/732107}, :content ({:tag :img, :attrs {:alt 风信子, :src http://img.xiami.net/images/avatar_new/14/64/732107/732107_1322387870_1.jpg}, :content nil})} {:tag :p, :attrs nil, :content ({:tag :a, :attrs {:href /u/732107}, :content (风信子)})})} 
                                                                 {:tag :li, :attrs nil, :content ({:tag :a, :attrs {:title 夜半歌声, :name_card 972950, :href /u/972950}, :content ({:tag :img, :attrs {:alt 夜半歌声, :src http://img.xiami.net/images/avatar_new/19/45/972950/972950_1322267414_1.jpg}, :content nil})} {:tag :p, :attrs nil, :content ({:tag :a, :attrs {:href /u/972950}, :content (夜半歌声)})})} 
                                                            )} 
                        )} 
																	)} 
                                         {:tag :div, :attrs {:data-spm 6856597, :class adm_block mgt20}, :content ({:type :comment, :data  Muisc-Album_Right_300x250 } {:tag :script, :attrs {:type text/javascript}, :content (GA_googleFillSlot("Muisc-Album_Right_300x250");)})} 
					                    
					 {:tag :div, :attrs {:class block sec_Rlt mgt20, :id album_tags_block}, :content (
						 {:tag :h3, :attrs nil, :content (专辑标签)} 
						 {:tag :div, :attrs {:class content clearfix}, :content (
							 {:tag :a, :attrs {:title 标签为丁善德器乐长的专辑, :href /album/tag/%E4%B8%81%E5%96%84%E5%BE%B7%E5%99%A8%E4%B9%90%E9%95%BF, :class hot0, :id tag_408266}, :content (丁善德器乐长)} {:tag :a, :attrs {:title 标签为《长征交响曲》的专辑, :href /album/tag/%E3%80%8A%E9%95%BF%E5%BE%81%E4%BA%A4%E5%93%8D%E6%9B%B2%E3%80%8B, :class hot2, :id tag_1185792}, :content (《长征交响曲》)} {:tag :a, :attrs {:title 标签为丁善德 长征的专辑, :href /album/tag/%E4%B8%81%E5%96%84%E5%BE%B7+%E9%95%BF%E5%BE%81, :class hot0, :id tag_860363}, :content (丁善德 长征)} {:tag :a, :attrs {:title 标签为纯音乐的专辑, :href /album/tag/%E7%BA%AF%E9%9F%B3%E4%B9%90, :class hot0, :id tag_1061}, :content (纯音乐)} {:tag :a, :attrs {:title 标签为测试的专辑, :href /album/tag/%E6%B5%8B%E8%AF%95, :class hot0, :id tag_5725}, :content (测试)} {:tag :a, :attrs {:title 标签为丁善德的专辑, :href /album/tag/%E4%B8%81%E5%96%84%E5%BE%B7, :class hot0, :id tag_1126610}, :content (丁善德)} {:tag :a, :attrs {:title 标签为交响曲的专辑, :href /album/tag/%E4%BA%A4%E5%93%8D%E6%9B%B2, :class hot3, :id tag_273388}, :content (交响曲)} {:tag :a, :attrs {:title 标签为长征的专辑, :href /album/tag/%E9%95%BF%E5%BE%81, :class hot2, :id tag_395342}, :content (长征)} {:tag :a, :attrs {:title 标签为中国民族管弦乐及小品系列的专辑, :href /album/tag/%E4%B8%AD%E5%9B%BD%E6%B0%91%E6%97%8F%E7%AE%A1%E5%BC%A6%E4%B9%90%E5%8F%8A%E5%B0%8F%E5%93%81%E7%B3%BB%E5%88%97, :class hot0, :id tag_890062}, :content (中国民族管弦乐及小品系列)} {:tag :a, :attrs {:title 标签为中国国家交响乐团的专辑, :href /album/tag/%E4%B8%AD%E5%9B%BD%E5%9B%BD%E5%AE%B6%E4%BA%A4%E5%93%8D%E4%B9%90%E5%9B%A2, :class hot0, :id tag_679829}, :content (中国国家交响乐团)} {:tag :a, :attrs {:title 标签为长征交响曲的专辑, :href /album/tag/%E9%95%BF%E5%BE%81%E4%BA%A4%E5%93%8D%E6%9B%B2, :class hot0, :id tag_543929}, :content (长征交响曲)} 
						)} 
						 {:tag :div, :attrs {:class acts}, :content ({:tag :a, :attrs {:class more, :href /album/moretags/id/774}, :content (更多标签)})} 
					)} 
                     {:tag :div, :attrs {:class add2group}, :content ({:tag :a, :attrs {:title , :onclick groupalbum('774'), :href javascript:}, :content (收藏此专辑到我的小组)}  )} 
                    
                    					 {:tag :div, :attrs {:class who_pub blank25}, :content (
						 {:tag :p, :attrs nil, :content (为该专辑做出贡献的有：
						 {:tag :a, :attrs {:target _blank, :href /u/99552}, :content ({:tag :span, :attrs nil, :content (mo3659)})} 
												)} 
						
					)} 
					                    
					 {:tag :div, :attrs {:class amend mgt20}, :content (
						 {:tag :ul, :attrs nil, :content (
							 {:tag :li, :attrs nil, :content ({:tag :a, :attrs {:class report, :target _blank, :href /wiki/addalbum?id=774}, :content ({:tag :i, :attrs nil, :content nil} 专辑信息报错与补充)})} 
						)} 
					)} 
				)} 
			)} 
						 {:tag :div, :attrs {:data-spm 6856581, :id nav}, :content (
								 {:tag :a, :attrs {:class , :href /artist/188}, :content (艺人概览)} 
				 {:tag :a, :attrs {:class , :href /artist/profile/id/188}, :content (档案)} 				
				 {:tag :a, :attrs {:class current, :href /artist/album/id/188}, :content (专辑)} 				
				 {:tag :a, :attrs {:class , :href /artist/top/id/188}, :content (热门歌曲)} 				
				 {:tag :a, :attrs {:class , :href /artist/pic/arid/188}, :content (乐迷相册)} 
				 {:tag :a, :attrs {:class , :href /artist/similar/id/188}, :content (相似艺人)} 
				 {:tag :a, :attrs {:class  last, :href /artist/fans/id/188}, :content (粉丝)} 
							)} 
			 {:tag :div, :attrs {:style margin-left:111px;, :class adm_block mgt20}, :content ({:type :comment, :data  Muisc-Album_Bottom_300x250 } {:tag :script, :attrs {:type text/javascript}, :content (GA_googleFillSlot("Muisc-Album_Bottom_300x250");)})} 
		)} 
	)} 
)} 
 {:tag :script, :attrs {:language javascript}, :content (
var aid=774;
var arid = 188;
var search_site = 'http://www.xiami.com';

function page_review(id,num){
	var url = '/album/review/id/'+ encodeURIComponent(id) + '/num/'+ encodeURIComponent(num)+'/nolink/1';
	showDialog(url);
}

function getQuote(type,id){
	var url = '/ajax/getquote/type/'+ encodeURIComponent(type)+'/id/'+encodeURIComponent(id);
	showDialog(url);
}
$(document).ready(function() {
	$('#cover_lightbox').lightBox({
		imageLoading:'http://img.xiami.net/res/js/jquery/jquery_lightbox_images/lightbox-ico-loading.gif',
		imageBtnPrev:'http://img.xiami.net/res/js/jquery/jquery_lightbox_images/lightbox-btn-prev.gif',	
		imageBtnNext:'http://img.xiami.net/res/js/jquery/jquery_lightbox_images/lightbox-btn-next.gif',
		imageBtnClose:'http://img.xiami.net/res/js/jquery/jquery_lightbox_images/lightbox-btn-close_tiny.gif',
		imageBlank:'http://img.xiami.net/res/js/jquery/jquery_lightbox_images/lightbox-blank.gif'
	});
	var delGrade = $(".delGrade");
	$(".grade").hover(function(){
		delGrade.show();
	},function(){
		delGrade.hide();
	});
	delGrade.bind('click',function(){
		var $this = $(this);
		$this.siblings('a').removeClass('selected');
		$.getJSON('/album/review',{grade:0,id:aid,submit:1,mod:'ajax',_xiamitoken:_xiamitoken},function(data){
			if(data.status=='failed'){alert(data.msg);return;}
			$this.siblings('input').val('0');
			window.location.reload();
		});
	});
	/**/
	var target='.grade a';
	//var i=parseInt($('#album_cover .grade_v').val());
	var i = '';
	if(parseInt($('#album_cover .grade_v').val())){
		for (j=0; j<i; j++){$($(target).get(j)).addClass('selected');}
		$('.grade span').text($($(target).get(i-1)).text());
	}
	$(target).mouseover(function(){
		$(target).removeClass('hover').removeClass('selected');
		var i=parseInt($(target).index($(this)[0])); 
		for (j=0; j<=i; j++){$($(target).get(j)).addClass('hover');}
		$('.grade span').text($(this).text()); 
	}).click(function(){
		$(target).removeClass('hover').removeClass('selected');
		var i=parseInt($(target).index($(this)[0])); 
		for (j=0; j<=i; j++){$($(target).get(j)).addClass('selected');}
		$('#album_cover .grade_v').val(i+1);
		//$('.grade span').text($(this).text());
	}).mouseout(function(){
		$(target).removeClass('hover').removeClass('selected');
		var i=parseInt($('#album_cover .grade_v').val());		
		for (j=0; j<i; j++){$($(target).get(j)).addClass('selected');}
		if(!parseInt($('#album_cover .grade_v').val())){
		$('.grade span').text('');
		}else{
		$('.grade span').text($($(target).get(i-1)).text());
		}
	});
	/**/

	$('#album_acts').mouseenter(function(){
		$(this).addClass('acts_hover');
		$('.do_fav').mouseenter(function(){
			$(this).find('ul').show();
		})
		.mouseleave(function(){
			$(this).find('ul').hide();
		});
	})
	.mouseleave(function(){
		$(this).removeClass('acts_hover');
	});

	//专辑试听数
	var playCount = 0;
	var temp = $('.song_hot');
	for(var i=0;i<temp.length;i++){
		playCount += $(temp[i]).text()-0;
	}
	$('#play_count_num').html(playCount);
	
	$(".album_intro_toggle a").toggle(
		function() {
			$("#album_intro").removeClass("intro_less");
			$(this).attr('id','show_less').html("收缩");
		},
		function() {
			$("#album_intro").addClass("intro_less");
			$(this).attr('id','show_more').html("详细");
		}
	);
});
	//提交音频
	$('#submit_music').hover(function(){
		$(this).find('.show_tips').show();
	},function(){
		$(this).find('.show_tips').hide();
	});
$('#more_btn').bind("click", function(){
	if (!$(this).hasClass("song_less")) {
		$(this).html('- 更少').addClass("song_less");
		$('.share_btns').hide();
		$('#full_share').show();
	} else {
		$(this).html('+ 更多').removeClass("song_less");
		$('#full_share').hide();
		$('.share_btns').show();
	}
});
)} 


 {:tag :style, :attrs nil, :content (
	.sitemap dl dd a{
		background: none;
		padding: 0;
	}
	
	.sitemap dl dd{
		padding: 0;
		line-height: 22px;
	}

	.sitemap dl{
		margin: 0;
	}
	.sitemap dl dt{ 
	font-size: 12px;
	line-height: 22px;
	}
	#footer {zoom:1;}
)} 


 {:tag :div, :attrs {:data-spm 1110930425, :id footer}, :content (
	 {:tag :div, :attrs {:class gap}, :content (
	 {:tag :div, :attrs {:class wrapper}, :content (
		 {:tag :div, :attrs {:class content}, :content (
			 {:tag :div, :attrs {:class sitemap}, :content (
				
				 {:tag :dl, :attrs nil, :content (
					 {:tag :dt, :attrs nil, :content (关于)} 
					 {:tag :dd, :attrs nil, :content ({:tag :a, :attrs {:href /about, :title 关于我们}, :content (关于我们)})} 
					 {:tag :dd, :attrs nil, :content ({:tag :a, :attrs {:href /job, :title 虾米招聘}, :content (虾米招聘)} {:tag :sup, :attrs {:class hot}, :content nil})} 
										 {:tag :dd, :attrs nil, :content ({:tag :a, :attrs {:href /musician-contact, :title 独立音乐人合作}, :content (独立音乐人合作)})} 
					 {:tag :dd, :attrs nil, :content ({:tag :a, :attrs {:href /contact, :title 联系我们}, :content (联系我们)})} 
					 {:tag :dd, :attrs nil, :content ({:tag :a, :attrs {:href /links, :title 友情链接}, :content (友情链接)})} 
				)} 
				
				 {:tag :dl, :attrs nil, :content (
					 {:tag :dt, :attrs nil, :content (特色服务)} 
					 {:tag :dd, :attrs nil, :content ({:tag :a, :attrs {:href /vip, :title 虾米 VIP}, :content (虾米 VIP)})} 
					 {:tag :dd, :attrs nil, :content ({:tag :a, :attrs {:href /relation/talentcollect, :title 音乐达人}, :content (音乐达人)})} 
					 {:tag :dd, :attrs nil, :content ({:tag :a, :attrs {:href /group, :title 虾米小组}, :content (虾米小组)})} 
					 {:tag :dd, :attrs nil, :content ({:tag :a, :attrs {:href http://loop.xiami.com/, :title 虾米 LOOP}, :content (虾米 LOOP)})} 
					 {:tag :dd, :attrs nil, :content ({:tag :a, :attrs {:href /widget, :title 虾米播播}, :content (虾米播播)})} 
					 {:tag :dd, :attrs nil, :content ({:tag :a, :attrs {:href /events, :title 音乐专题}, :content (音乐专题)})} 
										
				)} 
				
				 {:tag :dl, :attrs nil, :content (
					 {:tag :dt, :attrs nil, :content (虾米云音乐)} 
					 {:tag :dd, :attrs nil, :content ({:tag :a, :attrs {:href /apps/iphone, :title 虾米 for iPhone}, :content (虾米 for iPhone)} {:tag :sup, :attrs {:class hot}, :content nil})} 
					 {:tag :dd, :attrs nil, :content ({:tag :a, :attrs {:href /apps/android, :title 虾米 for Android}, :content (虾米 for Android)})} 
					 {:tag :dd, :attrs nil, :content ({:tag :a, :attrs {:href /apps/win, :title 虾米 for Windows}, :content (虾米 for Windows)})} 
					 {:tag :dd, :attrs nil, :content ({:tag :a, :attrs {:href /apps/mac, :title 虾米 for Mac}, :content (虾米 for Mac)})} 
					 {:tag :dd, :attrs nil, :content ({:tag :a, :attrs {:href /apps/ipad, :title 虾米 for iPad}, :content (虾米 for iPad)})} 
				)} 

				
				 {:tag :dl, :attrs nil, :content (
					 {:tag :dt, :attrs nil, :content (更多)} 
					 {:tag :dd, :attrs nil, :content ({:tag :a, :attrs {:href /music/category, :title 分类找歌}, :content (分类找歌)})} 
					 {:tag :dd, :attrs nil, :content ({:tag :a, :attrs {:href /websitehelp, :title 帮助中心}, :content (帮助中心)})} 
					 {:tag :dd, :attrs nil, :content ({:tag :a, :attrs {:href /wiki/addalbum, :title 添加虾米还没有的资料}, :content (添加虾米还没有的资料)})} 
					 {:tag :dd, :attrs nil, :content ({:tag :a, :attrs {:href /music/want, :title 提交大家想要的专辑}, :content (提交大家想要的专辑)})} 
					 {:tag :dd, :attrs nil, :content ({:tag :a, :attrs {:href /group/join/id/10147?done=/group/thread-new/id/10147, :title 给虾米提意见}, :content (给虾米提意见)})} 
					 {:tag :dd, :attrs nil, :content ({:tag :a, :attrs {:href /software/allegro, :title 虾传}, :content (虾传)})} 
				)} 
			)} 
				
			 {:tag :div, :attrs {:class cooperation}, :content (
							)} 

		)} 
		 {:tag :div, :attrs {:class ali_group}, :content (
			 {:tag :a, :attrs {:href http://page.1688.com/shtml/about/ali_group1.shtml}, :content (阿里巴巴集团)} 
			 {:tag :b, :attrs nil, :content (|)} 
			 {:tag :a, :attrs {:href http://www.alibaba.com}, :content (阿里巴巴国际站)} 
			 {:tag :b, :attrs nil, :content (|)} 
			 {:tag :a, :attrs {:href http://www.1688.com}, :content (阿里巴巴中国站)} 
			 {:tag :b, :attrs nil, :content (|)} 
			 {:tag :a, :attrs {:href http://www.aliexpress.com}, :content (全球速卖通)} 
			 {:tag :b, :attrs nil, :content (|)} 
			 {:tag :a, :attrs {:href http://www.taobao.com}, :content (淘宝网)} 
			 {:tag :b, :attrs nil, :content (|)} 
			 {:tag :a, :attrs {:href http://www.tmall.com}, :content (天猫)} 
			 {:tag :b, :attrs nil, :content (|)} 
			 {:tag :a, :attrs {:href http://ju.taobao.com}, :content (聚划算)} 
			 {:tag :b, :attrs nil, :content (|)} 
			 {:tag :a, :attrs {:href http://www.etao.com}, :content (一淘)} 
			 {:tag :b, :attrs nil, :content (|)} 
			 {:tag :a, :attrs {:href http://www.alimama.com}, :content (阿里妈妈)} 
			 {:tag :b, :attrs nil, :content (|)} 
			 {:tag :a, :attrs {:href http://trip.taobao.com}, :content (淘宝旅行)} 
			 {:tag :b, :attrs nil, :content (|)} 
			 {:tag :a, :attrs {:href http://www.xiami.com}, :content (虾米)} 
			 {:tag :b, :attrs nil, :content (|)} 
			 {:tag :a, :attrs {:href http://www.aliyun.com}, :content (阿里云计算)} 
			 {:tag :b, :attrs nil, :content (|)} 
			 {:tag :a, :attrs {:href http://www.yunos.com}, :content (云OS)} 
			 {:tag :b, :attrs nil, :content (|)} 
			 {:tag :a, :attrs {:href http://www.net.cn}, :content (万网)} 
			 {:tag :b, :attrs nil, :content (|)} 
			 {:tag :a, :attrs {:href http://www.alipay.com}, :content (支付宝)} 
			 {:tag :b, :attrs nil, :content (|)} 
			 {:tag :a, :attrs {:href http://www.laiwang.com/}, :content (来往)} 
		)} 
		 {:tag :div, :attrs {:class extra}, :content (
			 {:tag :div, :attrs {:class sns}, :content (
				关注虾米： 
				 {:tag :a, :attrs {:title 新浪微博, :href http://t.sina.com.cn/xiamixiamixiami}, :content ({:tag :b, :attrs {:class icon sina}, :content nil})} 
				 {:tag :a, :attrs {:title 人人网, :href http://page.renren.com/699099957/index}, :content ({:tag :b, :attrs {:class icon renren}, :content nil})} 
				 {:tag :a, :attrs {:title QQ 空间, :href http://new.qzone.qq.com/810167634}, :content ({:tag :b, :attrs {:class icon qzone}, :content nil})} 
				 {:tag :a, :attrs {:title 腾讯微博, :href http://t.qq.com/xiaxiaomi}, :content ({:tag :b, :attrs {:class icon tqq}, :content nil})} 
								 {:tag :a, :attrs {:title 豆瓣, :href http://www.douban.com/people/xiaxiaomi}, :content ({:tag :b, :attrs {:class icon douban}, :content nil})} 
							)} 
			
			 {:tag :div, :attrs {:class copyright}, :content (© 2007 -  {:tag :script, :attrs nil, :content (document.write(new Date().getFullYear());)}   {:tag :a, :attrs {:href http://www.xiami.com/}, :content (杭州缪斯客网络科技有限公司)}  -  {:tag :a, :attrs {:title 网站地图, :href /sitemap}, :content (网站地图)}   {:tag :strong, :attrs {:title give music a chance, :class xiami_motto ti}, :content ("give music a chance")} {:tag :br, :attrs nil, :content nil} {:tag :a, :attrs {:target _blank, :href http://img.xiami.net/res/v3/img/wenwangwen.jpg}, :content (浙网文[2011]0012-005号)}      {:tag :a, :attrs {:title 浙ICP备08103200号-2, :target _blank, :href http://www.miibeian.gov.cn/}, :content (浙ICP备08103200号-2)}      {:tag :a, :attrs {:target _blank, :href http://img.xiami.net/res/v3/img/icp.jpg}, :content (经营许可证编号 浙B2-20110188)}     阿里巴巴旗下网站)} 
		)} 
	)} 
	)} 
)} 
 {:type :comment, :data  #footer}  

 {:tag :a, :attrs {:class t_hide, :href javascript:void(0);, :id gotop}, :content (Top)} 

 {:tag :div, :attrs {:style display:none;, :id personal_hover}, :content nil} 
 {:tag :textarea, :attrs {:style display:none;, :id personal_hover_tpl}, :content (
	)} {:tag :div, :attrs {:class lightShadow, :id personal_hover_shadow}, :content nil} 
	 {:tag :div, :attrs {:id personal_hover_inner}, :content (
	 {:tag :a, :attrs {:title  %gmt_access% , :href http://www.xiami.com/u/%uid%, :id personal_hover_link}, :content ({:tag :img, :attrs {:height 50, :width 50, :src %avatar%, :id personal_hover_img}, :content nil})} 
	 {:tag :img, :attrs {:alt , :height 50, :width 50, :src http://img.xiami.net/res/img/default/loading50x50.gif, :id personal_hover_pulser_img, :class hidden}, :content nil} 
	 {:tag :div, :attrs {:id personal_trigger_bar}, :content (
	 {:tag :a, :attrs {:title , :href javascript:;, :id personal_menu_down, :class personal_drop}, :content (更多内容)} 
	 {:tag :div, :attrs {:style display:none;, :class personal_buddy_menus, :id personal_menu_show}, :content (
	 {:tag :span, :attrs {:class blank_block}, :content nil} 
	 {:tag :p, :attrs {:id personal_relationship_g}, :content ({:tag :span, :attrs {:class be_contacts}, :content ({:tag :strong, :attrs nil, :content (%nick_name%)})})} 
	 {:tag :div, :attrs {:id personal_menu_other_div}, :content (
		 {:tag :a, :attrs {:title %nick_name%的个人主页, :href http://www.xiami.com/u/%uid%, :class blocks, :id personal_o_index}, :content (%nick_name%的个人主页)} 
 {:type :comment, :data 		<a id="personal_o_minifeed"  class="blocks" href="http://www.xiami.com/space/feed/u/%uid%" title="近况">近况</a>} 
		 {:tag :a, :attrs {:title %nick_name%的音乐库, :href http://www.xiami.com/space/lib-song/u/%uid%, :class blocks, :id personal_o_library}, :content (音乐库)} 
         {:tag :a, :attrs {:title %nick_name%的分享, :href http://www.xiami.com/space/rec/u/%uid%, :class blocks, :id personal_o_recommend}, :content (分享)} 
         {:tag :a, :attrs {:title %nick_name%的关注和粉丝, :href http://www.xiami.com/space/following/u/%uid%, :class blocks, :id personal_o_contact}, :content (关注/粉丝)} 
		 {:tag :a, :attrs {:title %nick_name%的精选集, :href http://www.xiami.com/space/collect/u/%uid%, :class blocks, :id personal_o_collect}, :content (精选集)} 
 {:type :comment, :data 		<a id="personal_o_charts"  class="blocks" href="http://www.xiami.com/space/charts/u/%uid%" title="个人排行榜">个人排行榜</a>} 
		 {:tag :a, :attrs {:title %nick_name%参与过的话题, :href http://www.xiami.com/space/group-thread/u/%uid%, :class blocks, :id personal_o_topic}, :content (参与的话题)} 
	)} 
	 {:tag :a, :attrs {:title 发站内信, :href http://www.xiami.com/member/sendpm?to_user_id=%uid%, :class blocks_out, :id personal_msgsned}, :content (发站内信)} 
	 {:tag :a, :attrs {:title 加入黑名单, :onclick blacklist('%uid%');return false;, :href javascript:;, :class blocks_out, :id personal_block_usr}, :content (加入黑名单)} 
	 {:tag :div, :attrs {:id person_menu_self_div}, :content nil} 
	)} 
	)} 
	)} 




 {:tag :script, :attrs nil, :content (
;(function($){
	$.fn.personalDropMenu = function(settings){
		var defaults = {
			menuDiv: '#personal_hover',
			tplDiv: '#personal_hover_tpl',
			dropdownArrow:'#personal_menu_down',
			myUid: 0
		};
        
		$.extend(defaults, settings);
        
		var $menuDiv,menuDiv_html,$tplDiv;
		$menuDiv = $(defaults.menuDiv);
		$tplDiv = $(defaults.tplDiv);
		menuDiv_html = $tplDiv.val();//保存原始的html        
		$menuDiv.bind('mouseleave',function(){$(this).hide();});
		window.isFriendshipQueryed=false;
		var friends;
		var setFriendHtml = function(uid,$obj){
			$obj.next().remove();
			if(uid == defaults.myUid) {
				$obj.html('<strong>你自己</strong>');
				$menuDiv.find('#personal_block_usr').remove();
				$menuDiv.find('#personal_msgsned').remove();
			}else if(!friends){
				$obj.after('<span class="be_stranger"><a href="javascript:;" onclick="attention('+uid+',1);">(加关注)</a></span>');
			}else if(friends['f_'+uid] && friends['f_'+uid]=="1"){
				$obj.after('<span class="be_stranger"> 已关注 <a href="http://www.xiami.com/member/attention/uid/'+uid+'/type/2?_xiamitoken='+_xiamitoken+'" onclick="return confirm(\'确定要取消吗？\');">(取消关注)</a></span>');
			}else if(friends['f_'+uid] && friends['f_'+uid]=="2"){
				$obj.after('<span class="be_stranger"> 已关注 <a href="http://www.xiami.com/member/attention/uid/'+uid+'/type/2?_xiamitoken='+_xiamitoken+'" onclick="return confirm(\'确定要取消吗？\');">(取消关注)</a></span>');
			}else if(friends['f_'+uid] && friends['f_'+uid]=="3"){
				$obj.after('<span class="be_stranger"> 已加入黑名单 <a href="http://www.xiami.com/member/attention/uid/'+uid+'/type/2?_xiamitoken='+_xiamitoken+'" onclick="return confirm(\'确定要取消吗？\');">(取消)</a></span>');
				$menuDiv.find('#personal_block_usr').remove();
				$menuDiv.find('#personal_msgsned').remove();
			}else{
				$obj.after('<span class="be_stranger"><a href="javascript:;" onclick="attention('+uid+',1);">(加关注)</a></span>');
			}
		};
        
		return this.each(function(){
			var $this;
			$this = $(this);
			$this.mouseover(function(){
				var params ={
					uid: /\d+/.exec($this.attr('href')),
					avatar: $this.find('img').attr('src'),
					nick_name:$this.attr('title'),
					gmt_access:$this.attr('rel')
				};
				if(params.gmt_access!='') params.gmt_access = "来访时间: "+params.gmt_access;
				var html = menuDiv_html.parseTpl(params);
				//var rects = $this[0].getBoundingClientRect();
				var rects = $this.offset();
				var bodyRects = $('body')[0].getBoundingClientRect();
				//var left = rects.left - bodyRects.left - 6;
				//var top = rects.top - bodyRects.top - 6;
				var left = rects.left - 6;
				var top = rects.top - 6;
				$menuDiv.css({'top':top,'left':left});
				$menuDiv.html(html).show();
				if(params.gmt_access=='') $menuDiv.find('#personal_hover_link').attr('title','');
				$menuDiv.find(defaults.dropdownArrow).click(function(){
					var $this = $(this);
					var $next = $this.next();
					$this.toggleClass('active')
					$next.toggle();
					if($next.css('display')!='block') return;
					$relation = $next.find('.be_contacts');
					if(params.uid ==defaults.myUid) {setFriendHtml(params.uid,$relation); return; }     
					if(isFriendshipQueryed){ setFriendHtml(params.uid,$relation); return; }                    
					if(!myUid) return;
					$relation.after($loading2);
					$.getJSON('/member/get-friends/_xiamitoken/'+_xiamitoken,function(data){
						try{
							$relation.next().remove();
							if(data.status == 'failed'){return false;}
							isFriendshipQueryed = true;
							friends = data.friends;
							setFriendHtml(params.uid,$relation);
						}catch(e){alert('Warning:something wrong! Please retry!');return;}
					});
				});
			});
		});
	};
})(jQuery);


// var myUid = parseInt('');
// $('.personalDropDown').personalDropMenu({myUid:myUid});
)} 

 {:tag :script, :attrs nil, :content (
_xiamitoken = '26527e73a30db4a3105e3ac4622cfa3c';


$(document).ready(function(){
	$('body').click(function(e){
		$(".ctrl_gears_more").addClass('hidden');
		$(".bt_cdgears").removeClass('active');	
	});
	
	$("#web_loading").remove();

	$(".song_menu").mouseover(function() {
		$(this).css('z-index','6').children('span').show();
	}).mouseout(function() {
		$(this).css('z-index','5').children('span').hide();
	});

	$(".bt_cdgears").mouseover(function(){$(this).addClass('active').next().removeClass('hidden').show();});
	BackTop('gotop');
	
	// if ($.cookie('fools_day') != 1) {
	// 	var now = new Date();
	// 	var close_date = new Date('2012/4/2');
	// 	var begin_date = new Date('2012/4/1');
	// 	if (close_date.getTime()-now.getTime()>0 && now.getTime()-begin_date.getTime()>0) {
	// 		var rabbit_hole = Math.ceil(Math.random()*4);
	// 		if (rabbit_hole != 3) {
	// 			setTimeout(function() {
	// 				$.cookie('fools_day', 1 , { expires: 3, path: '/', domain: '.xiami.com'});
	// 				location.href = '/event/heavenconcert';
	// 			}, 3000);
	// 		}
	// 	}
	// }
});
var BackTop=function(btnId){
	var btn=document.getElementById(btnId);
	var browserName=navigator.userAgent.toLowerCase();
	if(/chrome/i.test(browserName) && /webkit/i.test(browserName) && /mozilla/i.test(browserName)){
	    var d = document.body;
	}else if(/webkit/i.test(browserName) && !this.chrome){
		var d = document.body;
	}else{
	    var d = document.documentElement ? document.documentElement : document.body;
	}
	/*var d = document.documentElement ? document.documentElement : document.body;*/
	window.onscroll=set;
	btn.onclick=function (){
		btn.className = 't_hide';
		window.onscroll=null;
		this.timer=setInterval(function(){
			//d.scrollTop = 0;
			d.scrollTop-=Math.ceil(d.scrollTop*0.8);
			if(d.scrollTop==0) clearInterval(btn.timer,window.onscroll=set);
		},10);
	};
	function set(){
		btn.className = d.scrollTop >= 1200 ? 't_show' : 't_hide';
	}
};
var checkFlash=function(a){var b='检测到您系统Flash插件版本过低,为了更好的使用虾米音乐,请升级您的Flash插件, <a href="http://get.adobe.com/cn/flashplayer/" target="_blank" style="color:#36c">马上升级</a>',c=function(){var a,c,b=document.body.children||document.body.childNodes;for(c=0;c<b.length;c++)if(1==b[c].nodeType){a=b[c];break}return a}(),d=function(){var c,a=navigator,b=0;if(a.plugins&&a.mimeTypes.length)c=navigator.plugins["Shockwave Flash"],c&&(b=c.description.replace(/.*\s(\d+\.\d+).*/,"$1"));else try{c=new window.ActiveXObject("ShockwaveFlash.ShockwaveFlash"),c&&(b=c.GetVariable("$version"))}catch(d){}return b}(),e=function(){var a=document.createElement("div");a.innerHTML=b,a.style.backgroundColor="#FFF9D7",a.style.borderBottom="1px solid #E3C823",a.style.fontWeight="bold",a.style.lineHeight="30px",a.style.textAlign="center",a.style.color="#f60",document.body.insertBefore(a,c)},f=d?d.match(/\d+/g):-1,g=f.length>0?f.join("."):0;return!g||parseInt(f[0],10)<a?(e(),!1):!0}(9);
)}  



 {:tag :script, :attrs {:type text/javascript}, :content (
  var _gaq = _gaq || [];
  _gaq.push(['_setAccount', 'UA-32929566-1']);
  _gaq.push(['_setDomainName', 'xiami.com']);
  _gaq.push(['_trackPageview']);

  (function() {
    var ga = document.createElement('script'); ga.type = 'text/javascript'; ga.async = true;
    ga.src = ('https:' == document.location.protocol ? 'https://ssl' : 'http://www') + '.google-analytics.com/ga.js';
    var s = document.getElementsByTagName('script')[0]; s.parentNode.insertBefore(ga, s);
  })();
)} 


 {:tag :div, :attrs {:style display:none}, :content (
 {:tag :script, :attrs {:charset gb2312, :language JavaScript, :src http://s95.cnzz.com/stat.php?id=921634&web_id=921634}, :content nil} 
 {:tag :script, :attrs {:language JavaScript, :src http://s16.cnzz.com/stat.php?id=2629111&web_id=2629111}, :content nil} 
)} 



 {:tag :div, :attrs {:style background:#fff; margin: 0 auto;display:none;}, :content ({:tag :font, :attrs {:style font-size:12px; color:#fff;}, :content (Host: , Process All 0.1067s Memory:3897.59k  {:tag :br, :attrs nil, :content nil} db_emumo_readDb: connect costs 0.00713992118835 s, 23 queries costs 0.0261 s  {:tag :br, :attrs nil, :content nil})})} 
)} 
)})
