({:tag :html, :attrs nil, :content (
 {:tag :head, :attrs nil, :content (
	 {:tag :title, :attrs nil, :content ( 虾米音乐网(xiami.com) - 高品质音乐 发现 分享 )} 
	 {:tag :meta, :attrs {:charset UTF-8}, :content nil} 
	 {:tag :meta, :attrs {:content width=device-width, initial-scale=1, maximum-scale=1, :name viewport}, :content nil} 
	
	 {:tag :style, :attrs nil, :content (
		body{
			padding:0;
			margin:0;
			font-family: "Helvetica Neue","Hiragino Sans GB","Microsoft Yahei",Helvetica,Arial,sans-serif;
			font-size:100%;
		}
		p{margin:0;}
		a:link,a:visited{color:#f60;}
		a:hover, a:active{color:#f30;}
		.wrap{
			background-color:#f5f5f5;
			min-height:500px;
			min-width:500px;
		}
		#header{
			background: #fa8723; /* Old browsers */
			background: -moz-linear-gradient(top,  #fa8723 0%, #f57614 100%); /* FF3.6+ */
			background: -webkit-gradient(linear, left top, left bottom, color-stop(0%,#fa8723), color-stop(100%,#f57614)); /* Chrome,Safari4+ */
			background: -webkit-linear-gradient(top,  #fa8723 0%,#f57614 100%); /* Chrome10+,Safari5.1+ */
			background: -o-linear-gradient(top,  #fa8723 0%,#f57614 100%); /* Opera 11.10+ */
			background: -ms-linear-gradient(top,  #fa8723 0%,#f57614 100%); /* IE10+ */
			background: linear-gradient(to bottom,  #fa8723 0%,#f57614 100%); /* W3C */
			filter: progid:DXImageTransform.Microsoft.gradient( startColorstr='#fa8723', endColorstr='#f57614',GradientType=0 ); /* IE6-9 */
			border-bottom:1px solid #cc5a18;
			height:60px;
			padding-left:50px;
			padding-right:50px;
			min-width:400px;
		}
		#header h1{
			margin:0px;
			float:left;
			width:200px;
			height:60px;
			background:url("http://img.xiami.net/static/img/common/logo/default.png") no-repeat 0 0;
			background:url("http://img.xiami.net/static/img/common/logo/default.gif") no-repeat 0 0;
			font-size:0px;
			text-indent:-999px;
			overflow:hidden;
		}
		#header .user{
			float:right;
			line-height:60px;
			height:60px;
			color:#fff;
			font-size:12px;
		}
		#header .user a{
			color:#fff;
			text-decoration:none;
		}
		#header .user img{
			vertical-align:middle;
			border-radius:3px;
		}
		#header .user .login{
			background-color:#ca671b;
			border:1px solid #b25415;
			border-radius:3px;
			font-size:12px;

			text-decoration:none;
			padding:3px 8px;
		}
		.tip{
			padding:100px 20px 20px;
			text-align:center;
			font-size:24px;
			color:#333;
		}
		.tip p{margin:16px 0}
		.contact{
			font-size:80%;
			text-align:center;
			padding:20px 0px;
		}
		.contact p{
			margin:0px;
		}
		.form{
			text-align:center;
		}
		.form .text{
			padding:11px 4px;
			margin:0px;
			width:300px;
			text-align:center;
			border:1px solid #ccc;
			font-size:14px;
		}
		.form .button{
			background-color:#ff8800;
			border:1px solid #ff8800;
			border-radius:3px;
			font-size:14px;
			color:#fff;
			margin:0px;
			padding:11px 35px;
			cursor:pointer;
		}
		.form .button:active{
			background-color:#ff6600;
		}
		.result{
			line-height:40px;
			height:40px;
			text-align:center;
			font-size:14px;
		}
		.result .success{color:#f60;}
		.result .error{color:#f00;}
		.footer{
			text-align:center;
			font-size:75%;
			background-color:#fff;
			line-height:60px;
			min-width:500px;
		}
	)} 
	
)} 
	 {:tag :body, :attrs nil, :content ({:tag :script, :attrs {:type text/javascript}, :content (
(function (d) {
var t=d.createElement("script");t.type="text/javascript";t.async=true;t.id="tb-beacon-aplus";
t.setAttribute("exparams","category=&userid=&aplus&member_auth=0");
t.src=("https:"==d.location.protocol?"https://s":"http://a")+".tbcdn.cn/s/aplus_v2.js";
d.getElementsByTagName("head")[0].appendChild(t);
})(document);
)} 
 {:tag :script, :attrs nil, :content (
var ua = "";
var UA_Opt = {};
UA_Opt.LogVal = "ua";
UA_Opt.MaxMCLog = 3;
UA_Opt.MaxMPLog = 3;
UA_Opt.MaxKSLog = 3;
UA_Opt.Token = new Date().getTime() + ":" + Math.random();
UA_Opt.SendMethod = 8;
UA_Opt.Flag = 13454;
)} 
 {:tag :script, :attrs {:src http://uaction.aliyuncdn.com/js/ua.js}, :content nil} 
 {:tag :script, :attrs nil, :content (
try{
    UA_Opt.Token = new Date().getTime() + ":" + Math.random();
UA_Opt.reload();
}catch(err){}
var uaexp=new Date();
uaexp.setTime(uaexp.getTime()+30*24*60*60*1000);
document.cookie="pnm_cku822="+encodeURIComponent(ua)+";path=/;expires="+uaexp.toGMTString();
)} 

		 {:tag :div, :attrs {:id header}, :content (
			 {:tag :h1, :attrs nil, :content (虾米音乐网)} 
			 {:tag :div, :attrs {:class user}, :content (
						
				 {:tag :a, :attrs {:href https://login.xiami.com/member/login, :class login}, :content (登录)} 
						
			)} 
		)} 
		 {:tag :div, :attrs {:class wrap}, :content (
			 {:tag :div, :attrs {:class tip}, :content (
				 {:tag :p, :attrs nil, :content (Xiami is currently not availble in you country.)} 
				 {:tag :p, :attrs nil, :content (虾米音乐在你所处的国家暂时无法使用。)} 
			)} 
			 {:tag :div, :attrs {:class contact}, :content (
				 {:tag :p, :attrs nil, :content (如有误判，请联系我们( {:tag :a, :attrs {:href mailto:mobile.team@xiami.com?subject=IP地址判断有误&body=我在中国大陆地区，我的 IP 地址是 23.97.72.84，无法正常访问虾米网}, :content (mobile.team@xiami.com)} )。)} 
			)} 
			 {:tag :div, :attrs {:class form}, :content (
				 {:tag :input, :attrs {:placeholder 输入邮件第一时间了解本地区开通动态, :id J_email, :value , :class text, :type text}, :content nil}   {:tag :br, :attrs nil, :content nil} {:tag :br, :attrs nil, :content nil} 
				 {:tag :input, :attrs {:value 提交, :id J_submit, :class button, :type button}, :content nil} 
			)} 
			 {:tag :div, :attrs {:id J_result, :class result}, :content nil} 
		)} 
		 {:tag :div, :attrs {:class footer}, :content (© 2007-2014 杭州缪斯客网络科技有限公司)} 
		 {:tag :script, :attrs {:src http://res.xiami.net/static/lib/jQuery/1.9.1/jquery.min.js, :type text/javascript}, :content nil} 
		 {:tag :script, :attrs nil, :content (
		_xiamitoken = 'b5dcb8e3c68e979cb112e18f3b49a6b8';
		
		$(function(){
			var result = $('#J_result');
			var mailReg = /^([a-z0-9!#$%&'*+/=?^_`{|}~-]+)(?:\.[a-z0-9!#$%&'*+/=?^_`{|}~-]+)*@(?:[a-z0-9](?:[a-z0-9-]*[a-z0-9])?\.)+[a-z0-9](?:[a-z0-9-]*[a-z0-9])?$/g;

			$('#J_email').on('keydown', function(event){
				result.html('');
				if(event.keyCode == 13 || event.witch == 13) submit();
			});
			$('#J_submit').click(function(){
				submit();
			});
			function submit(){
				var mail = $.trim( $('#J_email').val() );
				console.log(mail)
				if(mail == ''){
					result.html('<p class="error">请输入你的邮箱地址。</p>');
					return false;
				};
				if(!mail.match(mailReg)){
					result.html('<p class="error">遇到问题，请检查你的邮箱地址。</p>');
					return false;
				}else{
					result.html('');
				};
				$.getJSON('/ajax/add-ip-email/', {
					'email' : mail,'_xiamitoken':_xiamitoken
				}).done(function(data){
					if(data.status){
						result.html('<p class="success">收到，虾米会第一时间通知你。</p>');
					}else{
						result.html('<p class="error">' + data.message + '</p>');
					}
				})
				
			};
		});
		
		)} 
	)} 

)})
({:tag :html, :attrs nil, :content (
 {:tag :head, :attrs nil, :content (
	 {:tag :title, :attrs nil, :content ( 虾米音乐网(xiami.com) - 高品质音乐 发现 分享 )} 
	 {:tag :meta, :attrs {:charset UTF-8}, :content nil} 
	 {:tag :meta, :attrs {:content width=device-width, initial-scale=1, maximum-scale=1, :name viewport}, :content nil} 
	
	 {:tag :style, :attrs nil, :content (
		body{
			padding:0;
			margin:0;
			font-family: "Helvetica Neue","Hiragino Sans GB","Microsoft Yahei",Helvetica,Arial,sans-serif;
			font-size:100%;
		}
		p{margin:0;}
		a:link,a:visited{color:#f60;}
		a:hover, a:active{color:#f30;}
		.wrap{
			background-color:#f5f5f5;
			min-height:500px;
			min-width:500px;
		}
		#header{
			background: #fa8723; /* Old browsers */
			background: -moz-linear-gradient(top,  #fa8723 0%, #f57614 100%); /* FF3.6+ */
			background: -webkit-gradient(linear, left top, left bottom, color-stop(0%,#fa8723), color-stop(100%,#f57614)); /* Chrome,Safari4+ */
			background: -webkit-linear-gradient(top,  #fa8723 0%,#f57614 100%); /* Chrome10+,Safari5.1+ */
			background: -o-linear-gradient(top,  #fa8723 0%,#f57614 100%); /* Opera 11.10+ */
			background: -ms-linear-gradient(top,  #fa8723 0%,#f57614 100%); /* IE10+ */
			background: linear-gradient(to bottom,  #fa8723 0%,#f57614 100%); /* W3C */
			filter: progid:DXImageTransform.Microsoft.gradient( startColorstr='#fa8723', endColorstr='#f57614',GradientType=0 ); /* IE6-9 */
			border-bottom:1px solid #cc5a18;
			height:60px;
			padding-left:50px;
			padding-right:50px;
			min-width:400px;
		}
		#header h1{
			margin:0px;
			float:left;
			width:200px;
			height:60px;
			background:url("http://img.xiami.net/static/img/common/logo/default.png") no-repeat 0 0;
			background:url("http://img.xiami.net/static/img/common/logo/default.gif") no-repeat 0 0;
			font-size:0px;
			text-indent:-999px;
			overflow:hidden;
		}
		#header .user{
			float:right;
			line-height:60px;
			height:60px;
			color:#fff;
			font-size:12px;
		}
		#header .user a{
			color:#fff;
			text-decoration:none;
		}
		#header .user img{
			vertical-align:middle;
			border-radius:3px;
		}
		#header .user .login{
			background-color:#ca671b;
			border:1px solid #b25415;
			border-radius:3px;
			font-size:12px;

			text-decoration:none;
			padding:3px 8px;
		}
		.tip{
			padding:100px 20px 20px;
			text-align:center;
			font-size:24px;
			color:#333;
		}
		.tip p{margin:16px 0}
		.contact{
			font-size:80%;
			text-align:center;
			padding:20px 0px;
		}
		.contact p{
			margin:0px;
		}
		.form{
			text-align:center;
		}
		.form .text{
			padding:11px 4px;
			margin:0px;
			width:300px;
			text-align:center;
			border:1px solid #ccc;
			font-size:14px;
		}
		.form .button{
			background-color:#ff8800;
			border:1px solid #ff8800;
			border-radius:3px;
			font-size:14px;
			color:#fff;
			margin:0px;
			padding:11px 35px;
			cursor:pointer;
		}
		.form .button:active{
			background-color:#ff6600;
		}
		.result{
			line-height:40px;
			height:40px;
			text-align:center;
			font-size:14px;
		}
		.result .success{color:#f60;}
		.result .error{color:#f00;}
		.footer{
			text-align:center;
			font-size:75%;
			background-color:#fff;
			line-height:60px;
			min-width:500px;
		}
	)} 
	
)} 
	 {:tag :body, :attrs nil, :content ({:tag :script, :attrs {:type text/javascript}, :content (
(function (d) {
var t=d.createElement("script");t.type="text/javascript";t.async=true;t.id="tb-beacon-aplus";
t.setAttribute("exparams","category=&userid=&aplus&member_auth=0");
t.src=("https:"==d.location.protocol?"https://s":"http://a")+".tbcdn.cn/s/aplus_v2.js";
d.getElementsByTagName("head")[0].appendChild(t);
})(document);
)} 
 {:tag :script, :attrs nil, :content (
var ua = "";
var UA_Opt = {};
UA_Opt.LogVal = "ua";
UA_Opt.MaxMCLog = 3;
UA_Opt.MaxMPLog = 3;
UA_Opt.MaxKSLog = 3;
UA_Opt.Token = new Date().getTime() + ":" + Math.random();
UA_Opt.SendMethod = 8;
UA_Opt.Flag = 13454;
)} 
 {:tag :script, :attrs {:src http://uaction.aliyuncdn.com/js/ua.js}, :content nil} 
 {:tag :script, :attrs nil, :content (
try{
    UA_Opt.Token = new Date().getTime() + ":" + Math.random();
UA_Opt.reload();
}catch(err){}
var uaexp=new Date();
uaexp.setTime(uaexp.getTime()+30*24*60*60*1000);
document.cookie="pnm_cku822="+encodeURIComponent(ua)+";path=/;expires="+uaexp.toGMTString();
)} 

		 {:tag :div, :attrs {:id header}, :content (
			 {:tag :h1, :attrs nil, :content (虾米音乐网)} 
			 {:tag :div, :attrs {:class user}, :content (
						
				 {:tag :a, :attrs {:href https://login.xiami.com/member/login, :class login}, :content (登录)} 
						
			)} 
		)} 
		 {:tag :div, :attrs {:class wrap}, :content (
			 {:tag :div, :attrs {:class tip}, :content (
				 {:tag :p, :attrs nil, :content (Xiami is currently not availble in you country.)} 
				 {:tag :p, :attrs nil, :content (虾米音乐在你所处的国家暂时无法使用。)} 
			)} 
			 {:tag :div, :attrs {:class contact}, :content (
				 {:tag :p, :attrs nil, :content (如有误判，请联系我们( {:tag :a, :attrs {:href mailto:mobile.team@xiami.com?subject=IP地址判断有误&body=我在中国大陆地区，我的 IP 地址是 23.97.72.84，无法正常访问虾米网}, :content (mobile.team@xiami.com)} )。)} 
			)} 
			 {:tag :div, :attrs {:class form}, :content (
				 {:tag :input, :attrs {:placeholder 输入邮件第一时间了解本地区开通动态, :id J_email, :value , :class text, :type text}, :content nil}   {:tag :br, :attrs nil, :content nil} {:tag :br, :attrs nil, :content nil} 
				 {:tag :input, :attrs {:value 提交, :id J_submit, :class button, :type button}, :content nil} 
			)} 
			 {:tag :div, :attrs {:id J_result, :class result}, :content nil} 
		)} 
		 {:tag :div, :attrs {:class footer}, :content (© 2007-2014 杭州缪斯客网络科技有限公司)} 
		 {:tag :script, :attrs {:src http://res.xiami.net/static/lib/jQuery/1.9.1/jquery.min.js, :type text/javascript}, :content nil} 
		 {:tag :script, :attrs nil, :content (
		_xiamitoken = '6b5d5c119666f314bea439fe002a69a1';
		
		$(function(){
			var result = $('#J_result');
			var mailReg = /^([a-z0-9!#$%&'*+/=?^_`{|}~-]+)(?:\.[a-z0-9!#$%&'*+/=?^_`{|}~-]+)*@(?:[a-z0-9](?:[a-z0-9-]*[a-z0-9])?\.)+[a-z0-9](?:[a-z0-9-]*[a-z0-9])?$/g;

			$('#J_email').on('keydown', function(event){
				result.html('');
				if(event.keyCode == 13 || event.witch == 13) submit();
			});
			$('#J_submit').click(function(){
				submit();
			});
			function submit(){
				var mail = $.trim( $('#J_email').val() );
				console.log(mail)
				if(mail == ''){
					result.html('<p class="error">请输入你的邮箱地址。</p>');
					return false;
				};
				if(!mail.match(mailReg)){
					result.html('<p class="error">遇到问题，请检查你的邮箱地址。</p>');
					return false;
				}else{
					result.html('');
				};
				$.getJSON('/ajax/add-ip-email/', {
					'email' : mail,'_xiamitoken':_xiamitoken
				}).done(function(data){
					if(data.status){
						result.html('<p class="success">收到，虾米会第一时间通知你。</p>');
					}else{
						result.html('<p class="error">' + data.message + '</p>');
					}
				})
				
			};
		});
		
		)} 
	)} 

)})
