1771573826
1773255842
1773255850
1773255921
1773255847
1772853333
1773237553
1773237547
76287
1771834369
1770412813
1773258485
1770412811
1773258488
1773258488
1770412809
1771394649
1773258486
1773258487
1770412812
1770412810
1770270670
1770270670
1769537911
1773211073
1773211073
1769345613
1771561957
1771561957
1770927428
1770927428
1769537916
1769056575
1769537917
1769056581
1770412813
1773258485
1770412811
1773258488
1773258488
1770412809
1771394649
1773258486
1773258487
1770412812
1770412810
1770270670
1770270670
1769537911
1773211073
1773211073
1769345613
1771561957
1771561957
1770927428
1770927428
1769537916
1769056575
1769537917
1769056581
1770412813
1773258485
1770412811
1773258488
1773258488
1770412809
1771394649
1773258486
1773258487
1770412812
1770412810
1772839944
1770555274
1770555274
1768939874
1768939874
1771324114
185590
1771324115
1773233453
1773233453
2077861
1771324122
1770555275
1770555275
1768939872
1768939872
1772839944
1772839944
1773103269
1773103269
1773103269
1771437737
1771437737
1771437739
1771437739
1771437734
1771437734
1771437735
1771437735
1771437736
1771437736
1771437740
1771437740
1771437738
1771437738
1771437741
1771437741
1770555274
1770555274
1768939874
1768939874
1771324114
185590
1771324115
1773233453
1773233453
2077861
1771324122
1770555275
1770555275
1768939872
1768939872
1771437737
1771437737
1771437739
1771437739
1771437734
1771437734
1771437735
1771437735
1771437736
1771437736
1771437740
1771437740
1771437738
1771437738
1771437741
1771437741
1771437737
1771437737
1771437739
1771437739
1771437734
1771437734
1771437735
1771437735
1771437736
1771437736
1771437740
1771437740
1771437738
1771437738
1771437741
1771437741
1771950512
1771553298
1771914491
1770333847
1771008826
1770386223
1770386223
1771950516
1771950516
1772485211
1770386226
1771008822
1769302414
1769302420
1769302413
1773199767
1773199765
1773199766
1769302416
1771115443
1771115443
1769302418
1769302415
1769302414
1769302420
1769302413
1773199767
1773199765
1773199766
1769302416
1771115443
1771115443
1769302418
1769302415
1771573826
1773255842
1773255850
1773255921
1773255847
1772853333
1773237553
1773237547
76287
1771834369
1769231679
387622
1773226267
1772613966
21674
1773195333
1772614120
1772235803
1770127757
1771892803
1771950512
1771553298
1771914491
1770333847
1771008826
1770386223
1770386223
1771950516
1771950516
1772485211
1770386226
1771008822
1771573825
1771573819
1771573826
1772911866
1771573820
1771573820
1771573821
1771573823
1771573823
1771573827
1771573827
1771573822
1771573822
1771573824
1771573824
1773255850
17990
17995
1771254801
17960
17996
1771268265
17980
378984
17985
1771268263
2118519
2118521
191031
2118524
1769463812
391266
2118520
1771539450
1769463814
1771539452
76280
1771926549
1771926549
1771979432
1771979432
76286
76286
76287
378181
1771952438
1771952438
1771978455
1771978455
1771978453
1771978453
1771978454
1771978454
1772014950
1772014950
1772014957
1772014957
1772014949
1772014949
1770389191
1772014953
1772014953
1772014951
1772014951
1772014956
1772014956
1772613966
1772014955
1772014955
3336180
3171642
35246
1772130329
1772130322
1772130320
1772130323
1772130321
1772130324
1772130319
1772130326
1772130325
1772130327
1093934
395864
1771834365
1771834366
2900918
1771834368
1769250151
1771834370
1771834367
1771834373
1769250150
1771834369
1772588985
1772588985
1772588985
1772588985
1770412813
1773258485
1770412811
1773258488
1773258488
1770412809
1771394649
1773258486
1773258487
1770412812
1770412810
1771950512
1771553298
1771914491
1770333847
1771008826
1770386223
1770386223
1771950516
1771950516
1772485211
1770386226
1771008822
1772095986
1772095986
1772544673
1772940970
1772946695
1772946690
1772946692
1772946693
1772946691
1769302414
1769302420
1769302413
1773199767
1773199765
1773199766
1769302416
1771115443
1771115443
1769302418
1769302415
1773059051
1773200131
1773235485
1773235487
1772064372
1769275866
1769275865
1769275867
1769275864
1769275863
1773110210
1773110211
383169
1771892803
1772946491
1770580690
383172
383179
1770580697
1772930640
1770555274
1770555274
1768939874
1768939874
1771324114
185590
1771324115
1773233453
1773233453
2077861
1771324122
1770555275
1770555275
1768939872
1768939872
1773235063
1773219805
1773114026
1773114026
1773110610
1773066212
1773114023
1773216526
1773099003
1773113978
1773114025
1772937963
1772937963
1772936214
1772936214
1772937966
1772937966
1772938039
1772938039
1772937964
1772937964
1772938037
1772938037
1772937965
1772937965
1772938035
1772938035
1772938036
1772938036
1772938038
1772938038
1772937963
1772937963
1772936214
1772936214
1772937966
1772937966
1772938039
1772938039
1772937964
1772937964
1772938037
1772938037
1772937965
1772937965
1772938035
1772938035
1772938036
1772938036
1772938038
1772938038
3551655
1771560894
1769404753
387623
1771840874
1771840869
387619
1769313132
1771836818
1771840872
1771285345
1771285344
1771285343
1771285339
1771285338
1771285340
1771285342
1770592377
1275119
1770161223
1771162201
1772905291
1770506579
1770592377
1275119
1770161223
1771162201
1772905291
1770506579
1772211708
1772211708
1773232503
1773232503
