2014-06-15;6;我 那一场恋爱;录音室专辑;1
2014-06-15;8;阿宝同名专辑;录音室专辑;2
2014-06-15;5;想亲亲想在心眼眼上;录音室专辑;2
2014-06-15;12;我没读书;录音室专辑;4
2014-06-15;11;我是人;录音室专辑;4
2014-06-15;10;1188;录音室专辑;4
2014-06-15;13;平衡;录音室专辑;4
2014-06-15;14;自慰精选 (独立纪念盘);录音室专辑;4
2014-06-15;22;天黑;录音室专辑;5
2014-06-15;15;小城故事 电视剧原声音乐大碟;原声带、影视音乐 ;5
2014-06-15;19;哈啰;录音室专辑;5
2014-06-15;21;坚持到底;录音室专辑;5
2014-06-15;16;I...Do;录音室专辑;5
2014-06-15;16;醇情歌;精选集;5
2014-06-15;23;阿贵槌你喔;录音室专辑;6
2014-06-15;24;阿贵的快乐天堂;录音室专辑;6
2014-06-15;25;好花不常开;录音室专辑;7
2014-06-15;30;今夜来去听阿吉仔念歌 1;录音室专辑;8
2014-06-15;31;今夜来去听阿吉仔念歌 2 ;录音室专辑;8
2014-06-15;28;月娘我问你;录音室专辑;8
2014-06-15;26;黄昏思情;录音室专辑;8
2014-06-15;27;歹命囝仔;录音室专辑;8
2014-06-15;29;再显奇迹;录音室专辑;8
2014-06-15;32;阿郎的故事;录音室专辑;9
2014-06-15;6;环球音乐通 (2010第三期);合集、杂锦 ;7169
2014-06-15;8;I\'m The Wind;EP、单曲;89333
