2014-06-26;19883;ELLEGARDEN;EP、单曲;朋克 Punk Rock;4263;9.5;4;62
2014-06-26;20836;カラダとカラダ;录音室专辑;N/A;4432;-1;0;3
2014-06-26;20837;風味堂;录音室专辑;N/A;4432;-1;0;5
2014-06-26;20921;The Very Surprise;录音室专辑;韩国抒情曲 Korean Ballad;4462;-1;1;13
2014-06-26;20925;Regret-Auditory Impression-;EP、单曲;新金属 Nu Metal,视觉摇滚 Visual Rock;4464;9.8;2;46
2014-06-26;20929;Cockayne Soup;EP、单曲;新金属 Nu Metal,视觉摇滚 Visual Rock;4464;9.3;3;49
2014-06-26;20924;Hyena-Optical Impression-;EP、单曲;新金属 Nu Metal,视觉摇滚 Visual Rock;4464;9.4;5;50
2014-06-26;20928;スペルマルガリィタ;EP、单曲;新金属 Nu Metal,视觉摇滚 Visual Rock;4464;9.6;4;56
2014-06-26;20926;蛾蟇;EP、单曲;新金属 Nu Metal,视觉摇滚 Visual Rock;4464;9.9;4;77
2014-06-26;20927;DISORDER ;录音室专辑;新金属 Nu Metal,视觉摇滚 Visual Rock;4464;9.9;10;93
2014-06-26;21294;お昼寝宫-お散歩宫;录音室专辑;N/A;4548;-1;1;13
2014-06-26;21340;Hurry Up Mode;录音室专辑;视觉摇滚 Visual Rock;4555;-1;1;14
2014-06-26;21337;幻想の花;EP、单曲;视觉摇滚 Visual Rock;4555;-1;2;20
2014-06-26;21339;Taboo;录音室专辑;视觉摇滚 Visual Rock;4555;-1;3;25
2014-06-26;21336;Alice In Wonder Underground;EP、单曲;视觉摇滚 Visual Rock;4555;10.0;6;30
2014-06-26;21338;Bt;录音室专辑;视觉摇滚 Visual Rock;4555;-1;7;38
2014-06-26;21642;홍경민 3집;录音室专辑;韩国抒情曲 Korean Ballad;4647;-1;0;1
2014-06-26;21641;가져가;录音室专辑;韩国抒情曲 Korean Ballad;4647;-1;0;1
2014-06-26;21643;Free Throw II Shot;录音室专辑;韩国抒情曲 Korean Ballad;4647;-1;0;2
2014-06-26;21640;Forever And A Day...;录音室专辑;韩国抒情曲 Korean Ballad;4647;-1;0;3
2014-06-26;21639;Listen & Repeat;录音室专辑;韩国抒情曲 Korean Ballad;4647;-1;0;4
2014-06-26;22521;Cosmic Cosmetics;EP、单曲;N/A;4856;-1;0;3
2014-06-26;22643;~夢イズル地~;EP、单曲;视觉摇滚 Visual Rock;4876;-1;0;19
2014-06-26;22636;愁;EP、单曲;视觉摇滚 Visual Rock;4876;-1;1;22
2014-06-26;22635;誓ノ月;EP、单曲;视觉摇滚 Visual Rock;4876;-1;0;24
2014-06-26;22637;桜花爛漫;录音室专辑;视觉摇滚 Visual Rock;4876;-1;4;35
2014-06-26;22634;雫~shizuku~(;录音室专辑;视觉摇滚 Visual Rock;4876;9.6;21;246
2014-06-26;23020;Io;录音室专辑;N/A;4989;-1;0;2
2014-06-26;23021;Ygサービス;录音室专辑;N/A;4989;-1;0;3
2014-06-26;23019;Re:Frain;录音室专辑;N/A;4989;-1;0;3
2014-06-26;23018;Daze&Hope;录音室专辑;N/A;4989;-1;3;41
2014-06-26;23396;나 항상 그대를;录音室专辑;韩国抒情曲 Korean Ballad;5104;-1;1;9
2014-06-26;23395;한바탕 웃음으로;录音室专辑;韩国抒情曲 Korean Ballad;5104;-1;2;9
2014-06-26;23390;Dream Of Ruby;录音室专辑;韩国抒情曲 Korean Ballad;5104;-1;0;9
2014-06-26;23393;조각배;录音室专辑;韩国抒情曲 Korean Ballad;5104;-1;0;10
2014-06-26;23417;Whispers Of Hope;录音室专辑;韩国抒情曲 Korean Ballad;5109;-1;1;11
2014-06-26;23394;추억의 책장을 넘기면;录音室专辑;韩国抒情曲 Korean Ballad;5104;-1;0;12
2014-06-26;23392;한송이 국화 ;录音室专辑;韩国抒情曲 Korean Ballad;5104;-1;0;12
2014-06-26;23391;First Love ;录音室专辑;韩国抒情曲 Korean Ballad;5104;-1;2;12
2014-06-26;23412;The Lotus;录音室专辑;韩国抒情曲 Korean Ballad;5109;-1;1;15
2014-06-26;23416;Silver Rain;录音室专辑;韩国抒情曲 Korean Ballad;5109;-1;2;17
2014-06-26;23410;White Dream;录音室专辑;韩国抒情曲 Korean Ballad;5109;-1;2;25
2014-06-26;23414;Misty Moon [Special Package];录音室专辑;韩国抒情曲 Korean Ballad;5109;-1;3;27
2014-06-26;23415;Salley Garden ;录音室专辑;韩国抒情曲 Korean Ballad;5109;-1;10;59
2014-06-26;23387;이별 이야기;录音室专辑;韩国抒情曲 Korean Ballad;5103;9.5;10;100
2014-06-26;23389;남자가 여자를 사랑할때;录音室专辑;韩国抒情曲 Korean Ballad;5103;9.4;9;127
2014-06-26;23573;Garnet~禁断の園へ~;EP、单曲;视觉摇滚 Visual Rock;5148;-1;3;18
2014-06-26;23582;麗しき仮面の招待状;EP、单曲;视觉摇滚 Visual Rock;5148;-1;7;20
2014-06-26;23576;神話;EP、单曲;视觉摇滚 Visual Rock;5148;-1;4;20
2014-06-26;23575;Gardenia;EP、单曲;视觉摇滚 Visual Rock;5148;-1;3;23
2014-06-26;23574;Beast of Blood;EP、单曲;视觉摇滚 Visual Rock;5148;-1;11;23
2014-06-26;23581;ma・cherie ;EP、单曲;视觉摇滚 Visual Rock;5148;9.5;6;29
2014-06-26;23578;Le ciel~空白の彼方へ~;EP、单曲;视觉摇滚 Visual Rock;5148;-1;1;29
2014-06-26;23580;au revoir;EP、单曲;视觉摇滚 Visual Rock;5148;-1;8;31
2014-06-26;23577;再会の血と薔薇 ;EP、单曲;视觉摇滚 Visual Rock;5148;9.7;6;33
2014-06-26;23579;月下の夜想曲;EP、单曲;视觉摇滚 Visual Rock;5148;9.5;9;59
2014-06-26;23716;Catch Me;录音室专辑;N/A;5197;-1;0;1
2014-06-26;23828;魔法のリングにKissをして ;录音室专辑;N/A;5228;-1;0;11
2014-06-26;24320;箒星;录音室专辑;N/A;5357;-1;0;0
2014-06-26;24321;箒星;录音室专辑;N/A;5357;-1;0;0
2014-06-26;24896;Birthday Kiss;录音室专辑;N/A;5463;-1;0;1
2014-06-26;25065;海の青 空の青;录音室专辑;N/A;5506;-1;0;5
2014-06-26;25064;ブーゲンビレア;录音室专辑;N/A;5506;-1;0;9
2014-06-26;25062;春色;录音室专辑;N/A;5506;-1;3;13
2014-06-26;25063;Kind Of Blue;录音室专辑;N/A;5506;-1;1;23
2014-06-26;25206;Free As The Wind;EP、单曲;韩国抒情曲 Korean Ballad;5551;-1;0;0
2014-06-26;25197;Truth;录音室专辑;N/A;5546;-1;1;10
2014-06-26;25195;Spirit;EP、单曲;N/A;5546;-1;5;11
2014-06-26;25192;コンプリート・オブ・PAMELAH at the BEING studio ;录音室专辑;N/A;5546;-1;0;15
2014-06-26;25778;Synopsis Project 1St Edition ;录音室专辑;N/A;5690;-1;0;3
2014-06-26;25813;オクリモノ;录音室专辑;N/A;5702;-1;0;4
2014-06-26;25814;Ragッ Story;录音室专辑;N/A;5702;-1;0;6
2014-06-26;25812;夏风便り/ココロ予报;录音室专辑;N/A;5702;-1;0;8
2014-06-26;26299;그녀...웃었다;录音室专辑;韩国抒情曲 Korean Ballad;5811;-1;0;1
2014-06-26;26300;Love Letter;录音室专辑;韩国抒情曲 Korean Ballad;5811;-1;3;2
2014-06-26;26332;Purple Room;录音室专辑;N/A;5827;-1;2;8
2014-06-26;26374;紫云寺;EP、单曲;N/A;56398;-1;0;12
2014-06-26;26518;Flower By Seohoo;录音室专辑;N/A;5878;-1;0;0
2014-06-26;26517;The Day;录音室专辑;N/A;5878;-1;0;1
2014-06-26;27582;つくしの言伝;录音室专辑;N/A;6146;9.6;7;110
2014-06-26;27637;Song For You-精一杯力一杯-;EP、单曲;N/A;6150;-1;0;1
2014-06-26;27670;氷の世界;录音室专辑;N/A;6159;-1;0;4
2014-06-26;27671;夕闇;录音室专辑;N/A;6159;-1;0;5
2014-06-26;27672;てろてろ;录音室专辑;N/A;6159;-1;0;6
2014-06-26;27669;浅き梦;录音室专辑;N/A;6159;-1;1;6
2014-06-26;27636;生きたくはない僕等;录音室专辑;N/A;6150;-1;2;10
2014-06-26;27638;青い青いこの地球に;EP、单曲;N/A;6150;9.4;3;20
2014-06-26;27668;窓の日;录音室专辑;N/A;6159;-1;2;22
2014-06-26;27673;あしあとリズム -Haruka Shimotsuki Works Best-;录音室专辑;N/A;6160;9.6;23;238
2014-06-26;28707;愿い;录音室专辑;N/A;6405;-1;0;0
2014-06-26;28705;やわらかな风;录音室专辑;N/A;6405;-1;0;0
2014-06-26;28704;君へ;录音室专辑;N/A;6405;-1;1;0
2014-06-26;28706;月に叢雲 花に風;录音室专辑;N/A;6405;-1;1;1
2014-06-26;28702;あたしを见つけて;录音室专辑;N/A;6405;-1;0;3
2014-06-26;28851;Natural;录音室专辑;融合爵士 Jazz Fusion;6435;-1;4;8
2014-06-26;28854;Rockoon;录音室专辑;融合爵士 Jazz Fusion;6435;-1;3;13
2014-06-26;28852;Stars And The Moon;录音室专辑;融合爵士 Jazz Fusion;6435;-1;2;14
2014-06-26;28847;Blue In Red;录音室专辑;融合爵士 Jazz Fusion;6435;-1;1;16
2014-06-26;28850;夏の惑星;录音室专辑;融合爵士 Jazz Fusion;6435;-1;4;18
2014-06-26;28848;Before Christ & Anno Domini;录音室专辑;融合爵士 Jazz Fusion;6435;-1;3;18
2014-06-26;28846;Brasil;录音室专辑;融合爵士 Jazz Fusion;6435;-1;5;19
2014-06-26;28849;Welcome To The Rose Garden;录音室专辑;融合爵士 Jazz Fusion;6435;-1;4;23
2014-06-26;28853;脚线美の诱惑;录音室专辑;融合爵士 Jazz Fusion;6435;-1;5;24
2014-06-26;28703;Love Song;录音室专辑;N/A;60917;9.6;34;300
2014-06-26;28993;タイド&エコー;录音室专辑;N/A;6452;-1;2;14
2014-06-26;28990;緑のアーチ/裸の王様;录音室专辑;N/A;6452;-1;3;17
2014-06-26;28989;蝋烛を灯して;录音室专辑;N/A;6452;-1;0;17
2014-06-26;28991;逆上がりの国;录音室专辑;N/A;6452;-1;0;18
2014-06-26;28992;うたのかたち;录音室专辑;N/A;6452;-1;3;19
2014-06-26;28988;紫阳花の庭;录音室专辑;N/A;6452;-1;3;30
2014-06-26;28987;雪のワルツ;录音室专辑;N/A;6452;-1;2;36
2014-06-26;29007;Rembrandt sky;录音室专辑;N/A;6457;9.3;13;281
2014-06-26;29006;Camomile Plus;精选集;日本流行 J-Pop;6457;9.2;35;597
2014-06-26;29009;camomile;录音室专辑;N/A;6457;9.4;113;1130
2014-06-26;29058;茜/HATE/Over;EP、单曲;视觉摇滚 Visual Rock;6466;-1;0;6
2014-06-26;29054;Яaven Loud speeeaker;EP、单曲;视觉摇滚 Visual Rock;6466;-1;1;9
2014-06-26;29056;シアン;录音室专辑;视觉摇滚 Visual Rock;6466;-1;1;10
2014-06-26;29055;時分ノ花;EP、单曲;视觉摇滚 Visual Rock;6466;-1;1;10
2014-06-26;29051;ジャイアニズム~お前の物は俺の物~ ;录音室专辑;视觉摇滚 Visual Rock;6466;-1;0;13
2014-06-26;29052;ジャイアニズム~俺の物は俺の物~ ;录音室专辑;视觉摇滚 Visual Rock;6466;-1;3;14
2014-06-26;29059;Ultimate Circus;录音室专辑;视觉摇滚 Visual Rock;6466;-1;3;16
2014-06-26;29057;東京傷年;EP、单曲;视觉摇滚 Visual Rock;6466;-1;2;19
2014-06-26;29050;The World Ruler;录音室专辑;视觉摇滚 Visual Rock;6466;9.6;3;35
2014-06-26;29049;レゾンデートル;EP、单曲;视觉摇滚 Visual Rock;6466;9.2;13;54
2014-06-26;29454;Fire In Our Hearts;EP、单曲;N/A;121229;-1;3;7
