2014-06-18;84;百川的蓝宝石;录音室专辑;N/A;28;-1;0;0
2014-06-18;103;东方雄鹰 经典回放;合集、杂锦 ;N/A;36;-1;1;2
2014-06-18;36;兵心;录音室专辑;N/A;13;-1;1;2
2014-06-18;43;老懵董笑歌集;录音室专辑;N/A;17;-1;0;3
2014-06-18;21;好花不常开;录音室专辑;N/A;7;-1;0;3
2014-06-18;38;Edsion Mr.I;录音室专辑;N/A;15;-1;0;4
2014-06-18;105;中国足球战歌;合集、杂锦 ;N/A;36;-1;4;4
2014-06-18;37;我今年正好十八岁;录音室专辑;N/A;14;-1;1;4
2014-06-18;106;热血男儿硬起来;录音室专辑;N/A;37;-1;1;5
2014-06-18;101;爱好痛,心不苦;录音室专辑;N/A;34;-1;3;7
2014-06-18;28;阿郎的故事;录音室专辑;N/A;9;-1;1;8
2014-06-18;82;百川的音乐旅程-楼兰情歌;录音室专辑;中国传统民歌 Chinese Traditional Folk;28;-1;1;8
2014-06-18;25;再显奇迹;录音室专辑;N/A;8;-1;0;8
2014-06-18;31;戏梦;录音室专辑;N/A;10;-1;2;12
2014-06-18;22;黄昏思情;录音室专辑;N/A;8;-1;1;12
2014-06-18;57;我爱阿亮阿亮爱我;录音室专辑;N/A;21;-1;1;12
2014-06-18;19;阿贵槌你喔;录音室专辑;N/A;6;-1;0;13
2014-06-18;24;月娘我问你;录音室专辑;N/A;8;-1;1;14
2014-06-18;129;我心中的故事;录音室专辑;N/A;42;-1;5;14
2014-06-18;23;歹命囝仔;录音室专辑;N/A;8;-1;3;16
2014-06-18;20;阿贵的快乐天堂;录音室专辑;N/A;6;-1;1;17
2014-06-18;11;小城故事 电视剧原声音乐大碟;原声带、影视音乐 ;N/A;5;-1;1;18
2014-06-18;65;至冧情歌;EP、单曲;N/A;22;-1;3;19
2014-06-18;127;感谢;录音室专辑;N/A;42;-1;6;19
2014-06-18;32;37.2℃男友;录音室专辑;N/A;10;-1;6;21
2014-06-18;58;我爱阿亮;录音室专辑;N/A;21;-1;5;22
2014-06-18;102;毕晓世的音乐之旅 全心作品集;合集、杂锦 ;N/A;35;-1;3;23
2014-06-18;126;点样讲你知;录音室专辑;N/A;41;-1;3;24
2014-06-18;113;Kenneth Today;录音室专辑;N/A;41;-1;15;24
2014-06-18;26;今夜来去听阿吉仔念歌 1;录音室专辑;N/A;8;-1;2;25
2014-06-18;6;1188;录音室专辑;N/A;4;-1;2;25
2014-06-18;33;等候;录音室专辑;N/A;11;-1;5;26
2014-06-18;27;今夜来去听阿吉仔念歌 2 ;录音室专辑;N/A;8;-1;1;27
2014-06-18;120;高温境界;录音室专辑;N/A;41;-1;4;30
2014-06-18;124;IQ成熟时;录音室专辑;N/A;41;-1;3;31
2014-06-18;116;风中追风;录音室专辑;N/A;41;-1;7;32
2014-06-18;123;人之初;录音室专辑;N/A;41;-1;6;32
2014-06-18;119;爱不是游戏;录音室专辑;N/A;41;-1;5;34
2014-06-18;128;20世纪中华歌坛名人百集珍藏版;精选集;N/A;42;-1;6;35
2014-06-18;69;牵牛花;EP、单曲;N/A;22;-1;9;36
2014-06-18;64;阿牛的Wow Wow情歌;录音室专辑;N/A;22;-1;6;37
2014-06-18;63;各位男人辛苦晒;录音室专辑;N/A;22;-1;13;37
2014-06-18;117;破碎;录音室专辑;N/A;41;-1;12;38
2014-06-18;40;城市之夜;录音室专辑;N/A;16;-1;13;39
2014-06-18;80;Funk;EP、单曲;N/A;26;-1;6;40
2014-06-18;66;我们一家都是人;录音室专辑;N/A;22;-1;8;40
2014-06-18;122;新曲·精选;录音室专辑;N/A;41;-1;10;42
2014-06-18;121;蔡枫华;录音室专辑;N/A;41;-1;12;45
2014-06-18;60;桃花朵朵开;录音室专辑;N/A;22;-1;17;47
2014-06-18;115;叛逆+精选;录音室专辑;N/A;41;-1;18;48
2014-06-18;59;天天天天说爱你;录音室专辑;N/A;22;-1;14;50
2014-06-18;130;完美先生;精选集;N/A;43;-1;11;51
2014-06-18;61;无尾熊抱抱;录音室专辑;N/A;22;-1;6;53
2014-06-18;83;百川的音乐旅程-西域民谣;录音室专辑;中国传统民歌 Chinese Traditional Folk;28;-1;0;54
2014-06-18;96;中原新乐;录音室专辑;N/A;32;-1;6;57
2014-06-18;118;绝对空虚;录音室专辑;N/A;41;-1;12;58
2014-06-18;39;博客;录音室专辑;N/A;16;9.8;13;58
2014-06-18;9;我是人;录音室专辑;N/A;4;-1;8;60
2014-06-18;73;城市·蓝天;录音室专辑;N/A;22;9.8;7;62
2014-06-18;7;自慰精选 (独立纪念盘);录音室专辑;N/A;4;10.0;13;64
2014-06-18;90;Love Flavors (糖水系列1);录音室专辑;N/A;32;-1;4;66
2014-06-18;97;鲍比达1998;录音室专辑;N/A;32;-1;8;67
2014-06-18;125;青春三重奏;录音室专辑;N/A;41;-1;6;67
2014-06-18;111;风华再现(2000精选);录音室专辑;N/A;41;-1;17;69
2014-06-18;79;变法;录音室专辑;N/A;24;10.0;15;70
2014-06-18;34;此情可待;录音室专辑;N/A;11;-1;14;72
2014-06-18;41;城市之夜(新疆版);录音室专辑;N/A;16;-1;17;76
2014-06-18;12;I...Do;录音室专辑;N/A;5;9.3;18;79
2014-06-18;93;恋爱新四季;录音室专辑;N/A;32;-1;9;80
2014-06-18;48;Persona;录音室专辑;韩国抒情曲 Korean Ballad;19;10.0;6;83
2014-06-18;13;醇情歌;精选集;N/A;5;9.3;11;83
2014-06-18;78;祝福;录音室专辑;N/A;24;9.7;19;87
2014-06-18;30;有一种爱叫做放手;录音室专辑;N/A;10;-1;10;89
2014-06-18;42;走出沙漠的刀郎;录音室专辑;N/A;16;9.7;16;90
2014-06-18;77;拥抱太阳的人;录音室专辑;N/A;24;9.4;16;91
2014-06-18;15;哈啰;录音室专辑;N/A;5;9.8;17;91
2014-06-18;133;环球真经典系列;精选集;N/A;43;-1;5;93
2014-06-18;92;情歌玛奇朵;录音室专辑;N/A;32;-1;13;94
2014-06-18;112;蔡枫华白金珍藏版;录音室专辑;N/A;41;-1;20;95
2014-06-18;62;滚石香港黄金十年 阿牛精选;精选集;N/A;22;9.2;7;95
2014-06-18;8;平衡;录音室专辑;N/A;4;9.3;16;98
2014-06-18;10;我没读书;录音室专辑;N/A;4;-1;15;100
2014-06-18;104;新民乐二胡;录音室专辑;N/A;36;-1;22;110
2014-06-18;68;爱我久久;录音室专辑;N/A;22;9.6;18;114
2014-06-18;4;阿宝同名专辑;录音室专辑;中国传统民歌 Chinese Traditional Folk;2;9.0;30;145
2014-06-18;50;Pine Tree;录音室专辑;韩国抒情曲 Korean Ballad;19;9.5;21;148
2014-06-18;44;天使的翅膀;录音室专辑;N/A;18;9.1;33;152
2014-06-18;85;客途秋恨;精选集;中国戏曲 Chinese Opera,粤剧 Cantonese Opera;29;9.7;11;171
2014-06-18;94;鲍比达的音乐爱情故事;录音室专辑;N/A;32;8.9;20;178
2014-06-18;5;环球音乐通 (2010第三期);合集、杂锦 ;N/A;7169;8.5;42;185
2014-06-18;108;杭盖;录音室专辑;中国传统民歌 Chinese Traditional Folk,蒙古族传统乐 Mongolian Traditional Music;39;9.6;21;185
2014-06-18;17;坚持到底;录音室专辑;N/A;5;9.4;30;208
2014-06-18;75;二泉映月;录音室专辑;N/A;23;9.5;46;234
2014-06-18;81;外面的世界;合集、杂锦 ;N/A;7169;8.6;68;259
2014-06-18;76;阿炳全集;录音室专辑;N/A;23;9.7;36;300
2014-06-18;51;Polaris;录音室专辑;韩国抒情曲 Korean Ballad;19;9.6;47;330
2014-06-18;2;I\'m The Wind;EP、单曲;N/A;89333;8.7;48;359
2014-06-18;35;Happy.Birth.Day;EP、单曲;国语流行 Mandarin Pop;12;9.8;89;413
2014-06-18;3;想亲亲想在心眼眼上;录音室专辑;中国传统民歌 Chinese Traditional Folk;2;9.3;96;494
2014-06-18;18;天黑;录音室专辑;N/A;5;9.1;124;539
2014-06-18;110;天边;录音室专辑;中国传统民歌 Chinese Traditional Folk,蒙古族传统乐 Mongolian Traditional Music;39;9.4;77;573
2014-06-18;74;二胡阿炳;合集、杂锦 ;中国民乐 Chinese Folk Music;7169;9.3;137;864
2014-06-18;95;情定少林寺;原声带、影视音乐 ;N/A;32;9.6;119;978
2014-06-18;86;Melody Tree;录音室专辑;器乐独奏 Solo Instrumental;30;9.2;112;1312
2014-06-18;1;我 那一场恋爱;录音室专辑;N/A;1;9.3;186;1363
2014-06-18;87;Little Comfort;录音室专辑;器乐独奏 Solo Instrumental;30;9.4;137;1850
2014-06-18;88;Dreaming;录音室专辑;器乐独奏 Solo Instrumental;30;9.4;873;9107
2014-06-18;198;Oh My Friend;录音室专辑;N/A;54;-1;0;0
2014-06-18;197;旧时光;录音室专辑;N/A;53;-1;1;0
2014-06-18;228;热带鱼的邮件;录音室专辑;N/A;67;-1;1;1
2014-06-18;178;新天堂乐园Ⅱ;录音室专辑;N/A;48;-1;0;1
2014-06-18;199;最新歌曲精选;录音室专辑;N/A;55;-1;0;2
2014-06-18;177;我和春天有个约会;录音室专辑;N/A;48;-1;0;2
2014-06-18;212;走出孤独;录音室专辑;N/A;60;-1;5;3
2014-06-18;200;一个人去闯;录音室专辑;N/A;55;-1;0;3
2014-06-18;195;金曲会知音;精选集;N/A;52;-1;0;3
2014-06-18;179;钢琴师的情人;录音室专辑;N/A;48;-1;1;3
2014-06-18;196;与风说;录音室专辑;N/A;53;-1;1;4
2014-06-18;190;南哥的台湾料理;录音室专辑;N/A;51;-1;0;4
2014-06-18;227;年轻的心;录音室专辑;N/A;66;-1;3;6
2014-06-18;201;弦韵;录音室专辑;中国民乐 Chinese Folk Music;56;-1;1;6
2014-06-18;176;小王子的音乐书;录音室专辑;N/A;48;-1;0;7
2014-06-18;154;22;录音室专辑;N/A;44;-1;2;8
2014-06-18;188;好运今年轮到我;录音室专辑;N/A;51;-1;1;10
2014-06-18;231;这一年过去了;录音室专辑;N/A;68;-1;2;11
2014-06-18;215;曾来入梦;录音室专辑;N/A;61;-1;0;12
2014-06-18;152;You\'re The Only;录音室专辑;N/A;44;-1;2;12
2014-06-18;151;独来独往;录音室专辑;N/A;44;-1;2;12
2014-06-18;217;情深款款;录音室专辑;N/A;62;-1;1;13
2014-06-18;213;让我的心靠近你的梦;录音室专辑;N/A;60;-1;0;13
2014-06-18;155;Je T\'aime;录音室专辑;N/A;44;-1;4;15
2014-06-18;230;1985-2002精选纪念2;精选集;N/A;68;-1;1;17
2014-06-18;189;江山楼;录音室专辑;N/A;51;-1;1;17
2014-06-18;163;忽略;录音室专辑;N/A;46;-1;6;17
2014-06-18;148;在你耳边唱;录音室专辑;N/A;43;-1;2;17
2014-06-18;147;再见也许不再会;录音室专辑;N/A;43;-1;4;17
2014-06-18;216;唯一的女神;录音室专辑;N/A;62;-1;3;18
2014-06-18;214;小巷阳光;录音室专辑;N/A;60;-1;5;19
2014-06-18;164;千年万年;录音室专辑;闽南语流行 Taiwanese Pop;47;-1;0;19
2014-06-18;233;今天的一切;录音室专辑;N/A;68;-1;4;20
2014-06-18;161;你是否记得我;录音室专辑;N/A;46;-1;0;20
2014-06-18;156;Day Break;录音室专辑;N/A;44;-1;21;21
2014-06-18;182;Don\'t Stop Loving…;录音室专辑;N/A;49;-1;5;22
2014-06-18;143;燃亮的火炬;EP、单曲;N/A;43;-1;8;22
2014-06-18;141;梦的预言;录音室专辑;N/A;43;-1;6;22
2014-06-18;185;Solo;录音室专辑;N/A;50;-1;7;23
2014-06-18;175;春夏秋冬;录音室专辑;闽南语流行 Taiwanese Pop;47;-1;6;23
2014-06-18;170;虎的演歌1 一段情一场梦;录音室专辑;闽南语流行 Taiwanese Pop;47;-1;0;23
2014-06-18;229;1985-2002精选纪念1;录音室专辑;N/A;68;-1;4;24
2014-06-18;192;可爱可恨;录音室专辑;N/A;51;-1;4;24
2014-06-18;174;痴情乎人心疼;录音室专辑;闽南语流行 Taiwanese Pop;47;-1;1;24
2014-06-18;149;海底针;录音室专辑;N/A;43;-1;5;24
2014-06-18;146;一生爱您一个;录音室专辑;N/A;43;-1;2;24
2014-06-18;172;一生只有你;录音室专辑;闽南语流行 Taiwanese Pop;47;-1;1;25
2014-06-18;165;心疼;录音室专辑;闽南语流行 Taiwanese Pop;47;-1;3;25
2014-06-18;173;赌情博爱;录音室专辑;闽南语流行 Taiwanese Pop;47;-1;0;26
2014-06-18;171;虎的演歌2 相逢的酒;录音室专辑;闽南语流行 Taiwanese Pop;47;-1;1;26
2014-06-18;169;思相枝;录音室专辑;闽南语流行 Taiwanese Pop;47;-1;1;26
2014-06-18;167;今生最爱的人;录音室专辑;闽南语流行 Taiwanese Pop;47;-1;1;26
2014-06-18;137;听说爱会是精彩;录音室专辑;N/A;43;-1;6;26
2014-06-18;183;Come Back To Me;录音室专辑;N/A;49;-1;9;27
2014-06-18;166;再生缘;录音室专辑;闽南语流行 Taiwanese Pop;47;-1;1;27
2014-06-18;142;爱的独白;录音室专辑;N/A;43;-1;8;27
2014-06-18;203;大江东去;录音室专辑;N/A;57;-1;6;28
2014-06-18;184;蔡兴麟 同名专辑;录音室专辑;N/A;49;-1;11;28
2014-06-18;162;连梦也没有;录音室专辑;N/A;46;-1;9;28
2014-06-18;144;风中暖流;录音室专辑;N/A;43;-1;5;28
2014-06-18;232;第一天就爱你;录音室专辑;N/A;68;-1;5;29
2014-06-18;168;蝴蝶梦;录音室专辑;闽南语流行 Taiwanese Pop;47;-1;0;30
2014-06-18;160;久久才见到你的好;录音室专辑;N/A;46;-1;11;32
2014-06-18;153;梦里的爱人;录音室专辑;N/A;44;-1;7;32
2014-06-18;237;高仓健快走开;录音室专辑;N/A;68;-1;10;35
2014-06-18;187;台湾南歌精选辑;录音室专辑;N/A;51;-1;3;36
2014-06-18;159;这里有爱等我回来;录音室专辑;N/A;46;-1;9;36
2014-06-18;140;蔡国权 同名专辑;录音室专辑;N/A;43;-1;10;38
2014-06-18;218;体会;录音室专辑;国语流行 Mandarin Pop,华语唱作人 Chinese Singer-Songwriter;7324;9.0;21;40
2014-06-18;239;把你的手放在我的心上;录音室专辑;N/A;69;-1;8;42
2014-06-18;235;奔向爱的怀抱;录音室专辑;N/A;68;-1;12;44
2014-06-18;211;精选集;录音室专辑;N/A;60;-1;6;44
2014-06-18;138;怀念你一世纪;精选集;N/A;43;-1;9;44
2014-06-18;181;在我心中有一片森林;录音室专辑;N/A;48;-1;5;46
2014-06-18;210;水晶杂货店-玻璃音符I;录音室专辑;N/A;59;-1;8;47
2014-06-18;139;投向未来;录音室专辑;N/A;43;-1;20;51
2014-06-18;240;连梦也没有;录音室专辑;N/A;69;-1;22;53
2014-06-18;145;蔡国权精选;精选集;N/A;43;-1;9;58
2014-06-18;150;创作我的歌32首;精选集;N/A;43;-1;10;59
2014-06-18;224;No Protection (Dual Disc Version);录音室专辑;N/A;65;-1;1;63
2014-06-18;219;胡思乱想;录音室专辑;中国民乐 Chinese Folk Music;64;-1;8;63
2014-06-18;220;来生缘;录音室专辑;中国民乐 Chinese Folk Music;64;-1;3;66
2014-06-18;221;胡弦论雨;录音室专辑;中国民乐 Chinese Folk Music;64;-1;6;71
2014-06-18;202;黄河大合唱;录音室专辑;N/A;57;9.8;13;78
2014-06-18;193;南歌;录音室专辑;N/A;51;-1;16;78
2014-06-18;135;不装饰你的梦;精选集;N/A;43;9.0;18;89
2014-06-18;223;One Good Show!;现场专辑;N/A;65;-1;3;90
2014-06-18;191;多桑电影原声带;录音室专辑;N/A;51;-1;14;91
2014-06-18;180;OBOE双簧管精选集;精选集;N/A;48;-1;17;96
2014-06-18;204;黄河大合唱·黄河钢琴协奏曲;录音室专辑;N/A;57;-1;13;99
2014-06-18;209;曹格Gary;录音室专辑;N/A;58;-1;14;104
2014-06-18;225;No Protection;录音室专辑;N/A;65;9.4;11;123
2014-06-18;194;生命的太阳;录音室专辑;N/A;51;8.4;17;143
2014-06-18;257;紫色的回忆;合集、杂锦 ;N/A;70;9.2;14;157
2014-06-18;238;我以为你是流过泪的人;录音室专辑;N/A;69;9.4;26;159
2014-06-18;157;这个世界 (典藏版);精选集;N/A;45;9.5;31;200
2014-06-18;222;侧田×香港管弦乐团Live演唱会;现场专辑;N/A;65;9.3;14;246
2014-06-18;250;我的心底话(珍藏集);精选集;N/A;70;9.4;42;253
2014-06-18;226;Justin;录音室专辑;N/A;65;9.9;19;276
2014-06-18;205;Superman;录音室专辑;N/A;58;8.7;23;358
2014-06-18;207;格格Blue;录音室专辑;N/A;58;9.7;37;407
2014-06-18;248;完全 陈百强;精选集;N/A;70;9.8;79;608
2014-06-18;258;离不开…;精选集;N/A;70;9.6;97;646
2014-06-18;158;这个世界;录音室专辑;N/A;45;9.3;169;853
2014-06-18;367;最索音乐;录音室专辑;N/A;88;-1;0;0
2014-06-18;361;我为你心碎;录音室专辑;N/A;85;-1;0;2
2014-06-18;351;流行风情;录音室专辑;N/A;81;-1;0;3
2014-06-18;362;百花亭;录音室专辑;N/A;85;-1;1;4
2014-06-18;307;远观自在;录音室专辑;N/A;1068;-1;3;4
2014-06-18;368;Body Music;录音室专辑;N/A;88;-1;0;5
2014-06-18;349;古典琴诉;录音室专辑;中国民乐 Chinese Folk Music;81;-1;0;5
2014-06-18;343;钢琴之爱III 跟我说爱我;录音室专辑;N/A;81;-1;0;5
2014-06-18;301;吾爱吾师·几度夕阳红;录音室专辑;N/A;73;-1;3;5
2014-06-18;359;黎明;录音室专辑;N/A;85;-1;0;6
2014-06-18;310;selected;录音室专辑;N/A;76;-1;1;6
2014-06-18;363;补习之迷恋;录音室专辑;N/A;86;-1;0;7
2014-06-18;356;雨的启示;录音室专辑;N/A;85;-1;1;7
2014-06-18;352;严选经典最超值保存版;精选集;N/A;81;-1;1;7
2014-06-18;340;百老汇之夜;录音室专辑;N/A;81;-1;0;7
2014-06-18;313;偷偷地;录音室专辑;N/A;76;-1;0;7
2014-06-18;366;电视剧主题曲集;录音室专辑;N/A;87;-1;3;8
2014-06-18;360;曲终残夜;录音室专辑;N/A;85;-1;0;8
2014-06-18;358;畅饮在今宵;录音室专辑;N/A;85;-1;2;8
2014-06-18;331;超人佳亚 主题曲;EP、单曲;N/A;80;-1;2;8
2014-06-18;299;关于昨夜;录音室专辑;N/A;72;-1;2;8
2014-06-18;342;钢琴之爱II;录音室专辑;N/A;81;-1;0;10
2014-06-18;314;伤心的小鹦鹉;录音室专辑;N/A;76;-1;2;10
2014-06-18;300;陪你狂乱;录音室专辑;N/A;72;-1;0;10
2014-06-18;341;钢琴之爱;录音室专辑;N/A;81;-1;0;11
2014-06-18;365;A Day With Benny;录音室专辑;N/A;87;-1;2;12
2014-06-18;335;特警新人类2 机动任务电影原声;原声带、影视音乐 ;N/A;80;-1;2;12
2014-06-18;364;爱海滔滔;录音室专辑;N/A;87;-1;2;16
2014-06-18;311;24Kiss;录音室专辑;N/A;76;-1;7;17
2014-06-18;302;嫦娥·让我…;录音室专辑;N/A;73;-1;2;22
2014-06-18;347;钢琴之爱9-爱在星光下;录音室专辑;N/A;81;-1;0;24
2014-06-18;346;钢琴之爱7;录音室专辑;N/A;81;-1;2;25
2014-06-18;298;全港至叻星;录音室专辑;N/A;71;-1;7;27
2014-06-18;350;古典琴诉III;录音室专辑;N/A;81;-1;2;28
2014-06-18;312;古刹铜钟;录音室专辑;N/A;76;-1;7;28
2014-06-18;309;此情可待;录音室专辑;N/A;75;-1;18;30
2014-06-18;338;候鸟流星雨;录音室专辑;N/A;81;-1;1;31
2014-06-18;357;爱如春风;录音室专辑;N/A;85;-1;7;32
2014-06-18;315;疯筝;录音室专辑;噪音 Noise,氛围音乐 Ambient,自然采样 Field Recordings,独立摇滚 Indie Rock,独立电子乐 Indietronica;77;-1;4;33
2014-06-18;354;全创作Visual Music作品集;录音室专辑;N/A;82;-1;6;35
2014-06-18;339;白日梦;录音室专辑;N/A;81;-1;1;37
2014-06-18;322;厨房仔;录音室专辑;N/A;80;-1;15;37
2014-06-18;306;现代重奏有你室乐演唱会;录音室专辑;N/A;75;-1;9;38
2014-06-18;353;坠入琴网;录音室专辑;N/A;81;-1;12;39
2014-06-18;308;只有爱;录音室专辑;N/A;75;-1;13;40
2014-06-18;303;归雁;录音室专辑;N/A;73;-1;10;40
2014-06-18;345;钢琴之爱6;录音室专辑;N/A;81;-1;1;43
2014-06-18;328;Break Through;录音室专辑;N/A;80;8.9;9;44
2014-06-18;304;也是情歌;录音室专辑;N/A;73;-1;6;44
2014-06-18;370;Philharmonia;录音室专辑;N/A;89;-1;5;45
2014-06-18;333;Edison Chan;EP、单曲;N/A;80;-1;15;49
2014-06-18;332;Visual Diary;录音室专辑;N/A;80;8.5;10;50
2014-06-18;329;Peace and Love;录音室专辑;N/A;80;9.1;12;54
2014-06-18;348;钢琴之爱 十年经典;精选集;N/A;81;-1;2;61
2014-06-18;319;69FM;录音室专辑;N/A;80;-1;16;62
2014-06-18;344;钢琴之爱5;录音室专辑;N/A;81;-1;9;64
2014-06-18;295;不再流泪;录音室专辑;粤语流行 Cantopop;70;-1;11;66
2014-06-18;323;Hazy: The 144 Hour Project;录音室专辑;N/A;80;-1;11;69
2014-06-18;265;亲爱的您;精选集;粤语流行 Cantopop;70;9.4;12;71
2014-06-18;327;Transition;录音室专辑;N/A;80;9.3;19;74
2014-06-18;292;突破精选;精选集;粤语流行 Cantopop;70;-1;11;74
2014-06-18;273;我的所有;精选集;N/A;70;-1;12;76
2014-06-18;269;90浪漫心曲经典;精选集;N/A;70;-1;7;76
2014-06-18;288;百强\'84;录音室专辑;粤语流行 Cantopop;70;8.9;20;82
2014-06-18;293;有了你;录音室专辑;粤语流行 Cantopop;70;9.3;13;84
2014-06-18;373;与音乐谈情;录音室专辑;N/A;89;9.2;8;85
2014-06-18;316;我快乐死了;录音室专辑;噪音 Noise,自由即兴 Free Improvisation,自然采样 Field Recordings,独立摇滚 Indie Rock,独立电子乐 Indietronica;77;9.2;15;85
2014-06-18;277;痴心眼内藏;录音室专辑;粤语流行 Cantopop;70;8.9;20;93
2014-06-18;294;几分钟的约会;录音室专辑;粤语流行 Cantopop;70;9.3;21;95
2014-06-18;268;等待您;录音室专辑;粤语流行 Cantopop;70;9.2;18;98
2014-06-18;372;听入非非;录音室专辑;N/A;89;9.7;8;106
2014-06-18;266;Love In L.A.;录音室专辑;粤语流行 Cantopop;70;9.4;20;110
2014-06-18;326;Hits Or Misses;精选集;N/A;80;9.0;13;111
2014-06-18;291;倾诉;录音室专辑;粤语流行 Cantopop;70;9.1;12;111
2014-06-18;296;First Love;录音室专辑;粤语流行 Cantopop;70;8.6;23;112
2014-06-18;274;冬暖;录音室专辑;粤语流行 Cantopop;70;9.0;20;124
2014-06-18;263;至爱纪念集;精选集;N/A;70;-1;20;129
2014-06-18;330;Ed Is On;录音室专辑;N/A;80;9.2;36;130
2014-06-18;355;心意;录音室专辑;N/A;83;9.3;13;137
2014-06-18;371;Demo Collection Volume 1//Favorites;录音室专辑;N/A;89;9.7;13;140
2014-06-18;337;爱是我们的;录音室专辑;N/A;81;8.5;10;141
2014-06-18;282;陈百强精选辑;精选集;N/A;70;8.5;19;141
2014-06-18;275;无声胜有声;录音室专辑;粤语流行 Cantopop;70;9.0;33;144
2014-06-18;264;只因爱你;录音室专辑;粤语流行 Cantopop;70;9.5;16;145
2014-06-18;305;闽江琴韵;录音室专辑;中国民乐 Chinese Folk Music;74;9.5;10;148
2014-06-18;325;Please Steal This Album;录音室专辑;N/A;80;9.3;22;154
2014-06-18;287;深爱着你;录音室专辑;粤语流行 Cantopop;70;9.8;38;163
2014-06-18;276;神仙也移民;录音室专辑;粤语流行 Cantopop;70;9.1;48;174
2014-06-18;278;梦里人;录音室专辑;粤语流行 Cantopop;70;9.5;50;192
2014-06-18;271;精装陈百强;精选集;N/A;70;9.8;24;193
2014-06-18;321;The Best Collection;精选集;N/A;80;8.9;25;196
2014-06-18;317;就让你走;录音室专辑;N/A;79;9.4;41;203
2014-06-18;318;让我再次介绍我自己;录音室专辑;N/A;80;9.6;40;224
2014-06-18;286;陈百强精选;精选集;N/A;70;9.5;20;226
2014-06-18;290;偏偏喜欢你;录音室专辑;粤语流行 Cantopop;70;9.6;49;270
2014-06-18;336;对不起,我爱你;录音室专辑;N/A;81;9.4;23;378
2014-06-18;270;一生何求;录音室专辑;N/A;70;9.7;55;381
2014-06-18;369;12金钗众生花;现场专辑;N/A;89;9.5;67;1019
2014-06-18;442;绝对;录音室专辑;N/A;118;-1;2;0
2014-06-18;440;防弹背心;EP、单曲;N/A;117;-1;0;1
2014-06-18;382;用心等待你;录音室专辑;N/A;95;-1;0;1
2014-06-18;480;悔;EP、单曲;N/A;123;-1;0;2
2014-06-18;473;巴山恋曲;录音室专辑;N/A;120;-1;0;2
2014-06-18;441;真实感;录音室专辑;N/A;117;-1;1;2
2014-06-18;424;Ep2006;录音室专辑;N/A;111;-1;0;2
2014-06-18;387;我的真心没有罪;录音室专辑;N/A;98;-1;4;2
2014-06-18;479;Demo EP;EP、单曲;N/A;122;-1;0;3
2014-06-18;474;玉环;录音室专辑;N/A;121;-1;1;3
2014-06-18;422;台湾唱透透;录音室专辑;N/A;110;-1;0;3
2014-06-18;476;Listen;录音室专辑;N/A;121;-1;0;4
2014-06-18;437;爱之忧伤;录音室专辑;N/A;115;-1;1;4
2014-06-18;423;音乐故事;录音室专辑;N/A;111;-1;0;4
2014-06-18;426;情断;录音室专辑;N/A;113;-1;2;5
2014-06-18;425;Joe Chan 2nd Impression;录音室专辑;N/A;112;-1;3;6
2014-06-18;379;正新人;EP、单曲;N/A;93;-1;2;6
2014-06-18;477;陈司翰同名专辑;录音室专辑;N/A;121;-1;2;7
2014-06-18;397;南方金点系列-福建风云金典;录音室专辑;闽南语流行 Taiwanese Pop;100;-1;2;7
2014-06-18;386;黄河 梁祝;合集、杂锦 ;N/A;481;-1;1;7
2014-06-18;499;陈小春的R&B音乐补给站Vol.1;录音室专辑;N/A;125;-1;2;8
2014-06-18;475;爱情主义;录音室专辑;N/A;121;-1;0;8
2014-06-18;500;陈小春的R&B音乐补给站Vol.2;录音室专辑;N/A;125;-1;1;10
2014-06-18;432;陈汝佳的歌;录音室专辑;N/A;114;-1;5;10
2014-06-18;406;九月九的酒(海外版);录音室专辑;N/A;104;-1;0;11
2014-06-18;438;河堤上的傻瓜;录音室专辑;N/A;116;-1;3;12
2014-06-18;494;透视;EP、单曲;N/A;125;-1;1;13
2014-06-18;478;全能量;录音室专辑;N/A;122;-1;3;14
2014-06-18;445;九月九的酒;录音室专辑;N/A;118;-1;7;14
2014-06-18;439;为你付出;录音室专辑;N/A;116;-1;2;14
2014-06-18;484;我只是想要…;录音室专辑;N/A;124;-1;0;19
2014-06-18;481;他们都猜错;录音室专辑;N/A;123;-1;2;19
2014-06-18;493;今生今世;EP、单曲;N/A;125;-1;1;20
2014-06-18;482;让爱单飞;录音室专辑;N/A;123;-1;7;20
2014-06-18;375;痛到感觉不到;录音室专辑;N/A;90;-1;3;22
2014-06-18;483;i伟联;录音室专辑;N/A;124;-1;2;23
2014-06-18;421;最后答案;录音室专辑;N/A;109;-1;11;23
2014-06-18;380;成人礼;录音室专辑;N/A;94;-1;9;23
2014-06-18;435;新歌+成名金曲;录音室专辑;N/A;114;-1;3;24
2014-06-18;405;我爱你胜过这世界;录音室专辑;N/A;103;-1;6;24
2014-06-18;399;台湾话·莎哟娜啦探戈;录音室专辑;闽南语流行 Taiwanese Pop;100;-1;6;25
2014-06-18;428;陈汝佳纪念珍藏专辑;精选集;N/A;114;-1;7;26
2014-06-18;407;浪漫萨克斯 回家;录音室专辑;N/A;105;-1;5;26
2014-06-18;396;拚出头;录音室专辑;闽南语流行 Taiwanese Pop;100;-1;3;26
2014-06-18;443;天上人间;精选集;N/A;118;-1;7;28
2014-06-18;444;任光音乐作品选;精选集;N/A;125565;-1;5;29
2014-06-18;433;陈汝佳特辑;录音室专辑;N/A;114;-1;13;30
2014-06-18;395;酒国恋歌;录音室专辑;闽南语流行 Taiwanese Pop;100;-1;2;30
2014-06-18;381;我听见有人叫你宝贝;录音室专辑;N/A;94;-1;7;33
2014-06-18;398;随缘;录音室专辑;闽南语流行 Taiwanese Pop;100;-1;8;36
2014-06-18;485;拉阔演奏厅;现场专辑;N/A;125;-1;4;41
2014-06-18;430;深山里的汉子;合集、杂锦 ;N/A;7169;-1;19;43
2014-06-18;403;养和的故事;录音室专辑;N/A;101;-1;5;46
2014-06-18;431;89陈汝佳;录音室专辑;N/A;114;-1;15;50
2014-06-18;501;That\'s Mine;录音室专辑;N/A;125;-1;8;51
2014-06-18;498;失恋王;EP、单曲;N/A;125;-1;5;51
2014-06-18;434;望夫崖 电视原声带;原声带、影视音乐 ;N/A;1552;-1;7;51
2014-06-18;414;阮呒是一个无感情个人;精选集;N/A;106;-1;3;51
2014-06-18;490;黑洞;录音室专辑;N/A;125;-1;10;52
2014-06-18;384;胡弓传奇(二);录音室专辑;N/A;97;-1;6;54
2014-06-18;486;斗;录音室专辑;N/A;125;8.8;10;58
2014-06-18;419;酒红色的心;录音室专辑;N/A;107;-1;13;59
2014-06-18;389;再一次实现;录音室专辑;国语流行 Mandarin Pop;99;9.5;9;64
2014-06-18;385;胡弓传奇;录音室专辑;N/A;97;-1;9;68
2014-06-18;417;现场作品Ⅱ;录音室专辑;N/A;106;-1;0;69
2014-06-18;488;好兄弟音乐会;现场专辑;N/A;125;-1;5;73
2014-06-18;418;现场作品I;录音室专辑;N/A;106;-1;4;73
2014-06-18;411;苏澳来ㄟ尾班车;录音室专辑;N/A;106;-1;4;75
2014-06-18;410;伊是咱的宝贝;精选集;N/A;106;-1;6;83
2014-06-18;436;钢琴的四个表情;录音室专辑;N/A;115;-1;6;86
2014-06-18;408;海尪·油桐花新娘;录音室专辑;N/A;106;-1;3;92
2014-06-18;502;下半辈子;录音室专辑;N/A;125;9.0;14;98
2014-06-18;505;精采完结篇;精选集;N/A;125;9.1;11;101
2014-06-18;391;渗透;录音室专辑;国语流行 Mandarin Pop;99;9.8;30;106
2014-06-18;412;勿问阮的名;录音室专辑;N/A;106;9.7;11;107
2014-06-18;427;记。念。陈汝佳;精选集;N/A;114;9.7;41;137
2014-06-18;415;听故事的人 电影音乐辑;录音室专辑;N/A;106;9.3;8;147
2014-06-18;404;陈蕾士古筝演奏;录音室专辑;中国民乐 Chinese Folk Music;102;9.1;6;151
2014-06-18;409;一堆吉他;录音室专辑;N/A;106;9.5;13;177
2014-06-18;492;夜生活;精选集;N/A;125;9.1;22;186
2014-06-18;383;红头绳;录音室专辑;N/A;96;9.0;31;197
2014-06-18;495;算你狠;录音室专辑;N/A;125;9.1;33;236
2014-06-18;487;Sing 十年纪念新歌精选辑;精选集;N/A;125;9.0;28;275
2014-06-18;470;放肆的情人;录音室专辑;N/A;119;9.7;15;281
2014-06-18;467;别让我哭;录音室专辑;N/A;119;9.5;19;308
2014-06-18;504;抱一抱;录音室专辑;N/A;125;9.3;52;330
2014-06-18;469;贪婪之歌;录音室专辑;N/A;119;9.8;32;370
2014-06-18;420;蝶恋花;录音室专辑;N/A;108;9.1;46;380
2014-06-18;457;鸦片玫瑰;录音室专辑;N/A;119;9.6;24;401
2014-06-18;471;拥挤的乐园;录音室专辑;N/A;119;9.6;31;429
2014-06-18;416;下午的一出戏;录音室专辑;N/A;106;9.4;83;441
2014-06-18;472;纠缠;原声带、影视音乐 ;原声 Soundtrack,电影配乐 Film Score;119;9.7;55;453
2014-06-18;464;恨情歌;录音室专辑;N/A;119;9.6;34;493
2014-06-18;377;大地;录音室专辑;台湾原住民音乐 Taiwan Aboriginal;91;9.4;32;509
2014-06-18;376;东清村三号;录音室专辑;台湾原住民音乐 Taiwan Aboriginal;91;9.4;52;542
2014-06-18;454;思念人之屋;录音室专辑;N/A;119;9.6;34;564
2014-06-18;461;1996 Summer 夏;录音室专辑;N/A;119;9.5;64;577
2014-06-18;468;私奔;录音室专辑;N/A;119;9.5;38;586
2014-06-18;452;五十米深蓝;录音室专辑;N/A;119;9.6;40;617
2014-06-18;453;布鲁塞尔的浮木之音乐故事;录音室专辑;N/A;119;9.8;68;625
2014-06-18;460;六月;录音室专辑;N/A;119;9.6;43;631
2014-06-18;451;My Destiny;现场专辑;N/A;119;9.8;65;677
2014-06-18;449;魔鬼A春天;精选集;N/A;119;9.7;52;749
2014-06-18;462;陈升Bobby\'s Talk 关于男人;录音室专辑;N/A;119;9.8;127;769
2014-06-18;465;风筝;录音室专辑;N/A;119;9.6;72;980
2014-06-18;378;海洋;录音室专辑;台湾原住民音乐 Taiwan Aboriginal;91;9.6;96;1098
2014-06-18;450;滚石香港黄金十年 陈升精选;精选集;N/A;119;9.5;147;1725
2014-06-18;627;跈你跈到死·拜堂;录音室专辑;N/A;142;-1;0;6
2014-06-18;567;奕想天开;录音室专辑;国语流行 Mandarin Pop;134;-1;0;6
2014-06-18;562;浪漫的键盘音乐;录音室专辑;N/A;131;-1;2;6
2014-06-18;558;梦爱;录音室专辑;N/A;129;-1;0;8
2014-06-18;552;思乡酒;录音室专辑;N/A;127;-1;0;9
2014-06-18;626;陈震东 同名专辑;录音室专辑;N/A;141;-1;3;10
2014-06-18;572;问情;录音室专辑;N/A;117911;-1;5;10
2014-06-18;569;精灵;录音室专辑;国语流行 Mandarin Pop;134;-1;0;10
2014-06-18;550;同船过渡;录音室专辑;N/A;127;-1;0;10
2014-06-18;549;雁南飞;录音室专辑;N/A;127;-1;2;10
2014-06-18;545;Electric Joy;EP、单曲;N/A;126;-1;0;11
2014-06-18;557;陈旭Vs花瓶;录音室专辑;N/A;128;-1;4;12
2014-06-18;555;告诉我你还爱我吗;录音室专辑;N/A;128;-1;5;12
2014-06-18;547;北漂;录音室专辑;N/A;127;-1;1;13
2014-06-18;625;不要让我再爱你想你;录音室专辑;N/A;140;-1;1;14
2014-06-18;551;离家的孩子;录音室专辑;N/A;127;-1;1;15
2014-06-18;542;激版陈晓东;录音室专辑;N/A;126;-1;2;15
2014-06-18;624;菜鸟探戈;录音室专辑;N/A;139;-1;3;16
2014-06-18;570;自恋首部曲;原声带、影视音乐 ;国语流行 Mandarin Pop;134;-1;0;16
2014-06-18;543;了解你的所有;录音室专辑;N/A;126;-1;2;18
2014-06-18;538;在乎你感受;EP、单曲;N/A;126;-1;1;18
2014-06-18;566;浪子回头;录音室专辑;闽南语流行 Taiwanese Pop;133;-1;1;19
2014-06-18;508;私写真;EP、单曲;N/A;125;-1;5;19
2014-06-18;560;键(浪漫键盘音乐);录音室专辑;N/A;131;-1;3;20
2014-06-18;553;望故乡;录音室专辑;N/A;127;-1;3;20
2014-06-18;620;我的忧伤不让你看出來;录音室专辑;N/A;136;-1;4;21
2014-06-18;563;赤子心;录音室专辑;N/A;132;-1;1;23
2014-06-18;565;陈一郎与12名女人;录音室专辑;闽南语流行 Taiwanese Pop;133;-1;3;25
2014-06-18;554;流浪歌;录音室专辑;N/A;127;-1;8;25
2014-06-18;544;与我高飞;录音室专辑;N/A;126;-1;8;26
2014-06-18;556;东北特产2-爷们;录音室专辑;N/A;128;-1;5;27
2014-06-18;541;U R My Only Love;录音室专辑;N/A;126;-1;2;29
2014-06-18;531;新旧样本12首;精选集;N/A;126;-1;6;32
2014-06-18;564;我始终爱你;录音室专辑;N/A;132;-1;12;33
2014-06-18;548;原音探究III;合集、杂锦 ;N/A;7169;-1;3;33
2014-06-18;535;心的接触;录音室专辑;N/A;126;-1;2;33
2014-06-18;629;情茧;录音室专辑;N/A;143;-1;41;34
2014-06-18;527;903狂热份子现场录音专辑;现场专辑;N/A;126;-1;3;34
2014-06-18;546;暖情;精选集;N/A;126;-1;4;37
2014-06-18;630;霸道的温柔;录音室专辑;N/A;143;8.4;24;40
2014-06-18;524;Modern Age;精选集;N/A;126;-1;9;40
2014-06-18;525;黑色领带;EP、单曲;N/A;126;-1;5;43
2014-06-18;533;拉阔音乐;现场专辑;N/A;126;-1;5;46
2014-06-18;519;不必说感谢;录音室专辑;N/A;126;-1;7;46
2014-06-18;631;记住你的香;录音室专辑;N/A;143;-1;34;47
2014-06-18;537;心理游戏;录音室专辑;N/A;126;-1;10;47
2014-06-18;532;Holiday;录音室专辑;N/A;126;-1;5;48
2014-06-18;511;大件事;录音室专辑;N/A;125;8.9;3;52
2014-06-18;561;寻找台湾生命力;录音室专辑;N/A;131;-1;5;53
2014-06-18;515;I Want To Be 唱作+自选情歌集;精选集;N/A;126;-1;8;55
2014-06-18;518;东国度;精选集;N/A;126;-1;10;57
2014-06-18;510;爱妻号;录音室专辑;N/A;125;-1;3;57
2014-06-18;530;我比谁都清楚;精选集;N/A;126;-1;6;65
2014-06-18;534;感觉贴心;录音室专辑;N/A;126;9.6;6;70
2014-06-18;514;Perfect Love;录音室专辑;N/A;126;9.5;28;71
2014-06-18;628;舍不得;录音室专辑;N/A;143;9.4;20;73
2014-06-18;528;质感;录音室专辑;N/A;126;9.7;18;74
2014-06-18;509;人见人爱;录音室专辑;N/A;125;8.6;8;90
2014-06-18;529;风一样的男子;录音室专辑;N/A;126;9.4;6;107
2014-06-18;536;心有独钟;录音室专辑;N/A;126;9.5;12;109
2014-06-18;523;天亮说晚安;录音室专辑;N/A;126;9.5;26;110
2014-06-18;516;从未忘记;录音室专辑;N/A;126;9.1;14;118
2014-06-18;571;儿歌新天地;录音室专辑;儿歌 Nursery Rhyme;117911;9.2;14;173
2014-06-18;621;水路;录音室专辑;N/A;137;9.8;30;210
2014-06-18;526;比我幸福;录音室专辑;N/A;126;9.7;33;212
2014-06-18;601;Mixed Up;精选集;粤语流行 Cantopop;135;8.6;11;243
2014-06-18;593;Eason 4 A Change & Hits;精选集;粤语流行 Cantopop;135;9.1;18;316
2014-06-18;582;Great 5000 Secs Vol.2;精选集;粤语流行 Cantopop;135;8.9;18;318
2014-06-18;623;阿淘的歌;录音室专辑;N/A;137;9.6;60;366
2014-06-18;604;68\'29\'\';精选集;粤语流行 Cantopop;135;9.4;10;366
2014-06-18;607;Eason & Friends 903 Id Club;现场专辑;粤语流行 Cantopop;135;9.3;19;375
2014-06-18;611;新生活 音乐会现场;现场专辑;粤语流行 Cantopop;135;9.3;27;398
2014-06-18;598;The Easy Ride Live;现场专辑;粤语流行 Cantopop;135;9.6;26;419
2014-06-18;587;903 id Club 拉阔音乐会;现场专辑;国语流行 Mandarin Pop;135;9.1;23;477
2014-06-18;606;Nothing Really Matters;录音室专辑;粤语流行 Cantopop;135;8.9;36;499
2014-06-18;618;一滴眼泪;录音室专辑;国语流行 Mandarin Pop;135;8.2;67;545
2014-06-18;597;拉阔压轴;现场专辑;粤语流行 Cantopop;135;9.2;35;548
2014-06-18;584;Great 5000 Secs;精选集;粤语流行 Cantopop;135;9.5;30;578
2014-06-18;605;打得火热;录音室专辑;粤语流行 Cantopop;135;8.9;47;634
2014-06-18;602;Eason 18首选;精选集;粤语流行 Cantopop;135;9.2;39;639
2014-06-18;610;天佑爱人;录音室专辑;粤语流行 Cantopop;135;9.1;40;642
2014-06-18;580;最佳损友;EP、单曲;粤语流行 Cantopop;135;9.7;116;671
2014-06-18;615;酝酿;录音室专辑;国语流行 Mandarin Pop;135;8.5;59;684
2014-06-18;609;婚礼的祝福;录音室专辑;国语流行 Mandarin Pop;135;8.8;68;694
2014-06-18;590;Live For Today;录音室专辑;粤语流行 Cantopop;135;9.1;41;700
2014-06-18;622;阿淘和孩子一起下课啦;录音室专辑;N/A;137;9.6;123;716
2014-06-18;599;The Easy Ride;录音室专辑;粤语流行 Cantopop;135;9.4;53;756
2014-06-18;594;The Line-Up;录音室专辑;粤语流行 Cantopop;135;9.3;55;772
2014-06-18;616;与我常在;录音室专辑;粤语流行 Cantopop;135;9.1;61;787
2014-06-18;612;新生活;精选集;粤语流行 Cantopop;135;9.4;86;797
2014-06-18;592;Third Encounter Live;现场专辑;粤语流行 Cantopop;135;9.6;62;890
2014-06-18;585;英皇钢琴热恋系列-陈奕迅;精选集;轻音乐流行 Light Pop;135;9.3;46;890
2014-06-18;600;反正是我;录音室专辑;国语流行 Mandarin Pop;135;9.3;92;939
2014-06-18;613;我的快乐时代;录音室专辑;粤语流行 Cantopop;135;9.3;66;991
2014-06-18;603;Shall We Dance? Shall We Talk!;录音室专辑;粤语流行 Cantopop;135;9.5;74;1015
2014-06-18;608;幸福;EP、单曲;粤语流行 Cantopop;135;9.3;100;1100
2014-06-18;617;陈奕迅;录音室专辑;粤语流行 Cantopop;135;9.1;63;1205
2014-06-18;577;Get A Life 演唱会;现场专辑;粤语流行 Cantopop;135;9.8;123;1637
2014-06-18;575;Sound & Sight;精选集;粤语流行 Cantopop;135;9.5;106;1832
2014-06-18;583;U-87;录音室专辑;粤语流行 Cantopop;135;9.6;171;2121
2014-06-18;579;我的最好时代;精选集;粤语流行 Cantopop;135;9.7;130;2268
2014-06-18;573;认了吧;录音室专辑;国语流行 Mandarin Pop;135;9.4;256;2523
2014-06-18;576;What\'s Going On…?;录音室专辑;粤语流行 Cantopop;135;9.5;153;2525
2014-06-18;591;黑白灰;录音室专辑;国语流行 Mandarin Pop;135;9.4;229;2730
2014-06-18;588;七;精选集;国语流行 Mandarin Pop;135;9.6;408;3172
2014-06-18;559;东邪西毒 电影音乐;原声带、影视音乐 ;原声 Soundtrack,电影配乐 Film Score;130;9.7;385;3867
2014-06-18;683;Raying.不一定;录音室专辑;N/A;162;-1;0;0
2014-06-18;660;心醉;录音室专辑;N/A;153;-1;0;0
2014-06-18;659;单恋;录音室专辑;N/A;152;-1;2;0
2014-06-18;638;发现;录音室专辑;N/A;145;-1;0;0
2014-06-18;748;我想;录音室专辑;N/A;183;-1;1;1
2014-06-18;746;愿让她知道;录音室专辑;N/A;183;-1;1;1
2014-06-18;706;千年·善良;录音室专辑;N/A;172;-1;0;1
2014-06-18;697;戴军的情感世界;精选集;N/A;169;-1;1;1
2014-06-18;750;陪我走过 新歌+精选;录音室专辑;N/A;183;-1;0;2
2014-06-18;747;不见不散;录音室专辑;N/A;183;-1;1;2
2014-06-18;723;昊天;录音室专辑;N/A;175;-1;1;2
2014-06-18;698;像你这样的朋友;录音室专辑;N/A;169;-1;0;2
2014-06-18;694;勇敢的心;录音室专辑;N/A;168;-1;1;2
2014-06-18;749;孤单;录音室专辑;N/A;183;-1;1;3
2014-06-18;700;闯 Dance In The Flames;录音室专辑;N/A;170;-1;0;3
2014-06-18;751;为你我的心找一个家;录音室专辑;N/A;183;-1;1;4
2014-06-18;726;一品窝;录音室专辑;N/A;177;-1;1;4
2014-06-18;704;平安中国;录音室专辑;N/A;81474;-1;0;4
2014-06-18;639;甘愿爱你是错误;录音室专辑;N/A;146;-1;0;4
2014-06-18;744;关怀921·瓦砾中的巨人站起来;EP、单曲;N/A;182;-1;0;5
2014-06-18;732;超合金;精选集;N/A;179;-1;0;6
2014-06-18;725;大排档;录音室专辑;N/A;177;-1;1;6
2014-06-18;722;阿福正传;录音室专辑;N/A;174;-1;4;6
2014-06-18;692;大漠刀郎1;录音室专辑;N/A;166;-1;1;6
2014-06-18;640;想来望去男女情;录音室专辑;N/A;146;-1;0;6
2014-06-18;654;The Best Of;录音室专辑;N/A;149;-1;3;8
2014-06-18;736;直上;录音室专辑;N/A;179;-1;1;9
2014-06-18;734;戆男.好;录音室专辑;N/A;179;-1;4;9
2014-06-18;728;两傻游地狱;录音室专辑;N/A;177;-1;2;9
2014-06-18;727;邓寄尘之歌;录音室专辑;N/A;177;-1;2;9
2014-06-18;634;借东风 老生唱段;合集、杂锦 ;N/A;7169;-1;3;9
2014-06-18;633;中国名曲集2;录音室专辑;N/A;144;-1;1;10
2014-06-18;743;你是我永远的春天;录音室专辑;N/A;182;-1;1;11
2014-06-18;699;阿莲·新娘;录音室专辑;N/A;169;-1;1;11
2014-06-18;695;阿莲2004;录音室专辑;N/A;169;-1;6;13
2014-06-18;680;妈妈再爱偶一促;EP、单曲;N/A;161;-1;0;13
2014-06-18;636;陈志远的音乐之旅四;录音室专辑;N/A;144;-1;1;13
2014-06-18;733;乐人谷普天同乐会;现场专辑;N/A;179;-1;1;15
2014-06-18;658;响(回响系列);录音室专辑;N/A;151;-1;2;15
2014-06-18;745;邓智彰流行篇;精选集;N/A;183;-1;8;17
2014-06-18;735;朋友二号;录音室专辑;N/A;179;-1;1;17
2014-06-18;731;新居入伙;录音室专辑;N/A;179;-1;1;17
2014-06-18;730;咪当我傻 新曲+精选;录音室专辑;N/A;179;-1;1;17
2014-06-18;682;香蕉花;EP、单曲;N/A;161;-1;0;17
2014-06-18;758;迪克牛仔香港演唱会2002;现场专辑;N/A;184;-1;7;19
2014-06-18;738;失物待领;录音室专辑;N/A;180;-1;2;19
2014-06-18;724;梦里梦外;录音室专辑;N/A;176;-1;4;21
2014-06-18;661;星光灿烂;录音室专辑;N/A;154;-1;2;24
2014-06-18;664;吉祥;录音室专辑;N/A;157;-1;2;26
2014-06-18;681;眼球先生 同名专辑;录音室专辑;N/A;161;-1;2;29
2014-06-18;687;DJ Tommy 同名专辑;录音室专辑;N/A;164;-1;6;32
2014-06-18;689;现实的旅程;录音室专辑;N/A;165;-1;6;34
2014-06-18;739;Joey Music Factory;录音室专辑;N/A;180;-1;5;36
2014-06-18;685;Updated Software 2.0;录音室专辑;N/A;164;-1;4;36
2014-06-18;655;My Little Girl;录音室专辑;N/A;149;-1;19;36
2014-06-18;688;大AL张武孝;录音室专辑;N/A;165;-1;21;37
2014-06-18;657;A20高速公路(吉他中国系列唱片4);录音室专辑;N/A;150;-1;4;46
2014-06-18;705;你是这样的人;录音室专辑;N/A;171;-1;17;48
2014-06-18;686;Respect For Da Chopstick Hip Hop;录音室专辑;N/A;164;-1;4;51
2014-06-18;653;午夜吻别前;录音室专辑;N/A;149;-1;21;51
2014-06-18;691;大AL;录音室专辑;N/A;165;-1;9;52
2014-06-18;737;自作自授;录音室专辑;N/A;180;-1;5;54
2014-06-18;637;陈志远的音乐之旅一;录音室专辑;N/A;144;-1;6;55
2014-06-18;690;发你个财财;录音室专辑;N/A;165;-1;14;56
2014-06-18;662;悔恨的泪;录音室专辑;N/A;156;-1;13;56
2014-06-18;702;Opera Arias;录音室专辑;N/A;171;-1;11;58
2014-06-18;641;解脱;录音室专辑;N/A;147;-1;15;59
2014-06-18;756;本色;录音室专辑;N/A;184;-1;8;60
2014-06-18;646;真的,用了心;录音室专辑;N/A;149;9.6;10;60
2014-06-18;701;喀什葛尔女郎;录音室专辑;N/A;171;-1;14;62
2014-06-18;635;陈志远的音乐之旅三;录音室专辑;N/A;144;-1;8;63
2014-06-18;765;别港;录音室专辑;N/A;184;-1;6;69
2014-06-18;663;悔恨的泪;录音室专辑;N/A;156;-1;18;69
2014-06-18;729;姑苏春晓;录音室专辑;中国民乐 Chinese Folk Music;178;-1;11;81
2014-06-18;668;给你一点颜色 摇滚舞剧;EP、单曲;摇滚 Rock & Roll;158;-1;15;81
2014-06-18;678;宁死不屈;合集、杂锦 ;N/A;159;-1;14;82
2014-06-18;763;传奇;录音室专辑;N/A;184;-1;5;88
2014-06-18;649;龙的心;录音室专辑;N/A;149;9.3;10;88
2014-06-18;693;舌粲莲花;录音室专辑;N/A;167;8.1;14;99
2014-06-18;764;忘记我还是忘记他;录音室专辑;N/A;184;9.6;12;108
2014-06-18;761;我这个你不爱的人;录音室专辑;N/A;184;9.7;17;112
2014-06-18;707;与郎共舞Remix;录音室专辑;N/A;173;-1;15;112
2014-06-18;703;殷秀梅·戴玉强二重唱-桃花红杏花白;录音室专辑;N/A;171;9.2;19;113
2014-06-18;679;一阵风;录音室专辑;N/A;160;8.7;13;119
2014-06-18;684;点;录音室专辑;N/A;163;-1;32;121
2014-06-18;766;末世纪狂摇滚演唱会;现场专辑;N/A;7169;-1;23;122
2014-06-18;759;咆哮2002;录音室专辑;N/A;184;9.3;11;123
2014-06-18;716;喀什噶尔胡杨;录音室专辑;N/A;173;-1;19;128
2014-06-18;652;第一次;录音室专辑;N/A;149;9.0;13;133
2014-06-18;752;风飞沙;录音室专辑;N/A;184;9.1;16;140
2014-06-18;719;北方的天空下;录音室专辑;N/A;173;-1;20;143
2014-06-18;650;超级精装大戏主题曲;录音室专辑;N/A;149;9.3;19;175
2014-06-18;754;摇滚北京2005Live演唱会;现场专辑;N/A;184;9.1;18;209
2014-06-18;721;2002年的第一场雪;录音室专辑;N/A;173;9.3;39;243
2014-06-18;645;滚石香港黄金十年 成龙精选;精选集;N/A;149;9.6;32;251
2014-06-18;711;披着羊皮的狼;录音室专辑;N/A;173;9.6;40;287
2014-06-18;708;刀郎Ⅲ;录音室专辑;N/A;173;8.6;80;328
2014-06-18;741;古城今昔;录音室专辑;N/A;181;9.7;45;357
2014-06-18;672;梦中的倾诉;录音室专辑;摇滚 Rock & Roll;158;8.4;53;386
2014-06-18;677;新潮;录音室专辑;摇滚 Rock & Roll;158;8.9;58;451
2014-06-18;710;谢谢你;精选集;N/A;173;9.5;72;464
2014-06-18;757;黄金十载全精选;精选集;N/A;184;9.4;52;560
2014-06-18;643;古琴套曲-袍修罗兰;录音室专辑;中国民乐 Chinese Folk Music;148;9.6;45;572
2014-06-18;644;秋籁(古琴独奏);录音室专辑;中国民乐 Chinese Folk Music;148;9.5;49;609
2014-06-18;740;色;录音室专辑;N/A;181;9.6;62;629
2014-06-18;670;无能的力量;录音室专辑;摇滚 Rock & Roll;158;9.6;98;996
2014-06-18;667;给你一点颜色;录音室专辑;摇滚 Rock & Roll;158;9.3;131;1127
2014-06-18;674;解决;录音室专辑;摇滚 Rock & Roll;158;9.6;160;1457
2014-06-18;671;红旗下的蛋;录音室专辑;摇滚 Rock & Roll;158;9.6;133;1457
2014-06-18;742;空;录音室专辑;N/A;181;9.3;237;1893
2014-06-18;676;新长征路上的摇滚;录音室专辑;摇滚 Rock & Roll;158;9.7;169;2147
2014-06-18;669;十年精选(1986-1996);精选集;摇滚 Rock & Roll;158;9.7;204;2181
2014-06-18;891;把我的心还给我;录音室专辑;N/A;211;-1;0;0
2014-06-18;773;城市心情歌;录音室专辑;N/A;187;-1;0;0
2014-06-18;769;破灭;录音室专辑;N/A;185;-1;0;0
2014-06-18;892;满足(范野的葵花日记);录音室专辑;N/A;211;-1;0;1
2014-06-18;777;Free@Love;EP、单曲;N/A;189;-1;0;1
2014-06-18;776;我的朋友;录音室专辑;N/A;189;-1;0;1
2014-06-18;775;8度C;录音室专辑;N/A;189;-1;0;1
2014-06-18;885;一百万;录音室专辑;N/A;207;-1;1;2
2014-06-18;884;魔法ABC;录音室专辑;N/A;7169;-1;0;2
2014-06-18;883;一滴泪;录音室专辑;N/A;205;-1;0;2
2014-06-18;784;你会恨我吗(宣传单曲);录音室专辑;N/A;192;-1;0;2
2014-06-18;780;爱要说出来;录音室专辑;N/A;191;-1;2;3
2014-06-18;779;远方的鼓声;录音室专辑;N/A;191;-1;2;7
2014-06-18;783;接招;EP、单曲;N/A;192;-1;0;8
2014-06-18;882;合气道;录音室专辑;N/A;204;-1;2;9
2014-06-18;818;Cool Eyes;录音室专辑;N/A;199;-1;3;10
2014-06-18;770;坚持;录音室专辑;N/A;186;-1;1;13
2014-06-18;888;星星问;录音室专辑;N/A;209;-1;3;17
2014-06-18;875;Anima;录音室专辑;N/A;202;-1;4;17
2014-06-18;824;排箫王子;录音室专辑;N/A;201;-1;2;18
2014-06-18;872;Day And Night;精选集;N/A;202;-1;2;19
2014-06-18;866;3DCD精选辑;精选集;N/A;202;-1;4;20
2014-06-18;845;杜德伟18首;精选集;N/A;202;-1;1;21
2014-06-18;781;连哭都是我的错;录音室专辑;N/A;192;-1;2;22
2014-06-18;788;热烈欢迎;录音室专辑;N/A;194;-1;6;23
2014-06-18;871;谈情说爱;录音室专辑;N/A;202;-1;3;24
2014-06-18;785;回到我身边;录音室专辑;N/A;192;-1;1;24
2014-06-18;874;One More Night;录音室专辑;N/A;202;-1;5;25
2014-06-18;854;Loving You;EP、单曲;N/A;202;-1;1;25
2014-06-18;853;未变过;录音室专辑;N/A;202;-1;0;25
2014-06-18;877;等待黎明 (Remix版);EP、单曲;N/A;202;-1;4;26
2014-06-18;868;天生喜欢你;录音室专辑;N/A;202;-1;4;26
2014-06-18;861;准我自我演唱会93\';现场专辑;N/A;202;-1;3;26
2014-06-18;858;准我自我;录音室专辑;N/A;202;-1;1;27
2014-06-18;789;紫雨(董荣骏创作纪念集);录音室专辑;N/A;195;-1;10;28
2014-06-18;873;再续情缘精选1986-1990;精选集;N/A;202;-1;1;29
2014-06-18;772;春水似年华;录音室专辑;N/A;186;-1;9;31
2014-06-18;870;One Day In My Life;录音室专辑;N/A;202;-1;6;32
2014-06-18;865;拯救地球;精选集;N/A;202;-1;8;32
2014-06-18;837;着迷 广东新曲+精选;精选集;N/A;202;-1;0;33
2014-06-18;860;准我再一次;录音室专辑;N/A;202;-1;5;34
2014-06-18;859;冒险游戏;录音室专辑;N/A;202;-1;12;34
2014-06-18;879;只想留下;录音室专辑;N/A;202;-1;13;35
2014-06-18;864;让自己快乐;录音室专辑;N/A;202;-1;3;36
2014-06-18;863;Cherish;录音室专辑;N/A;202;-1;2;36
2014-06-18;857;All For You;录音室专辑;N/A;202;-1;4;36
2014-06-18;856;天旋地转;精选集;N/A;202;-1;4;36
2014-06-18;831;Alex To My Love;EP、单曲;N/A;202;-1;8;37
2014-06-18;876;忘情号;录音室专辑;N/A;202;-1;6;38
2014-06-18;895;爱情程式;录音室专辑;N/A;212;-1;5;39
2014-06-18;855;绝对;录音室专辑;N/A;202;-1;11;41
2014-06-18;862;狂风;录音室专辑;N/A;202;-1;8;42
2014-06-18;887;我的中国心;录音室专辑;N/A;209;-1;15;46
2014-06-18;833;I Believe;录音室专辑;N/A;202;9.3;11;49
2014-06-18;869;最爱17首;精选集;N/A;202;-1;4;50
2014-06-18;849;知解;精选集;N/A;202;-1;9;50
2014-06-18;774;长征交响曲;录音室专辑;N/A;188;-1;5;50
2014-06-18;878;等待黎明;录音室专辑;N/A;202;-1;8;51
2014-06-18;852;我的,杜德伟;录音室专辑;N/A;202;-1;5;52
2014-06-18;867;My Love;录音室专辑;N/A;202;-1;7;54
2014-06-18;846;Best Love 2;录音室专辑;N/A;202;-1;5;58
2014-06-18;881;你说我是个受过伤的人;录音室专辑;N/A;203;-1;18;60
2014-06-18;768;火车与牛仔向好朋友演唱会;现场专辑;N/A;184;10.0;13;60
2014-06-18;841;钟爱1998新选辑;精选集;N/A;202;-1;5;64
2014-06-18;847;发现爱;录音室专辑;N/A;202;-1;9;74
2014-06-18;840;Talking Heart To Heart;录音室专辑;N/A;202;9.2;6;74
2014-06-18;826;脱掉;录音室专辑;N/A;202;9.6;10;78
2014-06-18;821;竹笛恋曲-夕阳醉了;录音室专辑;N/A;201;-1;10;78
2014-06-18;790;献给亲爱的妈妈;录音室专辑;N/A;196;-1;6;78
2014-06-18;848;不走完美;录音室专辑;N/A;202;9.6;8;80
2014-06-18;797;深情难了;录音室专辑;N/A;197;8.6;14;83
2014-06-18;822;竹笛恋曲-弯弯的月亮;录音室专辑;N/A;201;-1;15;89
2014-06-18;829;原来我爱你那么多;精选集;N/A;202;-1;10;93
2014-06-18;850;Best Love;录音室专辑;N/A;202;-1;12;105
2014-06-18;820;送别;录音室专辑;中国民乐 Chinese Folk Music,江南丝竹 Jiangnan Sizhu;200;9.0;11;106
2014-06-18;796;留声机里的恋歌;录音室专辑;N/A;197;8.7;13;125
2014-06-18;851;天真;录音室专辑;N/A;202;9.6;22;129
2014-06-18;823;柔情排箫 橄榄树;录音室专辑;N/A;201;-1;15;131
2014-06-18;835;跟着我一辈子;录音室专辑;N/A;202;9.5;29;136
2014-06-18;893;不说出的温柔;录音室专辑;N/A;212;8.9;22;142
2014-06-18;825;独领风骚 新歌精选集;精选集;N/A;202;9.1;23;146
2014-06-18;886;亚洲鼓魂(和他的朋友们);录音室专辑;N/A;208;8.8;38;150
2014-06-18;794;城市冥想;录音室专辑;N/A;196;-1;8;163
2014-06-18;795;听见蓝山的味道;录音室专辑;N/A;196;9.6;12;175
2014-06-18;786;唱好广州2;录音室专辑;N/A;193;9.6;31;191
2014-06-18;836;99情人;录音室专辑;N/A;202;9.3;32;221
2014-06-18;791;Happy Way;录音室专辑;N/A;196;9.4;18;223
2014-06-18;830;滚石香港黄金十年 杜德伟精选;精选集;N/A;202;9.2;32;236
2014-06-18;793;那年我们弹吉他;录音室专辑;N/A;196;9.1;20;273
2014-06-18;787;唱好广州;录音室专辑;N/A;193;9.3;57;303
2014-06-18;889;关山月;录音室专辑;N/A;210;9.4;12;347
2014-06-18;890;太古引;录音室专辑;N/A;210;9.3;16;349
2014-06-18;792;第33个街角转弯;录音室专辑;N/A;196;9.2;46;479
2014-06-18;778;最低级的小市民趣味;录音室专辑;N/A;190;7.5;88;559
2014-06-18;809;再续镜花缘;录音室专辑;摇滚 Rock & Roll;198;9.3;37;665
2014-06-18;799;后观音;录音室专辑;实验电子 Experimental Electronic;198;9.3;134;1399
2014-06-18;815;山河水;录音室专辑;N/A;198;9.6;250;2645
2014-06-18;816;艳阳天;录音室专辑;摇滚 Rock & Roll;198;9.6;259;2846
2014-06-18;813;幻听;录音室专辑;摇滚 Rock & Roll;198;9.7;293;3074
2014-06-18;817;黑梦;录音室专辑;摇滚 Rock & Roll;198;9.8;766;7097
2014-06-18;920;鼓励;录音室专辑;N/A;219;-1;0;2
2014-06-18;1011;爱花情果;录音室专辑;N/A;229;-1;2;3
2014-06-18;1010;广东好汉;录音室专辑;N/A;229;-1;1;4
2014-06-18;1009;一见钟情;录音室专辑;N/A;229;-1;0;4
2014-06-18;1006;汽笛声;录音室专辑;N/A;229;-1;4;5
2014-06-18;974;经典国语金曲;录音室专辑;N/A;224;-1;1;5
2014-06-18;998;星星相惜;EP、单曲;N/A;112496;-1;0;8
2014-06-18;967;国语金曲4:费玉清精选;录音室专辑;N/A;224;-1;4;9
2014-06-18;951;经典.费玉清;录音室专辑;N/A;224;-1;2;11
2014-06-18;948;夢先案内人;EP、单曲;N/A;1474;-1;2;11
2014-06-18;900;一生情不绝;录音室专辑;N/A;213;-1;4;11
2014-06-18;996;清音经典辑;精选集;N/A;224;-1;5;13
2014-06-18;1000;新鲜人;EP、单曲;N/A;226;-1;3;14
2014-06-18;1003;樱花季;录音室专辑;N/A;227;-1;2;15
2014-06-18;913;加州红903 十一团火音乐会;现场专辑;N/A;218;-1;1;15
2014-06-18;931;费常翔念;精选集;N/A;223;-1;0;17
2014-06-18;929;浮云游子;精选集;N/A;223;-1;4;19
2014-06-18;921;多想;录音室专辑;N/A;220;-1;5;20
2014-06-18;934;NOW现在;录音室专辑;N/A;223;-1;4;21
2014-06-18;918;一周年;EP、单曲;N/A;218;-1;2;21
2014-06-18;907;重返一九四一;录音室专辑;N/A;215;-1;1;21
2014-06-18;919;方力申 同名专辑;录音室专辑;N/A;218;-1;4;22
2014-06-18;987;一缕青纱万缕情;录音室专辑;N/A;224;-1;2;24
2014-06-18;952;长发的女郎;录音室专辑;N/A;224;-1;6;25
2014-06-18;1001;爱不够;录音室专辑;N/A;226;-1;10;26
2014-06-18;993;旧曲情怀1;录音室专辑;N/A;224;-1;3;28
2014-06-18;915;Never Walk Again;录音室专辑;N/A;218;-1;1;28
2014-06-18;986;窗外·旧时情;录音室专辑;N/A;224;-1;5;29
2014-06-18;961;不朽经典金曲11&12;录音室专辑;N/A;224;-1;2;29
2014-06-18;1007;风飘飘;录音室专辑;N/A;229;-1;9;30
2014-06-18;1002;那个季节里的歌6;录音室专辑;N/A;227;-1;4;31
2014-06-18;932;念旧;精选集;N/A;223;-1;2;31
2014-06-18;977;莫言醉;录音室专辑;N/A;224;-1;9;32
2014-06-18;956;长江水·此情永不留;录音室专辑;N/A;224;-1;5;32
2014-06-18;988;白云长在天;录音室专辑;N/A;224;-1;4;33
2014-06-18;939;百老汇精选;精选集;N/A;223;-1;4;33
2014-06-18;989;我心生爱苗;录音室专辑;N/A;224;-1;5;34
2014-06-18;912;Be Good;录音室专辑;N/A;218;-1;4;34
2014-06-18;916;True;录音室专辑;N/A;218;-1;3;35
2014-06-18;917;方力申 新曲+精选;精选集;N/A;218;-1;2;36
2014-06-18;963;不朽经典金曲5&6;录音室专辑;N/A;224;-1;6;40
2014-06-18;935;太阳眼镜;录音室专辑;N/A;223;-1;3;40
2014-06-18;955;不朽经典金曲13/14;录音室专辑;N/A;224;-1;8;41
2014-06-18;992;费玉清精选集1;精选集;N/A;224;-1;7;42
2014-06-18;922;给我一点你的爱;录音室专辑;N/A;221;-1;4;42
2014-06-18;994;旧曲情怀2;精选集;N/A;224;-1;7;43
2014-06-18;973;甲人作伙;录音室专辑;N/A;224;-1;10;43
2014-06-18;982;古早;录音室专辑;N/A;224;-1;9;44
2014-06-18;965;清音雅集Ⅱ;录音室专辑;N/A;224;-1;4;45
2014-06-18;933;典藏金曲;精选集;N/A;223;-1;8;46
2014-06-18;995;凯旋;录音室专辑;N/A;224;9.8;25;47
2014-06-18;936;现在流行什么;录音室专辑;N/A;223;-1;11;47
2014-06-18;930;爱过你;录音室专辑;N/A;223;-1;15;47
2014-06-18;975;经典台语金曲;录音室专辑;N/A;224;-1;6;48
2014-06-18;953;清韵悠扬 精选二;精选集;N/A;224;-1;6;48
2014-06-18;997;群星会18 费玉清金曲(上);精选集;N/A;224;-1;6;49
2014-06-18;943;午夜星河;录音室专辑;N/A;223;-1;8;50
2014-06-18;964;不朽经典金曲7&8;录音室专辑;N/A;224;-1;8;51
2014-06-18;924;我是个无心的人;录音室专辑;N/A;221;-1;13;51
2014-06-18;923;留一些空间;录音室专辑;N/A;221;-1;12;52
2014-06-18;979;一生的朋友;录音室专辑;N/A;224;9.8;6;54
2014-06-18;911;在你遥远的附近;录音室专辑;N/A;218;-1;8;54
2014-06-18;1005;回忆;录音室专辑;N/A;228;-1;14;55
2014-06-18;954;清韵悠扬 精选一;精选集;N/A;224;-1;6;56
2014-06-18;941;流连;录音室专辑;N/A;223;-1;15;57
2014-06-18;1004;一个DJ两个女人;录音室专辑;N/A;228;-1;6;58
2014-06-18;971;跟着地球旋转;录音室专辑;N/A;224;9.8;18;60
2014-06-18;981;从前;录音室专辑;N/A;224;-1;7;62
2014-06-18;985;变色的长城;录音室专辑;N/A;224;9.1;11;64
2014-06-18;928;野花;录音室专辑;N/A;223;9.6;24;64
2014-06-18;990;金装费玉清不朽经典金曲 9&10;精选集;N/A;224;-1;12;65
2014-06-18;1008;每当变幻时·飘零梦;录音室专辑;N/A;229;-1;10;67
2014-06-18;957;风华再现 情系百乐门;录音室专辑;N/A;224;9.8;6;68
2014-06-18;960;不朽经典金曲1&2;录音室专辑;N/A;224;9.6;14;70
2014-06-18;980;情深往事直到永远;录音室专辑;N/A;224;9.9;18;74
2014-06-18;937;夺标;录音室专辑;N/A;223;-1;22;83
2014-06-18;972;费玉清台语老歌专辑 古早;录音室专辑;N/A;224;-1;7;84
2014-06-18;983;梦驼铃;录音室专辑;N/A;224;9.1;19;95
2014-06-18;946;浮声旧梦;录音室专辑;N/A;224;8.5;10;95
2014-06-18;950;何日君再来;录音室专辑;N/A;224;9.8;15;116
2014-06-18;940;四海一心;录音室专辑;N/A;223;9.4;32;134
2014-06-18;944;青青校树;录音室专辑;N/A;224;9.4;17;143
2014-06-18;958;收藏费玉清 21世纪精选;录音室专辑;N/A;224;9.4;13;148
2014-06-18;910;中国琵琶经典-霸王卸甲;录音室专辑;N/A;217;9.0;11;153
2014-06-18;978;晚安曲;录音室专辑;N/A;224;9.2;37;163
2014-06-18;947;Tchaikovsky: Symphonies 4, 5 & 6 Pathétique;录音室专辑;N/A;52277;-1;12;172
2014-06-18;942;故乡的云;精选集;N/A;223;9.5;32;179
2014-06-18;945;脉脉声情(2006精选辑);精选集;N/A;224;9.5;33;222
2014-06-18;938;跨越四海的歌声;录音室专辑;N/A;223;9.6;65;244
2014-06-18;926;百老汇经典辑;录音室专辑;N/A;223;9.6;25;267
2014-06-18;903;风中绯樱 电视原声带;原声带、影视音乐 ;N/A;214;9.1;34;425
2014-06-18;902;范宗沛经典配乐选辑;精选集;N/A;214;9.3;67;950
2014-06-18;909;Soul Boy;录音室专辑;新灵魂乐 Neo-Soul;216;9.3;107;1148
2014-06-18;904;故事;合集、杂锦 ;N/A;214;9.4;89;1237
2014-06-18;906;意外的温柔;录音室专辑;N/A;214;9.4;123;1441
2014-06-18;908;爱 爱 爱;录音室专辑;新灵魂乐 Neo-Soul;216;9.3;116;1677
2014-06-18;905;范宗沛与孽子;原声带、影视音乐 ;N/A;214;9.5;223;2267
2014-06-18;901;水色;录音室专辑;N/A;214;9.6;652;6834
2014-06-18;1058;天王之音 名曲演绎版;录音室专辑;N/A;243;-1;2;0
2014-06-18;1028;换帖;录音室专辑;N/A;234;-1;0;0
2014-06-18;1128;爱我到多久;录音室专辑;N/A;256;-1;0;1
2014-06-18;1086;睇相得美;录音室专辑;N/A;246;-1;1;1
2014-06-18;1034;时事播报乱劈财;录音室专辑;N/A;235;-1;1;1
2014-06-18;1031;情歌对唱1;录音室专辑;N/A;234;-1;0;1
2014-06-18;1030;傅振辉V.S三个伴;录音室专辑;N/A;234;-1;0;1
2014-06-18;1130;感谢无情;录音室专辑;N/A;256;-1;1;2
2014-06-18;1129;一千个轮回;录音室专辑;N/A;256;-1;0;2
2014-06-18;1109;风之歌;录音室专辑;N/A;249;-1;1;2
2014-06-18;1029;情歌对唱2;录音室专辑;N/A;234;-1;1;2
2014-06-18;1015;秋水长天;录音室专辑;N/A;230;-1;0;2
2014-06-18;1112;激情城市;录音室专辑;N/A;249;-1;0;3
2014-06-18;1111;I\'m Happy;录音室专辑;N/A;249;-1;0;3
2014-06-18;1055;精彩人生;录音室专辑;N/A;243;-1;1;4
2014-06-18;1124;人生甭计较;录音室专辑;闽南语流行 Taiwanese Pop;253;-1;1;5
2014-06-18;1032;傅振辉V.S5个女主角;录音室专辑;N/A;234;-1;0;5
2014-06-18;1027;海誓山盟;录音室专辑;N/A;234;-1;0;5
2014-06-18;1026;一条线(经典集);录音室专辑;N/A;234;-1;0;5
2014-06-18;1120;出外人生(经典集);录音室专辑;闽南语流行 Taiwanese Pop;253;-1;0;6
2014-06-18;1084;真情表露出来;录音室专辑;N/A;244;-1;1;6
2014-06-18;1033;我是我·你是你;录音室专辑;N/A;234;-1;1;6
2014-06-18;1121;爱你袂变心;录音室专辑;闽南语流行 Taiwanese Pop;253;-1;1;7
2014-06-18;1073;见不到·故乡的爱;录音室专辑;N/A;244;-1;4;7
2014-06-18;1039;L\'a Mour 2000;录音室专辑;N/A;49;-1;0;7
2014-06-18;1035;落叶季节;录音室专辑;N/A;236;-1;2;7
2014-06-18;1119;无聊的人生;录音室专辑;N/A;252;-1;5;8
2014-06-18;1085;高隆 同名专辑;录音室专辑;N/A;245;-1;5;8
2014-06-18;1024;你是幸福的 我是快乐的 情歌对唱专辑;录音室专辑;N/A;233;-1;2;8
2014-06-18;1123;世间人;录音室专辑;闽南语流行 Taiwanese Pop;253;-1;0;9
2014-06-18;1122;世间事;录音室专辑;闽南语流行 Taiwanese Pop;253;-1;0;9
2014-06-18;1127;猪八戒会跳舞;EP、单曲;N/A;255;-1;2;10
2014-06-18;1110;Light;录音室专辑;N/A;249;-1;1;10
2014-06-18;1059;我的心不会改变;录音室专辑;N/A;243;-1;0;10
2014-06-18;1116;我的翅膀;录音室专辑;N/A;251;-1;2;11
2014-06-18;1014;爱情环游360°;录音室专辑;N/A;230;-1;1;11
2014-06-18;1118;摇滚精神抒情作风;录音室专辑;N/A;251;-1;1;12
2014-06-18;1067;两样心;录音室专辑;N/A;244;-1;5;12
2014-06-18;1083;在一个地球上·唱给你听;录音室专辑;N/A;244;-1;4;13
2014-06-18;1068;依然年轻;录音室专辑;N/A;244;-1;3;13
2014-06-18;1078;泡菜的故事;录音室专辑;N/A;244;-1;7;14
2014-06-18;1061;纵容;录音室专辑;N/A;243;-1;8;14
2014-06-18;1060;我会陪你到永远;录音室专辑;N/A;243;-1;3;14
2014-06-18;1082;夕阳下山时;录音室专辑;N/A;244;-1;1;15
2014-06-18;1074;黄土高坡;录音室专辑;N/A;244;-1;0;15
2014-06-18;1066;叱咤精选;精选集;N/A;244;-1;2;16
2014-06-18;1081;热情总召集;录音室专辑;N/A;244;-1;5;18
2014-06-18;1052;最好的礼物;录音室专辑;N/A;242;-1;13;18
2014-06-18;1141;越陷越深;录音室专辑;N/A;260;-1;1;19
2014-06-18;1089;现在回家;录音室专辑;N/A;248;-1;1;19
2014-06-18;1065;钱不够用;精选集;N/A;244;-1;3;19
2014-06-18;1053;丰收;录音室专辑;N/A;242;-1;9;19
2014-06-18;1045;换季情人;录音室专辑;N/A;240;-1;10;20
2014-06-18;1017;东郭先生;录音室专辑;N/A;231;-1;5;20
2014-06-18;1036;冯伟林;录音室专辑;N/A;236;-1;5;21
2014-06-18;1117;沸腾的浪漫;录音室专辑;N/A;251;-1;6;22
2014-06-18;1077;濛濛烟雨·再一次孤独;录音室专辑;N/A;244;-1;5;22
2014-06-18;1050;伦敦悟语;录音室专辑;N/A;242;-1;6;22
2014-06-18;1037;威利;录音室专辑;N/A;236;-1;2;25
2014-06-18;1025;爱情一百年;EP、单曲;N/A;233;-1;6;25
2014-06-18;1016;天上人间;录音室专辑;N/A;230;-1;4;26
2014-06-18;1062;10大金牌西洋情歌;录音室专辑;N/A;244;-1;5;27
2014-06-18;1057;牵挂你的人是我;录音室专辑;N/A;243;-1;6;27
2014-06-18;1038;天使危机;录音室专辑;N/A;236;-1;3;27
2014-06-18;1093;我不哭;录音室专辑;N/A;248;-1;0;30
2014-06-18;1018;西行路上;录音室专辑;N/A;231;-1;7;33
2014-06-18;1131;Ginja Rock Ep;录音室专辑;N/A;257;-1;3;35
2014-06-18;1076;脸红的时候;录音室专辑;N/A;244;-1;17;36
2014-06-18;1063;长青歌集;精选集;N/A;244;-1;10;37
2014-06-18;1069;不一样;录音室专辑;N/A;244;-1;10;38
2014-06-18;1054;天那边的爱;录音室专辑;N/A;242;-1;24;39
2014-06-18;1133;Here & Now;录音室专辑;N/A;257;-1;3;41
2014-06-18;1088;我认真,因为我要去看这世界;录音室专辑;N/A;247;-1;14;41
2014-06-18;1064;走出童话的青蛙王子;精选集;N/A;244;-1;13;41
2014-06-18;1046;爱易放难收;录音室专辑;N/A;241;-1;8;43
2014-06-18;1013;格上听泉;录音室专辑;N/A;230;-1;5;43
2014-06-18;1097;话旧精选辑 II;精选集;N/A;248;-1;3;44
2014-06-18;1103;来自异域的男孩 (黑胶版);录音室专辑;N/A;248;-1;7;45
2014-06-18;1095;约在某一天;录音室专辑;N/A;248;-1;8;46
2014-06-18;1087;一个人的时候·一切靠自己;录音室专辑;N/A;247;-1;9;46
2014-06-18;1101;丛林男孩;录音室专辑;N/A;248;-1;6;47
2014-06-18;1099;今夜让我梦中有你;录音室专辑;N/A;248;-1;13;48
2014-06-18;1072;迪斯可专辑;录音室专辑;N/A;244;-1;13;48
2014-06-18;1132;No Where Man;录音室专辑;N/A;257;-1;7;51
2014-06-18;1142;遍体鳞伤;录音室专辑;N/A;261;-1;11;52
2014-06-18;1075;借钱·短发的女孩;录音室专辑;N/A;244;-1;30;55
2014-06-18;1094;话说从头;录音室专辑;N/A;248;-1;7;57
2014-06-18;1100;谁说我不在乎;录音室专辑;N/A;248;9.1;6;61
2014-06-18;1102;我独自在风雨中 (黑胶版);录音室专辑;N/A;248;9.6;21;69
2014-06-18;1041;微之忆薛涛;录音室专辑;中国曲艺 Chinese Quyi;238;-1;4;70
2014-06-18;1042;吟尽楚江秋;录音室专辑;中国曲艺 Chinese Quyi;238;-1;5;71
2014-06-18;1080;燃烧吧!火鸟;录音室专辑;N/A;244;9.5;17;73
2014-06-18;1098;透过你的双眼;录音室专辑;N/A;248;9.5;25;87
2014-06-18;1047;你在他乡;录音室专辑;N/A;241;9.1;19;89
2014-06-18;1044;许冠杰钢琴心情;录音室专辑;N/A;239;-1;3;102
2014-06-18;1079;青蛙高唱·爱情信号;录音室专辑;N/A;244;9.6;28;103
2014-06-18;1143;Moments;录音室专辑;N/A;262;9.6;6;110
2014-06-18;1043;谭咏麟钢琴恋曲;录音室专辑;N/A;239;-1;8;142
2014-06-18;1139;Live is Life;现场专辑;N/A;259;-1;22;152
2014-06-18;1040;南音精选;录音室专辑;中国曲艺 Chinese Quyi;238;9.7;19;183
2014-06-18;1140;冲动;录音室专辑;N/A;259;9.0;69;225
2014-06-18;1136;酒狂;录音室专辑;N/A;258;10.0;19;245
2014-06-18;1134;广陵散;录音室专辑;N/A;258;9.7;32;402
2014-06-18;1049;美丽新世界;录音室专辑;国语流行 Mandarin Pop;2931;9.4;92;520
2014-06-18;1135;广陵绝响 古琴发烧天碟;录音室专辑;N/A;258;9.6;39;616
2014-06-18;1114;生命是一次奇遇;录音室专辑;N/A;7146;9.3;75;733
2014-06-18;1022;演奏德彪西:前奏曲及练习曲全集;录音室专辑;N/A;232;9.6;43;886
2014-06-18;1138;云水吟 夸父发烧天碟;录音室专辑;N/A;258;9.8;89;907
2014-06-18;1021;肖邦:钢琴协奏曲No.1,2;录音室专辑;N/A;232;9.5;73;1190
2014-06-18;1019;诗情萧邦;录音室专辑;N/A;232;9.8;116;1498
2014-06-18;1048;老歌手;录音室专辑;N/A;90373;9.1;414;1775
2014-06-18;1113;生命之诗 Unplugged现场;现场专辑;N/A;7146;9.6;263;2345
2014-06-18;1020;莫扎特钢琴作品集;录音室专辑;N/A;232;9.5;342;3614
2014-06-18;1253;在你面前我好想流泪;录音室专辑;N/A;281;-1;0;2
2014-06-18;1249;97郭峰精选;精选集;N/A;281;-1;2;2
2014-06-18;1240;光头杰 同名专辑;录音室专辑;N/A;276;-1;0;2
2014-06-18;1239;禅·唱;EP、单曲;N/A;275;-1;0;2
2014-06-18;1259;你已把我的心全带走;录音室专辑;N/A;281;-1;2;3
2014-06-18;1245;原来你是我最爱的人;录音室专辑;N/A;278;-1;1;3
2014-06-18;1244;巴山夜雨;录音室专辑;N/A;277;-1;1;3
2014-06-18;1255;清醒;录音室专辑;N/A;281;-1;0;4
2014-06-18;1254;移情别恋;录音室专辑;N/A;281;-1;0;4
2014-06-18;1242;我的伊甸园;录音室专辑;N/A;277;-1;0;4
2014-06-18;1236;Musick;录音室专辑;N/A;274;-1;0;5
2014-06-18;1247;怀念李小龙;录音室专辑;N/A;279;-1;2;6
2014-06-18;1246;广智 同名专辑;录音室专辑;N/A;278;-1;1;6
2014-06-18;1251;NEW-11;录音室专辑;N/A;281;-1;2;7
2014-06-18;1237;Oncoming;录音室专辑;N/A;274;-1;1;9
2014-06-18;1204;单身俱乐部;录音室专辑;N/A;272;-1;2;9
2014-06-18;1192;配角;录音室专辑;N/A;267;-1;1;9
2014-06-18;1241;留在蓉城的微笑;精选集;N/A;277;-1;3;10
2014-06-18;1235;寻找美惠;录音室专辑;N/A;274;-1;3;10
2014-06-18;1261;My Nation Plus (风之子别注版);EP、单曲;N/A;282;-1;3;11
2014-06-18;1200;双城·梦不醒;录音室专辑;N/A;269;-1;1;12
2014-06-18;1250;燃烧;录音室专辑;N/A;281;-1;5;13
2014-06-18;1161;New Pattern;录音室专辑;N/A;262;-1;4;13
2014-06-18;1196;敞开你的心;录音室专辑;N/A;269;-1;2;14
2014-06-18;1264;舞台宝典@飞越舞林演唱会2005二部曲;现场专辑;N/A;282;-1;4;15
2014-06-18;1234;In Progress;录音室专辑;N/A;274;-1;0;15
2014-06-18;1199;清醒;录音室专辑;N/A;269;-1;2;15
2014-06-18;1198;爱到灰心;录音室专辑;N/A;269;-1;4;18
2014-06-18;1181;亲亲我好吗;录音室专辑;N/A;262;-1;5;18
2014-06-18;1162;叱咤万人帮胜利誓师音乐会;现场专辑;N/A;262;-1;1;18
2014-06-18;1176;心愿;EP、单曲;N/A;262;-1;3;19
2014-06-18;1197;无怨无尤;录音室专辑;N/A;269;-1;2;21
2014-06-18;1178;笑说想;录音室专辑;N/A;262;-1;7;22
2014-06-18;1156;All The Best;精选集;N/A;262;-1;4;24
2014-06-18;1180;爱的解释;录音室专辑;N/A;262;-1;11;25
2014-06-18;1155;2003精选19首;精选集;N/A;262;-1;2;25
2014-06-18;1267;In The Still Of The Night;录音室专辑;N/A;282;-1;6;28
2014-06-18;1243;你在他乡还好吗;录音室专辑;N/A;277;-1;3;29
2014-06-18;1171;有你这一天;精选集;N/A;262;-1;4;29
2014-06-18;1238;春心;录音室专辑;N/A;275;-1;11;31
2014-06-18;1190;我是谁;录音室专辑;N/A;265;9.2;16;31
2014-06-18;1179;其实我…我…我;录音室专辑;N/A;262;-1;18;31
2014-06-18;1191;都市俚谣;录音室专辑;N/A;266;-1;7;33
2014-06-18;1163;跳飞机;EP、单曲;N/A;262;-1;3;33
2014-06-18;1185;今期流行;录音室专辑;N/A;263;-1;6;34
2014-06-18;1216;蚌的启示;EP、单曲;N/A;273;-1;5;35
2014-06-18;1168;幸福号列车;录音室专辑;N/A;262;-1;0;36
2014-06-18;1231;近代豪侠传;录音室专辑;N/A;273;-1;4;37
2014-06-18;1166;最多古巨基精选;精选集;N/A;262;-1;0;37
2014-06-18;1217;启示;录音室专辑;N/A;273;-1;6;38
2014-06-18;1177;第二最爱;精选集;N/A;262;-1;8;38
2014-06-18;1227;英雄出少年;录音室专辑;N/A;273;-1;3;39
2014-06-18;1164;寻宝;录音室专辑;N/A;262;-1;5;39
2014-06-18;1233;变色龙;录音室专辑;N/A;273;-1;4;40
2014-06-18;1203;路漫漫;录音室专辑;N/A;271;-1;4;42
2014-06-18;1165;天气会变;录音室专辑;N/A;262;-1;14;42
2014-06-18;1256;Yellow;录音室专辑;N/A;281;-1;9;43
2014-06-18;1214;一个秋天;录音室专辑;N/A;273;-1;10;43
2014-06-18;1145;古舞飞杨(大马演唱会纪念精选特辑);现场专辑;N/A;262;-1;1;43
2014-06-18;1268;空手道;录音室专辑;N/A;282;-1;10;44
2014-06-18;1222;常在我心间…爱你不分早晚;录音室专辑;N/A;273;-1;3;45
2014-06-18;1183;Mr.Cool;录音室专辑;N/A;263;-1;13;45
2014-06-18;1146;最终幻想;录音室专辑;N/A;262;9.2;8;45
2014-06-18;1189;见字如面;录音室专辑;国语流行 Mandarin Pop;264;-1;6;46
2014-06-18;1158;基情年代;精选集;N/A;262;-1;29;47
2014-06-18;1221;关正杰名曲选第二辑;精选集;N/A;273;-1;8;48
2014-06-18;1230;天龙诀;录音室专辑;N/A;273;-1;4;49
2014-06-18;1169;Leo Ku 同名专辑;录音室专辑;N/A;262;-1;10;49
2014-06-18;1148;05劲歌金曲演唱会;现场专辑;N/A;262;-1;2;51
2014-06-18;1270;爱·情大舞台(目炫城迷全精选);精选集;N/A;282;-1;4;52
2014-06-18;1218;\'85关正杰;录音室专辑;N/A;273;-1;11;53
2014-06-18;1229;人在江湖;录音室专辑;N/A;273;-1;4;54
2014-06-18;1223;天籁;录音室专辑;N/A;273;-1;6;55
2014-06-18;1186;男朋友;录音室专辑;N/A;263;-1;8;57
2014-06-18;1170;Be My Valentine;录音室专辑;N/A;262;-1;13;57
2014-06-18;1228;大地恩情;录音室专辑;N/A;273;-1;9;58
2014-06-18;1226;关正杰名曲选;精选集;N/A;273;-1;4;60
2014-06-18;1184;乐天;录音室专辑;N/A;263;-1;11;60
2014-06-18;1232;天蚕变;录音室专辑;N/A;273;-1;7;62
2014-06-18;1147;星战;录音室专辑;N/A;262;9.2;7;68
2014-06-18;1173;爱与梦飞行;录音室专辑;N/A;262;9.5;11;73
2014-06-18;1206;关正杰的故事;精选集;N/A;273;-1;6;74
2014-06-18;1157;恋恋情深;精选集;N/A;262;-1;9;76
2014-06-18;1175;欢乐今宵;录音室专辑;N/A;262;9.3;12;81
2014-06-18;1225;天龙八部之虚竹传奇;录音室专辑;N/A;273;-1;8;83
2014-06-18;1266;城意三部曲;精选集;N/A;282;-1;8;84
2014-06-18;1252;经典郭峰1980-2000;精选集;N/A;281;-1;15;84
2014-06-18;1153;古巨基903 id club拉阔音乐会;现场专辑;N/A;262;-1;5;86
2014-06-18;1224;关正杰演唱会;现场专辑;N/A;273;-1;10;89
2014-06-18;1174;忘了时间的钟;录音室专辑;N/A;262;9.0;18;114
2014-06-18;1195;顾嘉辉音乐名作 第二辑;录音室专辑;N/A;268;9.3;17;130
2014-06-18;1172;路边摊;录音室专辑;N/A;262;9.4;41;131
2014-06-18;1201;20世纪中华歌坛名人百集珍藏版;精选集;中国传统民歌 Chinese Traditional Folk;270;9.6;35;138
2014-06-18;1248;郭顶 同名专辑;录音室专辑;N/A;280;9.6;23;145
2014-06-18;1150;劲歌・金曲;精选集;N/A;262;8.8;7;165
2014-06-18;1205;金经典;精选集;N/A;273;9.4;30;182
2014-06-18;1152;大雄;录音室专辑;N/A;262;9.7;32;205
2014-06-18;1154;游戏-基;录音室专辑;N/A;262;9.5;17;208
2014-06-18;1260;城城完全精选;精选集;N/A;282;8.9;32;210
2014-06-18;1194;顾嘉辉音乐名作;录音室专辑;N/A;268;9.4;34;215
2014-06-18;1202;古琴新韵;录音室专辑;中国民乐 Chinese Folk Music;271;9.0;26;278
2014-06-18;1193;和兴白花油(顾嘉辉黄霑真友情演唱会);录音室专辑;N/A;268;10.0;45;408
2014-06-18;1160;情深深雨濛濛音乐全记录2;原声带、影视音乐 ;原声 Soundtrack,电视配乐 Television Music;7158;9.4;67;757
2014-06-18;1159;情深深雨濛濛音乐全记录1;原声带、影视音乐 ;原声 Soundtrack,电视配乐 Television Music;7158;9.3;195;1226
2014-06-18;1402;【合并】北极没有玫瑰;EP、单曲;N/A;301;-1;0;1
2014-06-18;1391;月光下的白鹭鸶;录音室专辑;N/A;297;-1;0;1
2014-06-18;1403;北极没有玫瑰;录音室专辑;N/A;301;-1;0;2
2014-06-18;1401;第11根手指(精选辑);录音室专辑;N/A;301;-1;0;3
2014-06-18;1361;Assignment 2005;录音室专辑;N/A;286;-1;1;4
2014-06-18;1382;乘着歌声的翅膀;录音室专辑;N/A;294;-1;1;5
2014-06-18;1355;酒醉的暗暝;录音室专辑;N/A;283;-1;1;6
2014-06-18;1347;92新加坡对你爱不完演唱会;现场专辑;N/A;282;-1;0;6
2014-06-18;1362;同行;录音室专辑;N/A;287;-1;1;7
2014-06-18;1356;极道演歌第二辑:恋人啊;录音室专辑;N/A;283;-1;2;7
2014-06-18;1358;海波浪之世间情;录音室专辑;N/A;283;-1;0;11
2014-06-18;1357;极道演歌第一辑:兄弟仁义;录音室专辑;N/A;283;-1;2;12
2014-06-18;1305;The Best Of Aaron (日本版);精选集;N/A;282;-1;3;14
2014-06-18;1285;爱的发热网(夏日精选);精选集;N/A;282;-1;3;14
2014-06-18;1363;我不像我;录音室专辑;N/A;287;-1;2;16
2014-06-18;1308;复制灵魂之再度复制;EP、单曲;N/A;282;-1;1;16
2014-06-18;1272;爆裂旋风;EP、单曲;N/A;282;-1;1;17
2014-06-18;1390;非行为;录音室专辑;N/A;296;-1;6;18
2014-06-18;1275;Aaron Pure Energy Collection 新曲+精选19首;精选集;N/A;282;-1;4;18
2014-06-18;1359;一分一刻一点也愿试;录音室专辑;N/A;284;-1;9;21
2014-06-18;1343;由零开始;精选集;N/A;282;-1;3;21
2014-06-18;1332;Ak-47;精选集;N/A;282;-1;6;21
2014-06-18;1324;你是我的一切;EP、单曲;N/A;282;-1;3;21
2014-06-18;1313;最激帝国;EP、单曲;N/A;282;-1;1;21
2014-06-18;1338;幻影乖乖Remix;EP、单曲;N/A;282;-1;4;22
2014-06-18;1314;金曲备忘录精选歌集;精选集;N/A;282;-1;1;22
2014-06-18;1400;微风中的海;录音室专辑;N/A;300;-1;5;23
2014-06-18;1340;狂野郭富城诱惑演唱会;现场专辑;N/A;282;-1;11;23
2014-06-18;1278;无忌vs未来;EP、单曲;N/A;282;-1;2;24
2014-06-18;1277;Live On Stage In Concert 2001;现场专辑;N/A;282;-1;3;24
2014-06-18;1311;最激演唱会;现场专辑;N/A;282;-1;6;25
2014-06-18;1276;新天地;录音室专辑;N/A;282;-1;4;25
2014-06-18;1273;郭富城好友音乐会251101;现场专辑;N/A;282;-1;2;25
2014-06-18;1377;爱情蝙蝠侠;录音室专辑;N/A;292;-1;5;26
2014-06-18;1342;Merry Christmas;录音室专辑;N/A;282;-1;2;26
2014-06-18;1326;浪漫铁幕动感新诱惑;录音室专辑;N/A;282;-1;6;26
2014-06-18;1282;新旧喝采16首;精选集;N/A;282;-1;2;26
2014-06-18;1274;Absolute;录音室专辑;N/A;282;-1;15;27
2014-06-18;1385;为爱偷生;录音室专辑;N/A;295;-1;9;28
2014-06-18;1366;新货郎;录音室专辑;中国传统民歌 Chinese Traditional Folk;289;-1;3;29
2014-06-18;1287;百事郭富城一变倾城演唱会98;现场专辑;N/A;282;-1;6;30
2014-06-18;1304;谁会记得我;录音室专辑;N/A;282;-1;7;31
2014-06-18;1298;最好唱的国语精选;精选集;N/A;282;-1;5;31
2014-06-18;1291;最好混音精选;精选集;N/A;282;-1;3;31
2014-06-18;1376;不准喧哗;录音室专辑;N/A;292;-1;3;32
2014-06-18;1351;深深爱你的;精选集;N/A;282;-1;4;33
2014-06-18;1378;郭小霖;录音室专辑;N/A;292;-1;7;34
2014-06-18;1284;游园惊梦;录音室专辑;N/A;282;-1;4;34
2014-06-18;1370;龙卷风2006;录音室专辑;N/A;292;-1;11;35
2014-06-18;1337;一生的情人;精选集;N/A;282;-1;2;35
2014-06-18;1375;梦中见;录音室专辑;N/A;292;-1;7;36
2014-06-18;1367;耶洛音人;录音室专辑;N/A;290;-1;5;37
2014-06-18;1318;失忆[谅解]备忘录;录音室专辑;N/A;282;-1;6;37
2014-06-18;1290;一变倾城;录音室专辑;N/A;282;-1;8;37
2014-06-18;1384;这样对我最好;录音室专辑;N/A;295;-1;2;38
2014-06-18;1379;从不知;录音室专辑;N/A;292;-1;4;38
2014-06-18;1316;信鸽;录音室专辑;N/A;282;-1;7;39
2014-06-18;1286;渴望无限;EP、单曲;N/A;282;-1;4;40
2014-06-18;1279;着迷;录音室专辑;N/A;282;-1;3;40
2014-06-18;1301;爱定你;录音室专辑;N/A;282;-1;11;42
2014-06-18;1350;请把我的情感带回家;精选集;N/A;282;-1;4;45
2014-06-18;1373;郭小霖 DSD Collection;精选集;N/A;292;-1;6;49
2014-06-18;1322;我的开始在这里;录音室专辑;N/A;282;-1;6;49
2014-06-18;1349;跳不完·爱不完·唱不完;录音室专辑;N/A;282;-1;14;52
2014-06-18;1280;旅途·愉快;录音室专辑;N/A;282;-1;13;52
2014-06-18;1320;风不息;录音室专辑;N/A;282;-1;13;53
2014-06-18;1300;唱这歌;录音室专辑;N/A;282;-1;6;53
2014-06-18;1346;把所有的爱都留给你;录音室专辑;N/A;282;-1;8;55
2014-06-18;1293;风里密码;录音室专辑;N/A;282;-1;9;57
2014-06-18;1374;一些新一些旧;录音室专辑;N/A;292;-1;12;58
2014-06-18;1344;梦难留;录音室专辑;N/A;282;-1;14;59
2014-06-18;1333;梦的尽头，就是天涯;录音室专辑;N/A;282;-1;14;60
2014-06-18;1312;听风的歌;录音室专辑;N/A;282;-1;9;60
2014-06-18;1348;爱你;录音室专辑;N/A;282;-1;14;62
2014-06-18;1321;纯真传说;录音室专辑;N/A;282;-1;4;63
2014-06-18;1330;渴望;录音室专辑;N/A;282;-1;11;64
2014-06-18;1387;鸽子与海;录音室专辑;N/A;295;-1;8;67
2014-06-18;1335;狂野之城;录音室专辑;N/A;282;-1;7;67
2014-06-18;1302;爱的呼唤;录音室专辑;N/A;282;-1;12;67
2014-06-18;1329;铁幕诱惑;录音室专辑;N/A;282;-1;24;68
2014-06-18;1388;外交官的女人 舞台剧原声配乐;原声带、影视音乐 ;N/A;295;-1;9;69
2014-06-18;1328;天若有情Ⅱ 天涯凝望;录音室专辑;N/A;282;9.3;10;77
2014-06-18;1283;真的怕了;录音室专辑;N/A;282;9.2;14;80
2014-06-18;1389;儿童乐园;录音室专辑;N/A;295;-1;10;82
2014-06-18;1386;回郭集1;录音室专辑;N/A;295;-1;12;84
2014-06-18;1345;没有你的爱;录音室专辑;N/A;282;9.3;9;87
2014-06-18;1365;20世纪中华歌坛名人百集珍藏版;精选集;中国传统民歌 Chinese Traditional Folk;289;8.8;17;88
2014-06-18;1352;到底有谁能够告诉我;录音室专辑;N/A;282;9.5;47;136
2014-06-18;1364;爆米香的滋味;录音室专辑;N/A;288;9.6;19;155
2014-06-18;1368;Eric Kwok 广东大碟;录音室专辑;N/A;291;9.7;22;165
2014-06-18;1397;光芒;录音室专辑;N/A;298;9.4;45;213
2014-06-18;1353;郭富城2;录音室专辑;N/A;282;9.2;42;218
2014-06-18;1354;对你爱不完;录音室专辑;N/A;282;8.8;83;263
2014-06-18;1369;Eric Kwok Collection;录音室专辑;N/A;291;9.4;33;382
2014-06-18;1380;横跨黄色地球;录音室专辑;民族融合新世纪 Ethnic Fusion New Age,传统民谣 Traditional Folk,台湾原住民音乐 Taiwan Aboriginal;293;9.4;31;398
2014-06-18;1360;迷藏;录音室专辑;N/A;285;9.2;92;404
2014-06-18;1392;十光年;精选集;N/A;298;9.5;54;460
2014-06-18;1398;第1次个人创作专辑;录音室专辑;N/A;298;9.6;125;490
2014-06-18;1395;童话;录音室专辑;N/A;298;9.3;79;571
2014-06-18;1399;许飞;录音室专辑;N/A;7167;9.1;235;825
2014-06-18;1381;生命之环;录音室专辑;民族融合新世纪 Ethnic Fusion New Age,传统民谣 Traditional Folk,台湾原住民音乐 Taiwan Aboriginal;293;9.6;86;1168
2014-06-18;1487;黑皮的爱情故事书;录音室专辑;N/A;1384262281;-1;0;0
2014-06-18;1437;快乐;录音室专辑;N/A;312;-1;0;0
2014-06-18;1436;爱如此美丽;录音室专辑;N/A;312;-1;0;0
2014-06-18;1435;珍重;录音室专辑;N/A;312;-1;0;0
2014-06-18;1523;单身(限量预售版);录音室专辑;N/A;340;-1;0;1
2014-06-18;1520;尼罗河的眼泪;录音室专辑;N/A;340;-1;1;1
2014-06-18;1517;未完成;录音室专辑;N/A;337;-1;1;1
2014-06-18;1484;实实在在;录音室专辑;N/A;329;-1;0;1
2014-06-18;1479;正式上演;录音室专辑;N/A;326;-1;0;1
2014-06-18;1414;那种心跳的感觉;录音室专辑;N/A;302;-1;0;1
2014-06-18;1413;难道你真的不知道我;录音室专辑;N/A;302;-1;0;1
2014-06-18;1407;海雷和他的好朋友们(下话);录音室专辑;N/A;301;-1;0;1
2014-06-18;1491;捧着心唱给您听;EP、单曲;N/A;332;-1;1;2
2014-06-18;1483;英雄路;录音室专辑;N/A;329;-1;0;2
2014-06-18;1481;失败英雄;录音室专辑;N/A;328;-1;1;2
2014-06-18;1408;海雷和他的好朋友们(上话);录音室专辑;N/A;301;-1;0;2
2014-06-18;1406;海雷和他的新房客(上话);录音室专辑;N/A;301;-1;0;2
2014-06-18;1405;海雷和他的新房客(下话);录音室专辑;N/A;301;-1;0;2
2014-06-18;1521;圆月缘;EP、单曲;N/A;340;-1;0;3
2014-06-18;1441;口花花 / 龙船歌;EP、单曲;N/A;7169;-1;1;3
2014-06-18;1522;平步倾云;录音室专辑;N/A;340;-1;0;4
2014-06-18;1519;天马行空;录音室专辑;N/A;339;-1;1;4
2014-06-18;1518;赫赫有名;录音室专辑;N/A;338;-1;2;4
2014-06-18;1492;豆你玩;录音室专辑;N/A;332;-1;4;4
2014-06-18;1426;懂了;录音室专辑;N/A;307;-1;0;4
2014-06-18;1409;70蛋80蛋;录音室专辑;N/A;301;-1;0;4
2014-06-18;1501;你不认识;现场专辑;闽南语流行 Taiwanese Pop;336;-1;0;5
2014-06-18;1434;唱游中国;录音室专辑;N/A;312;-1;0;5
2014-06-18;1418;站着坐着都想你;录音室专辑;N/A;7208;-1;1;5
2014-06-18;1485;七月初七;录音室专辑;N/A;329;-1;1;6
2014-06-18;1449;灵犀一点通;录音室专辑;N/A;317;-1;3;7
2014-06-18;1502;空思恋;录音室专辑;闽南语流行 Taiwanese Pop;336;-1;0;8
2014-06-18;1500;洪楼梦;录音室专辑;闽南语流行 Taiwanese Pop;336;-1;0;8
2014-06-18;1425;变心;录音室专辑;N/A;306;-1;2;8
2014-06-18;1412;含笑精选;精选集;N/A;302;-1;2;8
2014-06-18;1482;真的好爱你;录音室专辑;N/A;329;-1;1;9
2014-06-18;1429;你是想飞吧·珍惜;录音室专辑;N/A;308;-1;1;9
2014-06-18;1494;少年个体户;录音室专辑;N/A;332;-1;7;10
2014-06-18;1470;梦想的开始;EP、单曲;N/A;321;-1;1;10
2014-06-18;1495;幻觉;EP、单曲;N/A;333;-1;4;13
2014-06-18;1466;每次想到你;EP、单曲;N/A;321;-1;1;13
2014-06-18;1498;独角兽;录音室专辑;N/A;335;-1;0;14
2014-06-18;1471;想你的爱;录音室专辑;N/A;321;-1;5;15
2014-06-18;1444;深情不改;录音室专辑;N/A;315;-1;7;15
2014-06-18;1510;若是我回头;录音室专辑;闽南语流行 Taiwanese Pop;336;-1;1;16
2014-06-18;1503;爱你归礼拜;录音室专辑;闽南语流行 Taiwanese Pop;336;-1;1;16
2014-06-18;1467;Hey! Lover;录音室专辑;N/A;321;-1;2;16
2014-06-18;1465;黑色翅膀;EP、单曲;N/A;321;-1;5;19
2014-06-18;1486;回心转意;录音室专辑;N/A;329;-1;1;20
2014-06-18;1445;我行我素;录音室专辑;N/A;315;-1;2;20
2014-06-18;1469;真心话;EP、单曲;N/A;321;-1;2;21
2014-06-18;1416;含笑 同名专辑;录音室专辑;N/A;302;-1;5;21
2014-06-18;1507;故乡调1;录音室专辑;闽南语流行 Taiwanese Pop;336;-1;2;22
2014-06-18;1460;Again;录音室专辑;N/A;319;-1;5;23
2014-06-18;1446;自己;录音室专辑;国语流行 Mandarin Pop;316;-1;4;23
2014-06-18;1456;新鸳鸯蝴蝶梦;EP、单曲;N/A;319;-1;7;24
2014-06-18;1439;相爱相聚;录音室专辑;N/A;313;-1;10;24
2014-06-18;1427;风中的我对你说;录音室专辑;N/A;307;-1;4;24
2014-06-18;1419;梦一场;录音室专辑;N/A;304;-1;6;24
2014-06-18;1461;从何说起;录音室专辑;N/A;319;-1;7;25
2014-06-18;1459;再偷一个夜;录音室专辑;N/A;319;-1;5;25
2014-06-18;1508;故乡调2;录音室专辑;闽南语流行 Taiwanese Pop;336;-1;3;27
2014-06-18;1462;你属于他;录音室专辑;N/A;319;-1;13;27
2014-06-18;1457;重头做起;录音室专辑;N/A;319;-1;10;27
2014-06-18;1443;把梦亲手交给你;录音室专辑;N/A;315;-1;2;27
2014-06-18;1458;是寂寞吧！我想;录音室专辑;N/A;319;-1;8;28
2014-06-18;1509;故乡调3;录音室专辑;闽南语流行 Taiwanese Pop;336;-1;4;29
2014-06-18;1411;我就是海雷;录音室专辑;N/A;301;-1;7;29
2014-06-18;1447;漫游;录音室专辑;国语流行 Mandarin Pop;316;-1;4;30
2014-06-18;1506;悲情的城市;录音室专辑;闽南语流行 Taiwanese Pop;336;-1;2;31
2014-06-18;1450;遨游万里;录音室专辑;N/A;317;-1;7;31
2014-06-18;1496;青春像个谜;录音室专辑;N/A;333;-1;10;32
2014-06-18;1438;男女之间;录音室专辑;N/A;313;-1;12;32
2014-06-18;1505;1皇3后经典金曲;录音室专辑;闽南语流行 Taiwanese Pop;336;-1;6;34
2014-06-18;1440;仲夏情怀;录音室专辑;N/A;313;-1;23;34
2014-06-18;1454;让我做我;录音室专辑;N/A;319;-1;10;35
2014-06-18;1452;认真;录音室专辑;N/A;319;-1;11;36
2014-06-18;1468;没有我你怎么办;录音室专辑;N/A;321;8.6;13;37
2014-06-18;1455;新曲+精选;精选集;N/A;319;-1;13;38
2014-06-18;1428;我想去桂林;录音室专辑;N/A;307;-1;11;39
2014-06-18;1420;男人底线;EP、单曲;N/A;305;-1;1;39
2014-06-18;1464;好想对你说;录音室专辑;N/A;321;-1;6;44
2014-06-18;1442;一生能有几次选择;录音室专辑;N/A;315;8.9;18;47
2014-06-18;1474;孤独地拥有你;录音室专辑;N/A;323;-1;26;53
2014-06-18;1504;洪荣宏专辑3;录音室专辑;闽南语流行 Taiwanese Pop;336;-1;6;58
2014-06-18;1488;工商服务第3辑;录音室专辑;N/A;331;-1;10;65
2014-06-18;1451;20世纪中华歌坛名人百集珍藏版;精选集;N/A;318;-1;17;76
2014-06-18;1490;工商服务第1辑;录音室专辑;N/A;331;-1;3;77
2014-06-18;1475;据我所知;录音室专辑;N/A;323;9.6;44;79
2014-06-18;1448;可以爱;录音室专辑;国语流行 Mandarin Pop;316;9.6;13;81
2014-06-18;1524;瑞华33回馈典藏系列22:侯德健流行篇;录音室专辑;台湾民歌运动 Taiwan Folk Scene;341;-1;7;92
2014-06-18;1423;爱情飞蛾;录音室专辑;N/A;305;9.0;22;100
2014-06-18;1432;四岁;录音室专辑;儿歌 Nursery Rhyme;63215;9.5;27;108
2014-06-18;1527;精选辑;录音室专辑;台湾民歌运动 Taiwan Folk Scene;341;9.4;18;127
2014-06-18;1528;龙的传人续篇;录音室专辑;台湾民歌运动 Taiwan Folk Scene;341;9.5;14;134
2014-06-18;1497;失眠圣经;合集、杂锦 ;N/A;334;8.6;74;210
2014-06-18;1530;卅岁以后才明白;录音室专辑;台湾民歌运动 Taiwan Folk Scene;341;9.7;31;218
2014-06-18;1525;新鞋子、旧鞋子 侯德健作品集(83-84);合集、杂锦 ;台湾民歌运动 Taiwan Folk Scene;341;9.6;46;270
2014-06-18;1472;神迹;录音室专辑;N/A;322;8.6;27;282
2014-06-18;1417;心弦;录音室专辑;N/A;303;9.1;48;340
2014-06-18;1430;冷水浇头;录音室专辑;N/A;309;9.2;53;426
2014-06-18;1421;珍藏韩磊·壹;录音室专辑;N/A;305;9.8;67;555
2014-06-18;1476;世界口琴冠军;录音室专辑;N/A;324;9.4;66;694
2014-06-18;1480;归来的马;录音室专辑;中国民乐 Chinese Folk Music,蒙古族传统乐 Mongolian Traditional Music;327;9.6;109;892
2014-06-18;1532;红色摇滚;录音室专辑;N/A;7169;9.3;179;1235
2014-06-18;1473;波罗密多 ;录音室专辑;N/A;322;9.6;199;2684
2014-06-18;1653;口吻;录音室专辑;N/A;380;-1;0;0
2014-06-18;1642;勇敢;录音室专辑;N/A;377;-1;0;0
2014-06-18;1654;远走他乡;录音室专辑;N/A;380;-1;0;1
2014-06-18;1625;爱你和从前一样;录音室专辑;N/A;373;-1;2;1
2014-06-18;1560;给我一个不伤心的理由;录音室专辑;N/A;353;-1;0;1
2014-06-18;1655;金鼎奖系列24;录音室专辑;N/A;381;-1;0;2
2014-06-18;1551;飞贼红玫瑰;EP、单曲;N/A;349;-1;1;2
2014-06-18;1549;万紫千红;录音室专辑;N/A;349;-1;1;2
2014-06-18;1545;重感情;录音室专辑;N/A;347;-1;0;2
2014-06-18;1534;回心转意;录音室专辑;N/A;343;-1;0;2
2014-06-18;1585;独家笑唱;录音室专辑;N/A;363;-1;2;3
2014-06-18;1550;玉楼三凤;录音室专辑;N/A;1367;-1;1;3
2014-06-18;1640;爱恋;录音室专辑;N/A;377;-1;0;4
2014-06-18;1604;二胡演奏曲;录音室专辑;N/A;368;-1;0;4
2014-06-18;1544;2006全新胡兵;录音室专辑;N/A;347;-1;0;4
2014-06-18;1536;一杯接一杯;录音室专辑;N/A;344;-1;2;4
2014-06-18;1644;牵心走;录音室专辑;N/A;377;-1;1;5
2014-06-18;1546;真本色;录音室专辑;N/A;347;-1;0;5
2014-06-18;1556;没大没小;录音室专辑;N/A;351;-1;2;6
2014-06-18;1537;休息片刻;录音室专辑;N/A;345;-1;1;6
2014-06-18;1565;爱玩火;录音室专辑;N/A;355;-1;1;7
2014-06-18;1555;天花乱坠;录音室专辑;N/A;351;-1;4;7
2014-06-18;1553;真情相对;录音室专辑;N/A;351;-1;0;7
2014-06-18;1622;日记;录音室专辑;N/A;373;-1;3;8
2014-06-18;1569;版纳情丝;录音室专辑;中国传统民歌 Chinese Traditional Folk;357;-1;0;8
2014-06-18;1641;于心不忍;录音室专辑;N/A;377;-1;3;9
2014-06-18;1561;狐狸爱上熊;录音室专辑;N/A;353;-1;3;9
2014-06-18;1557;我是个很容易上瘾的人;录音室专辑;N/A;351;-1;3;10
2014-06-18;1554;祝我一路顺风;录音室专辑;N/A;351;-1;2;11
2014-06-18;1648;野人的梦;录音室专辑;N/A;378;-1;1;13
2014-06-18;1586;华少翌 同名专辑;录音室专辑;N/A;364;-1;4;16
2014-06-18;1584;Oh My God;录音室专辑;N/A;362;-1;7;17
2014-06-18;1623;露水;录音室专辑;N/A;373;-1;5;19
2014-06-18;1624;月夜的情人;录音室专辑;N/A;373;-1;11;20
2014-06-18;1580;胡越山 同名专辑;录音室专辑;N/A;360;-1;9;20
2014-06-18;1591;无情的坦白;录音室专辑;闽南语流行 Taiwanese Pop;366;-1;1;22
2014-06-18;1590;复活;录音室专辑;闽南语流行 Taiwanese Pop;366;-1;2;22
2014-06-18;1571;笙·边寨之夜;录音室专辑;中国民乐 Chinese Folk Music;358;-1;1;22
2014-06-18;1651;家强第一GIG;录音室专辑;N/A;379;-1;7;23
2014-06-18;1602;一切从头;录音室专辑;N/A;367;-1;6;23
2014-06-18;1660;Wish You Were Here;录音室专辑;N/A;382;-1;5;25
2014-06-18;1596;妹妹我爱你;录音室专辑;N/A;367;-1;6;25
2014-06-18;1595;奈何;录音室专辑;N/A;367;-1;7;25
2014-06-18;1541;自由;录音室专辑;N/A;345;-1;2;28
2014-06-18;1646;惜缘;录音室专辑;N/A;378;-1;10;29
2014-06-18;1643;九妹·跟我回家;录音室专辑;N/A;377;-1;7;29
2014-06-18;1649;她他;录音室专辑;N/A;379;-1;9;30
2014-06-18;1539;敏感;录音室专辑;N/A;345;-1;4;34
2014-06-18;1652;Be Right Back;录音室专辑;N/A;379;-1;9;35
2014-06-18;1635;Love Time;录音室专辑;N/A;375;-1;6;35
2014-06-18;1626;伤心是一种说不出的痛;录音室专辑;N/A;373;-1;5;35
2014-06-18;1570;赞歌;录音室专辑;中国传统民歌 Chinese Traditional Folk;357;-1;7;37
2014-06-18;1540;深情到永远;录音室专辑;N/A;345;-1;11;38
2014-06-18;1650;毕家索的马;录音室专辑;N/A;379;-1;9;42
2014-06-18;1615;鑀元素;录音室专辑;N/A;372;9.1;9;42
2014-06-18;1664;Long Time No See 新曲+精选;精选集;N/A;382;-1;6;43
2014-06-18;1583;叛客;录音室专辑;N/A;361;-1;8;44
2014-06-18;1617;攻陷爱情魔欲;录音室专辑;N/A;372;-1;7;47
2014-06-18;1657;Ever Green;录音室专辑;N/A;382;-1;9;48
2014-06-18;1663;滚石香港黄金十年 黄凯芹精选;精选集;N/A;382;-1;4;51
2014-06-18;1618;环游地球·世界报道;录音室专辑;N/A;372;9.1;9;52
2014-06-18;1647;笨鸟的表白;精选集;N/A;378;-1;19;57
2014-06-18;1603;胡琴之路;录音室专辑;N/A;368;-1;5;57
2014-06-18;1639;天使;录音室专辑;N/A;376;-1;6;58
2014-06-18;1612;Time 1894-2003;精选集;N/A;372;9.7;6;62
2014-06-18;1597;明明知道相思苦;录音室专辑;N/A;367;9.2;9;62
2014-06-18;1630;非典型摇摆精选;精选集;N/A;374;9.2;16;63
2014-06-18;1610;纠缠一辈子;录音室专辑;N/A;371;-1;7;63
2014-06-18;1589;继续的意义;录音室专辑;N/A;365;-1;6;65
2014-06-18;1662;Long Time No See 2002 Live;精选集;N/A;382;9.4;15;66
2014-06-18;1632;同根;EP、单曲;N/A;374;8.6;9;67
2014-06-18;1631;Play It Loud;录音室专辑;N/A;374;10.0;11;70
2014-06-18;1577;Anson Hu 同名专辑;录音室专辑;国语流行 Mandarin Pop,华语唱作人 Chinese Singer-Songwriter;359;-1;16;70
2014-06-18;1633;黑白;录音室专辑;N/A;374;9.3;10;72
2014-06-18;1588;不要匆忙;录音室专辑;N/A;365;-1;7;73
2014-06-18;1661;Unforgettable 演唱会2002;现场专辑;N/A;382;9.7;11;74
2014-06-18;1627;我在存在(国语版);录音室专辑;N/A;374;9.6;26;84
2014-06-18;1568;20世纪中华歌坛名人百集珍藏版;精选集;中国传统民歌 Chinese Traditional Folk;357;-1;7;88
2014-06-18;1629;我在存在;录音室专辑;N/A;374;9.4;19;90
2014-06-18;1552;珍惜胡歌 告诉他,我爱她;EP、单曲;N/A;350;9.2;20;92
2014-06-18;1611;Passion;录音室专辑;N/A;372;9.0;13;99
2014-06-18;1609;重逢。黄大城民歌精选辑;录音室专辑;台湾民歌运动 Taiwan Folk Scene;370;-1;6;101
2014-06-18;1582;口痴;录音室专辑;N/A;361;9.2;8;103
2014-06-18;1576;文武双全升级版;录音室专辑;国语流行 Mandarin Pop,华语唱作人 Chinese Singer-Songwriter;359;9.3;25;104
2014-06-18;1656;港乐×黄凯芹:一夜情弦;现场专辑;N/A;382;-1;15;107
2014-06-18;1668;给您留念30首;精选集;N/A;382;8.7;16;112
2014-06-18;1620;David 黄;录音室专辑;N/A;372;8.5;38;113
2014-06-18;1616;手下留情;录音室专辑;N/A;372;9.2;13;114
2014-06-18;1578;文武双全;录音室专辑;国语流行 Mandarin Pop,华语唱作人 Chinese Singer-Songwriter;359;9.0;26;120
2014-06-18;1605;Witness;录音室专辑;N/A;369;9.0;15;129
2014-06-18;1628;狂人习作;EP、单曲;N/A;374;9.4;39;131
2014-06-18;1619;让每个人都心碎;录音室专辑;N/A;372;9.0;17;135
2014-06-18;1606;今山古道/渔唱;录音室专辑;台湾民歌运动 Taiwan Folk Scene;370;8.9;20;147
2014-06-18;1575;MuSiC混合体;录音室专辑;国语流行 Mandarin Pop,华语唱作人 Chinese Singer-Songwriter;359;9.3;30;147
2014-06-18;1634;Yellow Paul Wong;录音室专辑;N/A;374;9.0;27;150
2014-06-18;1601;救姻缘;录音室专辑;N/A;367;9.6;34;155
2014-06-18;1614;秋天1944;录音室专辑;N/A;372;9.6;27;185
2014-06-18;1567;麦子;录音室专辑;N/A;356;9.2;38;185
2014-06-18;1598;新鸳鸯蝴蝶梦;录音室专辑;N/A;367;9.5;36;212
2014-06-18;1542;9公主;EP、单曲;国语流行 Mandarin Pop,中国风 China-Wave;346;9.2;41;269
2014-06-18;1581;两个人的旅行;录音室专辑;N/A;361;8.9;17;285
2014-06-18;1564;人人都有个小板凳,我的不带入二十一世纪;录音室专辑;N/A;354;9.0;52;461
2014-06-18;1543;古·玩;录音室专辑;国语流行 Mandarin Pop,中国风 China-Wave;346;9.4;134;615
2014-06-18;1538;开始;录音室专辑;N/A;1494;9.5;78;653
2014-06-18;1547;匆匆;录音室专辑;台湾原住民音乐 Taiwan Aboriginal,台湾民歌运动 Taiwan Folk Scene;348;9.6;320;3315
2014-06-18;1754;来自声音故乡的男孩;录音室专辑;N/A;394;-1;0;0
2014-06-18;1753;当爱情远走;录音室专辑;N/A;394;-1;0;1
2014-06-18;1751;童军乐;录音室专辑;N/A;393;-1;1;1
2014-06-18;1750;我在怀念你;录音室专辑;N/A;393;-1;1;1
2014-06-18;1746;旧曲情怀2;精选集;N/A;391;-1;0;1
2014-06-18;1743;镭射唱片珍藏版(之一);录音室专辑;N/A;391;-1;0;1
2014-06-18;1742;镭射唱片珍藏版(之二);录音室专辑;N/A;391;-1;0;1
2014-06-18;1752;123;录音室专辑;N/A;393;-1;1;2
2014-06-18;1740;黄金30名曲新情2;录音室专辑;N/A;391;-1;2;2
2014-06-18;1745;旧曲情怀1;精选集;N/A;391;-1;1;3
2014-06-18;1686;何时再相逢·伤心的笑容;录音室专辑;N/A;2020;-1;0;3
2014-06-18;1744;黄清元难忘名曲20首;录音室专辑;N/A;391;-1;0;5
2014-06-18;1739;经典哭腔Ⅱ;录音室专辑;N/A;391;-1;2;7
2014-06-18;1735;黄金30名曲新情;录音室专辑;N/A;391;-1;1;8
2014-06-18;1741;黄清元金曲(第二集);录音室专辑;N/A;391;-1;3;9
2014-06-18;1738;经典哭腔;录音室专辑;N/A;391;-1;3;9
2014-06-18;1755;我想…飞;录音室专辑;N/A;395;-1;7;11
2014-06-18;1704;黑夜之子;录音室专辑;N/A;388;-1;5;11
2014-06-18;1759;让你感觉我的心在说爱你;录音室专辑;N/A;398;-1;7;12
2014-06-18;1728;爱你到永远;录音室专辑;N/A;390;-1;4;13
2014-06-18;1757;黄石的演奏世界-梦唐山;录音室专辑;N/A;396;-1;7;16
2014-06-18;1725;孤鸟;录音室专辑;N/A;390;-1;2;16
2014-06-18;1724;爱情香;录音室专辑;N/A;390;-1;3;16
2014-06-18;1715;爱你! 爱你!;录音室专辑;N/A;390;-1;3;19
2014-06-18;1703;恋恋情深;录音室专辑;N/A;388;-1;3;19
2014-06-18;1671;Lyrics;录音室专辑;N/A;382;-1;7;20
2014-06-18;1729;黄品源生活精选;精选集;N/A;390;-1;2;23
2014-06-18;1685;再遇;EP、单曲;N/A;382;-1;7;23
2014-06-18;1682;Misty;录音室专辑;N/A;382;-1;9;25
2014-06-18;1716;感谢·情人;录音室专辑;N/A;390;-1;8;27
2014-06-18;1717;简单情歌香港演唱会;现场专辑;N/A;390;-1;4;28
2014-06-18;1672;无怨无悔;录音室专辑;N/A;382;-1;10;29
2014-06-18;1726;一去不回的人;录音室专辑;N/A;390;-1;6;30
2014-06-18;1721;十年浓情 情歌精选;精选集;N/A;390;-1;5;34
2014-06-18;1683;短篇小说;录音室专辑;N/A;382;-1;20;34
2014-06-18;1722;狠不下心;录音室专辑;N/A;390;-1;9;41
2014-06-18;1731;面对品源;录音室专辑;N/A;390;9.0;13;42
2014-06-18;1677;你最喜欢的歌;录音室专辑;N/A;382;9.3;9;42
2014-06-18;1737;经典哭腔3;录音室专辑;N/A;391;-1;13;44
2014-06-18;1733;谁能让时间倒转;录音室专辑;N/A;390;-1;5;47
2014-06-18;1710;教堂的初吻;EP、单曲;N/A;389;-1;4;48
2014-06-18;1673;平常心;录音室专辑;N/A;382;9.3;15;49
2014-06-18;1675;Stay With Me;录音室专辑;N/A;382;-1;14;50
2014-06-18;1756;望乡(回响系列之三);录音室专辑;N/A;396;-1;13;52
2014-06-18;1732;真心;录音室专辑;N/A;390;-1;12;52
2014-06-18;1699;Banana;录音室专辑;N/A;386;-1;5;52
2014-06-18;1681;没结果的一些感情;录音室专辑;N/A;382;9.2;20;56
2014-06-18;1730;黄品源抒情精选;精选集;N/A;390;-1;4;57
2014-06-18;1765;为你疯狂;录音室专辑;N/A;399;9.1;13;58
2014-06-18;1734;男配角心声;录音室专辑;N/A;390;8.8;13;58
2014-06-18;1719;简单情歌 小薇;录音室专辑;N/A;390;9.0;6;60
2014-06-18;1679;给您留念;精选集;N/A;382;9.4;12;67
2014-06-18;1680;情归何处;录音室专辑;N/A;382;9.6;14;68
2014-06-18;1684;Moody;录音室专辑;N/A;382;8.9;18;69
2014-06-18;1697;马戏团猴子;录音室专辑;国语流行 Mandarin Pop,华语唱作人 Chinese Singer-Songwriter;385;9.6;18;70
2014-06-18;1720;海浪;录音室专辑;N/A;390;8.6;20;74
2014-06-18;1736;世纪巨星极品珍藏;录音室专辑;N/A;391;-1;16;77
2014-06-18;1698;你身边;录音室专辑;国语流行 Mandarin Pop,华语唱作人 Chinese Singer-Songwriter;385;9.5;11;77
2014-06-18;1758;咖啡香音乐1-醒在梦河流域;录音室专辑;N/A;397;-1;17;80
2014-06-18;1696;Stan Up;录音室专辑;国语流行 Mandarin Pop,华语唱作人 Chinese Singer-Songwriter;385;8.9;12;82
2014-06-18;1718;滚石香港黄金十年 黄品源精选;精选集;N/A;390;9.5;13;91
2014-06-18;1693;蓝调;EP、单曲;国语流行 Mandarin Pop,华语唱作人 Chinese Singer-Songwriter;385;9.1;7;97
2014-06-18;1712;自创品牌Victor Best;精选集;N/A;389;9.6;10;98
2014-06-18;1674;传闻;录音室专辑;N/A;382;9.7;24;102
2014-06-18;1709;U-Turn 180°转弯;录音室专辑;N/A;389;9.2;29;109
2014-06-18;1676;挥不去的情感 精选辑;精选集;N/A;382;9.3;8;110
2014-06-18;1766;我是谁;录音室专辑;N/A;399;8.9;19;122
2014-06-18;1762;两岸;录音室专辑;N/A;399;9.1;20;127
2014-06-18;1708;门没锁;录音室专辑;N/A;389;9.0;25;142
2014-06-18;1694;黑的意念;录音室专辑;国语流行 Mandarin Pop,华语唱作人 Chinese Singer-Songwriter;385;9.3;17;144
2014-06-18;1695;音浪 新歌+精选;精选集;国语流行 Mandarin Pop,华语唱作人 Chinese Singer-Songwriter;385;9.4;11;151
2014-06-18;1713;泪光闪闪 源来有你;精选集;N/A;390;9.8;18;184
2014-06-18;1705;爱到无可救药;录音室专辑;N/A;389;8.6;26;187
2014-06-18;1691;无神论;录音室专辑;国语流行 Mandarin Pop,华语唱作人 Chinese Singer-Songwriter;385;9.5;20;199
2014-06-18;1701;红色娘子军;录音室专辑;N/A;387;9.3;32;200
2014-06-18;1749;支离疏;录音室专辑;N/A;392;9.3;26;219
2014-06-18;1711;疼你的责任;录音室专辑;N/A;389;9.2;28;224
2014-06-18;1764;未央歌;录音室专辑;N/A;399;9.7;37;312
2014-06-18;1700;燃琴;录音室专辑;N/A;387;9.2;21;314
2014-06-18;1748;地踎摇滚;录音室专辑;N/A;392;9.3;43;315
2014-06-18;1747;Bad Taste - But I Smell Good;录音室专辑;N/A;392;9.2;72;484
2014-06-18;1690;边走边唱;录音室专辑;N/A;384;9.4;65;484
2014-06-18;1689;我想我是海;录音室专辑;N/A;384;9.4;61;499
2014-06-18;1760;改变1995;精选集;N/A;399;9.5;59;506
2014-06-18;1702;小提琴炫技经典小品;录音室专辑;N/A;387;9.5;59;751
2014-06-18;1943;回心转意;录音室专辑;N/A;450;-1;0;0
2014-06-18;1941;音乐病人;录音室专辑;N/A;449;-1;0;0
2014-06-18;1939;你爸爸不喜欢我;录音室专辑;N/A;447;-1;0;0
2014-06-18;1938;地心引力;录音室专辑;N/A;447;-1;1;0
2014-06-18;1933;2004开运专门乐;录音室专辑;N/A;444;-1;0;0
2014-06-18;1944;边疆在想;录音室专辑;N/A;451;-1;0;1
2014-06-18;1932;我的激情;录音室专辑;N/A;443;-1;1;2
2014-06-18;1913;让我照顾你2004;EP、单曲;N/A;439;-1;1;2
2014-06-18;1914;让我照顾你;录音室专辑;N/A;439;-1;1;3
2014-06-18;1915;I\'m 江凯文;录音室专辑;N/A;439;-1;1;4
2014-06-18;1942;雪儿;录音室专辑;N/A;449;-1;0;5
2014-06-18;1930;海浪之舞;录音室专辑;N/A;443;-1;1;7
2014-06-18;1920;江明学的心情盒子I;录音室专辑;N/A;440;-1;1;8
2014-06-18;1919;心事放乎伊飞;录音室专辑;N/A;440;-1;1;8
2014-06-18;1921;江明学的心情盒子II;录音室专辑;N/A;440;-1;0;9
2014-06-18;1912;没有你;EP、单曲;N/A;438;-1;1;9
2014-06-18;1917;情歌风情画;录音室专辑;N/A;440;-1;1;10
2014-06-18;1927;我的梦在雪里燃烧;录音室专辑;N/A;442;-1;4;13
2014-06-18;1926;等到花没开;录音室专辑;N/A;442;-1;2;14
2014-06-18;1924;零点10分;录音室专辑;N/A;440;-1;1;14
2014-06-18;1918;离别纪念册;录音室专辑;N/A;440;-1;1;16
2014-06-18;1931;Peacock Dance;录音室专辑;N/A;443;-1;11;19
2014-06-18;1928;民谣镜;录音室专辑;N/A;443;-1;3;19
2014-06-18;1923;歌;录音室专辑;N/A;440;-1;2;21
2014-06-18;1934;测试;录音室专辑;N/A;445;-1;5;24
2014-06-18;1922;爱的泪珠;录音室专辑;N/A;440;-1;2;25
2014-06-18;1940;20世纪中华歌坛名人百集珍藏版;精选集;N/A;448;-1;7;57
2014-06-18;1950;爱我你怕了吗？;录音室专辑;N/A;452;8.2;14;90
2014-06-18;1935;另一种乡愁;录音室专辑;N/A;446;9.1;14;98
2014-06-18;1936;江湖;录音室专辑;N/A;446;-1;16;105
2014-06-18;1945;姜育恒的刘家昌之歌1·我家在那里;录音室专辑;N/A;452;9.2;13;118
2014-06-18;1946;姜育恒的刘家昌之歌2·往事只能回味;录音室专辑;N/A;452;9.3;18;120
2014-06-18;1937;写给海洋;录音室专辑;N/A;446;9.6;23;168
2014-06-18;1929;上海梦;录音室专辑;N/A;443;9.4;29;172
2014-06-18;1951;往事回味精选Ⅰ;精选集;N/A;452;9.7;51;322
2014-06-18;2058;Hung For The Holidays;录音室专辑;N/A;480;-1;0;1
2014-06-18;2030;我是你的几分之几;录音室专辑;N/A;470;-1;0;1
2014-06-18;1999;谁说喝醉就无所谓;录音室专辑;N/A;458;-1;1;1
2014-06-18;2059;Inspiration;录音室专辑;N/A;480;-1;0;2
2014-06-18;2029;烟消云散;录音室专辑;N/A;469;-1;0;2
2014-06-18;2016;好运朋友;录音室专辑;N/A;465;-1;0;2
2014-06-18;2034;圆梦;录音室专辑;N/A;471;-1;3;7
2014-06-18;2035;快乐鸟日子;录音室专辑;N/A;471;-1;2;9
2014-06-18;2021;山山来迟;录音室专辑;N/A;467;-1;4;9
2014-06-18;2018;再找一个爱;录音室专辑;N/A;465;-1;2;9
2014-06-18;2062;黄河·梁祝;录音室专辑;N/A;481;-1;0;11
2014-06-18;2001;古筝艺术荟萃2-侗族舞曲;录音室专辑;中国民乐 Chinese Folk Music;459;-1;2;11
2014-06-18;2061;西班牙狂想曲;录音室专辑;N/A;481;-1;0;12
2014-06-18;2017;倾听学峰;录音室专辑;N/A;465;-1;1;12
2014-06-18;2033;见康快乐;现场专辑;N/A;471;-1;7;13
2014-06-18;2026;我知道你在等着我;录音室专辑;N/A;467;-1;2;13
2014-06-18;2038;今夜远方;录音室专辑;N/A;473;-1;4;15
2014-06-18;2036;催泪;录音室专辑;N/A;471;-1;6;17
2014-06-18;2028;月满抱佳人;录音室专辑;N/A;468;-1;7;17
2014-06-18;2032;管你妈妈嫁给谁;录音室专辑;N/A;471;-1;9;18
2014-06-18;2013;分手的夜里(内地版);录音室专辑;N/A;461;-1;2;18
2014-06-18;2040;Welcome To My World;录音室专辑;摇滚 Rock & Roll,流行摇滚 Pop Rock;475;-1;4;19
2014-06-18;2024;我是不是还能爱你;录音室专辑;N/A;467;-1;5;20
2014-06-18;2010;可依靠的好朋友;精选集;N/A;461;-1;1;20
2014-06-18;1995;多情多寂寞;录音室专辑;N/A;457;-1;3;20
2014-06-18;2042;故乡的河;精选集;N/A;476;-1;7;27
2014-06-18;2006;给我心爱的人;录音室专辑;N/A;461;-1;13;28
2014-06-18;2007;失约;录音室专辑;N/A;461;-1;2;29
2014-06-18;1997;拯救行动;录音室专辑;N/A;457;-1;10;29
2014-06-18;1993;创作路;录音室专辑;N/A;457;-1;11;29
2014-06-18;2019;是不是因为我不够温柔;录音室专辑;N/A;465;-1;8;30
2014-06-18;2000;古筝艺术荟萃1-渔舟唱晚;录音室专辑;中国民乐 Chinese Folk Music;459;-1;0;30
2014-06-18;1987;乐魂(二胡联奏曲);合集、杂锦 ;N/A;453;-1;2;30
2014-06-18;2056;World Peace;录音室专辑;N/A;479;-1;6;33
2014-06-18;2023;我的眼里只有你;录音室专辑;N/A;467;-1;9;33
2014-06-18;2009;温柔超人;录音室专辑;N/A;461;-1;5;33
2014-06-18;1998;放心·相逢何必曾相识;录音室专辑;N/A;457;-1;5;33
2014-06-18;1992;给我的父亲郭英男;录音室专辑;N/A;456;-1;6;33
2014-06-18;1973;精品集 2;精选集;N/A;452;-1;2;34
2014-06-18;1996;相逢;录音室专辑;N/A;457;-1;17;36
2014-06-18;2005;偷偷的醉;录音室专辑;N/A;461;-1;3;39
2014-06-18;1979;但愿长醉;录音室专辑;N/A;452;-1;5;39
2014-06-18;1958;男人的心也会痛;录音室专辑;N/A;452;-1;2;39
2014-06-18;2011;只要你和我;录音室专辑;N/A;461;-1;5;40
2014-06-18;2012;分手的夜里;录音室专辑;N/A;461;-1;12;43
2014-06-18;1972;精品集;精选集;N/A;452;-1;10;44
2014-06-18;1962;成名曲珍藏集;精选集;N/A;452;-1;5;44
2014-06-18;2008;标准情人;录音室专辑;N/A;461;-1;5;47
2014-06-18;1957;精华辑;精选集;N/A;452;-1;4;49
2014-06-18;1978;单色梦;录音室专辑;N/A;452;9.4;9;51
2014-06-18;2057;01;录音室专辑;流行说唱 Pop Rap,国语流行 Mandarin Pop;479;-1;16;54
2014-06-18;1959;其实我真的很在乎;录音室专辑;N/A;452;-1;7;56
2014-06-18;2003;金城武 精选歌集;精选集;N/A;461;-1;5;57
2014-06-18;1960;痛快的歌;录音室专辑;N/A;452;8.9;5;57
2014-06-18;1984;姜育恒金曲3;精选集;N/A;452;-1;6;59
2014-06-18;1982;爱我·孤独之旅;录音室专辑;N/A;452;-1;6;59
2014-06-18;1977;昨日梦已远;录音室专辑;N/A;452;9.3;6;60
2014-06-18;2039;再次征服;录音室专辑;N/A;474;9.1;15;62
2014-06-18;2037;橙果;录音室专辑;N/A;116525;9.7;19;62
2014-06-18;1994;蒋志光与他的朋友;录音室专辑;N/A;457;-1;9;62
2014-06-18;1955;地图;录音室专辑;N/A;452;-1;6;64
2014-06-18;1983;姜育恒金曲2;精选集;N/A;452;-1;4;65
2014-06-18;1970;心歌Ⅰ;录音室专辑;N/A;452;9.6;11;65
2014-06-18;1989;跨世纪艺术瑰宝;精选集;中国传统民歌 Chinese Traditional Folk;454;-1;11;66
2014-06-18;1969;想哭就哭·我还有梦;录音室专辑;N/A;452;9.5;7;69
2014-06-18;1980;姜育恒金曲1;精选集;N/A;452;9.6;6;70
2014-06-18;1968;心歌Ⅱ;录音室专辑;N/A;452;9.3;8;72
2014-06-18;2031;灰色调;录音室专辑;N/A;471;8.8;11;73
2014-06-18;1965;有空来坐坐;录音室专辑;N/A;452;9.6;7;89
2014-06-18;2014;梦幻田园;录音室专辑;校园民谣 Campus Folk;462;9.1;15;90
2014-06-18;1990;20世纪中华歌坛名人百集珍藏版;精选集;中国传统民歌 Chinese Traditional Folk;454;-1;6;90
2014-06-18;1961;不朽金曲精选 Ⅱ;精选集;N/A;452;9.2;12;91
2014-06-18;1964;别让我一个人醉;录音室专辑;N/A;452;9.2;12;98
2014-06-18;1981;什么时候;录音室专辑;N/A;452;9.6;17;99
2014-06-18;1963;不朽金曲精选 Ⅰ;精选集;N/A;452;10.0;13;105
2014-06-18;2041;柯有伦首张创作专辑;录音室专辑;流行摇滚 Pop Rock,国语流行 Mandarin Pop;475;9.5;16;107
2014-06-18;2004;多苦都愿意;录音室专辑;N/A;461;8.6;14;108
2014-06-18;1953;女人的选择;录音室专辑;N/A;452;8.9;19;108
2014-06-18;1986;二胡魂;合集、杂锦 ;中国民乐 Chinese Folk Music;453;-1;11;110
2014-06-18;1991;水乡神笛;录音室专辑;中国民乐 Chinese Folk Music,江南丝竹 Jiangnan Sizhu;455;-1;17;114
2014-06-18;2060;黄河;合集、杂锦 ;N/A;481;-1;16;121
2014-06-18;1967;一个人;录音室专辑;N/A;452;9.2;24;122
2014-06-18;1988;牡丹之歌;精选集;中国传统民歌 Chinese Traditional Folk;454;-1;23;127
2014-06-18;1975;一世情缘;录音室专辑;N/A;452;9.3;57;163
2014-06-18;1966;旅;录音室专辑;N/A;452;9.3;59;198
2014-06-18;1976;驿动的心;录音室专辑;N/A;452;9.0;59;237
2014-06-18;2055;夏日皇宫;录音室专辑;N/A;478;9.3;42;255
2014-06-18;1974;跟往事干杯;录音室专辑;N/A;452;9.2;88;281
2014-06-18;2002;不夜城;录音室专辑;N/A;46882;9.5;30;403
2014-06-18;1971;多年以后・再回首;录音室专辑;N/A;452;9.2;190;616
2014-06-18;2133;一个梦;录音室专辑;N/A;500;-1;0;1
2014-06-18;2097;Face To …;录音室专辑;N/A;484;-1;0;1
2014-06-18;2132;求婚;录音室专辑;N/A;500;-1;0;2
2014-06-18;2117;没有钱你会爱我吗(EP);录音室专辑;N/A;491;-1;1;2
2014-06-18;2108;走军营;录音室专辑;N/A;488;-1;1;4
2014-06-18;2114;蛋白质女孩;录音室专辑;N/A;490;-1;1;7
2014-06-18;2116;没有钱你会爱我吗;录音室专辑;N/A;491;-1;2;9
2014-06-18;2134;骏新人;录音室专辑;N/A;500;-1;3;10
2014-06-18;2190;火舞艳阳(Remix);EP、单曲;N/A;501;-1;1;11
2014-06-18;2183;畅快随意;EP、单曲;N/A;501;-1;1;11
2014-06-18;2095;好友Mood演奏会;录音室专辑;N/A;483;-1;0;12
2014-06-18;2152;2002世界杯冲锋陷阵;EP、单曲;N/A;501;-1;2;13
2014-06-18;2195;不可推搪(Remix);EP、单曲;N/A;501;-1;2;16
2014-06-18;2197;那有一天不想你;EP、单曲;N/A;501;-1;2;17
2014-06-18;2125;乱飞;录音室专辑;N/A;498;-1;4;19
2014-06-18;2160;Hot & Cool;精选集;N/A;501;-1;6;21
2014-06-18;2188;梦、追踪;录音室专辑;N/A;501;-1;3;22
2014-06-18;2178;Leon\'s...;EP、单曲;N/A;501;-1;2;23
2014-06-18;2121;Starting Over;录音室专辑;N/A;493;-1;2;24
2014-06-18;2180;口不对心;录音室专辑;N/A;501;7.4;7;25
2014-06-18;2130;说走就走;录音室专辑;N/A;498;-1;3;26
2014-06-18;2173;向往;录音室专辑;N/A;501;-1;10;27
2014-06-18;2169;91-97全胜时期金碟精选;精选集;N/A;501;-1;1;27
2014-06-18;2143;长情;EP、单曲;N/A;501;-1;1;27
2014-06-18;2192;那有一天不想你 珍藏版;精选集;N/A;501;-1;2;28
2014-06-18;2187;为何你不是我的未来;录音室专辑;N/A;501;-1;4;28
2014-06-18;2174;舞变;精选集;N/A;501;-1;5;28
2014-06-18;2149;Leon Dawn;录音室专辑;N/A;501;-1;4;28
2014-06-18;2146;Love & Promises;录音室专辑;N/A;501;-1;4;28
2014-06-18;2200;我的真心献给你;录音室专辑;N/A;501;-1;5;29
2014-06-18;2175;DNA出错;录音室专辑;N/A;501;-1;5;30
2014-06-18;2136;Looking;录音室专辑;N/A;501;-1;4;30
2014-06-18;2198;情缘;精选集;N/A;501;-1;5;31
2014-06-18;2171;你爱不爱精选2;精选集;N/A;501;-1;5;31
2014-06-18;2126;想着你的人;录音室专辑;N/A;498;-1;5;31
2014-06-18;2202;梦幻古堡;录音室专辑;N/A;501;-1;5;32
2014-06-18;2193;天地豪情;录音室专辑;N/A;501;-1;4;32
2014-06-18;2189;爱难求;录音室专辑;N/A;501;-1;6;32
2014-06-18;2176;If;录音室专辑;N/A;501;-1;4;32
2014-06-18;2093;谱普钢琴集Ⅱ;录音室专辑;N/A;483;-1;2;32
2014-06-18;2168;恋曲新世纪;精选集;N/A;501;-1;0;34
2014-06-18;2170;你爱不爱精选;精选集;N/A;501;-1;4;35
2014-06-18;2127;说走就走 引进版;录音室专辑;N/A;498;-1;12;35
2014-06-18;2186;情深精选;精选集;N/A;501;-1;6;38
2014-06-18;2129;只有你能完成我的歌;录音室专辑;N/A;498;-1;11;39
2014-06-18;2119;音乐新势代 个人作品集;合集、杂锦 ;N/A;492;8.9;5;40
2014-06-18;2098;寄给你的祝福;录音室专辑;N/A;485;-1;3;40
2014-06-18;2196;火舞艳阳;录音室专辑;N/A;501;-1;4;41
2014-06-18;2184;感应;录音室专辑;N/A;501;-1;5;41
2014-06-18;2141;一个故事;录音室专辑;N/A;501;-1;8;44
2014-06-18;2181;Perhaps…;录音室专辑;N/A;501;-1;8;46
2014-06-18;2179;半生缘 电影主题曲歌集;录音室专辑;N/A;501;-1;9;47
2014-06-18;2177;Leon Sound;录音室专辑;N/A;501;-1;10;47
2014-06-18;2154;The Red Shoes Evolution Remix;录音室专辑;N/A;501;-1;7;48
2014-06-18;2123;人声磁场;录音室专辑;N/A;496;-1;3;49
2014-06-18;2199;天地情缘;录音室专辑;N/A;501;-1;11;51
2014-06-18;2128;等你等到我心痛;录音室专辑;N/A;498;-1;17;51
2014-06-18;2185;黎明live95 那一夜我们在霓虹下起舞;现场专辑;N/A;501;-1;10;52
2014-06-18;2161;Leon Live 99;现场专辑;N/A;501;9.6;6;52
2014-06-18;2151;Homework;录音室专辑;N/A;501;9.0;13;54
2014-06-18;2100;无非想快乐;录音室专辑;粤语流行 Cantopop,华语唱作人 Chinese Singer-Songwriter;486;9.2;8;64
2014-06-18;2162;眼睛想旅行;录音室专辑;N/A;501;9.5;15;65
2014-06-18;2131;夜来香·印象;录音室专辑;N/A;499;-1;8;65
2014-06-18;2203;深秋的黎明;录音室专辑;N/A;501;-1;12;66
2014-06-18;2099;潮骚;录音室专辑;粤语流行 Cantopop,华语唱作人 Chinese Singer-Songwriter;486;9.6;7;67
2014-06-18;2155;The Red Shoes;录音室专辑;N/A;501;9.2;11;81
2014-06-18;2153;喜;录音室专辑;N/A;501;8.7;13;81
2014-06-18;2138;Crazy Classic Concert;现场专辑;N/A;501;8.8;15;81
2014-06-18;2172;我这样爱你;EP、单曲;N/A;501;8.7;10;82
2014-06-18;2164;Leon Now;录音室专辑;N/A;501;9.3;14;92
2014-06-18;2165;如果可以再见你;录音室专辑;N/A;501;9.0;24;105
2014-06-18;2092;现在钢琴集;录音室专辑;N/A;483;-1;7;108
2014-06-18;2163;非我莫属;录音室专辑;N/A;501;9.3;25;119
2014-06-18;2135;4 In Love;录音室专辑;N/A;501;9.3;15;119
2014-06-18;2157;Club Sandwich;精选集;N/A;501;9.5;13;132
2014-06-18;2124;秋叶缘;录音室专辑;N/A;497;9.7;18;133
2014-06-18;2159;北京站;录音室专辑;N/A;501;9.4;29;156
2014-06-18;2122;雷振邦电影歌曲专辑;合集、杂锦 ;N/A;495;9.6;27;164
2014-06-18;2102;不要人见人爱;录音室专辑;粤语流行 Cantopop,华语唱作人 Chinese Singer-Songwriter;486;9.6;22;170
2014-06-18;2106;Lang Lang: Live At Carnegie Hall;录音室专辑;独奏 Recital,西方古典 Western Classical Music;487;9.5;12;194
2014-06-18;2140;More Than Classic;精选集;N/A;501;9.6;23;201
2014-06-18;2118;雷颂德 Best;录音室专辑;N/A;492;9.2;20;243
2014-06-18;2107;First Piano Concertos;录音室专辑;西方古典 Western Classical Music;487;9.3;19;259
2014-06-18;2094;谱普钢琴集;录音室专辑;N/A;483;9.3;21;314
2014-06-18;2104;Lang Lang: Dragon Songs;录音室专辑;管弦乐 Orchestral,西方古典 Western Classical Music;487;9.7;35;446
2014-06-18;2103;Beethoven Piano Concertos 1+4;录音室专辑;N/A;487;7.8;43;520
2014-06-18;2105;Lang Lang: Memory;录音室专辑;独奏 Recital,西方古典 Western Classical Music;487;9.4;41;759
2014-06-18;2167;玻璃之城 电影原声大碟;原声带、影视音乐 ;N/A;103451;9.4;71;775
2014-06-18;2110;晴朗;录音室专辑;城市民谣 Urban Folk,校园民谣 Campus Folk;489;9.5;135;1539
2014-06-18;2109;北京的冬天;录音室专辑;城市民谣 Urban Folk,校园民谣 Campus Folk;489;9.3;160;1719
2014-06-18;2112;恋恋风尘;录音室专辑;城市民谣 Urban Folk,校园民谣 Campus Folk;489;9.6;236;2116
2014-06-18;2281;黄河钢琴协奏曲;录音室专辑;N/A;522;-1;0;3
2014-06-18;2280;遥不可及;录音室专辑;N/A;521;-1;0;3
2014-06-18;2304;怀念战友;录音室专辑;N/A;529;-1;0;4
2014-06-18;2279;深舞;录音室专辑;N/A;521;-1;0;5
2014-06-18;2277;Role Play;录音室专辑;N/A;521;-1;1;5
2014-06-18;2300;心的祈祷 李杰演唱会;现场专辑;N/A;526;-1;2;6
2014-06-18;2278;清晨影画;录音室专辑;N/A;521;-1;2;6
2014-06-18;2305;李俊杰 同名专辑;录音室专辑;N/A;530;-1;1;10
2014-06-18;2298;热线你和我;录音室专辑;N/A;526;-1;9;17
2014-06-18;2275;回到真我;录音室专辑;N/A;520;-1;5;19
2014-06-18;2276;不老的情人;录音室专辑;N/A;520;-1;7;20
2014-06-18;2309;我着十号;EP、单曲;N/A;532;-1;4;25
2014-06-18;2294;到底我要等到什么时候;录音室专辑;N/A;525;-1;11;30
2014-06-18;2295;花舞;录音室专辑;N/A;526;-1;8;35
2014-06-18;2299;昨夜;录音室专辑;N/A;526;-1;17;38
2014-06-18;2293;不再流浪;录音室专辑;N/A;525;-1;14;38
2014-06-18;2317;空中飞人;录音室专辑;N/A;532;-1;2;40
2014-06-18;2303;我不是一个可以依靠的人;录音室专辑;N/A;528;-1;11;41
2014-06-18;2320;Smart I.D.;录音室专辑;N/A;532;-1;3;50
2014-06-18;2297;表情;录音室专辑;N/A;526;-1;8;50
2014-06-18;2312;爱可以问谁;录音室专辑;N/A;532;-1;7;54
2014-06-18;2286;夸父追日;录音室专辑;台湾民歌运动 Taiwan Folk Scene;523;-1;7;71
2014-06-18;2310;得心应手演唱会2006;现场专辑;N/A;532;-1;6;82
2014-06-18;2307;My Cup Of Tea;录音室专辑;N/A;532;-1;10;82
2014-06-18;2306;糖果商店;录音室专辑;N/A;531;9.5;12;82
2014-06-18;2296;谁都看见了希望;录音室专辑;N/A;526;9.6;32;136
2014-06-18;2308;李克勤演奏厅Ⅱ;现场专辑;N/A;532;9.6;8;181
2014-06-18;2285;牧歌;录音室专辑;台湾民歌运动 Taiwan Folk Scene;523;9.7;33;186
2014-06-18;2301;Baby是我;录音室专辑;N/A;527;8.8;23;191
2014-06-18;2316;903 ID 压轴拉阔音乐会;现场专辑;N/A;532;8.9;15;196
2014-06-18;2311;李克勤演奏厅;现场专辑;N/A;532;9.4;13;197
2014-06-18;2287;柴拉可汗;录音室专辑;台湾民歌运动 Taiwan Folk Scene;523;8.8;16;204
2014-06-18;2283;重逢。李建复民歌精选辑;录音室专辑;台湾民歌运动 Taiwan Folk Scene;523;9.7;12;207
2014-06-18;2288;龙的传人;录音室专辑;台湾民歌运动 Taiwan Folk Scene;523;9.4;20;209
2014-06-18;2302;影子;录音室专辑;N/A;527;9.4;25;220
2014-06-18;2291;为你而来;录音室专辑;城市民谣 Urban Folk,校园民谣 Campus Folk;524;9.6;55;672
2014-06-18;2290;什刹海;精选集;校园民谣 Campus Folk;524;9.6;100;771
2014-06-18;2289;想念你;录音室专辑;城市民谣 Urban Folk,校园民谣 Campus Folk;524;9.6;177;1613
2014-06-18;2292;似水流年;录音室专辑;校园民谣 Campus Folk;524;9.6;245;1923
2014-06-18;2497;魔咒;录音室专辑;N/A;555;-1;0;1
2014-06-18;2490;七天七世纪;录音室专辑;N/A;551;-1;0;5
2014-06-18;2491;迷彩;录音室专辑;N/A;552;-1;5;7
2014-06-18;2489;幸福在哪里;录音室专辑;N/A;551;-1;2;11
2014-06-18;2406;福建新旧情怀;录音室专辑;N/A;536;-1;2;11
2014-06-18;2397;怒剑鸣;录音室专辑;N/A;535;-1;1;12
2014-06-18;2396;情谜;录音室专辑;N/A;535;-1;5;12
2014-06-18;2503;活着;EP、单曲;N/A;557;-1;5;13
2014-06-18;2399;巨星;录音室专辑;N/A;535;-1;3;13
2014-06-18;2398;浣花洗剑录;录音室专辑;N/A;535;-1;1;16
2014-06-18;2395;男子汉;录音室专辑;N/A;535;-1;4;20
2014-06-18;2507;两只小蜜蜂;录音室专辑;N/A;559;-1;4;22
2014-06-18;2511;迷恋;录音室专辑;N/A;561;-1;6;37
2014-06-18;2493;送我一枝玫瑰花;录音室专辑;N/A;554;-1;7;38
2014-06-18;2501;我不是 Hip-Hop Mc DJ;录音室专辑;N/A;557;-1;5;40
2014-06-18;2492;伤心;EP、单曲;N/A;553;-1;2;40
2014-06-18;2394;李龙基精选;精选集;N/A;535;-1;13;43
2014-06-18;2495;魔筝(怀旧篇);录音室专辑;N/A;554;-1;5;48
2014-06-18;2513;很想找一个人说说话;录音室专辑;N/A;561;-1;9;55
2014-06-18;2512;放轻松;录音室专辑;N/A;561;8.9;9;58
2014-06-18;2400;国语畅销原声精选;录音室专辑;N/A;536;-1;9;68
2014-06-18;2494;魔筝(民谣篇);录音室专辑;N/A;554;-1;12;73
2014-06-18;2405;经典作品;录音室专辑;N/A;536;-1;7;76
2014-06-18;2506;快乐英雄;录音室专辑;校园民谣 Campus Folk;558;9.4;23;78
2014-06-18;2502;我们的生活就是娱乐;录音室专辑;N/A;557;8.9;16;79
2014-06-18;2514;存在;录音室专辑;N/A;561;8.6;30;83
2014-06-18;2504;Li Shao Long;录音室专辑;N/A;557;9.5;30;104
2014-06-18;2496;魔筝之缘断;录音室专辑;N/A;554;9.2;15;109
2014-06-18;2508;人声检测线;录音室专辑;N/A;560;9.5;19;119
2014-06-18;2500;古琴艺术;录音室专辑;中国民乐 Chinese Folk Music;556;9.6;32;530
2014-06-18;2498;唐人诗意;录音室专辑;N/A;556;9.6;72;741
2014-06-18;2499;幽居;录音室专辑;中国民乐 Chinese Folk Music;556;9.2;120;1083
2014-06-18;2537;亿万光年;录音室专辑;N/A;568;-1;0;3
2014-06-18;2533;似水流年;录音室专辑;N/A;566;-1;0;3
2014-06-18;2532;The Single;录音室专辑;N/A;565;-1;3;5
2014-06-18;2527;十六周年;录音室专辑;N/A;564;-1;0;7
2014-06-18;2525;方向;录音室专辑;N/A;563;-1;3;10
2014-06-18;2517;魅力十足;录音室专辑;N/A;561;-1;5;15
2014-06-18;2526;怀念李逸十八周年;录音室专辑;N/A;564;-1;5;17
2014-06-18;2519;透明人;录音室专辑;N/A;561;-1;4;17
2014-06-18;2516;五十年前的一个夜;录音室专辑;N/A;561;-1;1;21
2014-06-18;2520;正面冲突;录音室专辑;N/A;561;-1;5;24
2014-06-18;2530;Rainy Lover;录音室专辑;N/A;565;-1;2;25
2014-06-18;2518;鹰族;录音室专辑;N/A;561;-1;10;25
2014-06-18;2536;认识李雨寰;录音室专辑;N/A;567;-1;2;28
2014-06-18;2528;十五周年;录音室专辑;N/A;564;-1;12;29
2014-06-18;2534;新浪潮;录音室专辑;N/A;567;-1;4;49
2014-06-18;2531;双对论;EP、单曲;N/A;565;-1;6;52
2014-06-18;2522;Super Star;录音室专辑;N/A;562;-1;6;62
2014-06-18;2529;冬之恋人;录音室专辑;N/A;565;-1;9;65
2014-06-18;2523;火星滑雪场;合集、杂锦 ;N/A;562;-1;11;68
2014-06-18;2521;梨花又开放;录音室专辑;N/A;562;8.8;15;78
2014-06-18;2535;Techno.Love;录音室专辑;N/A;567;9.0;7;90
2014-06-18;2540;Chopin: Scherzi & Impromptus;录音室专辑;N/A;569;9.6;33;438
2014-06-18;2539;Yundi Li - Vienna Recital;录音室专辑;N/A;569;9.9;40;537
2014-06-18;2538;Chopin & Liszt: Piano Concertos No. 1;录音室专辑;N/A;569;9.7;36;555
