2014-06-17;2;I\'m The Wind;EP、单曲;N/A;89333;8.7;47;357
2014-06-17;1;我 那一场恋爱;录音室专辑;N/A;1;9.3;186;1357
2014-06-17;1;我 那一场恋爱;录音室专辑;N/A;1;9.3;186;1357
2014-06-17;2;I\'m The Wind;EP、单曲;N/A;89333;8.7;47;357
2014-06-17;1;我 那一场恋爱;录音室专辑;N/A;1;9.3;186;1357
2014-06-17;4;阿宝同名专辑;录音室专辑;中国传统民歌 Chinese Traditional Folk;2;9.0;30;145
2014-06-17;5;环球音乐通 (2010第三期);合集、杂锦 ;N/A;7169;8.5;42;185
2014-06-17;7;自慰精选 (独立纪念盘);录音室专辑;N/A;4;10.0;13;64
2014-06-17;8;平衡;录音室专辑;N/A;4;9.3;16;98
2014-06-17;11;小城故事 电视剧原声音乐大碟;原声带、影视音乐 ;N/A;5;-1;1;18
2014-06-17;10;我没读书;录音室专辑;N/A;4;-1;15;98
2014-06-17;13;醇情歌;精选集;N/A;5;9.3;11;82
2014-06-17;17;坚持到底;录音室专辑;N/A;5;9.4;30;207
2014-06-17;19;阿贵槌你喔;录音室专辑;N/A;6;-1;0;13
2014-06-17;20;阿贵的快乐天堂;录音室专辑;N/A;6;-1;1;17
2014-06-17;100001;Nightdrive;录音室专辑;科技舞曲 Techno;12548;-1;0;2
2014-06-17;100002;Ekspozicika, Vol. 4: Stardome;录音室专辑;科技浩室舞曲 Tech House;12548;-1;0;2
2014-06-17;100004;The Four Cornered Room;录音室专辑;N,/,A;12549;-1;0;2
2014-06-17;100005;My Yellow Wise Rug;录音室专辑;N,/,A;12549;-1;0;6
2014-06-17;100007;Electric Funk Machine;录音室专辑;N,/,A;12549;-1;0;2
2014-06-17;100008;Freek Funk;录音室专辑;N,/,A;12549;-1;0;11
2014-06-17;150920;Poor Boy;录音室专辑;拉丁灵魂乐 Latin Soul;19493;-1;0;4
2014-06-17;150919;Riot!;录音室专辑;拉丁灵魂乐 Latin Soul;19493;-1;1;9
