2014-06-28;29551;Moonlit;录音室专辑;N/A;6534;-1;0;0
2014-06-28;29718;太陽の破片;录音室专辑;N/A;6598;-1;4;35
2014-06-28;29912;Tell Me How;录音室专辑;N/A;6635;-1;0;5
2014-06-28;29807;尊々我無 ;录音室专辑;N/A;6612;-1;1;8
2014-06-28;29913;Greensleeves;录音室专辑;N/A;6635;-1;0;9
2014-06-28;29905;Beauty And Harmony 2;录音室专辑;N/A;6630;-1;2;19
2014-06-28;30012;白い蝶;录音室专辑;N/A;6673;-1;0;1
2014-06-28;30085;Ohh! Paradise Taste!!;EP、单曲;N/A;6686;-1;0;2
2014-06-28;30032;Miracle\'s Happen;录音室专辑;N/A;6678;-1;1;2
2014-06-28;30086;It\'s Crazy For You;EP、单曲;N/A;6686;-1;0;3
2014-06-28;30077;Sincerely Yours;EP、单曲;N/A;6686;-1;0;3
2014-06-28;30082;Run Up;EP、单曲;N/A;6686;-1;0;4
2014-06-28;30080;Forever You -永远に君と-;EP、单曲;N/A;6686;-1;0;4
2014-06-28;30076;Deep Freeze;EP、单曲;N/A;6686;-1;0;4
2014-06-28;30075;Full Jump;EP、单曲;N/A;6686;-1;0;4
2014-06-28;30074;空気;EP、单曲;N/A;6686;-1;0;4
2014-06-28;30007;サムライソウル;录音室专辑;N/A;6670;-1;0;4
2014-06-28;30087;Close To Your Heart;EP、单曲;N/A;6686;-1;1;5
2014-06-28;30083;Faith;EP、单曲;N/A;6686;-1;0;5
2014-06-28;30067;Orange★Night;EP、单曲;N/A;6686;-1;0;5
2014-06-28;30070;Boom-Boom-Boom;EP、单曲;N/A;6686;-1;1;6
2014-06-28;30065;Glorious/Precious Place;EP、单曲;N/A;6686;-1;0;6
2014-06-28;30090;Cherish;EP、单曲;N/A;6687;-1;3;7
2014-06-28;30088;Over Shine;EP、单曲;N/A;6686;-1;0;8
2014-06-28;30062;Mint;EP、单曲;N/A;6686;-1;2;10
2014-06-28;30089;Girl 2 Lady;录音室专辑;N/A;6687;-1;4;11
2014-06-28;30015;ホリゾント;EP、单曲;视觉摇滚 Visual Rock;6674;-1;0;11
2014-06-28;30050;Restoration;录音室专辑;韩国抒情曲 Korean Ballad;6682;-1;4;12
2014-06-28;30026;负ｦ讃ｴﾙ讴;EP、单曲;视觉摇滚 Visual Rock;6674;-1;0;13
2014-06-28;30020;モノクロの景色;EP、单曲;视觉摇滚 Visual Rock;6674;-1;1;13
2014-06-28;30008;バカサバイバー;录音室专辑;N/A;6670;-1;0;13
2014-06-28;29977;Pretty Queen;录音室专辑;N/A;6660;-1;1;13
2014-06-28;30016;ガーベラ;EP、单曲;视觉摇滚 Visual Rock;6674;-1;1;14
2014-06-28;30069;Playgirl;录音室专辑;N/A;6686;-1;4;15
2014-06-28;30052;Never Too Far;录音室专辑;韩国抒情曲 Korean Ballad;6682;-1;1;15
2014-06-28;30029;超特急;EP、单曲;N/A;23876;-1;1;16
2014-06-28;30072;A.I.R;录音室专辑;N/A;6686;-1;2;17
2014-06-28;30063;蔷薇が咲く 蔷薇が散る;EP、单曲;N/A;6686;-1;0;17
2014-06-28;30048;우리가 알고 있는 사랑이야기 다섯;EP、单曲;韩国抒情曲 Korean Ballad;6682;-1;2;17
2014-06-28;29950;CROSS SEASON;EP、单曲;N/A;6648;-1;0;17
2014-06-28;30084;恋はスリル、ショック、サスペンス;EP、单曲;N/A;6686;9.6;5;19
2014-06-28;30081;Navy Blue;EP、单曲;N/A;6686;-1;3;19
2014-06-28;30024;我、在ルベキ場所;EP、单曲;视觉摇滚 Visual Rock;6674;-1;4;19
2014-06-28;30021;路地裏 僕と君へ ;EP、单曲;视觉摇滚 Visual Rock;6674;-1;0;21
2014-06-28;30078;Power Of Words;录音室专辑;N/A;6686;-1;3;22
2014-06-28;29998;やさしさに包まれたなら;录音室专辑;N/A;6665;-1;1;22
2014-06-28;30018;最終列車;EP、单曲;视觉摇滚 Visual Rock;6674;-1;3;31
2014-06-28;29955;冬のハイヌミカゼ;录音室专辑;日本 | 岛呗 Shima Uta;6649;-1;4;31
2014-06-28;30017;鵬翼;录音室专辑;视觉摇滚 Visual Rock;6674;-1;1;34
2014-06-28;29984;이따, 이따요;录音室专辑;韩国 | 演歌 Korea Trot;6663;-1;7;35
2014-06-28;30049;이별이 남기는 12가지 눈물;录音室专辑;韩国抒情曲 Korean Ballad;6682;-1;4;36
2014-06-28;30014;極彩;录音室专辑;视觉摇滚 Visual Rock;6674;-1;3;38
2014-06-28;30005;2nd Round;录音室专辑;N/A;6669;-1;8;38
2014-06-28;30004;Third Time To Yo` Mind!!;录音室专辑;N/A;6669;-1;4;39
2014-06-28;30071;Dream×Dream;EP、单曲;N/A;6686;9.6;4;41
2014-06-28;30058;Aha!(All We Want);EP、单曲;N/A;6685;-1;2;41
2014-06-28;30064;100もの扉;EP、单曲;N/A;74440;9.8;3;43
2014-06-28;30025;葬ラ謳 ;录音室专辑;视觉摇滚 Visual Rock;6674;-1;1;45
2014-06-28;30055;One + One;录音室专辑;韩国抒情曲 Korean Ballad;6682;9.5;11;46
2014-06-28;30002;One Way;录音室专辑;N/A;6669;-1;9;46
2014-06-28;30054;천만에요;录音室专辑;韩国抒情曲 Korean Ballad;6682;9.8;10;47
2014-06-28;30006;1Tym;录音室专辑;N/A;6669;-1;9;47
2014-06-28;30022;是空;录音室专辑;视觉摇滚 Visual Rock;6674;-1;3;49
2014-06-28;29952;Realize Reproduction Gundam Seed Edition;EP、单曲;N/A;6648;-1;4;54
2014-06-28;30045;深緑;录音室专辑;N/A;6680;-1;9;55
2014-06-28;30095;White Light/Violet Sauce;EP、单曲;N/A;6689;9.5;10;57
2014-06-28;30023;痛絶;录音室专辑;视觉摇滚 Visual Rock;6674;9.3;6;59
2014-06-28;29956;ノマド・ソウル;录音室专辑;传统民谣 Traditional Folk,日本 | 岛呗 Shima Uta;6649;-1;5;64
2014-06-28;29958;故乡-美ら-思い;录音室专辑;日本 | 岛呗 Shima Uta;6649;10.0;9;67
2014-06-28;30003;Once N 4 All;录音室专辑;N/A;6669;9.7;14;71
2014-06-28;30053;Carolling;录音室专辑;韩国抒情曲 Korean Ballad;6682;-1;6;80
2014-06-28;30019;朽木の灯;录音室专辑;视觉摇滚 Visual Rock;6674;9.7;7;83
2014-06-28;30013;BEST OF MUCC(初回限定盤);精选集;视觉摇滚 Visual Rock;6674;9.5;10;103
2014-06-28;30047;Love;录音室专辑;N/A;6681;9.8;19;107
2014-06-28;29951;Graduation -Singles-;精选集;N/A;6648;9.7;11;156
2014-06-28;30059;Early Times;精选集;N/A;6685;9.4;13;187
2014-06-28;30096;Queen of Hip-Pop;录音室专辑;N/A;6689;9.7;27;191
2014-06-28;30057;Golden Grapefruit;录音室专辑;N/A;6685;9.3;16;213
2014-06-28;30061;THE GREATEST HITS;录音室专辑;N/A;6685;9.7;13;233
2014-06-28;30060;LOVE PSYCHEDELIC ORCHESTRA;录音室专辑;N/A;6685;9.1;17;258
2014-06-28;29953;ハナダイロ;录音室专辑;日本 | 岛呗 Shima Uta;6649;9.8;29;306
2014-06-28;30150;partnes;EP、单曲;N/A;6704;-1;0;1
2014-06-28;30192;Rebirth;录音室专辑;N/A;6707;-1;0;2
2014-06-28;30133;Breath;录音室专辑;N/A;6699;-1;1;2
2014-06-28;30109;Peach:Lime//Shake;EP、单曲;N/A;6691;-1;0;2
2014-06-28;30193;会いたい;EP、单曲;N/A;6708;-1;0;4
2014-06-28;30139;爱がいっぱい;录音室专辑;N/A;6702;-1;1;4
2014-06-28;30112;ユメリアル;EP、单曲;N/A;6691;-1;1;5
2014-06-28;30110;Jump!Ng↑Go☆Let\'s Go⇒;EP、单曲;N/A;6691;-1;1;5
2014-06-28;30156;Morning Of Buzz;录音室专辑;N/A;6705;-1;3;6
2014-06-28;30145;Water Me;EP、单曲;N/A;6703;-1;0;6
2014-06-28;30138;ユラユラ揺れる;录音室专辑;N/A;6702;-1;0;6
2014-06-28;30113;Dessert Days;EP、单曲;N/A;6691;-1;1;6
2014-06-28;30108;Love Drops;录音室专辑;N/A;6691;-1;1;6
2014-06-28;30106;See You Darling;EP、单曲;N/A;6691;-1;1;6
2014-06-28;30165;Banzai;EP、单曲;N/A;6706;-1;0;7
2014-06-28;30140;La La 口笛吹いて行こう;录音室专辑;N/A;6702;-1;0;7
2014-06-28;30132;Something Like Beige;录音室专辑;N/A;6698;-1;1;7
2014-06-28;30117;迷Q!?-迷宫-Make★You-;EP、单曲;N/A;6691;-1;2;7
2014-06-28;30143;Beat Goes On;录音室专辑;N/A;6702;-1;0;8
2014-06-28;30107;Go! My Heaven;EP、单曲;N/A;6691;-1;2;8
2014-06-28;30141;B3 Master Piece 2002-2004;录音室专辑;N/A;6702;-1;0;9
2014-06-28;30137;∞Changing∞;录音室专辑;N/A;6702;-1;1;9
2014-06-28;30118;It\'s My Life;EP、单曲;N/A;6693;-1;0;9
2014-06-28;30173;Lady Navigation;EP、单曲;N/A;6706;-1;2;10
2014-06-28;30172;It’S Showtime!!;EP、单曲;N/A;6706;-1;1;10
2014-06-28;30170;Blowin’;EP、单曲;N/A;6706;-1;1;10
2014-06-28;30167;野性のEnergy;EP、单曲;N/A;6706;-1;0;10
2014-06-28;30164;Arigato;EP、单曲;N/A;6706;-1;1;11
2014-06-28;30163;愛のバクダン;EP、单曲;N/A;6706;-1;3;11
2014-06-28;30120;蜜 -Mitsu-;EP、单曲;N/A;6693;-1;0;11
2014-06-28;30185;Love Me, I Love You;EP、单曲;N/A;6706;-1;0;12
2014-06-28;30144;Thinking Out Loud;录音室专辑;N/A;6703;-1;2;12
2014-06-28;30119;God Speed;录音室专辑;N/A;6693;-1;0;12
2014-06-28;30147;A Perfect Sky;EP、单曲;N/A;6703;-1;2;14
2014-06-28;30123;抱きしめたいもう一度;录音室专辑;N/A;6694;-1;0;15
2014-06-28;30131;Glider;录音室专辑;N/A;6697;-1;1;19
2014-06-28;30099;Shine More;EP、单曲;N/A;6689;-1;4;19
2014-06-28;30126;Ride West;录音室专辑;N/A;6695;-1;4;20
2014-06-28;30153;Perfect;录音室专辑;N/A;6705;9.8;5;22
2014-06-28;30190;Off The Lock;录音室专辑;N/A;6706;-1;2;23
2014-06-28;30158;ゆるぎないものひとつ;EP、单曲;N/A;6706;-1;2;23
2014-06-28;30188;RISKY ;录音室专辑;N/A;6706;-1;4;25
2014-06-28;30223;Bold & Delicious/Pride;EP、单曲;日本流行 J-Pop;6713;6.7;7;29
2014-06-28;30226;STEP you/is this LOVE?;EP、单曲;日本流行 J-Pop;6713;7.2;5;30
2014-06-28;30233;Depend On You ;录音室专辑;日本流行 J-Pop;6713;5.8;0;31
2014-06-28;30155;Effect;录音室专辑;N/A;6705;-1;4;31
2014-06-28;30162;The Circle;录音室专辑;N/A;6706;9.0;2;32
2014-06-28;30127;Devotion;录音室专辑;N/A;6695;-1;9;32
2014-06-28;30187;In The Life;录音室专辑;N/A;6706;9.4;3;33
2014-06-28;30186;The 7Th Blues;录音室专辑;N/A;6706;9.8;4;33
2014-06-28;30161;OCEAN;EP、单曲;N/A;6706;9.8;13;33
2014-06-28;30181;Eleven;录音室专辑;N/A;6706;8.8;6;35
2014-06-28;30231;INSPIRE;EP、单曲;日本流行 J-Pop;6713;7.4;2;36
2014-06-28;30225;fairyland ;EP、单曲;日本流行 J-Pop;6713;6.1;6;36
2014-06-28;30184;Loose;录音室专辑;N/A;6706;9.4;9;37
2014-06-28;30182;Brotherhood;录音室专辑;N/A;6706;9.6;5;38
2014-06-28;30146;Every Single Day-Complete Bonnie Pink 1995 - 2006-;录音室专辑;N/A;6703;-1;2;38
2014-06-28;30195;사랑은 아름답습니다;录音室专辑;韩国抒情曲 Korean Ballad;6709;9.2;5;39
2014-06-28;30166;Big Machine;录音室专辑;N/A;6706;9.2;8;42
2014-06-28;30237;Rmx Works From Ayu-Mi-X Non Stop Mega Mix;录音室专辑;日本流行 J-Pop;6713;5.8;4;45
2014-06-28;30128;Boyish Story;录音室专辑;N/A;6695;-1;6;45
2014-06-28;30221;Startin’/Born To Be…;EP、单曲;日本流行 J-Pop;6713;7.2;5;50
2014-06-28;30217;glitter/fated;EP、单曲;日本流行 J-Pop;6713;6.8;9;51
2014-06-28;30238;Rmx Works From Cyber Trance Presents Ayu Trance 3;录音室专辑;日本流行 J-Pop;6713;6.6;5;52
2014-06-28;30253;A Song Is Born;EP、单曲;日本流行 J-Pop;6713;7.6;6;53
2014-06-28;30142;Bon Voyage!ワンピース絵柄・ジャケ;EP、单曲;N/A;6702;9.4;8;55
2014-06-28;30191;B\'z;录音室专辑;N/A;6706;9.7;8;74
2014-06-28;30124;Baad;录音室专辑;N/A;6694;9.4;14;74
2014-06-28;30122;マサミコブシ;录音室专辑;N/A;6693;9.4;7;108
2014-06-28;30160;B\'z The Best Pleasure: Ii;精选集;N/A;6706;9.5;6;121
2014-06-28;30194;여섯번째 기적;录音室专辑;韩国抒情曲 Korean Ballad;6709;9.3;19;162
2014-06-28;30199;30minutes night flight;录音室专辑;N/A;6712;9.8;23;171
2014-06-28;30227;MY STORY Classical ;录音室专辑;日本流行 J-Pop;6713;8.3;22;193
2014-06-28;30179;The Ballads -Love & B\'z;精选集;N/A;6706;9.9;37;217
2014-06-28;30219;A BEST2-WHITE-;精选集;日本流行 J-Pop;6713;8.7;15;229
2014-06-28;30234;Memorial address;EP、单曲;日本流行 J-Pop;6713;8.8;34;232
2014-06-28;30130;三線の花;录音室专辑;N/A;6697;9.3;20;258
2014-06-28;30228;MY STORY;录音室专辑;日本流行 J-Pop;6713;8.7;50;345
2014-06-28;30220;Secret;录音室专辑;日本流行 J-Pop;6713;8.9;56;405
2014-06-28;30218;A BEST2-BLACK-;精选集;日本流行 J-Pop;6713;9.0;51;503
2014-06-28;30290;Friend;录音室专辑;N/A;6719;-1;0;0
2014-06-28;30319;Techno Nation Corea;录音室专辑;N/A;6729;-1;1;1
2014-06-28;30323;Kirakuni/Together;EP、单曲;N/A;6731;-1;0;2
2014-06-28;30308;동화;录音室专辑;韩国抒情曲 Korean Ballad;6725;-1;0;3
2014-06-28;30287;Samba Night;EP、单曲;N/A;6716;-1;0;3
2014-06-28;30284;Hold Heart;录音室专辑;N/A;6715;-1;0;3
2014-06-28;30285;撃たれる雨;录音室专辑;N/A;6715;-1;1;3
2014-06-28;30280;Slave Of Kiss;录音室专辑;N/A;6715;-1;0;3
2014-06-28;30283;Pureness/七色;录音室专辑;N/A;6715;-1;2;5
2014-06-28;30324;Two As One;EP、单曲;N/A;6731;-1;1;6
2014-06-28;30322;Call Me Miss...;录音室专辑;N/A;6731;-1;1;6
2014-06-28;30309;Smile;录音室专辑;N/A;6726;-1;0;7
2014-06-28;30381;紅蓮の月;EP、单曲;N/A;6735;-1;0;10
2014-06-28;30325;Crystal Style;录音室专辑;N/A;6731;-1;0;10
2014-06-28;30286;消せない罪 -Raw \"Breath\" Track-;录音室专辑;N/A;6715;-1;0;11
2014-06-28;30282;Kiss Or Kiss;录音室专辑;N/A;6715;-1;2;11
2014-06-28;30394;大切な約束;EP、单曲;N/A;6738;-1;2;12
2014-06-28;30397;見えない翼;EP、单曲;N/A;6738;-1;1;13
2014-06-28;30317;水鏡;录音室专辑;N/A;6727;-1;1;14
2014-06-28;30310;Cowboy;录音室专辑;N/A;6726;-1;5;14
2014-06-28;30403;525ページ;EP、单曲;N/A;6738;-1;4;15
2014-06-28;30392;君に・・・・・;EP、单曲;N/A;6738;-1;1;16
2014-06-28;30384;幻/おかえりなさい。;EP、单曲;N/A;6735;-1;2;16
2014-06-28;30382;花吹雪;EP、单曲;N/A;6735;-1;0;16
2014-06-28;30402;「さよなら」「ありがとう」~たった一つの場所~;EP、单曲;N/A;6738;-1;0;17
2014-06-28;30380;Hiromi;EP、单曲;N/A;6735;-1;4;17
2014-06-28;30320;All Yours;录音室专辑;N/A;6731;-1;3;18
2014-06-28;30315;焼け野が原;EP、单曲;N/A;6727;-1;3;18
2014-06-28;30313;陽の照りながら雨の降る;EP、单曲;N/A;6727;-1;5;18
2014-06-28;30404;12個の季節 ~4度目の春~ twelve seasons ;EP、单曲;N/A;6738;-1;3;22
2014-06-28;30399;路上集1号;录音室专辑;N/A;6738;-1;5;22
2014-06-28;30314;サングローズ;录音室专辑;N/A;6727;-1;2;22
2014-06-28;30311;ザンサイアン;录音室专辑;N/A;6727;-1;2;24
2014-06-28;30405;天使たちのメロディー ;EP、单曲;N/A;6738;-1;2;26
2014-06-28;30396;サンキュー!;录音室专辑;N/A;6738;-1;6;26
2014-06-28;30379;歌人;录音室专辑;韩国抒情曲 Korean Ballad;6734;-1;5;26
2014-06-28;30401;絶望と希望;EP、单曲;N/A;6738;-1;2;28
2014-06-28;30385;わたし;录音室专辑;N/A;6735;-1;1;30
2014-06-28;30301;Violet Blue;录音室专辑;N/A;6722;-1;7;33
2014-06-28;30312;ラプンツェル;录音室专辑;N/A;6727;-1;4;37
2014-06-28;30266;Fly High;EP、单曲;日本流行 J-Pop;6713;7.0;9;37
2014-06-28;30281;18 -Eighteen-;录音室专辑;N/A;6715;-1;5;38
2014-06-28;30269;appears;EP、单曲;日本流行 J-Pop;6713;6.4;5;40
2014-06-28;30387;オールトの雲;录音室专辑;N/A;6735;-1;7;41
2014-06-28;30276;You;EP、单曲;日本流行 J-Pop;6713;7.3;15;41
2014-06-28;30270;Boys&Girls;EP、单曲;日本流行 J-Pop;6713;7.1;4;43
2014-06-28;30362;Can\'t forget your love/PERFECT CRIME -Single Edit-;EP、单曲;N/A;6733;9.8;3;44
2014-06-28;30334;Killing Me;EP、单曲;视觉摇滚 Visual Rock;6732;10.0;0;44
2014-06-28;30359;Like A Star In The Night;EP、单曲;N/A;6733;9.8;4;46
2014-06-28;30386;ため息;录音室专辑;N/A;6735;9.7;4;47
2014-06-28;30370;Simply Wonderful;EP、单曲;N/A;6733;9.9;5;49
2014-06-28;30318;ブーゲンビリア;录音室专辑;N/A;6727;-1;8;51
2014-06-28;30360;Feel Fine!;EP、单曲;N/A;6733;9.8;6;52
2014-06-28;30348;ベスト オブ ヒーロー;EP、单曲;N/A;6733;9.5;3;52
2014-06-28;30267;Ayu Ro Mix;录音室专辑;日本流行 J-Pop;6713;6.8;8;52
2014-06-28;30372;Never Gonna Give You Up;EP、单曲;N/A;6733;9.6;2;55
2014-06-28;30361;Winter Bells;EP、单曲;N/A;6733;9.4;5;57
2014-06-28;30330;The Fourth Avenue Cafe;EP、单曲;视觉摇滚 Visual Rock;6732;9.5;6;58
2014-06-28;30400;12個の歌;录音室专辑;N/A;6738;9.2;3;59
2014-06-28;30351;Love, Needing;EP、单曲;N/A;6733;9.5;3;59
2014-06-28;30337;Ready Steady Go;EP、单曲;视觉摇滚 Visual Rock;6732;9.6;4;59
2014-06-28;30350;ダンシング;EP、单曲;N/A;6733;8.8;12;60
2014-06-28;30368;Reach For The Sky;EP、单曲;N/A;6733;9.7;3;62
2014-06-28;30327;Seventh Heaven;EP、单曲;视觉摇滚 Visual Rock;6732;9.4;5;62
2014-06-28;30321;こんなに近くで...;EP、单曲;N/A;6731;9.4;7;63
2014-06-28;30374;Stay By My Side;EP、单曲;N/A;6733;9.7;5;65
2014-06-28;30366;冷たい海/Start in my life;EP、单曲;N/A;6733;9.3;7;67
2014-06-28;30365;Stand Up;EP、单曲;N/A;6733;9.4;7;67
2014-06-28;30375;Love, Day After Tomorrow;EP、单曲;N/A;6733;9.4;8;68
2014-06-28;30298;マドリガル;录音室专辑;N/A;6722;9.5;6;72
2014-06-28;30277;Nothing From Nothing;EP、单曲;日本流行 J-Pop;6713;6.6;28;72
2014-06-28;30345;Season Of Love;EP、单曲;N/A;6733;9.1;9;73
2014-06-28;30293;世界;EP、单曲;N/A;6722;-1;9;75
2014-06-28;30326;My Heart Draws A Dream;EP、单曲;视觉摇滚 Visual Rock;6732;9.3;6;76
2014-06-28;30355;Kiss;EP、单曲;N/A;6733;9.6;9;77
2014-06-28;30316;Coccoベスト+裏ベスト+未発表曲集（告别精选）;录音室专辑;N/A;6727;9.6;10;77
2014-06-28;30398;Dear/旅立ちの日に・・・;EP、单曲;N/A;6738;9.6;10;78
2014-06-28;30391;プリズム/空の欠片;EP、单曲;N/A;6737;9.3;14;83
2014-06-28;30383;Single Collection;精选集;N/A;6735;9.6;13;91
2014-06-28;30333;叙情詩;EP、单曲;视觉摇滚 Visual Rock;6732;9.7;8;91
2014-06-28;30336;瞳の住人;EP、单曲;视觉摇滚 Visual Rock;6732;9.7;13;97
2014-06-28;30354;風のららら;EP、单曲;N/A;6733;9.7;14;98
2014-06-28;30347;Diamond Wave;录音室专辑;N/A;6733;8.6;6;101
2014-06-28;30373;Secret Of My Heart;EP、单曲;N/A;6733;9.9;13;117
2014-06-28;30344;Ectomorphead Works;录音室专辑;视觉摇滚 Visual Rock;6732;9.5;6;119
2014-06-28;30364;Always;EP、单曲;N/A;6733;9.8;15;120
2014-06-28;30305;Pinch Your Soul;录音室专辑;N/A;6724;9.3;9;132
2014-06-28;30331;花葬;EP、单曲;视觉摇滚 Visual Rock;6732;9.8;22;133
2014-06-28;30393;Compass;EP、单曲;N/A;6738;9.6;14;135
2014-06-28;30346;白い雪;EP、单曲;N/A;6733;9.6;26;145
2014-06-28;30296;夜明けまえ;录音室专辑;N/A;6722;9.1;9;145
2014-06-28;30328;ray :15th Anniversary Expanded Edition ;录音室专辑;视觉摇滚 Visual Rock;6732;9.7;16;146
2014-06-28;30363;Perfect Crime;录音室专辑;N/A;6733;9.2;13;148
2014-06-28;30340;The Best Of L\'arc-En-Ciel C/W;精选集;视觉摇滚 Visual Rock;6732;9.5;9;148
2014-06-28;30341;Dune;录音室专辑;视觉摇滚 Visual Rock;6732;9.6;19;171
2014-06-28;30358;Fairy Tale;录音室专辑;N/A;6733;9.3;19;175
2014-06-28;30353;If I Believe;录音室专辑;N/A;6733;9.4;20;176
2014-06-28;30339;The Best Of L\'arc-En-Ciel 1998~2000;精选集;视觉摇滚 Visual Rock;6732;9.4;11;177
2014-06-28;30338;The Best Of L\'arc-En-Ciel 1994~1998;精选集;视觉摇滚 Visual Rock;6732;9.8;5;199
2014-06-28;30342;Clicked Singles Best 13;精选集;视觉摇滚 Visual Rock;6732;9.9;35;211
2014-06-28;30349;Fuse Of Love;录音室专辑;N/A;6733;9.1;29;218
2014-06-28;30271;A Song for ×× ;录音室专辑;日本流行 J-Pop;6713;8.5;32;254
2014-06-28;30395;Piano Songs~路上集2号;录音室专辑;N/A;6738;9.6;24;270
2014-06-28;30307;Instant Pig;录音室专辑;N/A;6724;9.6;23;272
2014-06-28;30306;Color Your Soul;录音室专辑;N/A;6724;9.2;28;281
2014-06-28;30304;Love Child Of The Century;录音室专辑;N/A;6724;9.0;20;307
2014-06-28;30335;Smile;录音室专辑;视觉摇滚 Visual Rock;6732;9.6;26;310
2014-06-28;30371;Delicious Way;录音室专辑;N/A;6733;9.4;56;327
2014-06-28;30264;LOVEppears;录音室专辑;日本流行 J-Pop;6713;8.9;90;355
2014-06-28;30352;Wish You The Best;精选集;N/A;6733;9.6;34;362
2014-06-28;30357;Time after time〜花舞う街で〜;EP、单曲;N/A;6733;9.5;60;378
2014-06-28;30259;A BEST;精选集;日本流行 J-Pop;6713;9.6;140;920
2014-06-28;30474;Only Diva;录音室专辑;流行舞曲 Dance-Pop;6746;-1;1;1
2014-06-28;30448;哀しみの向こう側;录音室专辑;N/A;6744;-1;2;4
2014-06-28;30440;太陽と花びら;录音室专辑;N/A;6744;-1;1;4
2014-06-28;30439;ユートピアは见えてるのに;录音室专辑;N/A;6744;-1;1;4
2014-06-28;30436;Strong Soul;录音室专辑;N/A;6744;-1;1;4
2014-06-28;30553;Love You;录音室专辑;N/A;6755;-1;0;5
2014-06-28;30446;見上げてごらん夜の星を;录音室专辑;N/A;6744;-1;2;5
2014-06-28;30443;Birthday eve~誰よりも早い愛の歌~;录音室专辑;N/A;6744;-1;1;5
2014-06-28;30444;夢で逢えたら;录音室专辑;N/A;6744;-1;1;5
2014-06-28;30438;Utopia;录音室专辑;N/A;6744;-1;0;5
2014-06-28;30435;Road Cruisin\';录音室专辑;N/A;6744;-1;0;5
2014-06-28;30432;ダイヤモンド;录音室专辑;N/A;6744;-1;0;5
2014-06-28;30429;Moon Gate;EP、单曲;N/A;6743;-1;0;5
2014-06-28;30485;ASAHI〜SHINE&GROOVE〜;EP、单曲;N/A;6752;-1;0;6
2014-06-28;30456;Teenage Dream;录音室专辑;N/A;6744;-1;2;6
2014-06-28;30441;翼を風に乗せて~fly away~ ;录音室专辑;N/A;6744;-1;0;6
2014-06-28;30426;君と逢えた奇蹟;EP、单曲;N/A;6743;-1;0;6
2014-06-28;30520;冒険者たち;EP、单曲;N/A;6753;-1;0;7
2014-06-28;30431;夢の蕾~Classics Three “PASTEL”~;录音室专辑;N/A;6744;-1;0;7
2014-06-28;30419;Night Walk;EP、单曲;N/A;6742;-1;5;7
2014-06-28;30528;rumble fish;EP、单曲;N/A;6753;-1;1;8
2014-06-28;30527;We are.;EP、单曲;N/A;6753;-1;2;8
2014-06-28;30522;Week!;EP、单曲;N/A;6753;-1;0;8
2014-06-28;30513;魔法の言葉~Would you marry me?;EP、单曲;N/A;6753;-1;0;8
2014-06-28;30449;DEEN Classics Two SEPIA 秋桜~more & more~;录音室专辑;N/A;6744;-1;1;8
2014-06-28;30427;Lost Angel;EP、单曲;N/A;6743;-1;2;8
2014-06-28;30417;Christmas Night;EP、单曲;N/A;6742;-1;0;8
2014-06-28;30552;Baby Don\'t Cry;EP、单曲;N/A;6755;-1;2;9
2014-06-28;30509;For the future;EP、单曲;N/A;6753;-1;2;9
2014-06-28;30481;コレデイイノ?!;EP、单曲;N/A;6752;-1;0;9
2014-06-28;30478;夕凪Union;EP、单曲;N/A;6749;-1;0;9
2014-06-28;30450;Need Love;录音室专辑;N/A;6744;-1;1;9
2014-06-28;30418;LEQUIOS;录音室专辑;N/A;6742;-1;0;9
2014-06-28;30411;はばたける日まで;EP、单曲;N/A;6738;-1;0;9
2014-06-28;30498;あぁ;EP、单曲;N/A;6752;-1;0;10
2014-06-28;30495;ネッ!〜女、情熱〜;EP、单曲;N/A;6752;-1;1;10
2014-06-28;30479;Crush The Window;EP、单曲;N/A;6749;-1;1;10
2014-06-28;30442;Pray;录音室专辑;N/A;6744;-1;2;11
2014-06-28;30408;歌いつづけるから…;EP、单曲;N/A;6738;-1;0;11
2014-06-28;30482;weep〜maki ohguro The Best Ballads Collection〜;录音室专辑;N/A;6752;-1;0;12
2014-06-28;30430;Smile Blue-Deen Classics Four Blue-;录音室专辑;N/A;6744;-1;1;12
2014-06-28;30425;EXPRESSION;录音室专辑;N/A;6742;-1;2;12
2014-06-28;30409;明日を信じて…;EP、单曲;N/A;6738;-1;0;12
2014-06-28;30517;under the sun/under the moon;EP、单曲;N/A;6753;-1;1;13
2014-06-28;30483;Happiness ;录音室专辑;N/A;6752;-1;0;13
2014-06-28;30455;I Wish;录音室专辑;N/A;6744;-1;3;13
2014-06-28;30558;Neva Eva;EP、单曲;N/A;6756;-1;3;14
2014-06-28;30477;Ivory;EP、单曲;N/A;6749;-1;0;14
2014-06-28;30451;Classics One White Christmas Time;录音室专辑;N/A;6744;-1;1;14
2014-06-28;30428;Elements;录音室专辑;N/A;6743;-1;2;14
2014-06-28;30460;Clever Sleazoid;录音室专辑;视觉摇滚 Visual Rock;6745;-1;1;15
2014-06-28;30518;陽のあたる坂道;EP、单曲;N/A;6753;-1;2;16
2014-06-28;30514;Do The Live;现场专辑;N/A;6753;-1;1;16
2014-06-28;30512;本日ハ晴天ナリ;EP、单曲;N/A;6753;-1;3;16
2014-06-28;30434;このまま君だけを奪い去りたい/翼を広げて;录音室专辑;N/A;6744;-1;2;16
2014-06-28;30526;Oasis;EP、单曲;N/A;6753;-1;5;17
2014-06-28;30471;Myayu;录音室专辑;视觉摇滚 Visual Rock;6745;-1;2;17
2014-06-28;30470;【KR】cube;EP、单曲;视觉摇滚 Visual Rock;6745;-1;0;17
2014-06-28;30465;Child Prey;录音室专辑;视觉摇滚 Visual Rock;6745;-1;2;17
2014-06-28;30437;レールのない空へ ;录音室专辑;N/A;6744;-1;7;17
2014-06-28;30554;Naked And True;录音室专辑;N/A;6755;-1;4;18
2014-06-28;30531;Tangerine Dream;EP、单曲;N/A;6753;-1;4;19
2014-06-28;30463;かすみ;录音室专辑;视觉摇滚 Visual Rock;6745;-1;0;19
2014-06-28;30458;Agitated Screams Of Maggots;录音室专辑;视觉摇滚 Visual Rock;6745;-1;4;19
2014-06-28;30447;Ballads in Blue~The greatest hits of DEEN~ ;录音室专辑;N/A;6744;-1;7;19
2014-06-28;30559;Prima Rosa;录音室专辑;N/A;6756;-1;4;20
2014-06-28;30523;遠くまで;EP、单曲;N/A;6753;-1;2;20
2014-06-28;30507;TAO;EP、单曲;N/A;6753;-1;2;20
2014-06-28;30472;ゆらめき;录音室专辑;视觉摇滚 Visual Rock;6745;-1;0;21
2014-06-28;30462;朔-Saku-;录音室专辑;视觉摇滚 Visual Rock;6745;-1;0;23
2014-06-28;30452;Singles+1;录音室专辑;N/A;6744;-1;3;23
2014-06-28;30445;和音-Songs For Children-;录音室专辑;N/A;6744;-1;3;23
2014-06-28;30410;雪に咲く花のように…;EP、单曲;N/A;6738;-1;4;23
2014-06-28;30535;CHU-LIP;EP、单曲;N/A;6754;-1;3;24
2014-06-28;30464;Drain Away;录音室专辑;视觉摇滚 Visual Rock;6745;-1;0;24
2014-06-28;30525;NEW WORLD;录音室专辑;N/A;6753;-1;2;25
2014-06-28;30545;Happy Days;EP、单曲;N/A;6754;-1;3;28
2014-06-28;30468;Embryo;录音室专辑;视觉摇滚 Visual Rock;6745;-1;4;28
2014-06-28;30550;宽 シングル・コレクション;录音室专辑;N/A;6755;-1;3;29
2014-06-28;30529;BREAK OF DAWN;录音室专辑;N/A;6753;-1;4;29
2014-06-28;30537;フレンジャー;EP、单曲;N/A;6754;-1;6;31
2014-06-28;30533;Loveのテーマ;EP、单曲;N/A;6754;-1;2;33
2014-06-28;30459;Six Ugly;录音室专辑;视觉摇滚 Visual Rock;6745;-1;8;33
2014-06-28;30530;Yesterday & Today;EP、单曲;N/A;6753;9.1;2;35
2014-06-28;30542;黒毛和牛上塩タン焼680円;EP、单曲;N/A;6754;9.0;5;36
2014-06-28;30515;TRUE SONG;录音室专辑;N/A;6753;9.8;7;37
2014-06-28;30422;Da Best of Da Pump;精选集;N/A;6742;-1;8;42
2014-06-28;30469;ain’t afraid to die;录音室专辑;视觉摇滚 Visual Rock;6745;9.5;6;43
2014-06-28;30541;SMILY/ビー玉;EP、单曲;N/A;6754;9.0;8;47
2014-06-28;30508;NEED YOUR LOVE;录音室专辑;N/A;6753;9.6;13;48
2014-06-28;30453;夢であるように;录音室专辑;N/A;6744;9.8;12;51
2014-06-28;30519;DEEP FOREST;录音室专辑;N/A;6753;-1;2;52
2014-06-28;30510;楽園;EP、单曲;N/A;6753;9.6;14;52
2014-06-28;30511;GATES OF HEAVEN;录音室专辑;N/A;6753;8.5;5;54
2014-06-28;30521;深い森;EP、单曲;N/A;6753;9.4;12;58
2014-06-28;30454;君がいない夏;录音室专辑;N/A;6744;9.9;19;63
2014-06-28;30516;真実の詩;EP、单曲;N/A;6753;9.2;11;74
2014-06-28;30551;CoCo d\'Or;录音室专辑;N/A;6755;-1;11;78
2014-06-28;30536;ユメクイ;EP、单曲;N/A;6754;9.1;7;80
2014-06-28;30433;Deen The Best キセキ;录音室专辑;N/A;6744;9.5;5;83
2014-06-28;30503;Do As Infinity -Final-;现场专辑;N/A;6753;10.0;13;84
2014-06-28;30473;Gauze;录音室专辑;视觉摇滚 Visual Rock;6745;9.4;10;84
2014-06-28;30532;PEACH/HEART;EP、单曲;N/A;6754;9.0;11;85
2014-06-28;30457;The Marrow Of A Bone;录音室专辑;视觉摇滚 Visual Rock;6745;9.8;18;87
2014-06-28;30504;Do The Best \"Great Supporters Selection\";精选集;N/A;6753;9.9;13;90
2014-06-28;30544;大好きだよ。;EP、单曲;N/A;6754;9.6;8;91
2014-06-28;30560;Destiny-太陽の花-/恋水-tears of love-;EP、单曲;N/A;6756;9.8;16;95
2014-06-28;30461;Withering To Death;录音室专辑;视觉摇滚 Visual Rock;6745;9.8;23;109
2014-06-28;30506;Do The A-side;录音室专辑;N/A;6753;9.5;20;110
2014-06-28;30488;complete of 大黒摩季 at the BEING studio;精选集;N/A;6752;9.5;15;116
2014-06-28;30467;鬼葬;录音室专辑;视觉摇滚 Visual Rock;6745;9.5;30;136
2014-06-28;30539;LOVE COOK;录音室专辑;N/A;6754;9.3;13;143
2014-06-28;30538;恋愛写真;EP、单曲;N/A;6754;9.2;15;156
2014-06-28;30546;LOVE PUNCH;录音室专辑;N/A;6754;9.4;19;164
2014-06-28;30543;LOVE JAM;录音室专辑;N/A;6754;9.5;21;177
2014-06-28;30412;SEED;录音室专辑;N/A;6739;9.6;29;213
2014-06-28;30534;愛 am BEST;精选集;N/A;6754;9.4;24;249
2014-06-28;30540;プラネタリウム;EP、单曲;N/A;6754;9.5;40;308
2014-06-28;30629;好きだなんて言えない ;EP、单曲;N/A;6772;-1;0;0
2014-06-28;30611;JET hyp!;EP、单曲;N/A;6766;-1;0;2
2014-06-28;30646;Magical Eyes;录音室专辑;N/A;6776;-1;0;4
2014-06-28;30626;口づけ;EP、单曲;N/A;6772;-1;0;4
2014-06-28;30599;恋に気づいた夜;EP、单曲;N/A;6760;-1;0;4
2014-06-28;30627;Look Into My Eyes;EP、单曲;N/A;6772;-1;1;6
2014-06-28;30624;ひとりよりふたり;EP、单曲;N/A;6772;-1;1;6
2014-06-28;30585;とにかく無性に…;EP、单曲;N/A;6758;-1;1;6
2014-06-28;30645;Hyper Groove Party;录音室专辑;N/A;6776;-1;0;7
2014-06-28;30577;New Deal;EP、单曲;N/A;6758;-1;2;7
2014-06-28;30578;The Best Live 1995-2002;精选集;N/A;6758;-1;4;8
2014-06-28;30570;赤い砂漠の伝説;EP、单曲;N/A;6756;-1;3;8
2014-06-28;30592;僕が一番欲しかったもの;EP、单曲;N/A;6759;-1;0;9
2014-06-28;30584;Don\'t Look Back;EP、单曲;N/A;6758;-1;0;9
2014-06-28;30582;Genesis Of Next;EP、单曲;N/A;6758;-1;4;9
2014-06-28;30563;真昼の月;EP、单曲;N/A;6756;-1;3;9
2014-06-28;30564;~Mermaid~ ;EP、单曲;N/A;6756;-1;1;10
2014-06-28;30696;ひとひらの自由;EP、单曲;N/A;6780;-1;1;11
2014-06-28;30628;白い花;录音室专辑;N/A;6772;-1;4;12
2014-06-28;30571;いつの日にか・・・;EP、单曲;N/A;6756;-1;0;12
2014-06-28;30701;とまどい/SPECIAL THANKS;EP、单曲;N/A;6780;-1;1;13
2014-06-28;30608;The other side of EX vol.1;录音室专辑;N/A;6765;-1;0;13
2014-06-28;30597;どいつもこいつも／ボクの未来;EP、单曲;N/A;6760;-1;1;13
2014-06-28;30706;BEAT out! ;录音室专辑;N/A;6780;-1;1;14
2014-06-28;30683;100万回のKiss;EP、单曲;N/A;6780;-1;0;14
2014-06-28;30606;HEART of GOLD;录音室专辑;N/A;6765;-1;0;14
2014-06-28;30604;Yes!;EP、单曲;N/A;6765;-1;0;14
2014-06-28;30687;ホワイトロード;EP、单曲;N/A;6780;-1;0;15
2014-06-28;30573;シャンティ;录音室专辑;N/A;6756;-1;2;15
2014-06-28;30700;Missing You;EP、单曲;N/A;6780;-1;2;16
2014-06-28;30598;BEST EP SELECTION OF TOKIO II;精选集;N/A;6760;-1;1;16
2014-06-28;30574;大阪の女;EP、单曲;N/A;6756;-1;3;16
2014-06-28;30693;Way Of Difference;EP、单曲;N/A;6780;-1;1;17
2014-06-28;30625;Hourglass;录音室专辑;N/A;6772;-1;6;17
2014-06-28;30568;Delicious! ~The Best of Hitomi Shimatani~ ;精选集;N/A;6756;-1;1;17
2014-06-28;30684;G4;EP、单曲;N/A;6780;-1;2;18
2014-06-28;30569;GATE -scena III- ;录音室专辑;N/A;6756;-1;5;18
2014-06-28;30703;Winter,Again;EP、单曲;N/A;6780;-1;4;19
2014-06-28;30685;夏音/変な夢~THOUSAND DREAMS~;EP、单曲;N/A;6780;-1;1;19
2014-06-28;30655;Black Stone;EP、单曲;视觉摇滚 Visual Rock;6778;-1;0;20
2014-06-28;30607;EXILE ENTERTAINMENT;录音室专辑;N/A;6765;-1;3;20
2014-06-28;30708;灰とダイアモンド;录音室专辑;N/A;6780;-1;6;21
2014-06-28;30681;鼓動;EP、单曲;N/A;6780;-1;1;21
2014-06-28;30658;君が追いかけた梦;录音室专辑;视觉摇滚 Visual Rock;6778;-1;1;21
2014-06-28;30567;追憶+LOVE LETTER;录音室专辑;N/A;6756;-1;2;21
2014-06-28;30622;약속;录音室专辑;韩国抒情曲 Korean Ballad;6771;-1;4;22
2014-06-28;30679;Call My Name;EP、单曲;N/A;6779;-1;9;23
2014-06-28;30580;8 Years Many Classic Moments;精选集;N/A;6758;-1;3;23
2014-06-28;30670;籟·来·也;EP、单曲;N/A;6779;-1;6;24
2014-06-28;30653;届カナイ爱ト知ッテイタノニ抑エキレズニ爱シ续ケタ;录音室专辑;视觉摇滚 Visual Rock;6778;-1;2;24
2014-06-28;30674;君の思い描いた梦 集メル Heaven;EP、单曲;N/A;6779;-1;5;25
2014-06-28;30654;Love Letter For Korean Dears;录音室专辑;视觉摇滚 Visual Rock;6778;-1;2;25
2014-06-28;30586;Relation;录音室专辑;N/A;6758;-1;6;25
2014-06-28;30579;Level 4;录音室专辑;N/A;6758;-1;2;25
2014-06-28;30680;Last Love Song;EP、单曲;N/A;6779;9.2;3;26
2014-06-28;30660;忘れないから;录音室专辑;视觉摇滚 Visual Rock;6778;-1;2;26
2014-06-28;30647;THE EARTH;录音室专辑;N/A;86320;-1;7;26
2014-06-28;30612;Now;录音室专辑;韩国抒情曲 Korean Ballad;6767;-1;11;27
2014-06-28;30669;今宵エデンの片隅で;EP、单曲;N/A;6779;-1;4;28
2014-06-28;30609;Styles Of Beyond;录音室专辑;N/A;6765;-1;1;28
2014-06-28;30576;愛をください;录音室专辑;N/A;6757;-1;9;28
2014-06-28;30587;Love Again;录音室专辑;N/A;6758;-1;3;29
2014-06-28;30663;君のためにできること;EP、单曲;视觉摇滚 Visual Rock;6778;-1;3;30
2014-06-28;30691;Glay Rare Collectives Vol.2;精选集;N/A;6780;-1;1;32
2014-06-28;30610;our style;录音室专辑;N/A;6765;-1;3;32
2014-06-28;30656;ありったけの爱で;录音室专辑;视觉摇滚 Visual Rock;6778;9.5;9;33
2014-06-28;30595;Cicada;录音室专辑;N/A;6759;-1;3;33
2014-06-28;30583;Outernet;录音室专辑;N/A;6758;-1;8;33
2014-06-28;30565;crossover ;录音室专辑;N/A;6756;9.3;13;33
2014-06-28;30709;パレード;录音室专辑;N/A;6781;9.4;2;34
2014-06-28;30667;風とRAINBOW/この手を伸ばせば;EP、单曲;N/A;6779;-1;5;34
2014-06-28;30621;Gravity;录音室专辑;韩国抒情曲 Korean Ballad;6771;-1;6;34
2014-06-28;30615;No Limitations[Special Repackage Limited Edition];录音室专辑;韩国抒情曲 Korean Ballad;6771;-1;4;34
2014-06-28;30671;晴れ時計;EP、单曲;N/A;6779;-1;10;35
2014-06-28;30572;亜麻色マキシ;EP、单曲;N/A;6756;-1;5;37
2014-06-28;30690;Glay Rare Collectives Vol.1;精选集;N/A;6780;-1;2;39
2014-06-28;30682;Love Is Beautiful;录音室专辑;N/A;6780;-1;6;39
2014-06-28;30666;涙のイエスタデー;EP、单曲;N/A;6779;9.3;11;40
2014-06-28;30661;Vanilla;录音室专辑;视觉摇滚 Visual Rock;6778;-1;4;40
2014-06-28;30702;未来日記;原声带、影视音乐 ;N/A;6780;9.2;5;41
2014-06-28;30662;12月のLove Song;EP、单曲;视觉摇滚 Visual Rock;6778;-1;6;43
2014-06-28;30566;Garnet Moon/祈り;EP、单曲;N/A;6756;-1;3;46
2014-06-28;30678;SPARKLE~筋書き通りのスカイブルー~;录音室专辑;N/A;6779;9.7;5;47
2014-06-28;30637;虹~もうひとつの夏~;录音室专辑;N/A;6774;-1;6;47
2014-06-28;30664;Mizerable;录音室专辑;视觉摇滚 Visual Rock;6778;9.8;17;49
2014-06-28;30635;milk tea/美しき花;EP、单曲;N/A;6774;9.8;1;49
2014-06-28;30636;東京;EP、单曲;N/A;6774;-1;8;51
2014-06-28;30710;ベスト オブ ゴー!ゴー!;录音室专辑;N/A;6781;9.0;4;53
2014-06-28;30675;忘れ咲き;EP、单曲;N/A;6779;9.4;12;55
2014-06-28;30676;I\'m Waiting 4 You;录音室专辑;N/A;6779;9.7;10;57
2014-06-28;30652;Diabolos;录音室专辑;视觉摇滚 Visual Rock;6778;10.0;8;57
2014-06-28;30616;Transition [Repackage];录音室专辑;韩国抒情曲 Korean Ballad;6771;8.8;13;59
2014-06-28;30705;Pure Soul;录音室专辑;N/A;6780;9.6;5;62
2014-06-28;30649;Returner-闇の终焉-;录音室专辑;视觉摇滚 Visual Rock;6778;9.2;8;62
2014-06-28;30668;THE TWILIGHT VALLEY;录音室专辑;N/A;6779;9.7;14;64
2014-06-28;30591;Completely Recorded;精选集;N/A;6759;9.4;10;64
2014-06-28;30650;野に咲く花のように;录音室专辑;视觉摇滚 Visual Rock;6778;9.6;9;70
2014-06-28;30711;鬣(タテガミ)(初回版);录音室专辑;N/A;6781;9.4;9;71
2014-06-28;30644;Dear Magnum Collection 1999;精选集;N/A;6774;9.8;8;73
2014-06-28;30686;Ballad Best Singles - White Road;精选集;N/A;6780;-1;18;74
2014-06-28;30588;Faces Places;录音室专辑;N/A;6758;9.8;15;74
2014-06-28;30605;Single Best;精选集;N/A;6765;9.7;11;75
2014-06-28;30651;Redemption;录音室专辑;视觉摇滚 Visual Rock;6778;9.6;12;82
2014-06-28;30657;The Seventh Night;录音室专辑;视觉摇滚 Visual Rock;6778;9.6;9;95
2014-06-28;30659;Moon;录音室专辑;视觉摇滚 Visual Rock;6778;9.7;15;100
2014-06-28;30699;DRIVE~GLAY complete BEST~ ;精选集;N/A;6780;9.6;18;104
2014-06-28;30634;5年モノ;录音室专辑;N/A;6774;9.8;8;110
2014-06-28;30713;あっ、ども。はじめまして。;录音室专辑;N/A;6785;9.5;14;137
2014-06-28;30589;Globe;录音室专辑;N/A;6758;9.8;18;152
2014-06-28;30600;雅;录音室专辑;N/A;61009;9.4;89;1329
2014-06-28;30839;ハナムケノハナタバ;EP、单曲;N/A;6819;-1;0;1
2014-06-28;30837;リンゴとクローバー;录音室专辑;N/A;6819;-1;0;3
2014-06-28;30808;1st Anniversary;录音室专辑;N/A;6812;-1;1;3
2014-06-28;30852;Almost In Love;EP、单曲;N/A;6821;-1;1;4
2014-06-28;30849;遠影 feat. John Legend;EP、单曲;N/A;6821;-1;0;4
2014-06-28;30838;Spice;录音室专辑;N/A;6819;-1;2;4
2014-06-28;30832;Ken & Mary No Merikenko On Stage!;录音室专辑;N/A;6818;-1;0;4
2014-06-28;30830;スクランブル;EP、单曲;N/A;6818;-1;0;4
2014-06-28;30828;今にきっと...In My Life;EP、单曲;N/A;6818;-1;0;4
2014-06-28;30811;Travel, Directions;录音室专辑;韩国抒情曲 Korean Ballad;6814;-1;0;4
2014-06-28;30865;ゆれる;录音室专辑;N/A;6826;-1;2;5
2014-06-28;30833;マッキング Gold 1;录音室专辑;N/A;6818;-1;0;6
2014-06-28;30827;Some Boys! Touch;EP、单曲;N/A;6818;-1;4;6
2014-06-28;30822;Cranberry Soda;录音室专辑;N/A;6815;-1;0;6
2014-06-28;30820;ジュリア;EP、单曲;N/A;6815;-1;0;6
2014-06-28;30812;誰の為でもなく君に...;EP、单曲;N/A;6815;-1;1;6
2014-06-28;30782;You Smile, Don\'t Cry;录音室专辑;N/A;6802;-1;1;6
2014-06-28;30860;Floatin\';EP、单曲;N/A;6821;-1;0;7
2014-06-28;30831;うわさのSexy Guy;EP、单曲;N/A;6818;-1;0;7
2014-06-28;30818;静かな夜は二人でいよう;EP、单曲;N/A;6815;-1;1;7
2014-06-28;30856;白の吐息;EP、单曲;N/A;6821;-1;0;8
2014-06-28;30854;キミがいる;EP、单曲;N/A;6821;-1;1;8
2014-06-28;30842;11 Songs;录音室专辑;N/A;6819;-1;2;8
2014-06-28;30819;Ne;EP、单曲;N/A;6815;-1;4;8
2014-06-28;30801;Love 2000;EP、单曲;N/A;6808;-1;0;8
2014-06-28;30796;Japanese Girl;EP、单曲;N/A;6808;-1;1;8
2014-06-28;30720;コミュニケイション;EP、单曲;N/A;6787;-1;0;8
2014-06-28;30858;Your Name Never Gone / Now Or Never / You Got Me;EP、单曲;N/A;6821;-1;1;9
2014-06-28;30843;Pleasure;EP、单曲;N/A;6820;-1;2;9
2014-06-28;30829;Premium Album Best 1;录音室专辑;N/A;6818;-1;0;9
2014-06-28;30826;シークレット;EP、单曲;N/A;6818;-1;1;9
2014-06-28;30807;Leave More Than Morning;录音室专辑;N/A;6810;-1;1;9
2014-06-28;30795;CRAZY☆MAMA;EP、单曲;N/A;6808;-1;0;9
2014-06-28;30835;Foot Print-花＊花Works 2000-2003;精选集;N/A;6819;-1;1;10
2014-06-28;30797;ヒカリ;EP、单曲;N/A;6808;-1;1;10
2014-06-28;30726;Ballad Special;录音室专辑;N/A;6789;-1;2;11
2014-06-28;30859;Between The Lines;录音室专辑;N/A;6821;-1;0;12
2014-06-28;30855;Hot Chemistry;录音室专辑;N/A;6821;-1;0;12
2014-06-28;30716;Chou-Fleur;录音室专辑;N/A;6786;-1;4;12
2014-06-28;30864;노라보세;录音室专辑;流行说唱 Pop Rap;6825;-1;4;13
2014-06-28;30794;Love Concent;录音室专辑;N/A;6808;-1;1;13
2014-06-28;30862;PIECES OF A DREAM;EP、单曲;N/A;6821;-1;1;14
2014-06-28;30788;いつか二人で/ I Will Take You;录音室专辑;N/A;6755;-1;1;14
2014-06-28;30725;London Koyote;录音室专辑;N/A;6789;-1;1;14
2014-06-28;30847;空の奇迹;EP、单曲;N/A;6821;-1;1;15
2014-06-28;30851;Fo(U)R;录音室专辑;N/A;6821;-1;3;16
2014-06-28;30814;Vanilla;录音室专辑;N/A;6815;-1;1;18
2014-06-28;30850;Re:Fo(U)R M;录音室专辑;N/A;6821;-1;1;20
2014-06-28;30836;コモリウタ;录音室专辑;N/A;6819;-1;2;20
2014-06-28;30728;버젼투 必Up되다[Repackage];录音室专辑;N/A;6789;-1;6;20
2014-06-28;30717;After Tone;录音室专辑;N/A;6786;-1;4;21
2014-06-28;30845;Kahala Compilation;精选集;N/A;6820;-1;3;22
2014-06-28;30719;私の中の微風 ;录音室专辑;N/A;6786;-1;7;22
2014-06-28;30815;Very Best Of Songs・・・;精选集;N/A;6815;-1;2;23
2014-06-28;30730;실연;录音室专辑;N/A;6789;-1;4;23
2014-06-28;30721;Sympathy;录音室专辑;N/A;6787;-1;5;25
2014-06-28;30857;One×One;录音室专辑;N/A;6821;-1;8;29
2014-06-28;30841;2Souls;录音室专辑;N/A;6819;-1;4;29
2014-06-28;30738;For Someone Needs Love;录音室专辑;N/A;6791;-1;8;29
2014-06-28;30861;Second to None;录音室专辑;N/A;6821;-1;6;30
2014-06-28;30718;Liberte;录音室专辑;N/A;6786;-1;5;30
2014-06-28;30739;Anges ;录音室专辑;N/A;6791;-1;5;31
2014-06-28;30731;코요태;录音室专辑;N/A;6789;-1;10;31
2014-06-28;30821;深愛~only one~;录音室专辑;N/A;6815;-1;9;32
2014-06-28;30853;Wings of Words;EP、单曲;N/A;6821;9.0;3;33
2014-06-28;30816;Love;录音室专辑;N/A;6815;-1;6;33
2014-06-28;30746;Promise;EP、单曲;N/A;57109;-1;5;40
2014-06-28;30848;All The Best;精选集;N/A;6821;-1;3;42
2014-06-28;30715;HIGH G.K LOW ~ハジケロ~;EP、单曲;N/A;6785;-1;3;43
2014-06-28;30813;Evergreen -あなたの忘れ物-;录音室专辑;N/A;6815;-1;8;55
2014-06-28;30846;Love Brace;录音室专辑;N/A;6820;9.8;13;60
2014-06-28;30722;僕たちの行方;EP、单曲;N/A;6787;8.9;5;64
2014-06-28;30817;人间失格;录音室专辑;N/A;6815;8.8;7;69
2014-06-28;30867;Enter The Dragon;录音室专辑;N/A;6827;9.5;23;74
2014-06-28;30784;hide PERFECT SINGLE BOX;精选集;视觉摇滚 Visual Rock;6805;10.0;10;88
2014-06-28;30803;Season\'s Call;EP、单曲;视觉摇滚 Visual Rock;6809;9.1;11;93
2014-06-28;30785;KING OF PSYBORG ROCK STAR;精选集;视觉摇滚 Visual Rock;6805;9.9;12;94
2014-06-28;30786;hide SINGLES ～Junk Story～;精选集;视觉摇滚 Visual Rock;6805;9.4;16;98
2014-06-28;30787;PSYENCE;录音室专辑;视觉摇滚 Visual Rock;6805;9.8;14;101
2014-06-28;30825;브라운 아이즈;录音室专辑;韩国抒情曲 Korean Ballad;6817;9.6;24;158
2014-06-28;30777;늑대와 양;录音室专辑;N/A;6800;10.0;43;200
2014-06-28;30779;We Hate All Kinds Of Violence...;录音室专辑;N/A;6800;9.8;48;218
2014-06-28;30804;666;录音室专辑;视觉摇滚 Visual Rock;6809;10.0;30;219
2014-06-28;30802;Faith;录音室专辑;视觉摇滚 Visual Rock;6809;9.6;24;228
2014-06-28;30776;Resurrection ;录音室专辑;N/A;6800;9.8;45;245
2014-06-28;30773;Outside Castle;录音室专辑;N/A;6800;9.9;72;282
2014-06-28;30775;Iyah!;录音室专辑;N/A;6800;9.9;82;286
2014-06-28;30805;Roentgen English;录音室专辑;视觉摇滚 Visual Rock;6809;9.8;45;457
2014-06-28;30806;Roentgen;录音室专辑;视觉摇滚 Visual Rock;6809;9.6;84;583
2014-06-28;30763;恋恋風歌;录音室专辑;N/A;6799;9.5;51;727
2014-06-28;30964;Kuzu Album;录音室专辑;N/A;6859;-1;0;1
2014-06-28;30892;与她的离别;录音室专辑;N/A;6839;-1;0;1
2014-06-28;30950;Kim Hyun Jung 7 ;录音室专辑;流行舞曲 Dance-Pop;23897;-1;0;3
2014-06-28;30873;シュレッダー;录音室专辑;N/A;6831;-1;0;3
2014-06-28;30947;Air On G-String;录音室专辑;N/A;6851;-1;0;4
2014-06-28;30948;Water Notes;录音室专辑;N/A;6852;-1;0;9
2014-06-28;30877;Hoony 03;录音室专辑;韩国抒情曲 Korean Ballad;6834;-1;1;9
2014-06-28;31016;Reflection Of Sound;录音室专辑;N/A;32355;-1;2;10
2014-06-28;30949;P-Train;录音室专辑;N/A;6852;-1;2;11
2014-06-28;30923;Noriko Box;精选集;N/A;6847;-1;1;11
2014-06-28;30876;Ever Lasting;录音室专辑;韩国抒情曲 Korean Ballad;6834;-1;5;11
2014-06-28;30879;Kang Sung Hoon Vol.2;录音室专辑;韩国抒情曲 Korean Ballad;6834;-1;3;13
2014-06-28;30913;Magic;录音室专辑;N/A;6844;-1;1;15
2014-06-28;30880;비상;录音室专辑;韩国抒情曲 Korean Ballad;6834;-1;6;15
2014-06-28;30976;Victory;录音室专辑;流行舞曲 Dance-Pop;6863;-1;3;17
2014-06-28;30911;上海慕情/情热ナミダ;录音室专辑;N/A;6842;-1;2;17
2014-06-28;30980;One More Time;录音室专辑;流行舞曲 Dance-Pop;6863;-1;6;18
2014-06-28;30925;miracle;EP、单曲;N/A;6847;-1;3;18
2014-06-28;30979;New World;录音室专辑;流行舞曲 Dance-Pop;6863;-1;3;20
2014-06-28;30919;Mitsuboshi;录音室专辑;N/A;6846;-1;3;22
2014-06-28;31022;Beautiful Love;录音室专辑;N/A;6878;-1;2;24
2014-06-28;30957;爱さない;录音室专辑;N/A;6856;-1;1;24
2014-06-28;30977;Funky Together;录音室专辑;流行舞曲 Dance-Pop;6863;-1;1;25
2014-06-28;30872;ヒカリモノ;录音室专辑;N/A;6830;-1;8;25
2014-06-28;30932;横颜;EP、单曲;N/A;6847;-1;4;26
2014-06-28;30915;As One;录音室专辑;N/A;6844;-1;6;26
2014-06-28;30922;White Girl;录音室专辑;N/A;6847;-1;4;27
2014-06-28;30938;Blue Wind;录音室专辑;N/A;6847;-1;3;29
2014-06-28;30953;生きてこそ;EP、单曲;N/A;6856;-1;1;30
2014-06-28;30920;世界中の誰よりきっと ;EP、单曲;N/A;6847;-1;4;32
2014-06-28;30936;Watercolour;精选集;N/A;6847;-1;6;34
2014-06-28;30955;帰る場所;录音室专辑;N/A;6856;-1;4;38
2014-06-28;30931;Work Out Fine;录音室专辑;N/A;6847;-1;6;39
2014-06-28;30929;Pure Collection;精选集;N/A;6847;-1;3;39
2014-06-28;30940;The First Blooming;录音室专辑;N/A;6849;9.6;11;42
2014-06-28;30981;Re-Wind;录音室专辑;N/A;6864;9.5;4;44
2014-06-28;31018;Vitamin K;录音室专辑;N/A;6878;-1;12;45
2014-06-28;30954;Wonderful Days;录音室专辑;N/A;6856;-1;2;45
2014-06-28;30934;素顔~ノーメイク;录音室专辑;N/A;6847;-1;13;49
2014-06-28;30921;Best Selection;精选集;N/A;6847;-1;4;50
2014-06-28;30898;Snow!Snow!Snow!;EP、单曲;N/A;6841;9.4;12;56
2014-06-28;30894;Brand New Song;EP、单曲;N/A;6841;9.4;12;58
2014-06-28;30904;情熱;EP、单曲;N/A;6841;8.8;5;60
2014-06-28;30901;永遠のBLOODS;EP、单曲;N/A;6841;9.2;8;63
2014-06-28;30905;ボクの背中には羽根がある ;EP、单曲;N/A;6841;9.6;7;70
2014-06-28;30984;Invisible Things;录音室专辑;N/A;6864;9.7;6;80
2014-06-28;30935;我爱美人鱼;录音室专辑;N/A;6847;9.2;22;80
2014-06-28;30927;Asia2000 Words Of Love;精选集;N/A;6847;9.3;12;86
2014-06-28;30896;Harmony Of December;EP、单曲;N/A;6841;9.6;13;86
2014-06-28;30897;夏模様;EP、单曲;N/A;6841;9.6;10;87
2014-06-28;30909;C album;录音室专辑;N/A;6841;9.8;10;90
2014-06-28;30986;Florist[Repackage];录音室专辑;N/A;6864;8.7;9;92
2014-06-28;30961;好きな人 〜キロロの空〜;录音室专辑;N/A;6856;9.6;7;95
2014-06-28;30910;B album;录音室专辑;N/A;6841;9.7;12;97
2014-06-28;30906;D album;录音室专辑;N/A;6841;9.8;10;98
2014-06-28;30903;E Album;录音室专辑;N/A;6841;9.7;7;101
2014-06-28;31019;Sings Super Standards;录音室专辑;N/A;6878;9.8;13;104
2014-06-28;30902;F Album;录音室专辑;N/A;6841;9.7;11;104
2014-06-28;31011;君のために僕がいる;EP、单曲;N/A;6874;9.2;1;110
2014-06-28;30943;僕らの街で;EP、单曲;日本流行 J-Pop;6850;9.7;13;111
2014-06-28;30944;SIGNAL;EP、单曲;日本流行 J-Pop;6850;9.8;3;112
2014-06-28;30895;I Album -Id-;录音室专辑;N/A;6841;9.8;14;115
2014-06-28;30916;LA・LA・LA LOVE SONG;录音室专辑;日本流行 J-Pop;6844;9.8;18;118
2014-06-28;30899;H Album-H.A.N.D-;录音室专辑;N/A;6841;9.9;15;123
2014-06-28;31020;Voices -The Best Of Keiko Lee;录音室专辑;N/A;6878;9.2;9;126
2014-06-28;30870;The Great Escape;精选集;N/A;6829;9.4;11;126
2014-06-28;31012;感謝カンゲキ雨嵐;EP、单曲;N/A;6874;9.5;2;127
2014-06-28;30965;Aigakikoeru;录音室专辑;N/A;6860;9.6;7;128
2014-06-28;30956;Four Leaves Clover;录音室专辑;日本 | 岛呗 Shima Uta;6856;8.8;12;129
2014-06-28;31010;ナイスな心意気;EP、单曲;N/A;6874;9.6;4;134
2014-06-28;31006;瞳の中のGalaxy/Hero;EP、单曲;N/A;6874;9.9;6;137
2014-06-28;30900;Kinki Single Selection Ⅱ;精选集;N/A;6841;9.7;6;143
2014-06-28;31009;ハダシの未来/言葉より大切なもの;EP、单曲;N/A;6874;9.8;8;146
2014-06-28;30946;Real Face;EP、单曲;日本流行 J-Pop;6850;9.7;23;154
2014-06-28;31008;PIKA★★NCHI DOUBLE;EP、单曲;N/A;6874;9.6;11;157
2014-06-28;31002;きっと大丈夫;EP、单曲;N/A;6874;9.9;9;163
2014-06-28;30942;cartoon KAT-TUN II You;录音室专辑;日本流行 J-Pop;6850;9.3;8;163
2014-06-28;31005;サクラ咲ケ;EP、单曲;N/A;6874;9.7;11;166
2014-06-28;31000;アオゾラペダル;EP、单曲;N/A;6874;9.9;13;172
2014-06-28;30958;Kiroroのうた1;精选集;N/A;6856;9.8;12;175
2014-06-28;31003;Wish ;EP、单曲;N/A;6874;9.4;9;177
2014-06-28;30908;Kinki Single Selection;精选集;N/A;6841;9.9;15;181
2014-06-28;30998;We Can Make It!;EP、单曲;N/A;6874;9.4;19;184
2014-06-28;30999;Love So Sweet;EP、单曲;N/A;6874;9.7;12;218
2014-06-28;30983;Nice Dream;录音室专辑;N/A;6864;9.3;15;241
2014-06-28;31007;いざッ、Now;录音室专辑;N/A;6874;9.8;17;259
2014-06-28;30945;Best of KAT-TUN;录音室专辑;日本流行 J-Pop;6850;9.6;30;263
2014-06-28;30963;長い間 ～キロロの森～;录音室专辑;N/A;6856;9.2;30;290
2014-06-28;30875;23時の音楽;原声带、影视音乐 ;N/A;32132;9.4;20;326
2014-06-28;31004;One;录音室专辑;N/A;6874;9.7;34;354
2014-06-28;31001;Arashic;录音室专辑;N/A;6874;9.8;35;367
2014-06-28;30952;キロロのいちばんイイ歌あつめました;录音室专辑;日本 | 岛呗 Shima Uta;6856;9.5;81;752
2014-06-28;30918;空想美术馆;录音室专辑;N/A;6845;9.4;80;1173
2014-06-28;31104;恋する気持ち/YES;EP、单曲;N/A;6899;-1;0;2
2014-06-28;31059;声 ;录音室专辑;N/A;6886;-1;0;2
2014-06-28;31079;Festa;EP、单曲;N/A;6896;-1;1;3
2014-06-28;31152;With You;录音室专辑;N/A;6912;-1;1;4
2014-06-28;31130;Crazy Love;录音室专辑;N/A;6908;-1;0;4
2014-06-28;31101;ツヨクツヨク;录音室专辑;N/A;6899;-1;0;4
2014-06-28;31069;Alright!;EP、单曲;N/A;6890;-1;1;4
2014-06-28;31061;母;录音室专辑;N/A;6886;-1;0;4
2014-06-28;31155;Passione;录音室专辑;N/A;6912;-1;4;5
2014-06-28;31148;Morning Musume;EP、单曲;N/A;6911;-1;1;5
2014-06-28;31121;り・ぼん;EP、单曲;N/A;6908;-1;1;5
2014-06-28;31108;Are yu ready;EP、单曲;N/A;6900;-1;0;5
2014-06-28;31106;約束;EP、单曲;N/A;6899;-1;0;5
2014-06-28;31105;帰ろう歌;录音室专辑;N/A;6899;-1;1;5
2014-06-28;31103;Mihimalife;录音室专辑;N/A;6899;-1;1;5
2014-06-28;31098;Mihimania-コレクション アルバム-;录音室专辑;N/A;6899;-1;1;5
2014-06-28;31175;ANY LOVE ;EP、单曲;N/A;6915;-1;0;8
2014-06-28;31071;Delightful;EP、单曲;N/A;6890;-1;3;8
2014-06-28;31153;Best Selection;精选集;N/A;6912;-1;2;9
2014-06-28;31151;Whatsoever;EP、单曲;N/A;6912;-1;3;9
2014-06-28;31149;ミニモニ。じゃムービーお菓子な大冒険;录音室专辑;N/A;6911;-1;0;9
2014-06-28;31132;Presents;录音室专辑;N/A;6908;-1;2;9
2014-06-28;31078;Jewel of Jewels ;录音室专辑;N/A;6896;-1;1;9
2014-06-28;31133;YES 〜free flower〜;EP、单曲;N/A;6908;-1;2;10
2014-06-28;31099;Mihimagic;录音室专辑;N/A;6899;-1;0;10
2014-06-28;31159;Alive;EP、单曲;N/A;6913;-1;0;11
2014-06-28;31156;Kaleidoscope;录音室专辑;N/A;6913;-1;0;11
2014-06-28;31128;The Waters;录音室专辑;N/A;6908;-1;2;11
2014-06-28;31114;Come Together;EP、单曲;N/A;6904;-1;1;11
2014-06-28;31087;Maximumii;录音室专辑;N/A;6896;-1;3;11
2014-06-28;31074;承诺;录音室专辑;N/A;6892;-1;5;11
2014-06-28;31171;Transistor Glamour;录音室专辑;N/A;6913;-1;2;12
2014-06-28;31165;Spring~start on a journey~;录音室专辑;N/A;6913;-1;2;12
2014-06-28;31161;Cheers;录音室专辑;N/A;6913;-1;1;12
2014-06-28;31122;Self Collection (15 Currents);录音室专辑;N/A;6908;-1;1;12
2014-06-28;31086;Maximum Groove;录音室专辑;N/A;6896;-1;4;12
2014-06-28;31075;Now Or Never 3;录音室专辑;N/A;6892;-1;11;12
2014-06-28;31126;Topics;录音室专辑;N/A;6908;-1;3;13
2014-06-28;31100;いつまでも響くこのmelody/マジカルスピーカー;EP、单曲;N/A;6899;-1;0;13
2014-06-28;31089;Dope Space Nine;录音室专辑;N/A;6898;-1;4;13
2014-06-28;31162;僕のスピードで;EP、单曲;N/A;6913;-1;3;14
2014-06-28;31158;Fairwings;录音室专辑;N/A;6913;-1;2;14
2014-06-28;31107;自然野;录音室专辑;N/A;6900;-1;0;14
2014-06-28;31091;Loop In My Heart/Hey!;录音室专辑;N/A;6898;-1;0;14
2014-06-28;31131;Destiny;EP、单曲;N/A;6908;-1;4;16
2014-06-28;31129;New Adventure;录音室专辑;N/A;6908;-1;3;18
2014-06-28;31109;Miracle;录音室专辑;N/A;6900;-1;0;18
2014-06-28;31037;Never Again;录音室专辑;韩国抒情曲 Korean Ballad;6881;-1;2;20
2014-06-28;31123;Fantasy;录音室专辑;N/A;6908;-1;4;21
2014-06-28;31177;ASCENSION;录音室专辑;N/A;6915;-1;3;22
2014-06-28;31038;I Believe;录音室专辑;韩国抒情曲 Korean Ballad;6881;-1;3;22
2014-06-28;31167;想い出がいっぱい;EP、单曲;N/A;6913;-1;2;24
2014-06-28;31170;永遠の扉;录音室专辑;N/A;6913;-1;0;25
2014-06-28;31088;How Bad Do U Want It?;录音室专辑;N/A;6897;-1;6;25
2014-06-28;31125;Singles;录音室专辑;N/A;6908;-1;2;26
2014-06-28;31095;Planet Shining;录音室专辑;N/A;6898;-1;7;28
2014-06-28;31039;Jae Won;录音室专辑;N/A;6882;10.0;5;28
2014-06-28;31172;未来の二人に;EP、单曲;N/A;6913;10.0;6;29
2014-06-28;31045;Heaven;EP、单曲;N/A;6883;10.0;7;29
2014-06-28;31043;Passion～情熱～/Heavy world;EP、单曲;N/A;6883;-1;5;29
2014-06-28;31065;Tower;EP、单曲;日本流行 J-Pop;6888;-1;1;30
2014-06-28;31134;Evergreen;录音室专辑;N/A;6908;-1;6;31
2014-06-28;31064;name;EP、单曲;日本流行 J-Pop;6888;-1;6;31
2014-06-28;31060;蓮花;EP、单曲;N/A;6886;-1;3;31
2014-06-28;31169;Colours;录音室专辑;N/A;6913;-1;2;33
2014-06-28;31041;Fantastic Girl;录音室专辑;N/A;6883;-1;7;33
2014-06-28;31096;THE BEST of mihimaru GT;精选集;N/A;6899;-1;3;34
2014-06-28;31085;Maximum Collection;精选集;N/A;6896;-1;5;34
2014-06-28;31102;気分上々↑↑;EP、单曲;N/A;6899;-1;7;35
2014-06-28;31033;Classic;录音室专辑;韩国抒情曲 Korean Ballad;6881;-1;1;38
2014-06-28;31117;四次元 Four Dimensions;EP、单曲;流行摇滚 Pop Rock;6906;-1;2;39
2014-06-28;31115;フェイク;EP、单曲;流行摇滚 Pop Rock;6906;-1;4;42
2014-06-28;31090;Beat Space Nine;录音室专辑;N/A;6898;-1;2;42
2014-06-28;31066;風に乗る船;EP、单曲;日本流行 J-Pop;6888;-1;4;42
2014-06-28;31097;かけがえのない詩;EP、单曲;N/A;6899;9.6;6;48
2014-06-28;31042;This Is Hyony;录音室专辑;N/A;6883;-1;7;48
2014-06-28;31044;Wa - Come On;EP、单曲;N/A;6883;9.8;8;56
2014-06-28;31048;Passion;录音室专辑;N/A;6883;9.9;13;58
2014-06-28;31124;Organic;录音室专辑;N/A;6908;-1;13;65
2014-06-28;31035;My Stay In Sendai;录音室专辑;韩国抒情曲 Korean Ballad;6881;9.4;13;77
2014-06-28;31029;Grace;录音室专辑;韩国抒情曲 Korean Ballad;6881;9.7;9;79
2014-06-28;31054;평화;录音室专辑;N/A;6883;9.8;13;83
2014-06-28;31026;If You...;EP、单曲;N/A;6879;9.7;6;84
2014-06-28;31027;Un-Touch-Able;录音室专辑;N/A;6879;9.7;5;101
2014-06-28;31053;Magic To Go To My Star;录音室专辑;N/A;6883;9.5;20;104
2014-06-28;31173;嵐の中で輝いて;EP、单曲;N/A;6913;9.7;12;108
2014-06-28;31056;Let\'S Go To My Star;录音室专辑;N/A;6883;9.6;26;112
2014-06-28;31051;I Love Natural ;录音室专辑;N/A;6883;9.6;23;115
2014-06-28;31063;TERMINAL;录音室专辑;日本流行 J-Pop;6888;9.7;8;118
2014-06-28;31116;しるし;EP、单曲;流行摇滚 Pop Rock;6906;9.8;14;126
2014-06-28;31119;It\'s A Wonderful World;录音室专辑;流行摇滚 Pop Rock;6906;9.7;18;142
2014-06-28;31067;landmark;录音室专辑;日本流行 J-Pop;6888;9.5;17;163
2014-06-28;31120;Mr.Children1996-2000;精选集;流行摇滚 Pop Rock;6906;9.7;9;192
2014-06-28;31118;シフクノオト;录音室专辑;流行摇滚 Pop Rock;6906;9.5;18;289
2014-06-28;31110;Walking Cloud and Deep Red Sky, Flag Fluttered and the Sun Shined;录音室专辑;后摇 Post-Rock;6902;9.4;22;349
2014-06-28;31163;Best Of Chihirox;精选集;N/A;6913;9.4;35;467
2014-06-28;31111;One Step More and You Die;录音室专辑;后摇 Post-Rock;6902;9.5;37;556
2014-06-28;31113;Formica Blues;录音室专辑;神游舞曲 Trip Hop;24507;9.4;97;1507
2014-06-28;31068;呼吸;录音室专辑;日本流行 J-Pop;6888;9.6;437;4180
2014-06-28;31319;Dream Hunter;录音室专辑;N/A;6950;-1;0;1
2014-06-28;31323;I Have A Dream;录音室专辑;N/A;6950;-1;2;2
2014-06-28;31322;Dream On The Hill;录音室专辑;N/A;6950;-1;0;2
2014-06-28;31318; Korea Drama & Movie O.S.T Remake Album Vol.1;录音室专辑;N/A;6950;-1;0;4
2014-06-28;31332;ピンク スパイダー;EP、单曲;N/A;6953;-1;1;7
2014-06-28;31315;真夏の地図;EP、单曲;N/A;6948;-1;1;9
2014-06-28;31267;장미;EP、单曲;韩国抒情曲 Korean Ballad;6936;-1;3;12
2014-06-28;31274;박혜경+01;录音室专辑;韩国抒情曲 Korean Ballad;6936;-1;1;13
2014-06-28;31291;My All;录音室专辑;N/A;6942;-1;4;14
2014-06-28;31272;Feel Me ;录音室专辑;韩国抒情曲 Korean Ballad;6936;-1;2;14
2014-06-28;31289;Blue Angel;录音室专辑;N/A;6941;-1;5;15
2014-06-28;31269;미소 ;录音室专辑;韩国抒情曲 Korean Ballad;6936;-1;2;15
2014-06-28;31335;Ruppina Best;录音室专辑;N/A;6954;-1;3;17
2014-06-28;31279;Second Story;录音室专辑;N/A;6938;-1;0;17
2014-06-28;31273;O2;录音室专辑;韩国抒情曲 Korean Ballad;6936;-1;2;18
2014-06-28;31284;On & On;录音室专辑;N/A;6940;-1;3;20
2014-06-28;31270;서신;录音室专辑;韩国抒情曲 Korean Ballad;6936;-1;4;20
2014-06-28;31277;Soul Tree;录音室专辑;N/A;6938;-1;4;21
2014-06-28;31278;Time-Honored Voice;录音室专辑;N/A;6938;-1;2;22
2014-06-28;31286;Woo~ Twenty One;录音室专辑;N/A;6941;-1;5;24
2014-06-28;31280;박효신 1집;录音室专辑;N/A;6938;-1;4;27
2014-06-28;31327;ねがいごと;EP、单曲;N/A;6951;-1;2;29
2014-06-28;31275;기별;录音室专辑;韩国抒情曲 Korean Ballad;6937;-1;10;30
2014-06-28;31307;Free Way;EP、单曲;韩国抒情曲 Korean Ballad;32788;-1;5;31
2014-06-28;31271;Seraphim;录音室专辑;韩国抒情曲 Korean Ballad;6936;-1;6;33
2014-06-28;31326;Tiny Tiny Melody;EP、单曲;N/A;6951;-1;4;34
2014-06-28;31306;Move On;EP、单曲;韩国抒情曲 Korean Ballad;32788;-1;6;39
2014-06-28;31305;Bmw Meets Truth;EP、单曲;韩国抒情曲 Korean Ballad;32788;-1;5;39
2014-06-28;31324;Until I Say;EP、单曲;N/A;6951;-1;3;41
2014-06-28;31276;The Breeze Of Sea;录音室专辑;N/A;6938;10.0;7;43
2014-06-28;31285;Op.4;录音室专辑;N/A;6940;-1;10;51
2014-06-28;31316;銀色の空;EP、单曲;N/A;6948;9.8;3;64
2014-06-28;31304;Eternal Rain;录音室专辑;韩国抒情曲 Korean Ballad;32788;-1;8;67
2014-06-28;31308;Sad Tango;EP、单曲;韩国抒情曲 Korean Ballad;32788;-1;13;69
2014-06-28;31288;성인식;录音室专辑;N/A;6941;9.3;12;78
2014-06-28;31328;I Wanna Go To A Place...;EP、单曲;N/A;6951;9.1;13;80
2014-06-28;31325;ROSE ALBUM;录音室专辑;N/A;6951;9.4;3;81
2014-06-28;31294;겨울... 봄, 여름, 가을;录音室专辑;童声合唱团 Children's Chorus;6944;-1;9;107
2014-06-28;31260;そら;录音室专辑;N/A;6935;8.8;23;119
2014-06-28;31268;Yesterday;录音室专辑;韩国抒情曲 Korean Ballad;6936;9.4;31;190
2014-06-28;31329;Rie fu;录音室专辑;N/A;6951;9.3;16;218
2014-06-28;31302;Rain\'s World;录音室专辑;韩国抒情曲 Korean Ballad;32788;9.0;33;236
2014-06-28;31300;CHAGE&ASKA MTV UNPLUGGED LIVE;现场专辑;N/A;6945;9.6;28;311
2014-06-28;31330;Life is Like a Boat;EP、单曲;N/A;6951;9.6;81;617
2014-06-28;31443;幸せのちから;EP、单曲;N/A;6979;-1;3;0
2014-06-28;31409;Borderland/The Love We Make/In The Rhytm;录音室专辑;N/A;6972;-1;0;0
2014-06-28;31381;Oh we Oh;录音室专辑;N/A;6961;-1;0;0
2014-06-28;31440;Sparkle Train;录音室专辑;N/A;6978;-1;0;1
2014-06-28;31412;Soul River;录音室专辑;N/A;6973;-1;0;1
2014-06-28;31408;Renascence;录音室专辑;N/A;6972;-1;0;1
2014-06-28;31405;Risk;录音室专辑;N/A;6971;-1;1;1
2014-06-28;31417;Key Of Love;录音室专辑;N/A;6973;-1;0;2
2014-06-28;31414;誰かが君を想ってる;录音室专辑;N/A;6973;-1;0;2
2014-06-28;31401;The Story Of 12 Love;录音室专辑;N/A;6968;-1;1;2
2014-06-28;31392;Another Day;录音室专辑;N/A;6962;-1;0;2
2014-06-28;31451;Beautiful Dreamer;EP、单曲;N/A;6979;-1;3;3
2014-06-28;31403;Siam Shade;录音室专辑;N/A;6971;-1;1;3
2014-06-28;31400;IMPROVER;录音室专辑;N/A;6967;-1;1;3
2014-06-28;31450;Glisten;EP、单曲;N/A;6979;-1;1;4
2014-06-28;31380;SOUL ESSENCE ;录音室专辑;N/A;6961;-1;0;4
2014-06-28;31441;Oh My Sister;录音室专辑;N/A;6978;-1;0;5
2014-06-28;31439;Pray / Xxx Feat.倖田来未;录音室专辑;N/A;6978;-1;0;5
2014-06-28;31382;Soul Collection;录音室专辑;N/A;6961;-1;1;5
2014-06-28;31448;Heads or Tails ? ;录音室专辑;N/A;6979;-1;2;6
2014-06-28;31438;Naked;录音室专辑;N/A;6978;-1;0;6
2014-06-28;31411;Singles 2002-2006;录音室专辑;N/A;6973;-1;1;6
2014-06-28;31407;II;录音室专辑;N/A;6971;-1;1;6
2014-06-28;31406;Siam Shade Iii;录音室专辑;N/A;6971;-1;2;6
2014-06-28;31404;Life;EP、单曲;N/A;6971;-1;0;6
2014-06-28;31468;I Can\'t See,I Can\'t Feel;EP、单曲;N/A;6983;-1;0;7
2014-06-28;31466;いつも心に太陽を;EP、单曲;N/A;6983;-1;0;7
2014-06-28;31462;Everybody Jump;EP、单曲;N/A;6983;-1;2;7
2014-06-28;31445;Dear Friend;EP、单曲;N/A;6979;-1;3;7
2014-06-28;31339;Violet Flow;录音室专辑;N/A;6954;-1;0;7
2014-06-28;31449;SWEET BRIDGE ;录音室专辑;N/A;6979;-1;3;8
2014-06-28;31447;Get Over ;EP、单曲;N/A;6979;-1;2;8
2014-06-28;31446;to YOU ;EP、单曲;N/A;6979;-1;0;8
2014-06-28;31442;誰より好きなのに;EP、单曲;N/A;6979;-1;4;8
2014-06-28;31437;Crystallized;录音室专辑;N/A;6978;-1;0;8
2014-06-28;31383;Lana;录音室专辑;N/A;6961;-1;2;8
2014-06-28;31475;Worldillia;录音室专辑;N/A;30576;-1;0;9
2014-06-28;31470;m-CABI;录音室专辑;N/A;30576;-1;0;11
2014-06-28;31393;I Have A Dream;录音室专辑;N/A;6964;-1;5;11
2014-06-28;31386;The star XVII ;录音室专辑;N/A;6961;-1;1;11
2014-06-28;31385;Your Favorite;录音室专辑;N/A;6961;-1;2;11
2014-06-28;31453;One More Dream;EP、单曲;N/A;6980;-1;1;12
2014-06-28;31367;Taebin Of 1Tym;录音室专辑;N/A;6958;-1;3;12
2014-06-28;31472;ジョバイロ/DON\'T CALL ME CRAZY;EP、单曲;N/A;30576;-1;1;13
2014-06-28;31459;Greatest 1997-2001;录音室专辑;N/A;6982;-1;0;13
2014-06-28;31358;三日月ラプソディー;EP、单曲;N/A;6956;-1;1;13
2014-06-28;31463;飛び立てない私にあなたが翼をくれた(无法飞翔的我,你给我羽翼);EP、单曲;N/A;6983;-1;5;14
2014-06-28;31471;ヒトリノ夜;EP、单曲;N/A;30576;-1;6;16
2014-06-28;31467;君と約束した優しいあの場所まで;EP、单曲;N/A;6983;-1;1;17
2014-06-28;31356;愿い;EP、单曲;N/A;6956;-1;0;17
2014-06-28;31395;See-Saw;录音室专辑;N/A;6964;-1;4;20
2014-06-28;31436;Best Of Soulhead;录音室专辑;N/A;6978;-1;2;21
2014-06-28;31444;24-twenty four-;录音室专辑;N/A;6979;-1;3;23
2014-06-28;31387;涼季;录音室专辑;N/A;6961;-1;5;25
2014-06-28;31464;U-ka Saegusa IN db Ⅱ;录音室专辑;N/A;6983;-1;3;26
2014-06-28;31469;Secret & Lies;录音室专辑;N/A;6983;-1;8;27
2014-06-28;31359;ウタタネ;录音室专辑;N/A;6956;-1;1;28
2014-06-28;31422;Triangle;录音室专辑;N/A;6975;-1;2;32
2014-06-28;31396;Lovely Sweetheart;录音室专辑;N/A;6965;-1;3;32
2014-06-28;31473;Porno Graffitti Best Blue\'s;精选集;N/A;30576;-1;1;38
2014-06-28;31474;Porno Graffitti Best Red\'s;精选集;N/A;30576;-1;1;49
2014-06-28;31458;When Pop Hits The Fan;录音室专辑;N/A;6981;-1;5;49
2014-06-28;31480;The Best Selection Of First Moritaka 1987-1993;录音室专辑;N/A;6985;-1;9;55
2014-06-28;31455;Carry On My Way;录音室专辑;N/A;6980;-1;6;56
2014-06-28;31460;三枝夕夏 IN d-best~Smile&Tears~;录音室专辑;N/A;6983;9.3;6;59
2014-06-28;31390;ROOM 508 ;录音室专辑;N/A;6961;9.3;20;67
2014-06-28;31354;蛍火;EP、单曲;N/A;6956;9.2;4;67
2014-06-28;31342;スピネル;EP、单曲;N/A;6955;8.9;6;76
2014-06-28;31427;SMAP 016/MIJ;录音室专辑;N/A;6975;9.9;5;95
2014-06-28;31341;微笑みのマリア;EP、单曲;N/A;6955;9.6;13;101
2014-06-28;31456;Moment;录音室专辑;N/A;6980;9.3;16;108
2014-06-28;31364;八千代ノ風;EP、单曲;N/A;6957;9.1;7;117
2014-06-28;31346;トロイメライ;EP、单曲;N/A;6955;9.4;18;132
2014-06-28;31368;S;录音室专辑;N/A;6959;9.2;34;155
2014-06-28;31343;ミーム;录音室专辑;N/A;6955;9.6;27;185
2014-06-28;31394;Dream Field;录音室专辑;N/A;6964;9.6;17;196
2014-06-28;31483;抱いてセニョリータ;录音室专辑;N/A;6988;9.5;31;221
2014-06-28;31425;世界に一つだけの花;EP、单曲;N/A;6975;9.6;28;238
2014-06-28;31344;プライマリー;EP、单曲;N/A;6955;9.7;36;269
2014-06-28;31363;飛鳥;录音室专辑;N/A;6957;9.5;33;326
2014-06-28;31352;愛し子よ ;EP、单曲;N/A;6955;9.7;71;342
2014-06-28;31365;時空;录音室专辑;N/A;6957;9.4;39;411
2014-06-28;31366;Sakitama~幸魂~;EP、单曲;N/A;6957;9.6;36;461
2014-06-28;31481;百惠传;精选集;N/A;6986;9.7;89;561
2014-06-28;31361;サクラ サクラ;EP、单曲;N/A;6957;9.5;121;726
2014-06-28;31529;雨のエレジーMuddy_Flower;录音室专辑;N/A;78667;-1;0;2
2014-06-28;31534;15 To 30;录音室专辑;N/A;6995;-1;6;19
2014-06-28;31533;Moon;录音室专辑;N/A;6994;-1;4;25
2014-06-28;31537;僕らの心には太阳がある;EP、单曲;N/A;6996;10.0;5;142
2014-06-28;31536;Inspiration#1;录音室专辑;N/A;6996;9.7;3;154
2014-06-28;31562;It\'s A New Day;录音室专辑;N/A;7005;-1;1;6
2014-06-28;31566;モノクロレター;EP、单曲;N/A;7005;-1;0;6
2014-06-28;31565;Here Today-Gone Tomorrow;录音室专辑;N/A;7005;-1;0;7
2014-06-28;31564;Sound drop ~MTV Unplugged + Acoustic live 2005~;现场专辑;N/A;7005;-1;1;10
2014-06-28;31560;僕はまだ何も知らない。;录音室专辑;N/A;7002;9.8;16;137
2014-06-28;31548;Only One;录音室专辑;N/A;6996;9.9;13;233
2014-06-28;31552;新ビーグル号探検記 サウンド・トラック;原声带、影视音乐 ;N/A;6997;9.6;28;239
2014-06-28;31550;休み時間;录音室专辑;N/A;6997;9.5;42;380
2014-06-28;31554;Masala Tea Waltz;录音室专辑;N/A;6997;9.5;56;489
2014-06-28;31555;伽羅 海のシルクロード;录音室专辑;N/A;6997;9.5;70;756
2014-06-28;31556;Kaishin;录音室专辑;N/A;6997;9.6;107;1183
2014-06-28;31553;悲情城市;原声带、影视音乐 ;N/A;6997;9.6;274;2075
2014-06-28;31551;Natural (The Very Best Of S.E.N.S.);精选集;N/A;6997;9.6;215;2816
2014-06-28;31590;From The First Touch;录音室专辑;N/A;7010;-1;1;5
2014-06-28;31590;From The First Touch;录音室专辑;N/A;7010;-1;1;5
2014-06-28;31588;君之音;录音室专辑;N/A;7010;-1;1;7
2014-06-28;31580;학원별곡;录音室专辑;流行舞曲 Dance-Pop,青少年流行 Teen Pop;7007;-1;7;26
2014-06-28;31597;未来になる;EP、单曲;N/A;7013;-1;3;27
2014-06-28;31591;Moyo;录音室专辑;N/A;7012;-1;5;36
2014-06-28;31594;みんなひとり;EP、单曲;N/A;7013;9.4;9;41
2014-06-28;31596;僕らがいた;录音室专辑;N/A;7013;9.5;5;71
2014-06-28;31593;Cherish You;录音室专辑;N/A;7013;9.7;5;76
2014-06-28;31595;Matsu Takako Single Collection 1999-2005;精选集;N/A;7013;9.6;15;140
2014-06-28;31613;ずっと 好きでいいですか;EP、单曲;N/A;7014;-1;0;2
2014-06-28;31615;奇跡の香りダンス。;EP、单曲;N/A;7014;-1;0;2
2014-06-28;31611;砂を噛むように…Namida;EP、单曲;N/A;7014;-1;1;3
2014-06-28;31616;Ne.E?;EP、单曲;N/A;7014;-1;2;4
2014-06-28;31617;草原の人;录音室专辑;N/A;7014;-1;1;7
2014-06-28;31618;T.W.O;录音室专辑;N/A;7014;-1;1;9
2014-06-28;31623;アケイシャ;录音室专辑;N/A;7015;-1;2;11
2014-06-28;31610;明日、春が来たら;EP、单曲;N/A;7013;-1;7;25
2014-06-28;31612;Best 1;精选集;N/A;7014;-1;5;41
2014-06-28;31609;空の鏡;录音室专辑;N/A;7013;9.0;3;69
2014-06-28;31608;いつか、桜の雨に…;录音室专辑;N/A;7013;9.5;106;559
2014-06-28;31650;Dear My Life;录音室专辑;N/A;7023;-1;0;1
2014-06-28;31651;100亿のLove Story;录音室专辑;N/A;7023;-1;0;1
2014-06-28;31641;Feel Your Breeze;EP、单曲;N/A;7020;-1;0;1
2014-06-28;31641;Feel Your Breeze;EP、单曲;N/A;7020;-1;0;1
2014-06-28;31647;Crazy In Love;录音室专辑;韩国抒情曲 Korean Ballad;7022;-1;0;10
2014-06-28;31648;Ucu Pra Cacia;录音室专辑;韩国抒情曲 Korean Ballad;7022;-1;1;15
2014-06-28;31646;애인;录音室专辑;韩国抒情曲 Korean Ballad;7022;-1;2;17
2014-06-28;31649;The First Journey;录音室专辑;韩国抒情曲 Korean Ballad;7022;-1;1;20
2014-06-28;31643;One Day,One Dream;EP、单曲;N/A;7021;10.0;4;27
2014-06-28;31645;To Be,To Be, Ten Made To Be;EP、单曲;N/A;7021;9.1;12;45
2014-06-28;31652;30Th Anniversary Hit Single Collection 37;录音室专辑;N/A;7023;9.9;14;83
2014-06-28;31671;High Number;录音室专辑;N/A;7030;-1;0;1
2014-06-28;31679;みんなのうみ;EP、单曲;N/A;7033;-1;2;3
2014-06-28;31674;Where To Begin;录音室专辑;N/A;7031;-1;1;4
2014-06-28;31668;明日を目指して!;EP、单曲;N/A;6760;-1;0;7
2014-06-28;31672;Silence Whispers;录音室专辑;N/A;7031;-1;3;14
2014-06-28;31673;Lif-E-Motions;录音室专辑;N/A;7031;-1;1;16
2014-06-28;31680;E-Mail My Heart;录音室专辑;N/A;7034;-1;3;24
2014-06-28;31681;Perfect Love;录音室专辑;N/A;7034;-1;4;24
2014-06-28;31684;280Km/H Speed;录音室专辑;N/A;7034;-1;4;27
2014-06-28;31683;New Sensation;录音室专辑;N/A;7034;-1;5;28
2014-06-28;31682;Born Again;录音室专辑;N/A;7034;-1;3;32
2014-06-28;31699;Magic Number;录音室专辑;N/A;7040;-1;0;1
2014-06-28;31701;Sky Triple Dancing feat.LITTLE;EP、单曲;N/A;7041;-1;0;1
2014-06-28;31705;Testimony;录音室专辑;N/A;7046;-1;0;2
2014-06-28;31715;Hava Rava;录音室专辑;N/A;7048;-1;2;6
2014-06-28;31717;5センチ。;录音室专辑;N/A;7048;-1;1;8
2014-06-28;31714;Ready Go!;录音室专辑;N/A;7048;-1;4;9
2014-06-28;31707;グッデイ!!;录音室专辑;N/A;7047;-1;0;16
2014-06-28;31708;メジルシの記憶;录音室专辑;N/A;7047;-1;1;18
2014-06-28;31713;ボクラノ Love Story;录音室专辑;N/A;7048;-1;3;20
2014-06-28;31728;엄마의 일기/오빠;录音室专辑;N/A;7049;-1;5;18
2014-06-28;31729;Kiseki-The Best Of Whiteberry;录音室专辑;N/A;7050;-1;6;48
2014-06-28;31775;7 Seven;录音室专辑;N/A;7064;-1;1;6
2014-06-28;31772;The First Quarter;录音室专辑;N/A;7064;-1;0;6
2014-06-28;31766;Ultra Foxy;录音室专辑;N/A;57096;-1;0;7
2014-06-28;31767;Super Star ;录音室专辑;N/A;57096;-1;0;7
2014-06-28;31774;Shock Of Love;EP、单曲;N/A;7064;-1;1;9
2014-06-28;31771;R.U.O.K?!;录音室专辑;N/A;7064;-1;2;10
2014-06-28;31773;Id:2;精选集;N/A;7064;-1;2;13
2014-06-28;31763;魔彈~Der Freischuts~/LOVE SAVER;录音室专辑;N/A;7057;9.1;6;19
2014-06-28;31769;蓝月亮;录音室专辑;N/A;20902;-1;8;46
2014-06-28;31761;Vanishing Vision;录音室专辑;视觉摇滚 Visual Rock;7056;9.6;41;282
2014-06-28;31764;しあわせのかたち;录音室专辑;N/A;33486;9.4;39;558
2014-06-28;31758;DAHLIA;录音室专辑;视觉摇滚 Visual Rock;7056;9.8;80;645
2014-06-28;31796;ハイファイ メッセージ;EP、单曲;N/A;7068;-1;0;12
2014-06-28;31806;The Remixes Ⅲ (Mix Rice Plantation);录音室专辑;N/A;7068;-1;2;16
2014-06-28;31805;Cyber Trance Presents Elt Trance;录音室专辑;N/A;7068;-1;3;18
2014-06-28;31797;Azure Moon;EP、单曲;N/A;7068;-1;1;20
2014-06-28;31801;Commonplace;录音室专辑;N/A;7068;-1;3;32
2014-06-28;31803;Every Best Single 2;精选集;N/A;7068;-1;2;36
2014-06-28;31804;Many Pieces;录音室专辑;N/A;7068;-1;3;38
2014-06-28;31800;恋文 / Good Night;EP、单曲;N/A;7068;8.7;4;42
2014-06-28;31795;Crispy Park;录音室专辑;N/A;7068;-1;1;47
2014-06-28;31798;きみの て;EP、单曲;N/A;7068;8.6;5;57
2014-06-28;31794;スイミー;EP、单曲;N/A;7068;9.5;11;71
2014-06-28;31799;ACOUSTIC：LATTE;精选集;N/A;7068;9.3;27;273
2014-06-28;31820;永遠と名づけてデイドリーム;EP、单曲;N/A;7069;-1;1;4
2014-06-28;31832;私さがし;EP、单曲;N/A;7070;-1;2;8
2014-06-28;31827;砂のしろ;EP、单曲;N/A;7070;-1;5;11
2014-06-28;31828;涙キラリ飛ばせ;EP、单曲;N/A;7070;-1;1;13
2014-06-28;31819;Tk-Trap;录音室专辑;N/A;7069;-1;10;16
2014-06-28;31824;あなた色;EP、单曲;N/A;7070;-1;5;20
2014-06-28;31829;lyrics;精选集;N/A;7070;-1;2;29
2014-06-28;31818;Everlasting;录音室专辑;N/A;7068;-1;10;49
2014-06-28;31822;小松未歩8~a piece of cake~;录音室专辑;N/A;7070;9.5;10;54
2014-06-28;31821;小松未歩ベスト~once more~;精选集;N/A;7070;9.9;40;329
2014-06-28;31865;Cherry Girl/运命;录音室专辑;N/A;7075;-1;0;0
2014-06-28;31867;梦のうた/ふたりで…;录音室专辑;N/A;7075;-1;0;0
2014-06-28;31866;梦のうた / ふたりで・・・;录音室专辑;N/A;7075;-1;0;0
2014-06-28;31864;Best - Bounce & Lovers;录音室专辑;N/A;7075;-1;0;0
2014-06-28;31863;Freaky;录音室专辑;N/A;7075;-1;0;0
2014-06-28;31862;Melodea;录音室专辑;N/A;7074;-1;1;13
2014-06-28;31861;Merry Go Round;录音室专辑;N/A;7074;-1;3;19
2014-06-28;31855;Oh!Yeah!/ラブ・ストーリーは突然に;EP、单曲;N/A;7071;9.5;16;140
2014-06-28;31850;回顾精选;精选集;N/A;7071;9.5;22;216
2014-06-28;31851;自己ベスト;精选集;N/A;7071;9.6;146;1458
2014-06-28;31889;So Into You;录音室专辑;N/A;7075;-1;0;0
2014-06-28;31892;Take Back;录音室专辑;N/A;7075;-1;0;0
2014-06-28;31893;原来的我;录音室专辑;N/A;7075;-1;0;0
2014-06-28;31891;Trust Your Love;录音室专辑;N/A;7075;-1;0;0
2014-06-28;31890;Meaning Of Peace;录音室专辑;N/A;7075;-1;0;0
2014-06-28;31888;Real Emotion/1000 No Kotoba;录音室专辑;N/A;7075;-1;0;0
2014-06-28;31880;Promise/Star;录音室专辑;N/A;7075;-1;0;0
2014-06-28;31879;初体验 第一次精选 (台湾版);录音室专辑;N/A;7075;-1;0;0
2014-06-28;31885;Girls-Selfish-;录音室专辑;N/A;7075;-1;0;0
2014-06-28;31887;Grow Into One;录音室专辑;N/A;7075;-1;0;0
2014-06-28;31881;Flower;录音室专辑;N/A;7075;-1;0;0
2014-06-28;31879;初体验 第一次精选 (台湾版);录音室专辑;N/A;7075;-1;0;0
2014-06-28;31886;Love&Honey;录音室专辑;N/A;7075;-1;0;0
2014-06-28;31882;Hot Stuff Feat.Km-Markit;录音室专辑;N/A;7075;-1;0;0
2014-06-28;31884;Hands;录音室专辑;N/A;7075;-1;0;0
2014-06-28;31883;倖感机密;录音室专辑;N/A;7075;-1;0;0
2014-06-28;31894;The Best;录音室专辑;N/A;7077;-1;3;17
2014-06-28;31897;Eternal Melody I;录音室专辑;N/A;7081;9.8;41;329
2014-06-28;31896;Eternal MelodyII ;录音室专辑;视觉摇滚 Visual Rock;7081;9.7;71;693
2014-06-28;31920;Panorama;录音室专辑;N/A;7087;-1;0;0
2014-06-28;31921;Starting Point;录音室专辑;N/A;7087;-1;0;0
2014-06-28;31919;Color Of Life;录音室专辑;N/A;7087;-1;0;0
2014-06-28;31918;Fly / May I Be Happy Forever;EP、单曲;N/A;7086;-1;5;4
2014-06-28;31915;スタンドアップ!シスター;EP、单曲;N/A;7084;-1;0;5
2014-06-28;31914;ハミングバード;EP、单曲;N/A;7084;-1;1;9
2014-06-28;31911;歓びの种;EP、单曲;N/A;7084;-1;1;12
2014-06-28;31916;Prismic;录音室专辑;N/A;7084;-1;2;12
2014-06-28;31913;Commune;录音室专辑;N/A;7084;-1;3;23
2014-06-28;31910;ふがいないや;EP、单曲;N/A;7084;-1;2;25
2014-06-28;31927;Stuck On You;EP、单曲;N/A;7093;-1;2;26
2014-06-28;31926;Losin\';EP、单曲;N/A;7093;-1;3;29
2014-06-28;31909;Wave;录音室专辑;N/A;7084;8.8;3;31
2014-06-28;31908;星屑サンセット;EP、单曲;N/A;7084;9.4;6;32
2014-06-28;31912;Joy;录音室专辑;N/A;7084;-1;5;40
2014-06-28;31923;Mahaloha;EP、单曲;N/A;7093;-1;3;41
2014-06-28;31924;Heart;录音室专辑;N/A;7093;9.2;21;125
2014-06-28;31939;柚式幽默;录音室专辑;N/A;7096;-1;0;0
2014-06-28;31941;请开门;录音室专辑;N/A;7096;-1;0;0
2014-06-28;31945;柚子Man;录音室专辑;N/A;7096;-1;0;0
2014-06-28;31940;3カウント;EP、单曲;N/A;23876;-1;0;10
2014-06-28;31943;センチメンタル;EP、单曲;N/A;23876;-1;1;16
2014-06-28;31938;またあえる日まで;EP、单曲;N/A;23876;-1;3;22
2014-06-28;31948;dis-(英語バージョン);录音室专辑;N/A;7098;-1;4;31
2014-06-28;31957;Devil Inside;EP、单曲;日本流行 J-Pop;7100;9.7;2;53
2014-06-28;31954;Keep Tryin\';EP、单曲;日本流行 J-Pop;7100;9.4;6;63
2014-06-28;31955;You Make Me Want To Be A Man;EP、单曲;日本流行 J-Pop;7100;9.8;9;65
2014-06-28;31956;Exodus \'04;EP、单曲;日本流行 J-Pop;7100;9.5;5;83
2014-06-28;31952;ぼくはくま;EP、单曲;日本流行 J-Pop;7100;9.4;20;123
2014-06-28;31947;Life Goes On;录音室专辑;N/A;7098;9.4;13;144
2014-06-28;31946;Tv Song Book 1999-2006;录音室专辑;N/A;7098;9.4;15;198
2014-06-28;31946;Tv Song Book 1999-2006;录音室专辑;N/A;7098;9.4;15;198
2014-06-28;31951;Flavor Of Life;EP、单曲;日本流行 J-Pop;7100;9.6;24;236
2014-06-28;31953;ULTRA BLUE;录音室专辑;日本流行 J-Pop;7100;9.7;37;337
2014-06-28;31950;Beautiful World/Kiss & Cry;EP、单曲;日本流行 J-Pop;7100;9.6;48;572
2014-06-28;31949;Good Luck To You;精选集;N/A;7099;9.5;78;1126
2014-06-28;31975;Love Goes / Eyes;EP、单曲;N/A;7101;-1;0;6
2014-06-28;31974;约束 / Question;录音室专辑;N/A;7101;-1;0;17
2014-06-28;31974;约束 / Question;录音室专辑;N/A;7101;-1;0;17
2014-06-28;31976;Ripple;录音室专辑;N/A;7101;-1;8;23
2014-06-28;31982;プレゼント ;EP、单曲;N/A;7103;-1;3;46
2014-06-28;31986;ニセモノ;录音室专辑;N/A;7103;9.0;11;73
2014-06-28;31985;スペード ;录音室专辑;N/A;7103;9.8;26;159
2014-06-28;31984;Best Harvest ;精选集;N/A;7103;9.7;28;282
2014-06-28;31973;First Love;录音室专辑;日本流行 J-Pop;7100;9.5;189;1353
2014-06-28;31973;First Love;录音室专辑;日本流行 J-Pop;7100;9.5;189;1353
2014-06-28;31998;Penthouse;录音室专辑;N/A;23577;-1;0;0
2014-06-28;32017;Get U\'re Dream;EP、单曲;N/A;7107;-1;3;20
2014-06-28;32013;さわやかな君の気持ち;EP、单曲;N/A;7107;-1;3;20
2014-06-28;32010;瞳闭じて;EP、单曲;N/A;7107;-1;3;26
2014-06-28;32011;明日を夢見て;EP、单曲;N/A;7107;9.7;2;26
2014-06-28;32012;約束のない恋;EP、单曲;N/A;7107;-1;3;26
2014-06-28;32008;もっと近くで君の横顔見ていたい;EP、单曲;N/A;7107;-1;5;26
2014-06-28;32006;かけがえのないもの;EP、单曲;N/A;7107;-1;3;28
2014-06-28;32016;Promised You;EP、单曲;N/A;7107;10.0;3;29
2014-06-28;32003;ハートに火をつけて;EP、单曲;N/A;7107;9.4;3;30
2014-06-28;32004;悲しいほど貴方が好き/カラッといこう!;EP、单曲;N/A;7107;10.0;3;42
2014-06-28;32015;時間の翼;录音室专辑;N/A;7107;9.5;5;56
2014-06-28;32009;异邦人;EP、单曲;N/A;57985;9.4;3;56
2014-06-28;32001;Brezza di mare 〜dedicated to IZUMI SAKAI〜;精选集;N/A;7107;10.0;13;71
2014-06-28;32001;Brezza di mare 〜dedicated to IZUMI SAKAI〜;精选集;N/A;7107;10.0;13;71
2014-06-28;32005;君とのDistance;录音室专辑;N/A;7107;9.8;11;74
2014-06-28;32014;ZARD BLEND II 〜LEAF&SNOW〜;精选集;N/A;7107;9.8;8;76
2014-06-28;32002;Golden Best ~15th Anniversary~;精选集;N/A;7107;9.9;38;386
2014-06-28;32041;あなたを感じていたい;EP、单曲;N/A;7107;-1;1;20
2014-06-28;32042;こんなにそばに居るのに;EP、单曲;N/A;7107;-1;2;21
2014-06-28;32040;Just believe in love/Ready Go!;EP、单曲;N/A;7107;-1;3;21
2014-06-28;32044;もう少し あと少し…;EP、单曲;N/A;7107;-1;3;22
2014-06-28;32046;君がいない;EP、单曲;N/A;7107;-1;3;23
2014-06-28;32039;愛が見えない;EP、单曲;N/A;7107;-1;3;23
2014-06-28;32038;サヨナラは今もこの胸に居ます;EP、单曲;N/A;7107;-1;3;23
2014-06-28;32047;In My Arms Tonight;EP、单曲;N/A;7107;9.8;6;25
2014-06-28;32043;きっと忘れない;EP、单曲;N/A;7107;10.0;2;26
2014-06-28;32029;永遠;EP、单曲;N/A;7107;10.0;6;26
2014-06-28;32028;My Baby Grand 〜ぬくもりが欲しくて〜;EP、单曲;N/A;7107;10.0;3;27
2014-06-28;32045;揺れる想い;EP、单曲;N/A;7107;10.0;5;31
2014-06-28;32033;君に逢いたくなったら;EP、单曲;N/A;7107;9.8;5;33
2014-06-28;32036;心を開いて;EP、单曲;N/A;7107;10.0;11;35
2014-06-28;32034;Don\'t You See;EP、单曲;N/A;7107;9.8;7;46
2014-06-28;32074;My Way;录音室专辑;N/A;7113;9.3;10;86
2014-06-28;32075;No More Drama;录音室专辑;N/A;7113;9.3;17;96
2014-06-28;32101;One Survive;EP、单曲;N/A;7117;-1;4;27
2014-06-28;32096;Love Addict;EP、单曲;N/A;7117;-1;2;27
2014-06-28;32092;Seven;EP、单曲;N/A;7117;-1;2;28
2014-06-28;32091;火の鳥;EP、单曲;N/A;7117;8.8;7;47
2014-06-28;32098;RESISTANCE;EP、单曲;N/A;7117;-1;3;48
2014-06-28;32103;転生;录音室专辑;N/A;7118;9.6;11;83
2014-06-28;32095;FIND THE WAY;EP、单曲;N/A;7117;9.4;16;111
2014-06-28;32095;FIND THE WAY;EP、单曲;N/A;7117;9.4;16;111
2014-06-28;32099;TRUE;录音室专辑;N/A;7117;9.1;14;129
2014-06-28;32097;愛してる;EP、单曲;N/A;7117;9.5;11;133
2014-06-28;32104;いまのきもち;录音室专辑;N/A;7118;9.6;24;137
2014-06-28;32102;元気ですか;精选集;N/A;7118;9.7;26;178
2014-06-28;32090;胧月夜-祈り;EP、单曲;N/A;7117;9.6;17;183
2014-06-28;32089;桜色舞うころ;EP、单曲;N/A;7117;9.8;28;192
2014-06-28;32105;銀の龍の背に乗って;EP、单曲;N/A;7118;9.7;45;259
2014-06-28;32088;MUSIC;录音室专辑;N/A;7117;9.3;35;260
2014-06-28;32093;LØVE;录音室专辑;N/A;7117;9.4;30;314
2014-06-28;32131;10 Carat;录音室专辑;N/A;7124;-1;0;4
2014-06-28;32125;帰省-Never Forget-;EP、单曲;N/A;7120;-1;4;15
2014-06-28;32120;花よ踊れ;EP、单曲;N/A;7120;-1;1;17
2014-06-28;32118;Cure;录音室专辑;N/A;7119;-1;0;22
2014-06-28;32123;Resonancia;录音室专辑;N/A;7120;-1;2;23
2014-06-28;32124;SPOON;录音室专辑;N/A;7120;-1;5;28
2014-06-28;32122;Utahime D.D.;录音室专辑;N/A;7120;-1;1;39
2014-06-28;32127;なつかしゃのシマ;录音室专辑;日本 | 岛呗 Shima Uta;7121;9.7;8;121
2014-06-28;32133;カリソメ乙女 (DEATH JAZZ ver.);EP、单曲;N/A;7125;9.8;11;182
2014-06-28;32128;それぞれに;EP、单曲;日本 | 岛呗 Shima Uta;7121;9.2;16;184
2014-06-28;32119;艶華-Enka-;录音室专辑;N/A;7120;9.8;23;213
2014-06-28;32137;真夜中は純潔;EP、单曲;N/A;7125;9.5;11;286
2014-06-28;32134;りんごのうた;EP、单曲;N/A;7125;9.6;19;327
2014-06-28;32126;花;EP、单曲;日本 | 岛呗 Shima Uta;7121;9.5;45;361
2014-06-28;32136;唄ひ手冥利〜其ノ壱〜;录音室专辑;N/A;7125;9.7;76;1004
2014-06-28;32135;加爾基 栗ノ花;录音室专辑;N/A;7125;9.7;143;1351
2014-06-28;32132;平成風俗;录音室专辑;N/A;7125;9.7;284;2646
2014-06-28;32161;八十块环游世界;录音室专辑;N/A;3063;8.3;14;76
2014-06-28;32162;那一片花;录音室专辑;N/A;1494;9.5;10;77
2014-06-28;32153;爱·科学;录音室专辑;N/A;2951;8.8;7;95
2014-06-28;32166;一切如新;精选集;N/A;2167;-1;7;117
2014-06-28;32152;Late Summer of 1976;录音室专辑;N/A;2592;9.4;27;270
2014-06-28;32154;ENCORE 安可!!;录音室专辑;国语流行 Mandarin Pop;2931;9.4;51;441
2014-06-28;32158;女生宿舍;录音室专辑;国语流行 Mandarin Pop;2931;9.0;86;465
2014-06-28;32157;Together 新歌+精选;精选集;国语流行 Mandarin Pop;2931;9.3;92;526
2014-06-28;32159;奇幻旅程;录音室专辑;国语流行 Mandarin Pop;2931;9.1;87;559
2014-06-28;32156;Super Star;录音室专辑;国语流行 Mandarin Pop;2931;9.4;128;652
2014-06-28;32165;One芳 新歌+精选;精选集;N/A;2167;9.6;47;754
2014-06-28;32155;Forever 新歌+精选;精选集;国语流行 Mandarin Pop;2931;9.3;118;776
2014-06-28;32182;旧调重弹 金选集;精选集;N/A;2733;-1;5;33
2014-06-28;32180;凡人II 我要用什么方式留你;录音室专辑;N/A;2733;-1;6;37
2014-06-28;32181;凡人III 大伙儿听我唱支歌;录音室专辑;N/A;2733;-1;8;44
2014-06-28;32179;Sailing 英文专辑;录音室专辑;N/A;2733;-1;6;61
2014-06-28;32188;山上的孩子;录音室专辑;童声合唱团 Children's Chorus;2650;-1;5;100
2014-06-28;32187;man 镇守爱情;录音室专辑;N/A;2716;9.4;34;174
2014-06-28;32208;12A Acoustic;录音室专辑;N/A;57288;-1;1;24
2014-06-28;32211;那一个春天浪漫 96年演唱会纪实;现场专辑;N/A;1272;-1;5;90
2014-06-28;32226;小柯 同名专辑;录音室专辑;校园民谣 Campus Folk;1006;-1;16;122
2014-06-28;32212;周蕙精选3  寂寞城市;录音室专辑;N/A;2547;8.6;21;131
2014-06-28;32210;专辑 I;录音室专辑;N/A;1272;9.0;33;165
2014-06-28;32215;呼吸 同名专辑;录音室专辑;N/A;2803;9.4;42;373
2014-06-28;32213;周蕙精选;录音室专辑;N/A;2547;9.4;90;660
2014-06-28;32209;Jay 同名专辑;录音室专辑;国语流行 Mandarin Pop;1260;9.7;1324;6731
2014-06-28;32239;再见李香兰;录音室专辑;N/A;1214;-1;2;37
2014-06-28;32243;风的泪 绝对精选;精选集;N/A;1179;-1;13;62
2014-06-28;32251;情定日落桥;精选集;N/A;1170;9.6;9;111
2014-06-28;32238;Harlem No.1 Collection 1987-1998;精选集;N/A;1132;9.4;11;159
2014-06-28;32257;吻我吧 娜娜;原声带、影视音乐 ;N/A;1206;9.5;29;194
2014-06-28;32277;忘了歌坛;精选集;N/A;561;-1;7;58
2014-06-28;32277;忘了歌坛;精选集;N/A;561;-1;7;58
2014-06-28;32270;Jaycee 同名专辑;录音室专辑;N/A;222;9.3;20;93
2014-06-28;32268;Penny 同名专辑;录音室专辑;国语流行 Mandarin Pop;1473;9.3;75;584
2014-06-28;32269;So Penny;精选集;国语流行 Mandarin Pop;1473;9.2;78;1012
2014-06-28;32275;阿姐鼓;录音室专辑;N/A;2577;9.5;282;2189
2014-06-28;32273;遇见我;录音室专辑;N/A;1357;9.2;249;2371
2014-06-28;32315;再见离别;录音室专辑;N/A;2037;-1;7;61
2014-06-28;32314;世间女子;录音室专辑;N/A;2037;8.6;7;63
2014-06-28;32316;无言的歌;录音室专辑;N/A;2037;-1;11;78
2014-06-28;32317;相思已是不曾闲;录音室专辑;N/A;2037;9.4;18;125
2014-06-28;32311;又寂寞又美丽;精选集;国语流行 Mandarin Pop;1700;9.3;78;1026
2014-06-28;32347;追月;录音室专辑;N/A;1300;9.8;11;68
2014-06-28;32334;情歌纪念日;合集、杂锦 ;N/A;709;9.4;30;270
2014-06-28;32334;情歌纪念日;合集、杂锦 ;N/A;709;9.4;30;270
2014-06-28;32346;C\'est La Vie 2.5 资源回收;录音室专辑;N/A;3229;8.9;50;744
2014-06-28;32345;C\'est la vie 这就是生活;录音室专辑;N/A;3229;9.1;136;1793
2014-06-28;32370;年年有余 1996情歌选;录音室专辑;N/A;1353;9.2;12;62
2014-06-28;32374;重回摇滚舞台-群星纪念薛岳逝世十周年演唱会;合集、杂锦 ;N/A;1053;9.4;12;129
2014-06-28;32366;Born To Be A Star 超级珍藏世纪精选;精选集;国语流行 Mandarin Pop;1354;9.5;11;144
2014-06-28;32372;傻话 心太急;录音室专辑;N/A;1348;9.5;27;197
2014-06-28;32360;X;录音室专辑;国语流行 Mandarin Pop;2017;9.1;32;330
2014-06-28;32369;相信 I Do Blieve;录音室专辑;国语流行 Mandarin Pop;1341;8.8;29;449
2014-06-28;32368;呼吸;录音室专辑;国语流行 Mandarin Pop;1341;8.9;42;622
2014-06-28;32373;鲍比达&蔡琴  遇见;录音室专辑;N/A;1348;9.5;87;1035
2014-06-28;32367;T.time 新歌+精选;精选集;国语流行 Mandarin Pop;1341;9.3;87;1783
2014-06-28;32367;T.time 新歌+精选;精选集;国语流行 Mandarin Pop;1341;9.3;87;1783
2014-06-28;32396;最后的夜都市;现场专辑;N/A;1243;8.6;7;64
2014-06-28;32395;Before After;录音室专辑;N/A;1244;-1;3;64
2014-06-28;32389;相见太晚;精选集;N/A;2507;-1;17;92
2014-06-28;32397;老幺的故事;录音室专辑;N/A;1243;9.4;43;214
2014-06-28;32404;1998个人第一张创作专辑;录音室专辑;N/A;22;9.4;49;244
2014-06-28;32390;创造;录音室专辑;N/A;2888;9.4;67;369
2014-06-28;32393;天使 Angel;录音室专辑;N/A;2697;9.2;66;599
2014-06-28;32399;郑钧=zj;录音室专辑;摇滚 Rock & Roll;1237;9.3;74;681
2014-06-28;32398;我们的生活 充满阳光;录音室专辑;摇滚 Rock & Roll;1237;9.1;67;714
2014-06-28;32405;丽江的春天;录音室专辑;N/A;119;9.1;67;751
2014-06-28;32406;这些人 那些人;录音室专辑;N/A;119;9.5;51;763
2014-06-28;32400;失乐园;录音室专辑;N/A;464;9.0;138;858
2014-06-28;32407;魔鬼的情诗 I;精选集;N/A;119;9.8;49;864
2014-06-28;32402;在路旁;录音室专辑;N/A;1248;9.1;90;1045
2014-06-28;32403;寂寞在唱歌;录音室专辑;N/A;1298;9.4;218;1283
2014-06-28;32426;听我唱歌;录音室专辑;N/A;1449;-1;3;29
2014-06-28;32437;美丽新世界 新歌+精选;精选集;N/A;242;9.8;22;57
2014-06-28;32429;爱唱歌 爱创作 2001晶选集;精选集;N/A;2149;9.3;20;177
2014-06-28;32435;我心飞翔 电影原声音乐;原声带、影视音乐 ;原声 Soundtrack,电影配乐 Film Score,校园民谣 Campus Folk;254;9.3;16;224
2014-06-28;32432;Shunza;录音室专辑;N/A;2104;9.4;30;301
2014-06-28;32419;跟你说 听你说;录音室专辑;N/A;1421;9.1;66;353
2014-06-28;32421;Happy Together 二零零三现场作品;现场专辑;N/A;1418;9.2;26;379
2014-06-28;32422;美中毒 极限定演唱会;现场专辑;N/A;1418;9.5;24;439
2014-06-28;32420;2005拜金小姐 第二弹;录音室专辑;N/A;7181;9.5;58;614
2014-06-28;32418;给淑桦的一封信;精选集;N/A;1421;9.6;99;726
2014-06-28;32423;Groupies 吉他手;录音室专辑;N/A;1414;9.5;97;1978
2014-06-28;32424;花的姿态 演唱会经典实录;现场专辑;N/A;1414;9.7;123;2210
2014-06-28;32436;青春无悔;合集、杂锦 ;校园民谣 Campus Folk;254;9.6;234;2290
2014-06-28;32425;陈绮贞 精选 1998-2005;精选集;N/A;1414;9.6;131;2503
2014-06-28;32463;DaDI 阶梯教室 [2000校园民谣];合集、杂锦 ;N/A;7169;-1;2;19
2014-06-28;32466;Love Storm 狂爱龙卷风 [恋曲];原声带、影视音乐 ;N/A;7158;-1;3;25
2014-06-28;32461;BadHead 2 girl\'s day;合集、杂锦 ;N/A;7169;-1;3;43
2014-06-28;32448;凡间+魔戒+折子戏;录音室专辑;N/A;410;9.3;12;50
2014-06-28;32457;101次求婚电视原声带;原声带、影视音乐 ;N/A;7158;-1;1;55
2014-06-28;32459;2002 校园民谣;合集、杂锦 ;校园民谣 Campus Folk;7169;9.0;19;128
2014-06-28;32465;IS #2;合集、杂锦 ;N/A;7169;9.2;8;137
2014-06-28;32467;Simple Life Urban Folk 都会新民谣选辑;合集、杂锦 ;N/A;7169;8.5;13;182
2014-06-28;32464;FUN! 1;合集、杂锦 ;校园民谣 Campus Folk;254;9.3;46;198
2014-06-28;32462;Badhead 3 花园村;合集、杂锦 ;N/A;7169;7.9;14;205
2014-06-28;32451;黑豹IV 不能让我的烦恼没机会表白;录音室专辑;摇滚 Rock & Roll;2788;8.8;50;256
2014-06-28;32450;黑豹III 无是无非;录音室专辑;摇滚 Rock & Roll;2788;8.8;55;285
2014-06-28;32458;20 30 40 爱得精彩;原声带、影视音乐 ;N/A;7158;9.4;24;303
2014-06-28;32460;2007小草地二年级音乐同学会;合集、杂锦 ;N/A;7169;9.1;64;627
2014-06-28;32449;黑豹 同名专辑;录音室专辑;硬摇滚 Hard Rock,摇滚 Rock & Roll,流行摇滚 Pop Rock;2788;9.7;422;3669
2014-06-28;32479;卓越2000;合集、杂锦 ;N/A;7169;-1;4;20
2014-06-28;32486;岁月风华之恋曲典藏;合集、杂锦 ;N/A;7169;-1;2;23
2014-06-28;32495;永远有多远 电视连续剧原声大碟;原声带、影视音乐 ;N/A;7158;-1;6;33
2014-06-28;32483;天外;合集、杂锦 ;N/A;7169;-1;17;69
2014-06-28;32490;星愿;合集、杂锦 ;N/A;7169;9.2;19;98
2014-06-28;32497;乱世佳人2;合集、杂锦 ;N/A;7169;9.3;10;100
2014-06-28;32492;校园Feeling 合辑I;合集、杂锦 ;N/A;7169;9.5;44;113
2014-06-28;32496;乱世佳人;合集、杂锦 ;N/A;7169;9.4;25;181
2014-06-28;32487;ㄈㄨˇ ㄇㄛTOUCH;合集、杂锦 ;N/A;7169;9.4;17;190
2014-06-28;32482;天一生水 电视文学原声带;原声带、影视音乐 ;N/A;144;9.3;16;243
2014-06-28;32489;新不了情 电影原声带;原声带、影视音乐 ;N/A;32;9.4;64;550
2014-06-28;32493;校园民谣 [珍藏版] 1983-1995;合集、杂锦 ;校园民谣 Campus Folk;7169;9.6;69;681
2014-06-28;32491;杨佩佩精装大戏主题曲II;原声带、影视音乐 ;N/A;7158;9.6;114;1087
2014-06-28;32488;放耳朵去流浪;合集、杂锦 ;N/A;7169;9.3;92;1185
2014-06-28;32485;将爱情进行到底 电视剧原声音乐;原声带、影视音乐 ;校园民谣 Campus Folk;1006;9.5;261;1315
2014-06-28;32480;告别的摇滚;合集、杂锦 ;N/A;7169;9.5;187;1349
2014-06-28;32484;如果·爱 电影原声大碟;原声带、影视音乐 ;N/A;81983;9.3;119;1565
2014-06-28;32478;几米地下铁音乐剧原声带;原声带、影视音乐 ;N/A;429;9.4;146;1689
2014-06-28;32523;中国当代名曲2;合集、杂锦 ;N/A;7169;-1;3;29
2014-06-28;32526;达与璐 同名专辑;录音室专辑;N/A;7138;-1;7;34
2014-06-28;32514;非另类空间 合辑I;合集、杂锦 ;N/A;7169;-1;13;49
2014-06-28;32516;饮食男女之世间情歌;合集、杂锦 ;N/A;7169;-1;3;63
2014-06-28;32515;风云际会 10年金马奖最佳电影主题曲;合集、杂锦 ;N/A;7169;-1;6;65
2014-06-28;32511;闭上眼睛去旅行 2;合集、杂锦 ;N/A;7169;-1;6;109
2014-06-28;32510;闭上眼睛去旅行;合集、杂锦 ;N/A;7169;-1;9;113
2014-06-28;32513;阶段音乐 特辑壹;合集、杂锦 ;N/A;7169;-1;14;116
2014-06-28;32512;闭上眼睛去旅行 3;合集、杂锦 ;N/A;7169;-1;9;144
2014-06-28;32519;梵谷的左耳;录音室专辑;N/A;7135;9.2;24;166
2014-06-28;32522;花天走地;原声带、影视音乐 ;N/A;406;9.7;18;172
2014-06-28;32509;蔷薇之恋 电视原声带;原声带、影视音乐 ;N/A;7158;9.2;44;245
2014-06-28;32520;天堂之花;录音室专辑;N/A;7136;8.8;37;288
2014-06-28;32521;19;录音室专辑;N/A;7137;8.8;34;308
2014-06-28;32508;蓝色大门 电影原声带;原声带、影视音乐 ;N/A;7158;9.4;185;1877
2014-06-28;32527;my life will…;录音室专辑;N/A;7139;9.4;200;3842
2014-06-28;32548;一闪一闪亮晶晶;录音室专辑;N/A;7152;-1;2;10
2014-06-28;32542;What A Wonderful World;录音室专辑;N/A;7148;-1;2;16
2014-06-28;32547;用爱拥抱世界;录音室专辑;N/A;7151;-1;12;39
2014-06-28;32546;年少的梦 年少新情1;录音室专辑;N/A;7151;9.4;13;47
2014-06-28;32543;母亲的容颜;录音室专辑;N/A;7149;-1;11;56
2014-06-28;32539;红酒;录音室专辑;N/A;2518;-1;9;70
2014-06-28;32554;左小岸的冬春夏秋;录音室专辑;N/A;7157;9.4;20;97
2014-06-28;32553;飞了吧;录音室专辑;N/A;7156;9.5;23;115
2014-06-28;32549;莫文蔚&friends;录音室专辑;国语流行 Mandarin Pop;2017;9.0;15;182
2014-06-28;32557;王啸坤 同名专辑;录音室专辑;N/A;7161;8.8;24;192
2014-06-28;32541;夏树的期待;EP、单曲;城市民谣 Urban Folk;7147;8.6;13;249
2014-06-28;32540;Over The Way;录音室专辑;城市民谣 Urban Folk;7147;9.2;138;1562
2014-06-28;32552;少年故事;录音室专辑;N/A;7155;9.2;160;1756
2014-06-28;32545;日光倾城;录音室专辑;独立流行 Indie Pop,独立电子乐 Indietronica;7150;9.1;190;2138
2014-06-28;32583;Invitation;录音室专辑;N/A;7170;-1;0;1
2014-06-28;32569;二见中情;精选集;N/A;1214;-1;1;17
2014-06-28;32573;精选集一;精选集;N/A;2507;-1;1;20
2014-06-28;32571;北方的歌谣;录音室专辑;N/A;7168;-1;6;26
2014-06-28;32568;真爱;合集、杂锦 ;N/A;1214;-1;1;27
2014-06-28;32581;东乐园;合集、杂锦 ;N/A;7169;-1;5;51
2014-06-28;32587;幸福氧气;录音室专辑;N/A;2580;9.3;11;96
2014-06-28;32570;世界电影漫游;录音室专辑;N/A;1214;9.7;15;107
2014-06-28;32585;真命天女 电视原声带;原声带、影视音乐 ;N/A;7158;9.4;9;115
2014-06-28;32579;梁汉文集;精选集;N/A;581;8.8;7;142
2014-06-28;32578;狂飙-激情;现场专辑;摇滚 Rock & Roll;2788;7.8;51;182
2014-06-28;32582;左撇子 旋转门;录音室专辑;N/A;2114;8.9;39;198
2014-06-28;32580;Need U Most;录音室专辑;N/A;389;9.2;30;232
2014-06-28;32586;Touch tibet 触摸西藏;合集、杂锦 ;N/A;7169;8.9;27;360
2014-06-28;32577;我的海洋;合集、杂锦 ;N/A;7163;9.5;295;2541
2014-06-28;32617;Say Goodbye;录音室专辑;N/A;1568;-1;7;42
2014-06-28;32602;我不是F4;录音室专辑;国语流行 Mandarin Pop;1269;9.0;6;46
2014-06-28;32600;小S写给老公女儿的歌;录音室专辑;N/A;7174;9.6;11;51
2014-06-28;32607;Featuring 三角关系 demo VOL.2;EP、单曲;N/A;7176;-1;5;72
2014-06-28;32610;大家都爱孙中山;录音室专辑;N/A;7180;9.2;8;123
2014-06-28;32601;长恨歌 电影原声大碟;原声带、影视音乐 ;N/A;7158;-1;4;127
2014-06-28;32604;龙虎门电影原声带;原声带、影视音乐 ;N/A;57485;9.2;16;128
2014-06-28;32599;Reborn;录音室专辑;N/A;1017;9.3;24;137
2014-06-28;32615;天花乱聚 我们都唱达明一派;合集、杂锦 ;N/A;7169;9.4;18;209
2014-06-28;32613;上楼就往左拐;录音室专辑;摇滚 Rock & Roll;2949;8.8;23;334
2014-06-28;32609;米;EP、单曲;N/A;1610;9.1;28;366
2014-06-28;32603;特务J;录音室专辑;国语流行 Mandarin Pop;1354;8.3;60;496
2014-06-28;32612;谁谁谁和谁谁谁;录音室专辑;摇滚 Rock & Roll;2949;9.4;47;803
2014-06-28;32608;蜂蜜与白色樱草;合集、杂锦 ;N/A;7169;9.1;196;2205
2014-06-28;32644;王道;录音室专辑;N/A;2844;-1;1;5
2014-06-28;32634;喉咙;录音室专辑;N/A;96;-1;6;23
2014-06-28;32647;校声滚滚 NO.3;合集、杂锦 ;N/A;7169;-1;0;25
2014-06-28;32646;校声滚滚 NO.2;合集、杂锦 ;N/A;7169;-1;2;44
2014-06-28;32645;校声滚滚 NO.1;合集、杂锦 ;N/A;7169;-1;2;44
2014-06-28;32638;欲望野兽街;录音室专辑;N/A;2000;8.9;10;79
2014-06-28;32635;地下铁电影音乐原声大碟;原声带、影视音乐 ;N/A;7158;9.4;12;160
2014-06-28;32633;SYNTH LOVE;录音室专辑;N/A;7187;9.2;25;295
2014-06-28;32643;最爱林忆莲97演唱会;现场专辑;N/A;1897;9.6;17;296
2014-06-28;32640;拒绝再玩;录音室专辑;N/A;1166;9.5;43;346
2014-06-28;32641;由零开始;录音室专辑;N/A;1166;9.6;62;392
2014-06-28;32632;噪音袭击世界;录音室专辑;摇滚 Rock & Roll;7186;8.6;34;561
2014-06-28;32631;Carsick Cars;录音室专辑;摇滚 Rock & Roll;7185;8.9;97;1283
2014-06-28;32636;伊莎贝拉电影原声大碟;原声带、影视音乐 ;N/A;81983;9.6;206;2359
2014-06-28;32630;崇拜;录音室专辑;国语流行 Mandarin Pop;1836;9.5;243;2709
2014-06-28;32675;冒险 Realm;录音室专辑;N/A;7199;-1;5;20
2014-06-28;32660;料想不到;录音室专辑;N/A;597;-1;2;36
2014-06-28;32666;如果没有…林隆璇 [1986-1997创作选辑];精选集;N/A;619;-1;4;38
2014-06-28;32676;她来了;录音室专辑;N/A;2746;-1;5;43
2014-06-28;32674;半浓半淡;EP、单曲;N/A;7199;-1;4;47
2014-06-28;32672;Rainbow 4 am;录音室专辑;N/A;7198;-1;3;49
2014-06-28;32663;Jack In A Box(DEMO);录音室专辑;N/A;7195;-1;2;64
2014-06-28;32664;感官驾驭;录音室专辑;N/A;2815;8.2;9;70
2014-06-28;32669;乖乖;录音室专辑;N/A;7197;9.1;15;108
2014-06-28;32670;亲爱的王子;录音室专辑;N/A;7197;9.3;26;162
2014-06-28;32673;卡夫卡不插电;现场专辑;N/A;7169;9.1;8;332
2014-06-28;32658;L!VE IS… Karen Mok;录音室专辑;国语流行 Mandarin Pop;2017;9.0;52;426
2014-06-28;32677;在森林和原野;录音室专辑;N/A;7200;9.2;36;537
2014-06-28;32668;谁是崔健！？;合集、杂锦 ;N/A;7169;8.7;126;606
2014-06-28;32671;谢谢你提醒我;录音室专辑;后摇 Post-Rock;3078;9.3;95;1339
2014-06-28;32659;无与伦比的美丽;录音室专辑;N/A;3048;9.6;186;3166
2014-06-28;32706;声音情人 邓智彰&10个女人;录音室专辑;N/A;183;-1;0;2
2014-06-28;32693;跃 乡土·民谣;合集、杂锦 ;N/A;131;-1;1;5
2014-06-28;32692;记忆的映画;录音室专辑;N/A;115;-1;0;12
2014-06-28;32696;不够深情;录音室专辑;N/A;136;-1;5;15
2014-06-28;32707;痴狂的心;录音室专辑;N/A;183;-1;2;16
2014-06-28;32705;你我之外;录音室专辑;N/A;182;-1;1;25
2014-06-28;32690;随风而逝的你;录音室专辑;N/A;114;-1;7;26
2014-06-28;32691;浪迹天涯;录音室专辑;N/A;114;-1;15;32
2014-06-28;32702;新世纪粤曲;录音室专辑;中国曲艺 Chinese Quyi,粤剧 Cantonese Opera;181;-1;3;33
2014-06-28;32697;宝贝计划 电影原声大碟;原声带、影视音乐 ;N/A;89;-1;5;46
2014-06-28;32689;芭蕾舞剧 大红灯笼高高挂;原声带、影视音乐 ;歌舞剧 Cabaret;108;8.1;19;172
2014-06-28;32704;情殇;录音室专辑;N/A;181;9.9;21;203
2014-06-28;32703;千江汇流;录音室专辑;N/A;181;9.5;30;216
2014-06-28;32698;醉拳II 电影原声带;原声带、影视音乐 ;原声 Soundtrack,电影配乐 Film Score;56103;9.5;40;357
2014-06-28;32688;鼓舞辉阳;合集、杂锦 ;N/A;89;9.7;37;446
2014-06-28;32700;雨停了之后？;录音室专辑;N/A;7203;9.3;27;468
2014-06-28;32695;Listen To Eason Chan;录音室专辑;流行舞曲 Dance-Pop,粤语流行 Cantopop;135;8.9;30;649
2014-06-28;32694;你的陈奕迅 国语精选;精选集;国语流行 Mandarin Pop;135;9.6;275;4173
2014-06-28;32726;失而复得;精选集;N/A;218;-1;0;19
2014-06-28;32730;金曲精选5 明日天涯;录音室专辑;N/A;224;-1;3;25
2014-06-28;32733;金曲精选10 走马灯;录音室专辑;N/A;224;-1;6;26
2014-06-28;32729;金曲精选4 星夜的离别;录音室专辑;N/A;224;-1;3;27
2014-06-28;32734;金曲精选2 我在你左右;录音室专辑;N/A;224;-1;3;28
2014-06-28;32732;金曲精选7 梦驼铃;录音室专辑;N/A;224;-1;3;30
2014-06-28;32728;金曲精选1 送你一把泥土;录音室专辑;N/A;224;-1;4;32
2014-06-28;32718;追风少年电影原声带;原声带、影视音乐 ;N/A;7158;-1;15;37
2014-06-28;32731;金曲精选6 一剪梅;录音室专辑;N/A;224;-1;4;38
2014-06-28;32727;金曲精选3 水长流;录音室专辑;N/A;224;-1;10;48
2014-06-28;32722;黑月亮;合集、杂锦 ;N/A;7169;-1;14;90
2014-06-28;32720;十二出女人戏II;录音室专辑;N/A;7169;9.6;10;100
2014-06-28;32719;快乐天堂;合集、杂锦 ;N/A;7169;9.4;19;170
2014-06-28;32736;6 Pair 半;合集、杂锦 ;N/A;7169;9.6;25;193
2014-06-28;32724;吉他中国(一);合集、杂锦 ;N/A;7169;8.8;23;213
2014-06-28;32737;Dear Jane;EP、单曲;国语流行 Mandarin Pop;2452;9.4;50;233
2014-06-28;32725;桃色电影原声大碟;原声带、影视音乐 ;N/A;7158;9.1;50;371
2014-06-28;32721;林夕·伍乐城 Perfect Match;合集、杂锦 ;N/A;628;9.3;14;413
2014-06-28;32764;相依为命;录音室专辑;N/A;277;-1;0;0
2014-06-28;32753;就是高培华;录音室专辑;N/A;249;-1;0;8
2014-06-28;32753;就是高培华;录音室专辑;N/A;249;-1;0;8
2014-06-28;32749;奇迹;合集、杂锦 ;N/A;7169;-1;3;15
2014-06-28;32748;姑娘的酒窝·忍耐;录音室专辑;N/A;244;-1;4;17
2014-06-28;32765;郭炳坚歌集;精选集;N/A;279;-1;9;35
2014-06-28;32767;情泪心声;录音室专辑;N/A;279;-1;11;39
2014-06-28;32752;话旧精选辑I;精选集;N/A;248;-1;3;39
2014-06-28;32763;依然…爱;合集、杂锦 ;N/A;7169;-1;4;43
2014-06-28;32758;黄色圣诞;合集、杂锦 ;N/A;7169;-1;7;71
2014-06-28;32760;耳界;录音室专辑;N/A;7207;9.4;14;77
2014-06-28;32755;再续情牵女人心;合集、杂锦 ;N/A;7169;-1;7;78
2014-06-28;32761;高原之心;录音室专辑;N/A;7207;9.3;17;96
2014-06-28;32750;情牵女人心;合集、杂锦 ;N/A;7169;9.8;19;130
2014-06-28;32762;绝对收藏3 梁朝伟;精选集;N/A;578;8.6;15;137
2014-06-28;32757;明天会更好;合集、杂锦 ;N/A;7169;9.9;57;299
2014-06-28;32757;明天会更好;合集、杂锦 ;N/A;7169;9.9;57;299
2014-06-28;32757;明天会更好;合集、杂锦 ;N/A;7169;9.9;57;299
2014-06-28;32766;斗鱼 电视原声带;原声带、影视音乐 ;N/A;7158;9.2;65;455
2014-06-28;32779;Real Back;EP、单曲;N/A;286;-1;2;3
2014-06-28;32796;动物园·Zoo·;合集、杂锦 ;N/A;7169;-1;2;11
2014-06-28;32789;霓虹灯2;录音室专辑;N/A;302;-1;2;14
2014-06-28;32781;爱情这呢冷;录音室专辑;N/A;2438;-1;6;17
2014-06-28;32797;宝生舞;录音室专辑;N/A;313;-1;12;28
2014-06-28;32787;10年朋友1;合集、杂锦 ;N/A;7169;-1;3;37
2014-06-28;32788;霓虹灯 含笑演唱特集;录音室专辑;N/A;302;-1;12;43
2014-06-28;32784;纯属虚构;录音室专辑;N/A;295;-1;15;46
2014-06-28;32791;13;合集、杂锦 ;国语流行 Mandarin Pop;79952;9.2;21;105
2014-06-28;32780;世界的天空;录音室专辑;N/A;288;9.4;19;141
2014-06-28;32790;新乐园;合集、杂锦 ;N/A;7169;9.6;23;192
2014-06-28;32795;校园民谣 3;合集、杂锦 ;校园民谣 Campus Folk;7169;9.1;22;276
2014-06-28;32786;烈火青春;合集、杂锦 ;N/A;7169;9.6;91;276
2014-06-28;32786;烈火青春;合集、杂锦 ;N/A;7169;9.6;91;276
2014-06-28;32794;校园民谣 2;合集、杂锦 ;校园民谣 Campus Folk;7169;9.4;50;489
2014-06-28;32778;7 Objects in Another Infinite Space;录音室专辑;摇滚 Rock & Roll,后摇 Post-Rock;3098;9.6;33;563
2014-06-28;32782;这么多年以来;录音室专辑;校园民谣 Campus Folk;811;9.5;85;633
2014-06-28;32793;校园民谣 1;合集、杂锦 ;校园民谣 Campus Folk;7169;9.7;174;1253
2014-06-28;32827;广寒宫;录音室专辑;N/A;7219;-1;1;6
2014-06-28;32826;梦想在这里发光 汉神百货;录音室专辑;N/A;390;-1;1;11
2014-06-28;32823;这辈子我们还能在一起吗;录音室专辑;N/A;7216;-1;6;12
2014-06-28;32825;及时乐队;录音室专辑;N/A;7218;-1;5;14
2014-06-28;32813;开始;录音室专辑;N/A;345;-1;4;14
2014-06-28;32811;台语金曲6;录音室专辑;闽南语流行 Taiwanese Pop;336;-1;3;19
2014-06-28;32808;台语金曲3;录音室专辑;闽南语流行 Taiwanese Pop;336;-1;3;23
2014-06-28;32810;台语金曲5;录音室专辑;闽南语流行 Taiwanese Pop;336;-1;3;24
2014-06-28;32809;台语金曲4;录音室专辑;闽南语流行 Taiwanese Pop;336;-1;3;27
2014-06-28;32812;台语金曲7;录音室专辑;闽南语流行 Taiwanese Pop;336;-1;3;32
2014-06-28;32819;宇光十色;录音室专辑;国语流行 Mandarin Pop;7212;9.8;9;50
2014-06-28;32818;我要你幸福;录音室专辑;N/A;7211;-1;16;62
2014-06-28;32816;黄凯芹神话音乐剧 白蛇·青蛇 原声大碟;原声带、影视音乐 ;N/A;382;9.0;5;78
2014-06-28;32815;谭咏麟 86万众狂欢演唱会;现场专辑;N/A;859;8.9;22;109
2014-06-28;32815;谭咏麟 86万众狂欢演唱会;现场专辑;N/A;859;8.9;22;109
2014-06-28;32821;寻找国王;录音室专辑;N/A;7214;9.2;25;180
2014-06-28;32817;硕一硕的流浪地图;录音室专辑;N/A;7210;9.0;38;418
2014-06-28;32824;早安, 晨之美;EP、单曲;N/A;7217;9.3;62;525
2014-06-28;32820;Blue in Love;录音室专辑;台湾原住民音乐 Taiwan Aboriginal;7213;9.3;50;745
2014-06-28;32851;网络歌神;录音室专辑;N/A;460;-1;0;0
2014-06-28;32839;Dance Dance Dance;录音室专辑;国语流行 Mandarin Pop;7224;-1;7;37
2014-06-28;32841;I\'m 天秤座;录音室专辑;N/A;7226;-1;7;44
2014-06-28;32855;钟爱 CHAGE AND ASKA;录音室专辑;N/A;7169;-1;10;45
2014-06-28;32840;天下无敌;录音室专辑;N/A;7225;8.8;14;49
2014-06-28;32848;自然之声I;合集、杂锦 ;中国民乐 Chinese Folk Music,江南丝竹 Jiangnan Sizhu;455;-1;7;102
2014-06-28;32842;有一天我会回来;录音室专辑;N/A;7227;9.5;32;126
2014-06-28;32845;中国龙 电影原声带;原声带、影视音乐 ;原声 Soundtrack;92570;9.4;36;140
2014-06-28;32843;鹿女;录音室专辑;N/A;1821;9.6;9;166
2014-06-28;32838;明明 电影音乐旅程;原声带、影视音乐 ;N/A;406;9.2;21;239
2014-06-28;32854;WOW;录音室专辑;国语流行 Mandarin Pop;2541;9.7;64;251
2014-06-28;32853;NOW;录音室专辑;国语流行 Mandarin Pop;2541;9.6;44;270
2014-06-28;32849;苦艾酒;EP、单曲;城市民谣 Urban Folk;7229;9.2;11;288
2014-06-28;32852;中国火III;录音室专辑;N/A;7169;8.7;45;565
2014-06-28;32847;低苦艾;录音室专辑;城市民谣 Urban Folk;7229;8.9;35;601
2014-06-28;32846;去旅行;录音室专辑;城市民谣 Urban Folk;7228;9.2;47;760
2014-06-28;32856;刺青 电影音乐概念专辑;原声带、影视音乐 ;N/A;94234;9.4;104;1071
2014-06-28;32857;堕落天使 电影原声;原声带、影视音乐 ;原声 Soundtrack,电影配乐 Film Score;130;9.2;69;1106
2014-06-28;32844;梅花三弄 电视主题曲全集;原声带、影视音乐 ;N/A;144;9.5;309;1511
2014-06-28;32850;Goodbye & Hello;录音室专辑;国语流行 Mandarin Pop;1341;9.4;153;2287
2014-06-28;32877;Yellow;EP、单曲;N/A;7241;-1;0;0
2014-06-28;32876;脆弱;EP、单曲;N/A;7240;-1;0;0
2014-06-28;32885;危险天使;录音室专辑;N/A;7246;-1;0;1
2014-06-28;32884;迷路兵首张同名专辑;录音室专辑;N/A;7245;-1;0;3
2014-06-28;32878;哈利波特魔术棒;录音室专辑;N/A;7242;-1;0;3
2014-06-28;32886;七月天;录音室专辑;N/A;7247;-1;3;5
2014-06-28;32887;起飞;录音室专辑;N/A;73033;-1;0;5
2014-06-28;32873;单飞;EP、单曲;N/A;7238;-1;2;10
2014-06-28;32870;灵灵;录音室专辑;N/A;7238;-1;1;19
2014-06-28;32869;美眉私密Party;EP、单曲;N/A;7237;-1;0;28
2014-06-28;32875;关于我们;录音室专辑;N/A;7239;8.5;27;73
2014-06-28;32879;蔡淳佳EP;EP、单曲;N/A;1340;9.1;8;80
2014-06-28;32882;你过得好吗;录音室专辑;国语流行 Mandarin Pop,华语唱作人 Chinese Singer-Songwriter;7244;9.5;8;83
2014-06-28;32883;薛之谦同名专辑;录音室专辑;国语流行 Mandarin Pop,华语唱作人 Chinese Singer-Songwriter;7244;9.3;15;99
2014-06-28;32874;梦之浮桥;EP、单曲;N/A;7239;9.3;39;181
2014-06-28;32881;离家出走;录音室专辑;国语流行 Mandarin Pop;7243;8.8;35;377
2014-06-28;32868;痒;录音室专辑;国语流行 Mandarin Pop;7236;8.9;265;1666
