2014-06-28;6534;Vitarise
2014-06-28;6598;尾崎豊
2014-06-28;6612;小野綾子
2014-06-28;6630;吉田美和
2014-06-28;6635;大竹佑季
2014-06-28;6635;大竹佑季
2014-06-28;6648;玉置成実
2014-06-28;6648;玉置成実
2014-06-28;6648;玉置成実
2014-06-28;6649;元ちとせ
2014-06-28;6649;元ちとせ
2014-06-28;6649;元ちとせ
2014-06-28;6649;元ちとせ
2014-06-28;6660;Zwei
2014-06-28;6663;장윤정
2014-06-28;6665;植村花菜
2014-06-28;6669;1TYM
2014-06-28;6669;1TYM
2014-06-28;6669;1TYM
2014-06-28;6669;1TYM
2014-06-28;6669;1TYM
2014-06-28;6670;ウルフルズ
2014-06-28;6670;ウルフルズ
2014-06-28;6673;み斗ひ
2014-06-28;6674;ムック
2014-06-28;6674;ムック
2014-06-28;6674;ムック
2014-06-28;6674;ムック
2014-06-28;6674;ムック
2014-06-28;6674;ムック
2014-06-28;6674;ムック
2014-06-28;6674;ムック
2014-06-28;6674;ムック
2014-06-28;6674;ムック
2014-06-28;6674;ムック
2014-06-28;6674;ムック
2014-06-28;6674;ムック
2014-06-28;6674;ムック
2014-06-28;6678;A4
2014-06-28;6680;AJICO
2014-06-28;6681;柿原朱美
2014-06-28;6682;As One
2014-06-28;6682;As One
2014-06-28;6682;As One
2014-06-28;6682;As One
2014-06-28;6682;As One
2014-06-28;6682;As One
2014-06-28;6682;As One
2014-06-28;6685;LOVE PSYCHEDELICO
2014-06-28;6685;LOVE PSYCHEDELICO
2014-06-28;6685;LOVE PSYCHEDELICO
2014-06-28;6685;LOVE PSYCHEDELICO
2014-06-28;6685;LOVE PSYCHEDELICO
2014-06-28;6686;愛内里菜
2014-06-28;6686;愛内里菜
2014-06-28;6686;愛内里菜
2014-06-28;6686;愛内里菜
2014-06-28;6686;愛内里菜
2014-06-28;6686;愛内里菜
2014-06-28;6686;愛内里菜
2014-06-28;6686;愛内里菜
2014-06-28;6686;愛内里菜
2014-06-28;6686;愛内里菜
2014-06-28;6686;愛内里菜
2014-06-28;6686;愛内里菜
2014-06-28;6686;愛内里菜
2014-06-28;6686;愛内里菜
2014-06-28;6686;愛内里菜
2014-06-28;6686;愛内里菜
2014-06-28;6686;愛内里菜
2014-06-28;6686;愛内里菜
2014-06-28;6686;愛内里菜
2014-06-28;6686;愛内里菜
2014-06-28;6686;愛内里菜
2014-06-28;6686;愛内里菜
2014-06-28;6687;BENI
2014-06-28;6687;BENI
2014-06-28;6689;安室奈美恵
2014-06-28;6689;安室奈美恵
2014-06-28;23876;ゆず
2014-06-28;74440;愛内里菜&三枝夕夏
2014-06-28;6689;安室奈美恵
2014-06-28;6691;岸本早未
2014-06-28;6691;岸本早未
2014-06-28;6691;岸本早未
2014-06-28;6691;岸本早未
2014-06-28;6691;岸本早未
2014-06-28;6691;岸本早未
2014-06-28;6691;岸本早未
2014-06-28;6691;岸本早未
2014-06-28;6693;奥井雅美
2014-06-28;6693;奥井雅美
2014-06-28;6693;奥井雅美
2014-06-28;6693;奥井雅美
2014-06-28;6694;Baad
2014-06-28;6694;Baad
2014-06-28;6695;Baby V.O.X
2014-06-28;6695;Baby V.O.X
2014-06-28;6695;Baby V.O.X
2014-06-28;6697;BEGIN
2014-06-28;6697;BEGIN
2014-06-28;6698;Beige
2014-06-28;6699;Bird
2014-06-28;6702;Bon-Bon Blanco
2014-06-28;6702;Bon-Bon Blanco
2014-06-28;6702;Bon-Bon Blanco
2014-06-28;6702;Bon-Bon Blanco
2014-06-28;6702;Bon-Bon Blanco
2014-06-28;6702;Bon-Bon Blanco
2014-06-28;6702;Bon-Bon Blanco
2014-06-28;6703;Bonnie Pink
2014-06-28;6703;Bonnie Pink
2014-06-28;6703;Bonnie Pink
2014-06-28;6703;Bonnie Pink
2014-06-28;6704;Brandnew Biscuits
2014-06-28;6705;Buzz
2014-06-28;6705;Buzz
2014-06-28;6705;Buzz
2014-06-28;6706;B'z
2014-06-28;6706;B'z
2014-06-28;6706;B'z
2014-06-28;6706;B'z
2014-06-28;6706;B'z
2014-06-28;6706;B'z
2014-06-28;6706;B'z
2014-06-28;6706;B'z
2014-06-28;6706;B'z
2014-06-28;6706;B'z
2014-06-28;6706;B'z
2014-06-28;6706;B'z
2014-06-28;6706;B'z
2014-06-28;6706;B'z
2014-06-28;6706;B'z
2014-06-28;6706;B'z
2014-06-28;6706;B'z
2014-06-28;6706;B'z
2014-06-28;6706;B'z
2014-06-28;6706;B'z
2014-06-28;6706;B'z
2014-06-28;6706;B'z
2014-06-28;6707;PLT
2014-06-28;6708;白鳥マイカ
2014-06-28;6709;백지영
2014-06-28;6709;백지영
2014-06-28;6712;坂本真綾
2014-06-28;6713;浜崎あゆみ
2014-06-28;6713;浜崎あゆみ
2014-06-28;6713;浜崎あゆみ
2014-06-28;6713;浜崎あゆみ
2014-06-28;6713;浜崎あゆみ
2014-06-28;6713;浜崎あゆみ
2014-06-28;6713;浜崎あゆみ
2014-06-28;6713;浜崎あゆみ
2014-06-28;6713;浜崎あゆみ
2014-06-28;6713;浜崎あゆみ
2014-06-28;6713;浜崎あゆみ
2014-06-28;6713;浜崎あゆみ
2014-06-28;6713;浜崎あゆみ
2014-06-28;6713;浜崎あゆみ
2014-06-28;6713;浜崎あゆみ
2014-06-28;6713;浜崎あゆみ
2014-06-28;6713;浜崎あゆみ
2014-06-28;6713;浜崎あゆみ
2014-06-28;6713;浜崎あゆみ
2014-06-28;6713;浜崎あゆみ
2014-06-28;6713;浜崎あゆみ
2014-06-28;6713;浜崎あゆみ
2014-06-28;6713;浜崎あゆみ
2014-06-28;6713;浜崎あゆみ
2014-06-28;6713;浜崎あゆみ
2014-06-28;6715;北出菜奈
2014-06-28;6715;北出菜奈
2014-06-28;6715;北出菜奈
2014-06-28;6715;北出菜奈
2014-06-28;6715;北出菜奈
2014-06-28;6715;北出菜奈
2014-06-28;6715;北出菜奈
2014-06-28;6716;北原愛子
2014-06-28;6719;Carol
2014-06-28;6722;Chara
2014-06-28;6722;Chara
2014-06-28;6722;Chara
2014-06-28;6722;Chara
2014-06-28;6724;Clazziquai
2014-06-28;6724;Clazziquai
2014-06-28;6724;Clazziquai
2014-06-28;6724;Clazziquai
2014-06-28;6725;Cleo
2014-06-28;6726;Click-B
2014-06-28;6726;Click-B
2014-06-28;6727;Cocco
2014-06-28;6727;Cocco
2014-06-28;6727;Cocco
2014-06-28;6727;Cocco
2014-06-28;6727;Cocco
2014-06-28;6727;Cocco
2014-06-28;6727;Cocco
2014-06-28;6727;Cocco
2014-06-28;6729;Cosmic Ally
2014-06-28;6731;Crystal Kay
2014-06-28;6731;Crystal Kay
2014-06-28;6731;Crystal Kay
2014-06-28;6731;Crystal Kay
2014-06-28;6731;Crystal Kay
2014-06-28;6731;Crystal Kay
2014-06-28;6732;L'Arc〜en〜Ciel
2014-06-28;6732;L'Arc〜en〜Ciel
2014-06-28;6732;L'Arc〜en〜Ciel
2014-06-28;6732;L'Arc〜en〜Ciel
2014-06-28;6732;L'Arc〜en〜Ciel
2014-06-28;6732;L'Arc〜en〜Ciel
2014-06-28;6732;L'Arc〜en〜Ciel
2014-06-28;6732;L'Arc〜en〜Ciel
2014-06-28;6732;L'Arc〜en〜Ciel
2014-06-28;6732;L'Arc〜en〜Ciel
2014-06-28;6732;L'Arc〜en〜Ciel
2014-06-28;6732;L'Arc〜en〜Ciel
2014-06-28;6732;L'Arc〜en〜Ciel
2014-06-28;6732;L'Arc〜en〜Ciel
2014-06-28;6732;L'Arc〜en〜Ciel
2014-06-28;6732;L'Arc〜en〜Ciel
2014-06-28;6733;倉木麻衣
2014-06-28;6733;倉木麻衣
2014-06-28;6733;倉木麻衣
2014-06-28;6733;倉木麻衣
2014-06-28;6733;倉木麻衣
2014-06-28;6733;倉木麻衣
2014-06-28;6733;倉木麻衣
2014-06-28;6733;倉木麻衣
2014-06-28;6733;倉木麻衣
2014-06-28;6733;倉木麻衣
2014-06-28;6733;倉木麻衣
2014-06-28;6733;倉木麻衣
2014-06-28;6733;倉木麻衣
2014-06-28;6733;倉木麻衣
2014-06-28;6733;倉木麻衣
2014-06-28;6733;倉木麻衣
2014-06-28;6733;倉木麻衣
2014-06-28;6733;倉木麻衣
2014-06-28;6733;倉木麻衣
2014-06-28;6733;倉木麻衣
2014-06-28;6733;倉木麻衣
2014-06-28;6733;倉木麻衣
2014-06-28;6733;倉木麻衣
2014-06-28;6733;倉木麻衣
2014-06-28;6733;倉木麻衣
2014-06-28;6733;倉木麻衣
2014-06-28;6733;倉木麻衣
2014-06-28;6733;倉木麻衣
2014-06-28;6734;조성모
2014-06-28;6735;柴田淳
2014-06-28;6735;柴田淳
2014-06-28;6735;柴田淳
2014-06-28;6735;柴田淳
2014-06-28;6735;柴田淳
2014-06-28;6735;柴田淳
2014-06-28;6735;柴田淳
2014-06-28;6735;柴田淳
2014-06-28;6737;池田綾子
2014-06-28;6738;川嶋あい
2014-06-28;6738;川嶋あい
2014-06-28;6738;川嶋あい
2014-06-28;6738;川嶋あい
2014-06-28;6738;川嶋あい
2014-06-28;6738;川嶋あい
2014-06-28;6738;川嶋あい
2014-06-28;6738;川嶋あい
2014-06-28;6738;川嶋あい
2014-06-28;6738;川嶋あい
2014-06-28;6738;川嶋あい
2014-06-28;6738;川嶋あい
2014-06-28;6738;川嶋あい
2014-06-28;6738;川嶋あい
2014-06-28;6738;川嶋あい
2014-06-28;6738;川嶋あい
2014-06-28;6738;川嶋あい
2014-06-28;6738;川嶋あい
2014-06-28;6739;川田まみ
2014-06-28;6742;Da Pump
2014-06-28;6742;Da Pump
2014-06-28;6742;Da Pump
2014-06-28;6742;Da Pump
2014-06-28;6742;Da Pump
2014-06-28;6743;Day After Tomorrow
2014-06-28;6743;Day After Tomorrow
2014-06-28;6743;Day After Tomorrow
2014-06-28;6743;Day After Tomorrow
2014-06-28;6744;DEEN
2014-06-28;6744;DEEN
2014-06-28;6744;DEEN
2014-06-28;6744;DEEN
2014-06-28;6744;DEEN
2014-06-28;6744;DEEN
2014-06-28;6744;DEEN
2014-06-28;6744;DEEN
2014-06-28;6744;DEEN
2014-06-28;6744;DEEN
2014-06-28;6744;DEEN
2014-06-28;6744;DEEN
2014-06-28;6744;DEEN
2014-06-28;6744;DEEN
2014-06-28;6744;DEEN
2014-06-28;6744;DEEN
2014-06-28;6744;DEEN
2014-06-28;6744;DEEN
2014-06-28;6744;DEEN
2014-06-28;6744;DEEN
2014-06-28;6744;DEEN
2014-06-28;6744;DEEN
2014-06-28;6744;DEEN
2014-06-28;6744;DEEN
2014-06-28;6744;DEEN
2014-06-28;6744;DEEN
2014-06-28;6744;DEEN
2014-06-28;6745;Dir en grey
2014-06-28;6745;Dir en grey
2014-06-28;6745;Dir en grey
2014-06-28;6745;Dir en grey
2014-06-28;6745;Dir en grey
2014-06-28;6745;Dir en grey
2014-06-28;6745;Dir en grey
2014-06-28;6745;Dir en grey
2014-06-28;6745;Dir en grey
2014-06-28;6745;Dir en grey
2014-06-28;6745;Dir en grey
2014-06-28;6745;Dir en grey
2014-06-28;6745;Dir en grey
2014-06-28;6745;Dir en grey
2014-06-28;6745;Dir en grey
2014-06-28;6745;Dir en grey
2014-06-28;6746;Diva
2014-06-28;6749;Dragon Ash
2014-06-28;6749;Dragon Ash
2014-06-28;6749;Dragon Ash
2014-06-28;6752;大黒摩季
2014-06-28;6752;大黒摩季
2014-06-28;6752;大黒摩季
2014-06-28;6752;大黒摩季
2014-06-28;6752;大黒摩季
2014-06-28;6752;大黒摩季
2014-06-28;6752;大黒摩季
2014-06-28;6753;Do As Infinity
2014-06-28;6753;Do As Infinity
2014-06-28;6753;Do As Infinity
2014-06-28;6753;Do As Infinity
2014-06-28;6753;Do As Infinity
2014-06-28;6753;Do As Infinity
2014-06-28;6753;Do As Infinity
2014-06-28;6753;Do As Infinity
2014-06-28;6753;Do As Infinity
2014-06-28;6753;Do As Infinity
2014-06-28;6753;Do As Infinity
2014-06-28;6753;Do As Infinity
2014-06-28;6753;Do As Infinity
2014-06-28;6753;Do As Infinity
2014-06-28;6753;Do As Infinity
2014-06-28;6753;Do As Infinity
2014-06-28;6753;Do As Infinity
2014-06-28;6753;Do As Infinity
2014-06-28;6753;Do As Infinity
2014-06-28;6753;Do As Infinity
2014-06-28;6753;Do As Infinity
2014-06-28;6753;Do As Infinity
2014-06-28;6753;Do As Infinity
2014-06-28;6753;Do As Infinity
2014-06-28;6753;Do As Infinity
2014-06-28;6753;Do As Infinity
2014-06-28;6753;Do As Infinity
2014-06-28;6754;大塚愛
2014-06-28;6754;大塚愛
2014-06-28;6754;大塚愛
2014-06-28;6754;大塚愛
2014-06-28;6754;大塚愛
2014-06-28;6754;大塚愛
2014-06-28;6754;大塚愛
2014-06-28;6754;大塚愛
2014-06-28;6754;大塚愛
2014-06-28;6754;大塚愛
2014-06-28;6754;大塚愛
2014-06-28;6754;大塚愛
2014-06-28;6754;大塚愛
2014-06-28;6754;大塚愛
2014-06-28;6754;大塚愛
2014-06-28;6755;hiro
2014-06-28;6755;hiro
2014-06-28;6755;hiro
2014-06-28;6755;hiro
2014-06-28;6755;hiro
2014-06-28;6756;島谷ひとみ
2014-06-28;6756;島谷ひとみ
2014-06-28;6756;島谷ひとみ
2014-06-28;6756;島谷ひとみ
2014-06-28;6756;島谷ひとみ
2014-06-28;6756;島谷ひとみ
2014-06-28;6756;島谷ひとみ
2014-06-28;6756;島谷ひとみ
2014-06-28;6756;島谷ひとみ
2014-06-28;6756;島谷ひとみ
2014-06-28;6756;島谷ひとみ
2014-06-28;6756;島谷ひとみ
2014-06-28;6756;島谷ひとみ
2014-06-28;6756;島谷ひとみ
2014-06-28;6756;島谷ひとみ
2014-06-28;6757;徳永英明
2014-06-28;6758;globe
2014-06-28;6758;globe
2014-06-28;6758;globe
2014-06-28;6758;globe
2014-06-28;6758;globe
2014-06-28;6758;globe
2014-06-28;6758;globe
2014-06-28;6758;globe
2014-06-28;6758;globe
2014-06-28;6758;globe
2014-06-28;6758;globe
2014-06-28;6758;globe
2014-06-28;6759;槇原敬之
2014-06-28;6759;槇原敬之
2014-06-28;6759;槇原敬之
2014-06-28;6760;Tokio
2014-06-28;6760;Tokio
2014-06-28;6760;Tokio
2014-06-28;6765;EXILE
2014-06-28;6765;EXILE
2014-06-28;6765;EXILE
2014-06-28;6765;EXILE
2014-06-28;6765;EXILE
2014-06-28;6765;EXILE
2014-06-28;6765;EXILE
2014-06-28;6766;FANATIC◇CRISIS
2014-06-28;6767;FIN.K.L
2014-06-28;6771;Fly To The Sky
2014-06-28;6771;Fly To The Sky
2014-06-28;6771;Fly To The Sky
2014-06-28;6771;Fly To The Sky
2014-06-28;6772;Fayray
2014-06-28;6772;Fayray
2014-06-28;6772;Fayray
2014-06-28;6772;Fayray
2014-06-28;6772;Fayray
2014-06-28;6772;Fayray
2014-06-28;6774;福山雅治
2014-06-28;6774;福山雅治
2014-06-28;6774;福山雅治
2014-06-28;6774;福山雅治
2014-06-28;6774;福山雅治
2014-06-28;6776;Folder5
2014-06-28;6776;Folder5
2014-06-28;6778;GACKT
2014-06-28;6778;GACKT
2014-06-28;6778;GACKT
2014-06-28;6778;GACKT
2014-06-28;6778;GACKT
2014-06-28;6778;GACKT
2014-06-28;6778;GACKT
2014-06-28;6778;GACKT
2014-06-28;6778;GACKT
2014-06-28;6778;GACKT
2014-06-28;6778;GACKT
2014-06-28;6778;GACKT
2014-06-28;6778;GACKT
2014-06-28;6778;GACKT
2014-06-28;6778;GACKT
2014-06-28;6778;GACKT
2014-06-28;6779;GARNET CROW
2014-06-28;6779;GARNET CROW
2014-06-28;6779;GARNET CROW
2014-06-28;6779;GARNET CROW
2014-06-28;6779;GARNET CROW
2014-06-28;6779;GARNET CROW
2014-06-28;6779;GARNET CROW
2014-06-28;6779;GARNET CROW
2014-06-28;6779;GARNET CROW
2014-06-28;6779;GARNET CROW
2014-06-28;6779;GARNET CROW
2014-06-28;6779;GARNET CROW
2014-06-28;6780;Glay
2014-06-28;6780;Glay
2014-06-28;6780;Glay
2014-06-28;6780;Glay
2014-06-28;6780;Glay
2014-06-28;6780;Glay
2014-06-28;6780;Glay
2014-06-28;6780;Glay
2014-06-28;6780;Glay
2014-06-28;6780;Glay
2014-06-28;6780;Glay
2014-06-28;6780;Glay
2014-06-28;6780;Glay
2014-06-28;6780;Glay
2014-06-28;6780;Glay
2014-06-28;6780;Glay
2014-06-28;6780;Glay
2014-06-28;6780;Glay
2014-06-28;6780;Glay
2014-06-28;6781;Go!Go!7188
2014-06-28;6781;Go!Go!7188
2014-06-28;6781;Go!Go!7188
2014-06-28;6785;GReeeeN
2014-06-28;61009;渡辺雅二
2014-06-28;86320;Folder
2014-06-28;6755;hiro
2014-06-28;6785;GReeeeN
2014-06-28;6786;岡村孝子
2014-06-28;6786;岡村孝子
2014-06-28;6786;岡村孝子
2014-06-28;6786;岡村孝子
2014-06-28;6787;高橋瞳
2014-06-28;6787;高橋瞳
2014-06-28;6787;高橋瞳
2014-06-28;6789;KOYOTE
2014-06-28;6789;KOYOTE
2014-06-28;6789;KOYOTE
2014-06-28;6789;KOYOTE
2014-06-28;6789;KOYOTE
2014-06-28;6791;Shunn
2014-06-28;6791;Shunn
2014-06-28;6799;つじあやの
2014-06-28;6800;H.O.T
2014-06-28;6800;H.O.T
2014-06-28;6800;H.O.T
2014-06-28;6800;H.O.T
2014-06-28;6800;H.O.T
2014-06-28;6802;Han's Band
2014-06-28;6805;hide
2014-06-28;6805;hide
2014-06-28;6805;hide
2014-06-28;6805;hide
2014-06-28;6808;Hitomi
2014-06-28;6808;Hitomi
2014-06-28;6808;Hitomi
2014-06-28;6808;Hitomi
2014-06-28;6808;Hitomi
2014-06-28;6809;Hyde
2014-06-28;6809;Hyde
2014-06-28;6809;Hyde
2014-06-28;6809;Hyde
2014-06-28;6809;Hyde
2014-06-28;6810;혜령
2014-06-28;6812;メロン記念日
2014-06-28;6814;한경일
2014-06-28;6815;河村隆一
2014-06-28;6815;河村隆一
2014-06-28;6815;河村隆一
2014-06-28;6815;河村隆一
2014-06-28;6815;河村隆一
2014-06-28;6815;河村隆一
2014-06-28;6815;河村隆一
2014-06-28;6815;河村隆一
2014-06-28;6815;河村隆一
2014-06-28;6815;河村隆一
2014-06-28;6815;河村隆一
2014-06-28;6817;Brown Eyes
2014-06-28;6818;後藤真希
2014-06-28;6818;後藤真希
2014-06-28;6818;後藤真希
2014-06-28;6818;後藤真希
2014-06-28;6818;後藤真希
2014-06-28;6818;後藤真希
2014-06-28;6818;後藤真希
2014-06-28;6818;後藤真希
2014-06-28;6819;花＊花
2014-06-28;6819;花＊花
2014-06-28;6819;花＊花
2014-06-28;6819;花＊花
2014-06-28;6819;花＊花
2014-06-28;6819;花＊花
2014-06-28;6819;花＊花
2014-06-28;6820;華原朋美
2014-06-28;6820;華原朋美
2014-06-28;6820;華原朋美
2014-06-28;6821;CHEMISTRY
2014-06-28;6821;CHEMISTRY
2014-06-28;6821;CHEMISTRY
2014-06-28;6821;CHEMISTRY
2014-06-28;6821;CHEMISTRY
2014-06-28;6821;CHEMISTRY
2014-06-28;6821;CHEMISTRY
2014-06-28;6821;CHEMISTRY
2014-06-28;6821;CHEMISTRY
2014-06-28;6821;CHEMISTRY
2014-06-28;6821;CHEMISTRY
2014-06-28;6821;CHEMISTRY
2014-06-28;6821;CHEMISTRY
2014-06-28;6821;CHEMISTRY
2014-06-28;6821;CHEMISTRY
2014-06-28;6821;CHEMISTRY
2014-06-28;6825;지누션
2014-06-28;6826;Jonte
2014-06-28;6827;JTL
2014-06-28;57109;広瀬香美
2014-06-28;6829;JUDY AND MARY
2014-06-28;6830;及川光博
2014-06-28;6831;吉井和哉
2014-06-28;6834;강성훈
2014-06-28;6834;강성훈
2014-06-28;6834;강성훈
2014-06-28;6834;강성훈
2014-06-28;6839;艺人概览
2014-06-28;6841;KinKi Kids
2014-06-28;6841;KinKi Kids
2014-06-28;6841;KinKi Kids
2014-06-28;6841;KinKi Kids
2014-06-28;6841;KinKi Kids
2014-06-28;6841;KinKi Kids
2014-06-28;6841;KinKi Kids
2014-06-28;6841;KinKi Kids
2014-06-28;6841;KinKi Kids
2014-06-28;6841;KinKi Kids
2014-06-28;6841;KinKi Kids
2014-06-28;6841;KinKi Kids
2014-06-28;6841;KinKi Kids
2014-06-28;6841;KinKi Kids
2014-06-28;6841;KinKi Kids
2014-06-28;6841;KinKi Kids
2014-06-28;6842;近藤真彦
2014-06-28;6844;久保田利伸
2014-06-28;6844;久保田利伸
2014-06-28;6844;久保田利伸
2014-06-28;6845;Joe Hisaishi
2014-06-28;6846;久住小春
2014-06-28;6847;酒井法子
2014-06-28;6847;酒井法子
2014-06-28;6847;酒井法子
2014-06-28;6847;酒井法子
2014-06-28;6847;酒井法子
2014-06-28;6847;酒井法子
2014-06-28;6847;酒井法子
2014-06-28;6847;酒井法子
2014-06-28;6847;酒井法子
2014-06-28;6847;酒井法子
2014-06-28;6847;酒井法子
2014-06-28;6847;酒井法子
2014-06-28;6847;酒井法子
2014-06-28;6849;Kara
2014-06-28;6850;KAT-TUN
2014-06-28;6850;KAT-TUN
2014-06-28;6850;KAT-TUN
2014-06-28;6850;KAT-TUN
2014-06-28;6850;KAT-TUN
2014-06-28;6851;Kazami
2014-06-28;6852;Keyco
2014-06-28;6852;Keyco
2014-06-28;6856;Kiroro
2014-06-28;6856;Kiroro
2014-06-28;6856;Kiroro
2014-06-28;6856;Kiroro
2014-06-28;6856;Kiroro
2014-06-28;6856;Kiroro
2014-06-28;6856;Kiroro
2014-06-28;6856;Kiroro
2014-06-28;6856;Kiroro
2014-06-28;6859;Kuzu
2014-06-28;6860;KOKIA
2014-06-28;6863;Clon
2014-06-28;6863;Clon
2014-06-28;6863;Clon
2014-06-28;6863;Clon
2014-06-28;6864;Loveholics
2014-06-28;6864;Loveholics
2014-06-28;6864;Loveholics
2014-06-28;6864;Loveholics
2014-06-28;6874;嵐
2014-06-28;6874;嵐
2014-06-28;6874;嵐
2014-06-28;6874;嵐
2014-06-28;6874;嵐
2014-06-28;6874;嵐
2014-06-28;6874;嵐
2014-06-28;6874;嵐
2014-06-28;6874;嵐
2014-06-28;6874;嵐
2014-06-28;6874;嵐
2014-06-28;6874;嵐
2014-06-28;6874;嵐
2014-06-28;6874;嵐
2014-06-28;6874;嵐
2014-06-28;6878;ケイコ・リー
2014-06-28;6878;ケイコ・リー
2014-06-28;6878;ケイコ・リー
2014-06-28;6878;ケイコ・リー
2014-06-28;23897;김현정
2014-06-28;32132;菅野よう子
2014-06-28;32355;이승철
2014-06-28;6879;M
2014-06-28;6879;M
2014-06-28;6881;이수영
2014-06-28;6881;이수영
2014-06-28;6881;이수영
2014-06-28;6881;이수영
2014-06-28;6881;이수영
2014-06-28;6882;이재원
2014-06-28;6883;이정현
2014-06-28;6883;이정현
2014-06-28;6883;이정현
2014-06-28;6883;이정현
2014-06-28;6883;이정현
2014-06-28;6883;이정현
2014-06-28;6883;이정현
2014-06-28;6883;이정현
2014-06-28;6883;이정현
2014-06-28;6883;이정현
2014-06-28;6886;林明日香
2014-06-28;6886;林明日香
2014-06-28;6886;林明日香
2014-06-28;6888;Salyu
2014-06-28;6888;Salyu
2014-06-28;6888;Salyu
2014-06-28;6888;Salyu
2014-06-28;6888;Salyu
2014-06-28;6888;Salyu
2014-06-28;6890;鈴木亜美
2014-06-28;6890;鈴木亜美
2014-06-28;6892;유승준
2014-06-28;6892;유승준
2014-06-28;6896;Max
2014-06-28;6896;Max
2014-06-28;6896;Max
2014-06-28;6896;Max
2014-06-28;6896;Max
2014-06-28;6897;Mc Sniper
2014-06-28;6898;m-flo
2014-06-28;6898;m-flo
2014-06-28;6898;m-flo
2014-06-28;6898;m-flo
2014-06-28;6899;mihimaru GT
2014-06-28;6899;mihimaru GT
2014-06-28;6899;mihimaru GT
2014-06-28;6899;mihimaru GT
2014-06-28;6899;mihimaru GT
2014-06-28;6899;mihimaru GT
2014-06-28;6899;mihimaru GT
2014-06-28;6899;mihimaru GT
2014-06-28;6899;mihimaru GT
2014-06-28;6899;mihimaru GT
2014-06-28;6899;mihimaru GT
2014-06-28;6900;MINMI
2014-06-28;6900;MINMI
2014-06-28;6900;MINMI
2014-06-28;6902;Mono
2014-06-28;6902;Mono
2014-06-28;6904;m.o.v.e
2014-06-28;6906;Mr.Children
2014-06-28;6906;Mr.Children
2014-06-28;6906;Mr.Children
2014-06-28;6906;Mr.Children
2014-06-28;6906;Mr.Children
2014-06-28;6906;Mr.Children
2014-06-28;6908;My Little Lover
2014-06-28;6908;My Little Lover
2014-06-28;6908;My Little Lover
2014-06-28;6908;My Little Lover
2014-06-28;6908;My Little Lover
2014-06-28;6908;My Little Lover
2014-06-28;6908;My Little Lover
2014-06-28;6908;My Little Lover
2014-06-28;6908;My Little Lover
2014-06-28;6908;My Little Lover
2014-06-28;6908;My Little Lover
2014-06-28;6908;My Little Lover
2014-06-28;6908;My Little Lover
2014-06-28;6911;ミニモニ。
2014-06-28;6911;ミニモニ。
2014-06-28;6912;米倉利紀
2014-06-28;6912;米倉利紀
2014-06-28;6912;米倉利紀
2014-06-28;6912;米倉利紀
2014-06-28;6913;米倉千尋
2014-06-28;6913;米倉千尋
2014-06-28;6913;米倉千尋
2014-06-28;6913;米倉千尋
2014-06-28;6913;米倉千尋
2014-06-28;6913;米倉千尋
2014-06-28;6913;米倉千尋
2014-06-28;6913;米倉千尋
2014-06-28;6913;米倉千尋
2014-06-28;6913;米倉千尋
2014-06-28;6913;米倉千尋
2014-06-28;6913;米倉千尋
2014-06-28;6913;米倉千尋
2014-06-28;6915;MISIA
2014-06-28;6915;MISIA
2014-06-28;24507;Mono
2014-06-28;6935;平原綾香
2014-06-28;6936;박혜경
2014-06-28;6936;박혜경
2014-06-28;6936;박혜경
2014-06-28;6936;박혜경
2014-06-28;6936;박혜경
2014-06-28;6936;박혜경
2014-06-28;6936;박혜경
2014-06-28;6936;박혜경
2014-06-28;6937;박용하
2014-06-28;6938;박효신
2014-06-28;6938;박효신
2014-06-28;6938;박효신
2014-06-28;6938;박효신
2014-06-28;6938;박효신
2014-06-28;6940;박정현
2014-06-28;6940;박정현
2014-06-28;6941;박지윤
2014-06-28;6941;박지윤
2014-06-28;6941;박지윤
2014-06-28;6942;화요비
2014-06-28;6944;7 Princess
2014-06-28;6945;CHAGE&ASKA
2014-06-28;6948;redballoon
2014-06-28;6948;redballoon
2014-06-28;6950;Rich
2014-06-28;6950;Rich
2014-06-28;6950;Rich
2014-06-28;6950;Rich
2014-06-28;6951;Rie fu
2014-06-28;6951;Rie fu
2014-06-28;6951;Rie fu
2014-06-28;6951;Rie fu
2014-06-28;6951;Rie fu
2014-06-28;6951;Rie fu
2014-06-28;6951;Rie fu
2014-06-28;6953;RIZE
2014-06-28;6954;Ruppina
2014-06-28;32788;Rain
2014-06-28;32788;Rain
2014-06-28;32788;Rain
2014-06-28;32788;Rain
2014-06-28;32788;Rain
2014-06-28;32788;Rain
2014-06-28;6954;Ruppina
2014-06-28;6955;ルルティア
2014-06-28;6955;ルルティア
2014-06-28;6955;ルルティア
2014-06-28;6955;ルルティア
2014-06-28;6955;ルルティア
2014-06-28;6955;ルルティア
2014-06-28;6956;RYTHEM
2014-06-28;6956;RYTHEM
2014-06-28;6956;RYTHEM
2014-06-28;6956;RYTHEM
2014-06-28;6957;Rin'
2014-06-28;6957;Rin'
2014-06-28;6957;Rin'
2014-06-28;6957;Rin'
2014-06-28;6957;Rin'
2014-06-28;6958;태빈
2014-06-28;6959;S
2014-06-28;6961;SAKURA
2014-06-28;6961;SAKURA
2014-06-28;6961;SAKURA
2014-06-28;6961;SAKURA
2014-06-28;6961;SAKURA
2014-06-28;6961;SAKURA
2014-06-28;6961;SAKURA
2014-06-28;6961;SAKURA
2014-06-28;6962;Sat
2014-06-28;6964;See-Saw
2014-06-28;6964;See-Saw
2014-06-28;6964;See-Saw
2014-06-28;6965;See Ya
2014-06-28;6967;SHIHO
2014-06-28;6968;Shine
2014-06-28;6971;SIAM SHADE
2014-06-28;6971;SIAM SHADE
2014-06-28;6971;SIAM SHADE
2014-06-28;6971;SIAM SHADE
2014-06-28;6971;SIAM SHADE
2014-06-28;6972;Sing Like Talking
2014-06-28;6972;Sing Like Talking
2014-06-28;6973;Skoop On Somebody
2014-06-28;6973;Skoop On Somebody
2014-06-28;6973;Skoop On Somebody
2014-06-28;6973;Skoop On Somebody
2014-06-28;6975;SMAP
2014-06-28;6975;SMAP
2014-06-28;6975;SMAP
2014-06-28;6978;Soulhead
2014-06-28;6978;Soulhead
2014-06-28;6978;Soulhead
2014-06-28;6978;Soulhead
2014-06-28;6978;Soulhead
2014-06-28;6978;Soulhead
2014-06-28;6979;Sowelu
2014-06-28;6979;Sowelu
2014-06-28;6979;Sowelu
2014-06-28;6979;Sowelu
2014-06-28;6979;Sowelu
2014-06-28;6979;Sowelu
2014-06-28;6979;Sowelu
2014-06-28;6979;Sowelu
2014-06-28;6979;Sowelu
2014-06-28;6979;Sowelu
2014-06-28;6980;Speed
2014-06-28;6980;Speed
2014-06-28;6980;Speed
2014-06-28;6981;Suite Chic
2014-06-28;6982;TRICERATOPS
2014-06-28;6983;三枝夕夏 IN db
2014-06-28;6983;三枝夕夏 IN db
2014-06-28;6983;三枝夕夏 IN db
2014-06-28;6983;三枝夕夏 IN db
2014-06-28;6983;三枝夕夏 IN db
2014-06-28;6983;三枝夕夏 IN db
2014-06-28;6983;三枝夕夏 IN db
2014-06-28;6983;三枝夕夏 IN db
2014-06-28;6985;森高千里
2014-06-28;6986;山口百恵
2014-06-28;6988;山下智久
2014-06-28;30576;ポルノグラフィティ
2014-06-28;30576;ポルノグラフィティ
2014-06-28;30576;ポルノグラフィティ
2014-06-28;30576;ポルノグラフィティ
2014-06-28;30576;ポルノグラフィティ
2014-06-28;30576;ポルノグラフィティ
2014-06-28;6994;深田恭子
2014-06-28;6995;Shinvi
2014-06-28;6996;신화
2014-06-28;6996;신화
2014-06-28;78667;杏子
2014-06-28;6996;신화
2014-06-28;6997;S.E.N.S.
2014-06-28;6997;S.E.N.S.
2014-06-28;6997;S.E.N.S.
2014-06-28;6997;S.E.N.S.
2014-06-28;6997;S.E.N.S.
2014-06-28;6997;S.E.N.S.
2014-06-28;6997;S.E.N.S.
2014-06-28;7002;石川智晶
2014-06-28;7005;矢井田瞳
2014-06-28;7005;矢井田瞳
2014-06-28;7005;矢井田瞳
2014-06-28;7005;矢井田瞳
2014-06-28;7007;Sechs Kies
2014-06-28;7010;松本英子
2014-06-28;7010;松本英子
2014-06-28;7010;松本英子
2014-06-28;7012;松居慶子
2014-06-28;7013;松たか子
2014-06-28;7013;松たか子
2014-06-28;7013;松たか子
2014-06-28;7013;松たか子
2014-06-28;7013;松たか子
2014-06-28;7013;松たか子
2014-06-28;7013;松たか子
2014-06-28;7013;松たか子
2014-06-28;7014;松浦亜弥
2014-06-28;7014;松浦亜弥
2014-06-28;7014;松浦亜弥
2014-06-28;7014;松浦亜弥
2014-06-28;7014;松浦亜弥
2014-06-28;7014;松浦亜弥
2014-06-28;7014;松浦亜弥
2014-06-28;7015;松任谷由実
2014-06-28;7020;Tachyon
2014-06-28;7020;Tachyon
2014-06-28;7021;タッキー&翼
2014-06-28;7021;タッキー&翼
2014-06-28;7022;Tei
2014-06-28;7022;Tei
2014-06-28;7022;Tei
2014-06-28;7022;Tei
2014-06-28;7023;The Alfee
2014-06-28;7023;The Alfee
2014-06-28;7023;The Alfee
2014-06-28;6760;Tokio
2014-06-28;7030;東京プリン
2014-06-28;7031;TRF
2014-06-28;7031;TRF
2014-06-28;7031;TRF
2014-06-28;7033;TUBE
2014-06-28;7034;Turbo
2014-06-28;7034;Turbo
2014-06-28;7034;Turbo
2014-06-28;7034;Turbo
2014-06-28;7034;Turbo
2014-06-28;7040;KICK THE CAN CREW
2014-06-28;7041;童子-T
2014-06-28;7046;Uptown
2014-06-28;7047;V6
2014-06-28;7047;V6
2014-06-28;7048;WaT
2014-06-28;7048;WaT
2014-06-28;7048;WaT
2014-06-28;7048;WaT
2014-06-28;7049;Wax
2014-06-28;7050;Whiteberry
2014-06-28;7056;X JAPAN
2014-06-28;7056;X JAPAN
2014-06-28;7057;T.M.Revolution
2014-06-28;7064;相川七瀬
2014-06-28;7064;相川七瀬
2014-06-28;7064;相川七瀬
2014-06-28;7064;相川七瀬
2014-06-28;7064;相川七瀬
2014-06-28;20902;喜多嶋修
2014-06-28;33486;西村由紀江
2014-06-28;57096;Heartsdales
2014-06-28;57096;Heartsdales
2014-06-28;7068;Every Little Thing
2014-06-28;7068;Every Little Thing
2014-06-28;7068;Every Little Thing
2014-06-28;7068;Every Little Thing
2014-06-28;7068;Every Little Thing
2014-06-28;7068;Every Little Thing
2014-06-28;7068;Every Little Thing
2014-06-28;7068;Every Little Thing
2014-06-28;7068;Every Little Thing
2014-06-28;7068;Every Little Thing
2014-06-28;7068;Every Little Thing
2014-06-28;7068;Every Little Thing
2014-06-28;7068;Every Little Thing
2014-06-28;7069;小室哲哉
2014-06-28;7069;小室哲哉
2014-06-28;7070;小松未歩
2014-06-28;7070;小松未歩
2014-06-28;7070;小松未歩
2014-06-28;7070;小松未歩
2014-06-28;7070;小松未歩
2014-06-28;7070;小松未歩
2014-06-28;7070;小松未歩
2014-06-28;7071;小田和正
2014-06-28;7071;小田和正
2014-06-28;7071;小田和正
2014-06-28;7074;星村麻衣
2014-06-28;7074;星村麻衣
2014-06-28;7075;艺人概览
2014-06-28;7075;艺人概览
2014-06-28;7075;艺人概览
2014-06-28;7075;艺人概览
2014-06-28;7075;艺人概览
2014-06-28;7075;艺人概览
2014-06-28;7075;艺人概览
2014-06-28;7075;艺人概览
2014-06-28;7075;艺人概览
2014-06-28;7075;艺人概览
2014-06-28;7075;艺人概览
2014-06-28;7075;艺人概览
2014-06-28;7075;艺人概览
2014-06-28;7075;艺人概览
2014-06-28;7075;艺人概览
2014-06-28;7075;艺人概览
2014-06-28;7075;艺人概览
2014-06-28;7075;艺人概览
2014-06-28;7075;艺人概览
2014-06-28;7075;艺人概览
2014-06-28;7075;艺人概览
2014-06-28;7077;서진영
2014-06-28;7081;Yoshiki
2014-06-28;7081;Yoshiki
2014-06-28;7084;Yuki
2014-06-28;7084;Yuki
2014-06-28;7084;Yuki
2014-06-28;7084;Yuki
2014-06-28;7084;Yuki
2014-06-28;7084;Yuki
2014-06-28;7084;Yuki
2014-06-28;7084;Yuki
2014-06-28;7084;Yuki
2014-06-28;7086;押尾学
2014-06-28;7087;艺人概览
2014-06-28;7087;艺人概览
2014-06-28;7087;艺人概览
2014-06-28;7093;伊藤由奈
2014-06-28;7093;伊藤由奈
2014-06-28;7093;伊藤由奈
2014-06-28;7093;伊藤由奈
2014-06-28;7096;艺人概览
2014-06-28;7096;艺人概览
2014-06-28;7096;艺人概览
2014-06-28;7098;有坂美香
2014-06-28;7098;有坂美香
2014-06-28;7098;有坂美香
2014-06-28;7098;有坂美香
2014-06-28;7099;有里知花
2014-06-28;7100;宇多田ヒカル
2014-06-28;7100;宇多田ヒカル
2014-06-28;7100;宇多田ヒカル
2014-06-28;7100;宇多田ヒカル
2014-06-28;7100;宇多田ヒカル
2014-06-28;7100;宇多田ヒカル
2014-06-28;7100;宇多田ヒカル
2014-06-28;7100;宇多田ヒカル
2014-06-28;23876;ゆず
2014-06-28;23876;ゆず
2014-06-28;23876;ゆず
2014-06-28;7100;宇多田ヒカル
2014-06-28;7100;宇多田ヒカル
2014-06-28;7101;玉木宏
2014-06-28;7101;玉木宏
2014-06-28;7101;玉木宏
2014-06-28;7101;玉木宏
2014-06-28;7103;玉置浩二
2014-06-28;7103;玉置浩二
2014-06-28;7103;玉置浩二
2014-06-28;7103;玉置浩二
2014-06-28;7107;ZARD
2014-06-28;7107;ZARD
2014-06-28;7107;ZARD
2014-06-28;7107;ZARD
2014-06-28;7107;ZARD
2014-06-28;7107;ZARD
2014-06-28;7107;ZARD
2014-06-28;7107;ZARD
2014-06-28;7107;ZARD
2014-06-28;7107;ZARD
2014-06-28;7107;ZARD
2014-06-28;7107;ZARD
2014-06-28;7107;ZARD
2014-06-28;7107;ZARD
2014-06-28;7107;ZARD
2014-06-28;7107;ZARD
2014-06-28;23577;艺人概览
2014-06-28;57985;松本孝弘
2014-06-28;7107;ZARD
2014-06-28;7107;ZARD
2014-06-28;7107;ZARD
2014-06-28;7107;ZARD
2014-06-28;7107;ZARD
2014-06-28;7107;ZARD
2014-06-28;7107;ZARD
2014-06-28;7107;ZARD
2014-06-28;7107;ZARD
2014-06-28;7107;ZARD
2014-06-28;7107;ZARD
2014-06-28;7107;ZARD
2014-06-28;7107;ZARD
2014-06-28;7107;ZARD
2014-06-28;7107;ZARD
2014-06-28;7113;장우혁
2014-06-28;7113;장우혁
2014-06-28;7117;中島美嘉
2014-06-28;7117;中島美嘉
2014-06-28;7117;中島美嘉
2014-06-28;7117;中島美嘉
2014-06-28;7117;中島美嘉
2014-06-28;7117;中島美嘉
2014-06-28;7117;中島美嘉
2014-06-28;7117;中島美嘉
2014-06-28;7117;中島美嘉
2014-06-28;7117;中島美嘉
2014-06-28;7117;中島美嘉
2014-06-28;7117;中島美嘉
2014-06-28;7117;中島美嘉
2014-06-28;7118;中島みゆき
2014-06-28;7118;中島みゆき
2014-06-28;7118;中島みゆき
2014-06-28;7118;中島みゆき
2014-06-28;7119;中谷美紀
2014-06-28;7120;中森明菜
2014-06-28;7120;中森明菜
2014-06-28;7120;中森明菜
2014-06-28;7120;中森明菜
2014-06-28;7120;中森明菜
2014-06-28;7120;中森明菜
2014-06-28;7121;中孝介
2014-06-28;7121;中孝介
2014-06-28;7121;中孝介
2014-06-28;7124;椎名へきる
2014-06-28;7125;椎名林檎
2014-06-28;7125;椎名林檎
2014-06-28;7125;椎名林檎
2014-06-28;7125;椎名林檎
2014-06-28;7125;椎名林檎
2014-06-28;7125;椎名林檎
2014-06-28;1494;丁薇
2014-06-28;2167;万芳
2014-06-28;2167;万芳
2014-06-28;2592;1976
2014-06-28;2931;S.H.E
2014-06-28;2931;S.H.E
2014-06-28;2931;S.H.E
2014-06-28;2931;S.H.E
2014-06-28;2931;S.H.E
2014-06-28;2931;S.H.E
2014-06-28;2951;PixelToy
2014-06-28;3063;Twins
2014-06-28;2650;北京天使合唱团
2014-06-28;2716;动力火车
2014-06-28;2733;凡人二重唱
2014-06-28;2733;凡人二重唱
2014-06-28;2733;凡人二重唱
2014-06-28;2733;凡人二重唱
2014-06-28;1006;小柯
2014-06-28;1260;周杰伦
2014-06-28;1272;周治平
2014-06-28;1272;周治平
2014-06-28;2547;周蕙
2014-06-28;2547;周蕙
2014-06-28;2803;呼吸
2014-06-28;57288;Zarahn
2014-06-28;1132;庾澄庆
2014-06-28;1170;张洪量
2014-06-28;1179;张克帆
2014-06-28;1206;张雨生
2014-06-28;1214;张中立
2014-06-28;222;房祖名
2014-06-28;561;李亚明
2014-06-28;561;李亚明
2014-06-28;1357;曹方
2014-06-28;1473;戴佩妮
2014-06-28;1473;戴佩妮
2014-06-28;2577;朱哲琴
2014-06-28;1700;江美琪
2014-06-28;2037;潘越云
2014-06-28;2037;潘越云
2014-06-28;2037;潘越云
2014-06-28;2037;潘越云
2014-06-28;709;罗大佑
2014-06-28;709;罗大佑
2014-06-28;1300;艾敬
2014-06-28;3229;自然卷
2014-06-28;3229;自然卷
2014-06-28;1053;薛岳
2014-06-28;1341;蔡健雅
2014-06-28;1341;蔡健雅
2014-06-28;1341;蔡健雅
2014-06-28;1341;蔡健雅
2014-06-28;1348;蔡琴
2014-06-28;1348;蔡琴
2014-06-28;1353;蔡幸娟
2014-06-28;1354;蔡依林
2014-06-28;2017;莫文蔚
2014-06-28;22;阿牛
2014-06-28;119;陈升
2014-06-28;119;陈升
2014-06-28;119;陈升
2014-06-28;464;金武林
2014-06-28;1237;郑钧
2014-06-28;1237;郑钧
2014-06-28;1243;郑智化
2014-06-28;1243;郑智化
2014-06-28;1244;郑中基
2014-06-28;1248;钟立风
2014-06-28;1298;阿桑
2014-06-28;2507;赵咏华
2014-06-28;2697;达达
2014-06-28;2888;轮回
2014-06-28;242;高枫
2014-06-28;254;高晓松
2014-06-28;254;高晓松
2014-06-28;1414;陈绮贞
2014-06-28;1414;陈绮贞
2014-06-28;1414;陈绮贞
2014-06-28;1418;陈珊妮
2014-06-28;1418;陈珊妮
2014-06-28;1421;陈淑桦
2014-06-28;1421;陈淑桦
2014-06-28;1449;陈苑淇
2014-06-28;2104;顺子
2014-06-28;2149;陶晶莹
2014-06-28;7181;拜金小姐
2014-06-28;254;高晓松
2014-06-28;410;黄阅
2014-06-28;2788;黑豹
2014-06-28;2788;黑豹
2014-06-28;2788;黑豹
2014-06-28;7158;原声带
2014-06-28;7158;原声带
2014-06-28;7158;原声带
2014-06-28;7169;群星
2014-06-28;7169;群星
2014-06-28;7169;群星
2014-06-28;7169;群星
2014-06-28;7169;群星
2014-06-28;7169;群星
2014-06-28;7169;群星
2014-06-28;32;鲍比达
2014-06-28;144;陈志远
2014-06-28;429;几米
2014-06-28;1006;小柯
2014-06-28;7158;原声带
2014-06-28;7158;原声带
2014-06-28;7169;群星
2014-06-28;7169;群星
2014-06-28;7169;群星
2014-06-28;7169;群星
2014-06-28;7169;群星
2014-06-28;7169;群星
2014-06-28;7169;群星
2014-06-28;7169;群星
2014-06-28;7169;群星
2014-06-28;7169;群星
2014-06-28;7169;群星
2014-06-28;81983;金培达
2014-06-28;406;黄耀明
2014-06-28;7135;阿沁
2014-06-28;7136;宝罗
2014-06-28;7137;蔡旻佑
2014-06-28;7138;达与璐
2014-06-28;7139;张悬
2014-06-28;7158;原声带
2014-06-28;7158;原声带
2014-06-28;7169;群星
2014-06-28;7169;群星
2014-06-28;7169;群星
2014-06-28;7169;群星
2014-06-28;7169;群星
2014-06-28;7169;群星
2014-06-28;7169;群星
2014-06-28;7169;群星
2014-06-28;2017;莫文蔚
2014-06-28;2518;郑华娟
2014-06-28;7147;黄建为
2014-06-28;7147;黄建为
2014-06-28;7148;极光
2014-06-28;7149;李子恒
2014-06-28;7150;卡奇社
2014-06-28;7151;林俊逸
2014-06-28;7151;林俊逸
2014-06-28;7152;刘明峰
2014-06-28;7155;彭坦
2014-06-28;7156;戚小恋
2014-06-28;7157;左小岸
2014-06-28;7161;王啸坤
2014-06-28;389;品冠
2014-06-28;581;梁汉文
2014-06-28;1214;张中立
2014-06-28;1214;张中立
2014-06-28;1214;张中立
2014-06-28;2114;苏慧伦
2014-06-28;2507;赵咏华
2014-06-28;2580;卓文萱
2014-06-28;2788;黑豹
2014-06-28;7158;原声带
2014-06-28;7163;吴金黛
2014-06-28;7168;张骁
2014-06-28;7169;群星
2014-06-28;7169;群星
2014-06-28;7170;王友良
2014-06-28;1017;谢霆锋
2014-06-28;1269;周渝民
2014-06-28;1354;蔡依林
2014-06-28;1568;关淑怡
2014-06-28;1610;何欣穗
2014-06-28;2949;P.K.14
2014-06-28;2949;P.K.14
2014-06-28;7158;原声带
2014-06-28;7169;群星
2014-06-28;7169;群星
2014-06-28;7174;徐熙娣
2014-06-28;7176;aniDa
2014-06-28;7180;Funck
2014-06-28;57485;川井憲次
2014-06-28;96;陈俊菘
2014-06-28;1166;张国荣
2014-06-28;1166;张国荣
2014-06-28;1836;梁静茹
2014-06-28;1897;林忆莲
2014-06-28;2000;梅艳芳
2014-06-28;2844;K One
2014-06-28;7158;原声带
2014-06-28;7169;群星
2014-06-28;7169;群星
2014-06-28;7169;群星
2014-06-28;7185;Carsick Cars
2014-06-28;7186;刺猬
2014-06-28;7187;IGO
2014-06-28;81983;金培达
2014-06-28;597;廖士贤
2014-06-28;619;林隆璇
2014-06-28;2017;莫文蔚
2014-06-28;2746;粉红A
2014-06-28;2815;回声乐团
2014-06-28;3048;苏打绿
2014-06-28;3078;甜梅號
2014-06-28;7169;群星
2014-06-28;7169;群星
2014-06-28;7195;Silent G
2014-06-28;7197;樱桃帮
2014-06-28;7197;樱桃帮
2014-06-28;7198;橙草
2014-06-28;7199;inLove
2014-06-28;7199;inLove
2014-06-28;7200;俭德大厦
2014-06-28;89;陈辉阳
2014-06-28;89;陈辉阳
2014-06-28;108;陈其钢
2014-06-28;114;陈汝佳
2014-06-28;114;陈汝佳
2014-06-28;115;陈瑞斌
2014-06-28;131;陈扬
2014-06-28;135;陈奕迅
2014-06-28;135;陈奕迅
2014-06-28;136;陈逸达
2014-06-28;181;邓伟标
2014-06-28;181;邓伟标
2014-06-28;181;邓伟标
2014-06-28;182;邓志浩
2014-06-28;183;邓智彰
2014-06-28;183;邓智彰
2014-06-28;7203;Selfkill
2014-06-28;56103;胡伟立
2014-06-28;218;方力申
2014-06-28;224;费玉清
2014-06-28;224;费玉清
2014-06-28;224;费玉清
2014-06-28;224;费玉清
2014-06-28;224;费玉清
2014-06-28;224;费玉清
2014-06-28;224;费玉清
2014-06-28;224;费玉清
2014-06-28;628;林夕
2014-06-28;2452;张靓颖
2014-06-28;7158;原声带
2014-06-28;7158;原声带
2014-06-28;7169;群星
2014-06-28;7169;群星
2014-06-28;7169;群星
2014-06-28;7169;群星
2014-06-28;7169;群星
2014-06-28;244;高凌风
2014-06-28;248;高明骏
2014-06-28;249;高培华
2014-06-28;249;高培华
2014-06-28;277;光头李进
2014-06-28;279;郭炳坚
2014-06-28;279;郭炳坚
2014-06-28;578;梁朝伟
2014-06-28;7158;原声带
2014-06-28;7169;群星
2014-06-28;7169;群星
2014-06-28;7169;群星
2014-06-28;7169;群星
2014-06-28;7169;群星
2014-06-28;7169;群星
2014-06-28;7169;群星
2014-06-28;7169;群星
2014-06-28;7207;谭维维
2014-06-28;7207;谭维维
2014-06-28;286;郭力行
2014-06-28;288;郭虔哲
2014-06-28;295;郭子
2014-06-28;302;含笑
2014-06-28;302;含笑
2014-06-28;313;何宝生
2014-06-28;811;沈庆
2014-06-28;2438;曾心梅
2014-06-28;3098;惘闻
2014-06-28;7169;群星
2014-06-28;7169;群星
2014-06-28;7169;群星
2014-06-28;7169;群星
2014-06-28;7169;群星
2014-06-28;7169;群星
2014-06-28;7169;群星
2014-06-28;7169;群星
2014-06-28;79952;快乐男声
2014-06-28;336;洪荣宏
2014-06-28;336;洪荣宏
2014-06-28;336;洪荣宏
2014-06-28;336;洪荣宏
2014-06-28;336;洪荣宏
2014-06-28;345;侯志坚
2014-06-28;382;黄凯芹
2014-06-28;390;黄品源
2014-06-28;859;谭咏麟
2014-06-28;859;谭咏麟
2014-06-28;7210;萧贺硕
2014-06-28;7211;盛噶仁波切
2014-06-28;7212;马天宇
2014-06-28;7213;昊恩家家
2014-06-28;7214;33岛乐队
2014-06-28;7216;因果兄弟
2014-06-28;7217;卢广仲
2014-06-28;7218;及时乐队
2014-06-28;7219;多元素乐队
2014-06-28;130;陈勋奇
2014-06-28;144;陈志远
2014-06-28;406;黄耀明
2014-06-28;455;蒋国基
2014-06-28;460;讦谯龙
2014-06-28;1341;蔡健雅
2014-06-28;1821;李欣芸
2014-06-28;2541;周笔畅
2014-06-28;2541;周笔畅
2014-06-28;7169;群星
2014-06-28;7169;群星
2014-06-28;7224;海鸣威
2014-06-28;7225;熊汝霖
2014-06-28;7226;安以轩
2014-06-28;7227;丁香晓晓
2014-06-28;7228;丝袜小姐
2014-06-28;7229;低苦艾
2014-06-28;7229;低苦艾
2014-06-28;92570;何国杰
2014-06-28;94234;昆虫白
2014-06-28;1340;蔡淳佳
2014-06-28;7236;黄龄
2014-06-28;7237;黑Girl
2014-06-28;7238;胡灵
2014-06-28;7238;胡灵
2014-06-28;7239;尚雯婕
2014-06-28;7239;尚雯婕
2014-06-28;7240;吴建飞
2014-06-28;7241;Yellow Lee
2014-06-28;7242;优子惠飞
2014-06-28;7243;丁当
2014-06-28;7244;薛之谦
2014-06-28;7244;薛之谦
2014-06-28;7245;迷路兵
2014-06-28;7246;陈崴
2014-06-28;7247;张玥
2014-06-28;73033;许亮宇
