2014-07-5;7169;群星
2014-07-5;10112;Shawn Colvin
2014-07-5;12859;Project Pitchfork
2014-07-5;16017;Kreator
2014-07-5;22727;細野晴臣
2014-07-5;23258;Various Artists
2014-07-5;23258;Various Artists
2014-07-5;26805;Ronnie James Dio
2014-07-5;29406;Society's Finest
2014-07-5;31554;S.E.S
2014-07-5;43780;Russell Hitchcock
2014-07-5;52950;Franz Schubert
2014-07-5;54380;Alvin Stardust
2014-07-5;56497;Noah and the Whale
2014-07-5;57117;今井美樹
2014-07-5;57117;今井美樹
2014-07-5;57990;THE BLUE HEARTS
2014-07-5;59669;片霧烈火
2014-07-5;62500;日本ACG
2014-07-5;67409;ちあきなおみ
2014-07-5;68009;Meaning Beside
2014-07-5;68206;Wreck of the Hesperus
2014-07-5;76759;Girl's Day
2014-07-5;80290;I've
2014-07-5;80290;I've
2014-07-5;82622;Ebony Tears
2014-07-5;83510;三柴理
2014-07-5;84681;Charlie Simpson
2014-07-5;90665;Landslide
2014-07-5;90783;윤석
2014-07-5;91234;Ennui Breathes Malice
2014-07-5;92794;Phutureprimitive
2014-07-5;93955;クレバスランプ
2014-07-5;94518;Basket of Death
2014-07-5;94634;Sam Milby
2014-07-5;94719;Unbreakable Hatred
2014-07-5;94734;Erik Faber
2014-07-5;94756;Lamb on Sunday
2014-07-5;94757;Operation Cleansweep
2014-07-5;94764;山嵐
2014-07-5;94767;Prevalent Resistance
2014-07-5;94778;Agent Whiskers
2014-07-5;94783;Spires
2014-07-5;94797;Sarah Lias
2014-07-5;94800;Goodnight Fellows
2014-07-5;94802;Lelia Broussard
2014-07-5;94810;Lucky & Wild
2014-07-5;94819;富樫美鈴
2014-07-5;94837;2 Shot
2014-07-5;94839;Ganglians
2014-07-5;94841;방용국
2014-07-5;94844;Carmen Reece
2014-07-5;94844;Carmen Reece
2014-07-5;94856;Agent A & Omae
2014-07-5;94860;Snow Caps
2014-07-5;94870;伟峰
2014-07-5;903;王俊雄
2014-07-5;3061;Top Twinz
2014-07-5;7047;V6
2014-07-5;7158;原声带
2014-07-5;7169;群星
2014-07-5;7169;群星
2014-07-5;10264;Janis Ian
2014-07-5;15009;Giorgio Moroder
2014-07-5;23447;Kids in Glass Houses
2014-07-5;26155;Todd Carey
2014-07-5;26214;Breaking Benjamin
2014-07-5;28229;Armin van Buuren
2014-07-5;33214;Eskimo Joe
2014-07-5;36008;Sharks
2014-07-5;40147;The King's Singers
2014-07-5;40147;The King's Singers
2014-07-5;54542;Thieves Like Us
2014-07-5;57182;eufonius
2014-07-5;58179;David Newman
2014-07-5;61787;Snofeel
2014-07-5;64531;PD블루
2014-07-5;66975;36
2014-07-5;67186;长春虫子
2014-07-5;75359;Bad Sector
2014-07-5;76619;The Dead Lay Waiting
2014-07-5;79183;Lich King
2014-07-5;81306;Lifeboat
2014-07-5;88724;龙奔
2014-07-5;90820;Samson François
2014-07-5;91347;Horologium
2014-07-5;91395;Sandy Dane
2014-07-5;94878;Charlie
2014-07-5;94882;含瑞
2014-07-5;94897;Heonia
2014-07-5;94900;Maldita Nerea
2014-07-5;94902;Jen Kearney
2014-07-5;94905;Iron Lung
2014-07-5;94905;Iron Lung
2014-07-5;94907;Insomnia Isterica
2014-07-5;94912;Piolo Pascual
2014-07-5;94913;Inferia
2014-07-5;94914;王艺瑾
2014-07-5;94922;张作龙
2014-07-5;94923;Anal Whore
2014-07-5;94926;Psychologische Abwehrfront
2014-07-5;94933;오지영
2014-07-5;94935;KerecsenSólyom
2014-07-5;94937;Dozer
2014-07-5;94939;Arido
2014-07-5;94949;Rasthof Dachau
2014-07-5;94953;Bestial Devastation
2014-07-5;94954;Torturecide
2014-07-5;94967;Brachial Palsy
2014-07-5;94972;Gore Beyond Necropsy
2014-07-5;99029;上田雅美
2014-07-5;15552;Sven Väth
2014-07-5;16851;The Motels
2014-07-5;21035;Alasdair Fraser
2014-07-5;23258;Various Artists
2014-07-5;23258;Various Artists
2014-07-5;23258;Various Artists
2014-07-5;36690;Jonas Bering
2014-07-5;40966;Gazebo
2014-07-5;53308;Pino Donaggio
2014-07-5;58763;鈴村健一
2014-07-5;58794;金月真美
2014-07-5;60918;WAG
2014-07-5;61572;DJ Koo
2014-07-5;64562;f(x
2014-07-5;65585;K-waves LAB
2014-07-5;67589;植田真梨恵
2014-07-5;67592;DJ Feel
2014-07-5;74742;Beach Fossils
2014-07-5;76780;彩音 ～xi-on～
2014-07-5;76897;舞風
2014-07-5;81716;Zi÷Kill
2014-07-5;81716;Zi÷Kill
2014-07-5;81716;Zi÷Kill
2014-07-5;81716;Zi÷Kill
2014-07-5;81774;Romantic Mode
2014-07-5;84269;爱狂います。
2014-07-5;84861;発熱巫女～ず
2014-07-5;86017;人鬼殊途
2014-07-5;86838;狐の工作室
2014-07-5;86838;狐の工作室
2014-07-5;93820;流浪の民
2014-07-5;94973;Reid Jamieson
2014-07-5;94982;台北敦煌筝乐团
2014-07-5;95000;Peter Madcat Ruth
2014-07-5;95005;Unholy Grave
2014-07-5;95022;Soar
2014-07-5;95029;Tatuki Seksu
2014-07-5;95031;Still Corners
2014-07-5;95031;Still Corners
2014-07-5;95035;The Surrender Sound
2014-07-5;95040;The Moleskins
2014-07-5;95047;ANR
2014-07-5;95049;Brandkommando
2014-07-5;95054;MABO
2014-07-5;95055;The Playbook
2014-07-5;95060;Magnifik
2014-07-5;95062;Robert Ellis
2014-07-5;99058;Herbert von Karajan
2014-07-5;6689;安室奈美恵
2014-07-5;7169;群星
2014-07-5;7169;群星
2014-07-5;12418;Astor Piazzolla
2014-07-5;16332;Richie Kotzen
2014-07-5;23258;Various Artists
2014-07-5;23258;Various Artists
2014-07-5;23258;Various Artists
2014-07-5;23517;林宥嘉
2014-07-5;23733;Zbigniew Preisner
2014-07-5;24553;Moondog
2014-07-5;29494;Eric Gales
2014-07-5;32649;리쌍
2014-07-5;49211;Eduardo Paniagua
2014-07-5;49211;Eduardo Paniagua
2014-07-5;49211;Eduardo Paniagua
2014-07-5;57312;姜玉阳
2014-07-5;63729;黒夢
2014-07-5;68455;戎梵
2014-07-5;75359;Bad Sector
2014-07-5;75538;Ov Hollowness
2014-07-5;79128;高原
2014-07-5;80725;SOUND HOLIC
2014-07-5;81669;Halfway Deserted
2014-07-5;83036;AILI
2014-07-5;83514;ぴずやの独房
2014-07-5;84731;Studio “Syrup Comfiture”
2014-07-5;86213;真崎ゆか
2014-07-5;87555;Jerry Fielding
2014-07-5;95068;Genocide Organ
2014-07-5;95083;Reflections Of Ruin
2014-07-5;95088;The Fight
2014-07-5;95094;Merrick Christensen
2014-07-5;95097;于乃久
2014-07-5;95100;Andrew Bryant
2014-07-5;95101;Radio Murmansk
2014-07-5;95104;Birth of Joy
2014-07-5;95109;Erik Santos
2014-07-5;95115;Connor Garvey
2014-07-5;95116;Rudi Rotta
2014-07-5;95129;Echo West
2014-07-5;95140;Ella May Saison
2014-07-5;95153;ARTEMA
2014-07-5;95156;George McAnthony
2014-07-5;95156;George McAnthony
2014-07-5;95158;Speedometer
2014-07-5;95160;Svartsinn
2014-07-5;95161;Kalle Ahola
2014-07-5;4464;the GazettE
2014-07-5;10418;Pearl Jam
2014-07-5;23258;Various Artists
2014-07-5;23258;Various Artists
2014-07-5;27123;Planningtorock
2014-07-5;30325;Klee
2014-07-5;31912;Regina
2014-07-5;39842;Slaine
2014-07-5;49211;Eduardo Paniagua
2014-07-5;49211;Eduardo Paniagua
2014-07-5;49211;Eduardo Paniagua
2014-07-5;49211;Eduardo Paniagua
2014-07-5;49211;Eduardo Paniagua
2014-07-5;51114;Philippe Sarde
2014-07-5;51114;Philippe Sarde
2014-07-5;51114;Philippe Sarde
2014-07-5;56596;Sturmpercht
2014-07-5;60356;Natural Snow Buildings
2014-07-5;60663;Nouvelles Lectures Cosmopolites
2014-07-5;62742;石田彰
2014-07-5;65503;Suchtmaschine
2014-07-5;66433;Die Weisse Rose
2014-07-5;66433;Die Weisse Rose
2014-07-5;69127;Sussan Deyhim
2014-07-5;69917;大嶋啓之
2014-07-5;76101;田原俊彦
2014-07-5;84098;アールグレイ
2014-07-5;84958;林欣彤
2014-07-5;86431;Demon Project
2014-07-5;95173;Disma
2014-07-5;95175;Tennessee Murder Club
2014-07-5;95186;Diagrams
2014-07-5;95191;Cabrocordero
2014-07-5;95194;Living Corpse
2014-07-5;95195;Brick By Brick
2014-07-5;95203;Mato Grosso
2014-07-5;95203;Mato Grosso
2014-07-5;95203;Mato Grosso
2014-07-5;95208;A.M.P.
2014-07-5;95208;A.M.P.
2014-07-5;95208;A.M.P.
2014-07-5;95212;Luthea Salom
2014-07-5;95212;Luthea Salom
2014-07-5;95220;Claudio Arrau
2014-07-5;95228;All The Young
2014-07-5;95229;梶谷美由紀
2014-07-5;95262;Mark Turner
2014-07-5;95278;Wayne Bartlett
2014-07-5;165;大AL
2014-07-5;6914;Mina
2014-07-5;13652;The Brian Jonestown Massacre
2014-07-5;23256;Soundtrack
2014-07-5;23256;Soundtrack
2014-07-5;23758;Gustavo Santaolalla
2014-07-5;31531;이상은
2014-07-5;31899;The Moonshiners
2014-07-5;39996;Edguy
2014-07-5;40966;Gazebo
2014-07-5;51114;Philippe Sarde
2014-07-5;51114;Philippe Sarde
2014-07-5;51114;Philippe Sarde
2014-07-5;60463;Richard Robbins
2014-07-5;62097;Nemesis
2014-07-5;62500;日本ACG
2014-07-5;76634;G.NA
2014-07-5;77443;韩国原声带
2014-07-5;81105;龙梅子
2014-07-5;82074;Thomas Fiss
2014-07-5;83215;Albireon
2014-07-5;84457;Han Groo
2014-07-5;86593;Neon Hitch
2014-07-5;87484;豚乙女
2014-07-5;88719;小贱
2014-07-5;94079;α music
2014-07-5;95095;NAZCA
2014-07-5;95172;Grief of Emerald
2014-07-5;95208;A.M.P.
2014-07-5;95273;Splav
2014-07-5;95306;Dick Annegarn
2014-07-5;95306;Dick Annegarn
2014-07-5;95306;Dick Annegarn
2014-07-5;95306;Dick Annegarn
2014-07-5;95312;Ennui
2014-07-5;95317;Bashy
2014-07-5;95317;Bashy
2014-07-5;95322;Maria José
2014-07-5;95323;Fair Weather Watchers
2014-07-5;95332;The Winchester Club
2014-07-5;95334;Martin and James
2014-07-5;95336;Palisandro
2014-07-5;95341;Fidgital
2014-07-5;95341;Fidgital
2014-07-5;95347;Lindsay Jayne
2014-07-5;95353;徐冬冬
2014-07-5;95354;Hayley Griffiths
2014-07-5;95357;Music Advance
2014-07-5;95369;Andrew Chalk
2014-07-5;95376;Alan Farrington
2014-07-5;95383;Valhom
2014-07-5;95384;The Bilinda Butchers
2014-07-5;2553;周璇
2014-07-5;6712;坂本真綾
2014-07-5;7169;群星
2014-07-5;13977;Braid
2014-07-5;14765;Bobby Brown
2014-07-5;16099;Pyogenesis
2014-07-5;16099;Pyogenesis
2014-07-5;16515;Barbra Streisand
2014-07-5;22688;Atom Heart
2014-07-5;25417;downhere
2014-07-5;25455;Joss Stone
2014-07-5;27308;Pan-Thy-Monium
2014-07-5;31563;Gabriel Yared
2014-07-5;31563;Gabriel Yared
2014-07-5;42427;James Walsh
2014-07-5;42452;Nujabes
2014-07-5;44637;Axel
2014-07-5;56015;Majesty
2014-07-5;56248;Alberto Iglesias
2014-07-5;56248;Alberto Iglesias
2014-07-5;56248;Alberto Iglesias
2014-07-5;57316;Paula DeAnda
2014-07-5;60424;高橋直純
2014-07-5;64915;DJ SLY
2014-07-5;67969;龙井说唱
2014-07-5;72851;麻醉剂
2014-07-5;72855;Circle of Ghosts
2014-07-5;79884;Super8 & Tab
2014-07-5;82569;電気式華憐音楽集団
2014-07-5;83991;Slaktare
2014-07-5;88531;Corvus
2014-07-5;91570;Bill Skins Fifth
2014-07-5;92218;こまん
2014-07-5;94258;RegaSound
2014-07-5;95429;HALFBY
2014-07-5;95438;焦庆军
2014-07-5;95451;Ángel Illarramendi
2014-07-5;95451;Ángel Illarramendi
2014-07-5;95455;Brooke Annibale
2014-07-5;95461;Kadesh
2014-07-5;95464;Micky & the Motorcars
2014-07-5;95466;Uncle Mountain
2014-07-5;95466;Uncle Mountain
2014-07-5;95486;BYentl
2014-07-5;95487;Shazz
2014-07-5;95487;Shazz
2014-07-5;95487;Shazz
2014-07-5;105;陈林
2014-07-5;2758;GALA
2014-07-5;6934;平井堅
2014-07-5;6934;平井堅
2014-07-5;6934;平井堅
2014-07-5;7169;群星
2014-07-5;10332;The Mamas & The Papas
2014-07-5;11216;Charles Mingus
2014-07-5;14121;Ilium
2014-07-5;14754;Bananarama
2014-07-5;15083;Gladys Knight & the Pips
2014-07-5;22688;Atom Heart
2014-07-5;39696;Carmen Consoli
2014-07-5;58503;谢和弦
2014-07-5;58503;谢和弦
2014-07-5;58878;櫻井孝宏
2014-07-5;58888;VOCALOID
2014-07-5;59322;大野雄二
2014-07-5;60808;Zee Avi
2014-07-5;61257;Kim Taylor
2014-07-5;61678;One Morning Left
2014-07-5;80176;陈翔
2014-07-5;82526;솔라라
2014-07-5;87274;梁佳玉
2014-07-5;87318;井手綾香
2014-07-5;88742;Diaboli
2014-07-5;91007;王壹珊
2014-07-5;91680;泽旺多吉
2014-07-5;93118;Alana Lee
2014-07-5;95502;Bobby Solo
2014-07-5;95502;Bobby Solo
2014-07-5;95502;Bobby Solo
2014-07-5;95508;Renee Stahl
2014-07-5;95508;Renee Stahl
2014-07-5;95514;Deborah Jordan
2014-07-5;95520;Jaqui Dankworth
2014-07-5;95522;Ya Chang
2014-07-5;95524;Gloc-9
2014-07-5;95529;Ashley Scared the Sky
2014-07-5;95530;Flame Braithwaite
2014-07-5;95532;Sinepearl
2014-07-5;95551;GEOGRAPHIC
2014-07-5;95552;Ashes Remain
2014-07-5;95555;Coma Divine
2014-07-5;95561;Angelo dei Teppisti dei Sogni
2014-07-5;95563;Retro Bomb
2014-07-5;95564;Sinitus Tempo
2014-07-5;95565;박대정
2014-07-5;95567;Hurstwood
2014-07-5;95573;The Mist of Avalon
2014-07-5;95581;Wussy
2014-07-5;95581;Wussy
2014-07-5;95582;With Silent Eyes
2014-07-5;95586;方玥
2014-07-5;95588;丁锐
2014-07-5;98796;田中敬一
2014-07-5;1568606260;孙豆尔
2014-07-5;25964;British Sea Power
2014-07-5;31563;Gabriel Yared
2014-07-5;31563;Gabriel Yared
2014-07-5;42014;Francis Lai
2014-07-5;42038;Belong
2014-07-5;56953;中島愛
2014-07-5;58888;VOCALOID
2014-07-5;60404;大野克夫
2014-07-5;62500;日本ACG
2014-07-5;62500;日本ACG
2014-07-5;64895;Netherbird
2014-07-5;74384;0 SOUL 7
2014-07-5;76359;池田聡
2014-07-5;83457;GIP
2014-07-5;85240;Unlucky Morpheus
2014-07-5;87927;こなぐすり
2014-07-5;88402;Celtique
2014-07-5;88443;AQUAELIE
2014-07-5;88742;Diaboli
2014-07-5;92365;Necktarium
2014-07-5;95406;-PF AUDIO-
2014-07-5;95592;Stand Your Ground
2014-07-5;95605;Shambless
2014-07-5;95614;Massimo Faraò
2014-07-5;95614;Massimo Faraò
2014-07-5;95614;Massimo Faraò
2014-07-5;95614;Massimo Faraò
2014-07-5;95614;Massimo Faraò
2014-07-5;95614;Massimo Faraò
2014-07-5;95615;Casanova Venice Ensemble
2014-07-5;95627;Gianni Fiorellino
2014-07-5;95627;Gianni Fiorellino
2014-07-5;95638;Tullio De Piscopo
2014-07-5;95638;Tullio De Piscopo
2014-07-5;95640;Jennie Muskett
2014-07-5;95644;Gracie
2014-07-5;95645;Schwarz Stein
2014-07-5;95648;Urucubaca
2014-07-5;95659;大地真央
2014-07-5;95670;The Green
2014-07-5;95675;孟小童
2014-07-5;95679;Liz McDaniel
2014-07-5;96055;Massimo Farao Trio
2014-07-5;96055;Massimo Farao Trio
2014-07-5;115627;吕文成
2014-07-5;116979;シグナルP
2014-07-5;1483;邓丽君
2014-07-5;1538;凤飞飞
2014-07-5;7289;王若琳
2014-07-5;10013;Anthrax
2014-07-5;11633;Janet Jackson
2014-07-5;14613;Moebius
2014-07-5;16017;Kreator
2014-07-5;19878;Robin & Linda Williams
2014-07-5;23256;Soundtrack
2014-07-5;23258;Various Artists
2014-07-5;23258;Various Artists
2014-07-5;23677;Chris Rice 
2014-07-5;31563;Gabriel Yared
2014-07-5;31563;Gabriel Yared
2014-07-5;31563;Gabriel Yared
2014-07-5;54017;陈伟霆
2014-07-5;57097;Philippe Rombi
2014-07-5;57664;Exxasens
2014-07-5;61496;Leprous
2014-07-5;62402;蛋堡
2014-07-5;62500;日本ACG
2014-07-5;73369;FarLaw
2014-07-5;77443;韩国原声带
2014-07-5;83922;silence
2014-07-5;84646;王子建
2014-07-5;94435;NewVillager
2014-07-5;95671;The 8th Horcrux
2014-07-5;95691;Red Hot Lover Tone
2014-07-5;95708;Mario Merola
2014-07-5;95708;Mario Merola
2014-07-5;95708;Mario Merola
2014-07-5;95708;Mario Merola
2014-07-5;95708;Mario Merola
2014-07-5;95724;Original Flavor
2014-07-5;95734;Wild Strawberries
2014-07-5;95741;Hrvåtski
2014-07-5;95746;Cristina Mazza
2014-07-5;95753;Davide Swarup
2014-07-5;95765;Marian Call
2014-07-5;95773;Leo Sevets
2014-07-5;95780;Opiate
2014-07-5;95783;Carrie Ryan
2014-07-5;95785;Davy Long
2014-07-5;95794;Thy Veils
2014-07-5;95803;Graven
2014-07-5;95814;Miggs
2014-07-5;95826;Pastora Soler
2014-07-5;95827;Work Drugs
2014-07-5;96034;Opiate
2014-07-5;110449;good machine oil
2014-07-5;6899;mihimaru GT
2014-07-5;10003;Aerosmith
2014-07-5;10277;The Jayhawks
2014-07-5;15205;Kim Wilde
2014-07-5;16017;Kreator
2014-07-5;16017;Kreator
2014-07-5;16017;Kreator
2014-07-5;23256;Soundtrack
2014-07-5;23783;吉田潔
2014-07-5;24230;東京事変
2014-07-5;27440;Arkona
2014-07-5;55808;佐橋俊彦
2014-07-5;56745;平川地一丁目
2014-07-5;57111;神山純一
2014-07-5;57111;神山純一
2014-07-5;58888;VOCALOID
2014-07-5;58893;One Night Only
2014-07-5;59599;김형준
2014-07-5;64549;iLL
2014-07-5;66870;Kiersten Holine
2014-07-5;67002;19
2014-07-5;67002;19
2014-07-5;67002;19
2014-07-5;67002;19
2014-07-5;71022;Betontod
2014-07-5;75245;ROOKiEZ is PUNK'D
2014-07-5;75255;김경록
2014-07-5;78609;Thot
2014-07-5;79694;Smoke Fairies
2014-07-5;82409;Hydria
2014-07-5;88352;Sindy
2014-07-5;94782;김정태
2014-07-5;95023;秋本すばこ
2014-07-5;95407;DEATHBIE
2014-07-5;95728;Affiance
2014-07-5;95777;Bloodline
2014-07-5;95842;左亦
2014-07-5;95848;Tarahumara
2014-07-5;95864;Your Favorite Martian
2014-07-5;95864;Your Favorite Martian
2014-07-5;95864;Your Favorite Martian
2014-07-5;95866;Annalisa Minetti
2014-07-5;95866;Annalisa Minetti
2014-07-5;95875;Chris Lawyer
2014-07-5;95879;Fabrizio Scarpa
2014-07-5;95881;長保有紀
2014-07-5;95891;Livid Halcyon
2014-07-5;95895;2Cellos
2014-07-5;95896;MoA
2014-07-5;95902;Dead Sara
2014-07-5;95906;Corinna Rose
2014-07-5;95909;キャラメルペッパーズ
2014-07-5;95923;Dead Elephant
2014-07-5;95925;The Landwash Of Eternal Tranquility
2014-07-5;95926;Andre Watts
2014-07-5;96129;Niflheim
2014-07-5;1399;陈亮吟
2014-07-5;1399;陈亮吟
2014-07-5;1399;陈亮吟
2014-07-5;1399;陈亮吟
2014-07-5;1557;龚琳娜
2014-07-5;1921;刘婕
2014-07-5;2297;谢金燕
2014-07-5;7169;群星
2014-07-5;10210;Front 242
2014-07-5;11174;Branford Marsalis
2014-07-5;12925;Counting Crows
2014-07-5;13313;Buckethead
2014-07-5;18564;Tito Rodriguez
2014-07-5;19737;Carl Davis
2014-07-5;23258;Various Artists
2014-07-5;23476;Sean Kingston
2014-07-5;23555;DAViCHi
2014-07-5;24087;St. Vincent
2014-07-5;24930;P.G. Six
2014-07-5;28899;Steve Gibbons Band
2014-07-5;42020;Wojciech Kilar
2014-07-5;42197;Gabe Dixon
2014-07-5;49383;Georges Delerue
2014-07-5;57016;安全地帯
2014-07-5;60684;小野大輔
2014-07-5;60777;HB
2014-07-5;62233;詩月カオリ
2014-07-5;62465;Bleiburg
2014-07-5;62500;日本ACG
2014-07-5;65965;Mini Viva
2014-07-5;67915;Gored
2014-07-5;74953;Mary McBride
2014-07-5;76802;Hell Within
2014-07-5;80747;董瑞
2014-07-5;82497;早見沙織
2014-07-5;82662;Fear, and Loathing in Las Vegas
2014-07-5;82983;Jessie J
2014-07-5;89334;And Hell Followed With
2014-07-5;89334;And Hell Followed With
2014-07-5;89660;埼玉最終兵器
2014-07-5;95683;Star Slinger
2014-07-5;95830;ДахаБраха
2014-07-5;95852;Mors Syphilitica
2014-07-5;95886;虎の穴
2014-07-5;95930;Winky诗
2014-07-5;95934;祺云法师
2014-07-5;95962;Annette Focks
2014-07-5;95962;Annette Focks
2014-07-5;95970;S.L.I.M
2014-07-5;95976;Phonogenica
2014-07-5;95984;Glenn Douglas Packard
2014-07-5;95987;貝田由里子
2014-07-5;106746;Active Planets
2014-07-5;3126;小松小柏
2014-07-5;6904;m.o.v.e
2014-07-5;7169;群星
2014-07-5;10656;Supertramp
2014-07-5;11838;Glen Campbell
2014-07-5;13226;Mansun
2014-07-5;13226;Mansun
2014-07-5;15340;ESG
2014-07-5;16036;Anathema
2014-07-5;23256;Soundtrack
2014-07-5;23258;Various Artists
2014-07-5;27067;Owen
2014-07-5;28141;Arms & Sleepers
2014-07-5;32849;谭盾
2014-07-5;43991;Jake Owen
2014-07-5;50183;Stoney LaRue
2014-07-5;55252;Ataraxia
2014-07-5;56485;BUMP OF CHICKEN
2014-07-5;57485;川井憲次
2014-07-5;59325;岩崎琢
2014-07-5;62500;日本ACG
2014-07-5;63371;Safarii
2014-07-5;65610;COALTAR OF THE DEEPERS
2014-07-5;68463;Blood Axis
2014-07-5;69026;Jonathan Coulton
2014-07-5;69666;Her Only Presence
2014-07-5;77752;Heinz Holliger
2014-07-5;81822;D-Loop
2014-07-5;82872;龙啸
2014-07-5;88193;扬墨
2014-07-5;90905;岸田智史
2014-07-5;95989;Black Leaves
2014-07-5;95991;LoveCunningham
2014-07-5;95999;나비잠
2014-07-5;96008;Trampauline
2014-07-5;96010;Beyond The Bridge
2014-07-5;96012;Crushing Blow
2014-07-5;96022;Bambu
2014-07-5;96031;Eric Stanley
2014-07-5;96032;Heavensdust
2014-07-5;96032;Heavensdust
2014-07-5;96035;The Colorful Quiet
2014-07-5;96035;The Colorful Quiet
2014-07-5;96324;鼻そうめんP
2014-07-5;102209;椎名豪
2014-07-5;1561246132;TOP Band
2014-07-5;762;区瑞强
2014-07-5;7169;群星
2014-07-5;11440;Art Tatum
2014-07-5;13550;Deftones
2014-07-5;16511;Frank Sinatra
2014-07-5;16511;Frank Sinatra
2014-07-5;28403;Base Ball Bear
2014-07-5;38980;Glass Tiger
2014-07-5;54997;観月ありさ 
2014-07-5;54997;観月ありさ 
2014-07-5;54997;観月ありさ 
2014-07-5;54997;観月ありさ 
2014-07-5;54997;観月ありさ 
2014-07-5;57485;川井憲次
2014-07-5;57485;川井憲次
2014-07-5;57928;小林明子
2014-07-5;58888;VOCALOID
2014-07-5;59608;Alfred Schnittke
2014-07-5;60558;IOSYS
2014-07-5;60699;川澄綾子
2014-07-5;62500;日本ACG
2014-07-5;62500;日本ACG
2014-07-5;66106;Chris Trapper
2014-07-5;75801;Heretic
2014-07-5;80063;見岳章
2014-07-5;87804;Cat's Eyes
2014-07-5;87829;王羽泽
2014-07-5;96039;Equinoxem
2014-07-5;96042;李创
2014-07-5;96045;Electro Quarterstaff
2014-07-5;96046;Sleep Terror
2014-07-5;96050;王耀影
2014-07-5;96051;Abbe May
2014-07-5;96056;Crimson Sky
2014-07-5;96057;可可床
2014-07-5;96067;Einojuhani Rautavaara
2014-07-5;96072;Brent Ellis
2014-07-5;96079;PULSE CIRCUS
2014-07-5;96082;早真花
2014-07-5;96085;Taglia Unica
2014-07-5;96086;Tony Astarita
2014-07-5;96090;Mood Rings
2014-07-5;96120;打首獄門同好会
2014-07-5;96122;John Parr
2014-07-5;112382;樋口秀樹
2014-07-5;112382;樋口秀樹
2014-07-5;413;黄征
2014-07-5;6687;BENI
2014-07-5;13284;Mogwai
2014-07-5;14345;Guitar
2014-07-5;22402;Robert Rich
2014-07-5;22402;Robert Rich
2014-07-5;22402;Robert Rich
2014-07-5;23258;Various Artists
2014-07-5;23258;Various Artists
2014-07-5;24347;黄圣依
2014-07-5;35039;Vera Lynn
2014-07-5;35626;Lotte Kestner
2014-07-5;47726;Globus
2014-07-5;56194;Slow Club
2014-07-5;57012;水樹奈々
2014-07-5;58325;水森かおり
2014-07-5;58518;池澤春菜
2014-07-5;59739;PIERROT
2014-07-5;60428;國府田マリ子
2014-07-5;62500;日本ACG
2014-07-5;71445;黄渤
2014-07-5;71841;Returning We Hear the Larks
2014-07-5;76759;Girl's Day
2014-07-5;77275;井ノ上奈々
2014-07-5;77652;Jascha Heifetz
2014-07-5;80290;I've
2014-07-5;84725;class
2014-07-5;85560;비비안
2014-07-5;87271;Benjamin Francis Leftwich
2014-07-5;92788;Basement
2014-07-5;93839;Lisa Portelli
2014-07-5;96047;Smoke DZA
2014-07-5;96145;김필
2014-07-5;96146;Newell Oler
2014-07-5;96146;Newell Oler
2014-07-5;96156;Mario Trevi
2014-07-5;96159;Amazon
2014-07-5;96164;Alexia Gardner
2014-07-5;96168;Chin Up Chin Up
2014-07-5;96171;Jimmy Golay
2014-07-5;96176;A Need For Reason
2014-07-5;96177;Exiting The Fall
2014-07-5;96178;A Diary Entry
2014-07-5;96187;25 hours
2014-07-5;96190;Unspoken Heard
2014-07-5;96199;Cranial Osteotomy
2014-07-5;96202;松原のぶえ
2014-07-5;96202;松原のぶえ
2014-07-5;96206;Arrica Rose
2014-07-5;96206;Arrica Rose
2014-07-5;96214;The Farewell Drifters
2014-07-5;96221;Dolores Olioso
2014-07-5;1250;钟盛忠
2014-07-5;6765;EXILE
2014-07-5;6917;木村由姫
2014-07-5;7169;群星
2014-07-5;10331;Madonna
2014-07-5;29895;姜鄠
2014-07-5;57485;川井憲次
2014-07-5;62500;日本ACG
2014-07-5;64084;石川さゆり
2014-07-5;64084;石川さゆり
2014-07-5;65399;Les Discrets
2014-07-5;68045;James Pants
2014-07-5;69303;Boxer & Clover
2014-07-5;72854;林家小妹
2014-07-5;77091;dBu music
2014-07-5;81102;岑宁儿
2014-07-5;90270;papiyon
2014-07-5;92732;Morandi
2014-07-5;94094;李旻
2014-07-5;95990;Followbane
2014-07-5;96227;洛琴
2014-07-5;96230;Plover
2014-07-5;96233;女巫
2014-07-5;96235;江惠仪
2014-07-5;96238;大卫库克
2014-07-5;96246;Slow Death
2014-07-5;96248;Revolt
2014-07-5;96249;Bobby Goldsboro
2014-07-5;96252;Jimmy Darling
2014-07-5;96254;Karim Sebastian Elias
2014-07-5;96256;Cast Iron Filter
2014-07-5;96256;Cast Iron Filter
2014-07-5;96256;Cast Iron Filter
2014-07-5;96258;Pierre Adenot
2014-07-5;96260;李贵府
2014-07-5;96263;Norabelle
2014-07-5;96267;たかはし智秋
2014-07-5;96268;Weeping Silence
2014-07-5;96272;Tolo Marton
2014-07-5;96272;Tolo Marton
2014-07-5;96285;Case Studies
2014-07-5;115419;DDとMPの同人工房
2014-07-5;942;翁立友
2014-07-5;6160;霜月はるか
2014-07-5;7169;群星
2014-07-5;7169;群星
2014-07-5;13001;The Mighty Lemon Drops
2014-07-5;15637;Robert Owens
2014-07-5;23257;日本原声带
2014-07-5;23258;Various Artists
2014-07-5;23258;Various Artists
2014-07-5;23258;Various Artists
2014-07-5;25032;Clap Your Hands Say Yeah
2014-07-5;29844;办桌阿杰
2014-07-5;37664;Arabesque
2014-07-5;37823;Derek Sherinian
2014-07-5;39780;Xasthur
2014-07-5;52547;山口五郎
2014-07-5;54997;観月ありさ 
2014-07-5;54997;観月ありさ 
2014-07-5;54997;観月ありさ 
2014-07-5;55996;茶太
2014-07-5;56015;Majesty
2014-07-5;59145;DAISHI DANCE
2014-07-5;62500;日本ACG
2014-07-5;62500;日本ACG
2014-07-5;62798;Steve Moakler
2014-07-5;65896;Torsofuck
2014-07-5;67038;池頼広
2014-07-5;70835;Desire
2014-07-5;82930;Jesus Culture
2014-07-5;87762;SPEED KILL HATE
2014-07-5;88199;古川本舗
2014-07-5;88823;Xerbittert
2014-07-5;88823;Xerbittert
2014-07-5;89102;孟杨
2014-07-5;90035;前山田健一
2014-07-5;91208;차태현
2014-07-5;95768;Харизма
2014-07-5;95768;Харизма
2014-07-5;95819;Draugadróttinn
2014-07-5;96321;Solsikk
2014-07-5;96322;Erode
2014-07-5;96328;Abby Dobson
2014-07-5;96337;杨川平
2014-07-5;96340;多多
2014-07-5;96341;简雅姗
2014-07-5;96343;The Tigers Of Bengal
2014-07-5;96343;The Tigers Of Bengal
2014-07-5;96344;Miski Soncco
2014-07-5;96374;Architect
2014-07-5;96382;Low Dream
2014-07-5;96385;Todacosta
2014-07-5;6972;Sing Like Talking
2014-07-5;12496;DJ Shadow
2014-07-5;29133;FREE THE BIRD
2014-07-5;36695;Gui Boratto
2014-07-5;40483;Simon D.
2014-07-5;60178;YU-A
2014-07-5;68463;Blood Axis
2014-07-5;71870;TЁЯRA
2014-07-5;77443;韩国原声带
2014-07-5;82189;THE UNIQUE STAR
2014-07-5;83200;CHiYO
2014-07-5;84591;My Own True Desire
2014-07-5;85950;Tom Morello
2014-07-5;88139;乌兰图雅
2014-07-5;89862;Rusuah
2014-07-5;92919;ram:
2014-07-5;93912;DadaD
2014-07-5;94881;子枫
2014-07-5;96388;张咸宁
2014-07-5;96395;Lorenzo Montanà
2014-07-5;96397;Le Vangle
2014-07-5;96397;Le Vangle
2014-07-5;96398;Stamatis Spanoudakis
2014-07-5;96398;Stamatis Spanoudakis
2014-07-5;96398;Stamatis Spanoudakis
2014-07-5;96400;Bruno Lauzi
2014-07-5;96400;Bruno Lauzi
2014-07-5;96400;Bruno Lauzi
2014-07-5;96417;Remate
2014-07-5;96417;Remate
2014-07-5;96425;Czaldy - Waldy Quartet
2014-07-5;96427;Narodni trida
2014-07-5;96429;Egyptrixx
2014-07-5;96433;Lisa Sangita Moskow
2014-07-5;96434;Hot Toddy
2014-07-5;96446;iamsleepless
2014-07-5;96448;Two Suns
2014-07-5;96449;Republic of Letters
2014-07-5;302;含笑
2014-07-5;11013;Lionel Hampton
2014-07-5;14092;Jens Lekman
2014-07-5;23258;Various Artists
2014-07-5;23258;Various Artists
2014-07-5;23258;Various Artists
2014-07-5;24053;Andrea Bocelli
2014-07-5;27907;James Blackshaw
2014-07-5;32123;Pia
2014-07-5;32149;J-Walk
2014-07-5;44542;The Bone Brothers
2014-07-5;56606;シド
2014-07-5;58763;鈴村健一
2014-07-5;58871;Matthew West
2014-07-5;59594;Sona
2014-07-5;63910;The Rest
2014-07-5;66039;桜庭統
2014-07-5;72675;Zuno
2014-07-5;76326;赵雷
2014-07-5;77652;Jascha Heifetz
2014-07-5;79313;Christopher Lennertz
2014-07-5;83569;Hande Yener
2014-07-5;91877;Adrian Von Ziegler
2014-07-5;92568;絃奏水琴樂章
2014-07-5;96458;AUTO-MOD
2014-07-5;96458;AUTO-MOD
2014-07-5;96458;AUTO-MOD
2014-07-5;96467;Groinchurn
2014-07-5;96485;Bulat Okudjava
2014-07-5;96485;Bulat Okudjava
2014-07-5;96500;Greyshield
2014-07-5;96503;Razika
2014-07-5;96504;B.B.Pucks
2014-07-5;96505;Little Tybee
2014-07-5;96506;Elliot Road
2014-07-5;96513;Haifa Wehbe
2014-07-5;96513;Haifa Wehbe
2014-07-5;96525;涼風真世
2014-07-5;96534;たまねぎ部
2014-07-5;96537;NADV
2014-07-5;96539;Kreayshawn
2014-07-5;96544;Gothart
2014-07-5;96544;Gothart
2014-07-5;96545;Eugene Pao
2014-07-5;96547;Bloodshoteye
2014-07-5;96551;Beverly McClellan
2014-07-5;96553;Anne & Pete Sibley
2014-07-5;96557;Yoko Duo
2014-07-5;96568;黄渼娟
2014-07-5;96579;King of the Slums
2014-07-5;96579;King of the Slums
2014-07-5;96582;I.D.A
2014-07-5;96583;Anne.K
2014-07-5;696400285;Rinaldo Alessandrini
2014-07-5;1268601000;James Levine
2014-07-5;171;戴玉强
2014-07-5;1941;刘依纯
2014-07-5;3279;榊原ゆい
2014-07-5;6851;Kazami
2014-07-5;7169;群星
2014-07-5;11791;Snoop Lion
2014-07-5;22891;Rotterdam Terror Corps
2014-07-5;23258;Various Artists
2014-07-5;23259;日本群星
2014-07-5;31938;Sugababes
2014-07-5;36187;Smokey Robinson & the Miracles
2014-07-5;42069;Will Young
2014-07-5;57086;Spangle call Lilli line
2014-07-5;57484;川瀬智子
2014-07-5;58449;上野洋子
2014-07-5;59739;PIERROT
2014-07-5;61078;heidi
2014-07-5;63167;Rosi Golan
2014-07-5;65416;Wale
2014-07-5;66810;Neon Indian
2014-07-5;70665;Trauer
2014-07-5;72040;Segression
2014-07-5;72681;Sharon Jones & the Dap-Kings
2014-07-5;78977;顽效
2014-07-5;78977;顽效
2014-07-5;79191;Half-Life
2014-07-5;82634;Archgoat
2014-07-5;86471;Side of Despondency
2014-07-5;88101;LiLA'c Records
2014-07-5;88296;Deviser
2014-07-5;89513;さよならポニーテール
2014-07-5;90800;黄英华
2014-07-5;93381;54-71
2014-07-5;95271;Erra
2014-07-5;96144;THEラブ人間
2014-07-5;96331;华夏民族乐团
2014-07-5;96562;Fatima Hill
2014-07-5;96595;Sr. Chinarro
2014-07-5;96596;Tim Kasher
2014-07-5;96607;Graeme Scott
2014-07-5;96628;Down I Go
2014-07-5;96628;Down I Go
2014-07-5;96629;Suhrim
2014-07-5;96644;Evilfeast
2014-07-5;96644;Evilfeast
2014-07-5;96652;Kingrass Hoppers
2014-07-5;96657;Dick Schory
2014-07-5;415;黄仲昆
2014-07-5;7158;原声带
2014-07-5;7169;群星
2014-07-5;7169;群星
2014-07-5;14153;嶺川貴子
2014-07-5;14746;Christina Aguilera
2014-07-5;22402;Robert Rich
2014-07-5;23256;Soundtrack
2014-07-5;23528;Amaral
2014-07-5;23580;Chris Brown
2014-07-5;39208;Color
2014-07-5;55422;Sex Machineguns
2014-07-5;59151;The Wooden Birds
2014-07-5;59978;Super Kidd
2014-07-5;61448;nao
2014-07-5;64967;光永亮太
2014-07-5;68634;ANN LEWIS
2014-07-5;72651;ZABADAK
2014-07-5;72651;ZABADAK
2014-07-5;72651;ZABADAK
2014-07-5;72651;ZABADAK
2014-07-5;75118;黒百合姉妹
2014-07-5;75157;Excrementory Grindfuckers
2014-07-5;96303;MONI-FACE
2014-07-5;96665;The Cats
2014-07-5;96667;The Filthy Souls
2014-07-5;96671;Alex Keith
2014-07-5;96673;Jim Camacho
2014-07-5;96691;Genital Grinder
2014-07-5;96693;安東由美子　
2014-07-5;96700;Die Pigeon Die
2014-07-5;96704;Deleted Scenes
2014-07-5;96708;company of thieves
2014-07-5;96712;Char
2014-07-5;96713;Hybrid Viscery
2014-07-5;96715;Blackest Dawn
2014-07-5;22402;Robert Rich
2014-07-5;22402;Robert Rich
2014-07-5;22402;Robert Rich
2014-07-5;23258;Various Artists
2014-07-5;23258;Various Artists
2014-07-5;23258;Various Artists
2014-07-5;23616;Sarah Brightman
2014-07-5;29147;The Gourds
2014-07-5;31269;Century
2014-07-5;32061;J.ae
2014-07-5;32233;千住明
2014-07-5;35567;Errors
2014-07-5;38624;Stemm
2014-07-5;42071;Kate Ryan
2014-07-5;42071;Kate Ryan
2014-07-5;43467;Martin Simpson
2014-07-5;58130;The Allstar Project
2014-07-5;58150;BIGMAMA
2014-07-5;58888;VOCALOID
2014-07-5;62500;日本ACG
2014-07-5;62879;Cold Fusion
2014-07-5;62909;Kolor
2014-07-5;67314;she
2014-07-5;67430;Marigold
2014-07-5;77444;韩国群星
2014-07-5;90116;Fragments Of Winter
2014-07-5;90591;Toddle
2014-07-5;93537;Soulrain
2014-07-5;94361;黒夜葬
2014-07-5;95624;朱家明
2014-07-5;96631;t=NODE
2014-07-5;96685;岛屿心情
2014-07-5;96728;The Gift
2014-07-5;96731;Nigun
2014-07-5;96752;阿BEN
2014-07-5;96755;Hospital Ships
2014-07-5;96762;Thundercat
2014-07-5;96766;My Lost Youth
2014-07-5;106976;765PRO ALLSTARS
2014-07-5;7057;T.M.Revolution
2014-07-5;10182;Gloria Estefan
2014-07-5;10373;Mott the Hoople
2014-07-5;10470;Cliff Richard
2014-07-5;11634;Michael Jackson
2014-07-5;19904;Paul Brandt
2014-07-5;23258;Various Artists
2014-07-5;24642;The Subways
2014-07-5;24642;The Subways
2014-07-5;27515;Natalie Grant
2014-07-5;35160;Mary Fahl
2014-07-5;49588;Igor Stravinsky
2014-07-5;56364;No Regret Life
2014-07-5;60000;Nikki Flores
2014-07-5;60157;Trax
2014-07-5;62406;Florence and the Machine
2014-07-5;62794;Nargaroth
2014-07-5;63444;Juliet
2014-07-5;63602;Jon Young
2014-07-5;65428;Youjeen
2014-07-5;65739;Beyond The Dream
2014-07-5;68736;やくしまるえつこ
2014-07-5;72004;Suffokate
2014-07-5;76102;Maria Haukaas Storeng
2014-07-5;79514;Mucupurulent
2014-07-5;80029;猪哥亮
2014-07-5;80683;Cliff Martinez
2014-07-5;80761;Mstory
2014-07-5;84919;福井裕佳梨
2014-07-5;87994;幽閉サテライト
2014-07-5;94795;阎琰
2014-07-5;94795;阎琰
2014-07-5;96625;The A Forest
2014-07-5;96783;Attick Demons
2014-07-5;96784;Avenie
2014-07-5;96799;Astral Winter
2014-07-5;96803;谢延久
2014-07-5;96806;柴帅
2014-07-5;96809;You Can't Explain Logic
2014-07-5;96812;かまいたち
2014-07-5;96817;Acrylics
2014-07-5;96817;Acrylics
2014-07-5;96818;Aesthetic
2014-07-5;96826;Patrick Sweany
2014-07-5;96827;PETSET
2014-07-5;96841;Wang Weiping
2014-07-5;96859;Marcia Brackett
2014-07-5;359;胡彦斌
2014-07-5;4432;風味堂
2014-07-5;5109;임형주
2014-07-5;6752;大黒摩季
2014-07-5;7169;群星
2014-07-5;7392;龚玥
2014-07-5;10421;Pet Shop Boys
2014-07-5;16396;Destroy All Monsters
2014-07-5;23258;Various Artists
2014-07-5;23258;Various Artists
2014-07-5;23258;Various Artists
2014-07-5;27611;Prurient
2014-07-5;28572;VNV Nation
2014-07-5;32500;SG Wanna Be
2014-07-5;36358;Royal Philharmonic Orchestra
2014-07-5;41480;Atrax Morgue
2014-07-5;41480;Atrax Morgue
2014-07-5;41480;Atrax Morgue
2014-07-5;41480;Atrax Morgue
2014-07-5;41480;Atrax Morgue
2014-07-5;41480;Atrax Morgue
2014-07-5;41480;Atrax Morgue
2014-07-5;41480;Atrax Morgue
2014-07-5;51968;HOME MADE 家族
2014-07-5;56240;Frozen Silence
2014-07-5;61390;45RPM
2014-07-5;65226;Omodaka
2014-07-5;66434;Woods of Infinity
2014-07-5;72984;Noisuf-X
2014-07-5;77798;We Are The In Crowd
2014-07-5;89298;S.C.U.M
2014-07-5;91189;Tyranex
2014-07-5;91786;Euphoreon
2014-07-5;92764;NASA
2014-07-5;94728;백새은
2014-07-5;94875;平井真美子
2014-07-5;95067;Con-Dom
2014-07-5;95067;Con-Dom
2014-07-5;95067;Con-Dom
2014-07-5;96867;Spencer Day
2014-07-5;96876;박귤
2014-07-5;96878;Blien Vesne
2014-07-5;96879;Sieghetnar
2014-07-5;96880;Old Silver Key
2014-07-5;96887;Poenarian Mist
2014-07-5;96919;李沫颖
2014-07-5;2021;那英
2014-07-5;7158;原声带
2014-07-5;10204;Foreigner
2014-07-5;10348;Megadeth
2014-07-5;10421;Pet Shop Boys
2014-07-5;10610;Southside Johnny
2014-07-5;11494;Grover Washington, Jr.
2014-07-5;11494;Grover Washington, Jr.
2014-07-5;13731;Ben Harper
2014-07-5;16969;The Residents
2014-07-5;23258;Various Artists
2014-07-5;23258;Various Artists
2014-07-5;23258;Various Artists
2014-07-5;23258;Various Artists
2014-07-5;23258;Various Artists
2014-07-5;23258;Various Artists
2014-07-5;23258;Various Artists
2014-07-5;23524;Ashanti
2014-07-5;39765;Apathy
2014-07-5;53267;The Hilliard Ensemble
2014-07-5;55652;ET-KING
2014-07-5;56940;釘宮理恵
2014-07-5;60699;川澄綾子
2014-07-5;66697;Omar-S
2014-07-5;73996;Akala
2014-07-5;77090;SYNC.ART'S
2014-07-5;81506;a flood of circle
2014-07-5;81750;허각
2014-07-5;82708;沢田聖子
2014-07-5;82708;沢田聖子
2014-07-5;82708;沢田聖子
2014-07-5;83350;DJ XEFUZION
2014-07-5;84264;FELT
2014-07-5;85950;Tom Morello
2014-07-5;86585;Sander Van Doorn
2014-07-5;88199;古川本舗
2014-07-5;88562;OSTER project
2014-07-5;88861;B1A4
2014-07-5;88955;千昌夫
2014-07-5;91571;Tragedy Machine
2014-07-5;91571;Tragedy Machine
2014-07-5;91772;霹雳英雄
2014-07-5;92598;Kambrium
2014-07-5;96950;Fireal
2014-07-5;96951;Stria
2014-07-5;96952;The Secret Sisters
2014-07-5;96965;Cold Driven
2014-07-5;96969;The fifth sun
2014-07-5;96971;Akem Manah
2014-07-5;96975;The Nature Sounds Society Japan
2014-07-5;96976;Birch Hill Dam
2014-07-5;96977;Angel Tears
2014-07-5;96977;Angel Tears
2014-07-5;96981;Orthonorma
2014-07-5;96996;Ryan Teague
2014-07-5;97000;シータ θ
2014-07-5;97002;BARBEE BOYS
2014-07-5;97003;Robert J. P. Oberg
2014-07-5;97004;Exsecratum
2014-07-5;97019;The Quiet Kind
2014-07-5;97023;島田荘司
2014-07-5;97025;Sueño Music
2014-07-5;97026;段丽阳
2014-07-5;109117;曾伟源
2014-07-5;1886;林天爱
2014-07-5;7169;群星
2014-07-5;10421;Pet Shop Boys
2014-07-5;10421;Pet Shop Boys
2014-07-5;11768;Eminem
2014-07-5;13730;Macy Gray
2014-07-5;16534;The Proclaimers
2014-07-5;23258;Various Artists
2014-07-5;23681;Kelly Clarkson
2014-07-5;25414;Needtobreathe
2014-07-5;42452;Nujabes
2014-07-5;47821;Lady Gaga
2014-07-5;48625;Alt-Ctrl-Sleep
2014-07-5;54602;Tanzwut
2014-07-5;62777;The Jezabels
2014-07-5;63113;Kevin Costner & Modern West
2014-07-5;67670;The Bride
2014-07-5;68342;Tribe of Circle
2014-07-5;69402;박상철
2014-07-5;71311;林ゆうき
2014-07-5;76366;浮森かや子
2014-07-5;76510;Abominant
2014-07-5;78487;原田ひとみ
2014-07-5;86635;2Lson
2014-07-5;87194;Glow Curve
2014-07-5;90951;Nicola Roberts
2014-07-5;91470;The Belle Brigade
2014-07-5;97031;JIMSAKU
2014-07-5;97050;Ladybug Mecca
2014-07-5;97064;The Baltic Sea
2014-07-5;97065;jjkimmusic
2014-07-5;97066;Canon Blue
2014-07-5;97068;B.R.B sound
2014-07-5;97070;Still Fresh
2014-07-5;97071;Ryan Cohen
2014-07-5;97083;Raccoon_7
2014-07-5;97087;Tall Tales & The Silver Lining
2014-07-5;97089;Jimmy Robeson
2014-07-5;97090;Spirit of the Forest
2014-07-5;97098;Correatown
2014-07-5;97098;Correatown
2014-07-5;97103;Jason Bajada
2014-07-5;97105;オレ、モリ、カエル
2014-07-5;97110;Charlie Schafer
2014-07-5;97111;Kevin Riepl
2014-07-5;97114;Blue Bedouin
2014-07-5;97139;Grace Cathedral Park
2014-07-5;97144;Parking Lot Pimp
2014-07-5;97147;Parva
2014-07-5;97147;Parva
2014-07-5;97151;ST/MiC
2014-07-5;97155;Party Horse
2014-07-5;108486;上海越剧院
2014-07-5;114591;L3Project
2014-07-5;1381739434;ポヤッチオ
2014-07-5;7169;群星
2014-07-5;7169;群星
2014-07-5;10421;Pet Shop Boys
2014-07-5;10707;Tom Waits
2014-07-5;10707;Tom Waits
2014-07-5;16069;Entombed
2014-07-5;23258;Various Artists
2014-07-5;23258;Various Artists
2014-07-5;23513;Angels & Airwaves
2014-07-5;29166;蔡义德
2014-07-5;30745;Birdy Nam Nam
2014-07-5;41258;James Last
2014-07-5;43047;Joey McIntyre
2014-07-5;56569;钟晓玉
2014-07-5;61196;Asriel
2014-07-5;62500;日本ACG
2014-07-5;62500;日本ACG
2014-07-5;62500;日本ACG
2014-07-5;70232;Two Steps From Hell
2014-07-5;73322;MIC男团
2014-07-5;78609;Thot
2014-07-5;84020;ザ・ベイビースターズ
2014-07-5;91347;Horologium
2014-07-5;93722;Sturmovik
2014-07-5;97161;Cal Ecker
2014-07-5;97169;Sparrow
2014-07-5;97182;Grant Taylor
2014-07-5;97201;theOnlyMoment
2014-07-5;97202;Liz Snyder
2014-07-5;97213;Christian Dörge
2014-07-5;97217;Sun Glitters
2014-07-5;97218;Heather Hammers
2014-07-5;97226;Motel
2014-07-5;97235;Briana Lynn Wolf
2014-07-5;97238;Crowfield
2014-07-5;103970;Soundscapes Relaxing Music
2014-07-5;116548;阿部義晴
2014-07-5;117088;107
2014-07-5;6158;矢野顕子
2014-07-5;7169;群星
2014-07-5;10144;Depeche Mode
2014-07-5;10144;Depeche Mode
2014-07-5;10707;Tom Waits
2014-07-5;14746;Christina Aguilera
2014-07-5;23256;Soundtrack
2014-07-5;23258;Various Artists
2014-07-5;29943;Shakin' Stevens
2014-07-5;31283;Bonnie "Prince" Billy
2014-07-5;32282;Rick Ross
2014-07-5;32350;Humming Urban Stereo
2014-07-5;38827;Meiko
2014-07-5;42069;Will Young
2014-07-5;55657;Bob Catley
2014-07-5;60400;Piers Faccini
2014-07-5;62500;日本ACG
2014-07-5;65215;VANILLA BEANS
2014-07-5;69293;Henning Schmiedt
2014-07-5;79977;Trenton
2014-07-5;82265;김보경
2014-07-5;86432;Maroo
2014-07-5;87273;Angelspit
2014-07-5;87722;另一种意见
2014-07-5;97252;Moira Kerr
2014-07-5;97254;Omar Faruk Tekbilek
2014-07-5;97254;Omar Faruk Tekbilek
2014-07-5;97262;Acranius
2014-07-5;97266;Meliah
2014-07-5;97276;Reptilian Sexual Predator
2014-07-5;97279;笑武堂
2014-07-5;97281;Link
2014-07-5;97282;The Treatment
2014-07-5;97284;Infinity
2014-07-5;97288;Celestial Winds
2014-07-5;97288;Celestial Winds
2014-07-5;97309;N.T.B
2014-07-5;13014;Pizzicato Five
2014-07-5;14746;Christina Aguilera
2014-07-5;23258;Various Artists
2014-07-5;23258;Various Artists
2014-07-5;23258;Various Artists
2014-07-5;23258;Various Artists
2014-07-5;28774;Puddle of Mudd
2014-07-5;29075;颜振豪
2014-07-5;49588;Igor Stravinsky
2014-07-5;58430;美郷あき
2014-07-5;60415;山岡晃
2014-07-5;62500;日本ACG
2014-07-5;64205;Autodafeh
2014-07-5;64205;Autodafeh
2014-07-5;75356;ave；new
2014-07-5;77443;韩国原声带
2014-07-5;77443;韩国原声带
2014-07-5;84664;The New Division
2014-07-5;88101;LiLA'c Records
2014-07-5;92485;Tenebrae In Perpetuum
2014-07-5;92764;NASA
2014-07-5;95049;Brandkommando
2014-07-5;95124;Kazeria [ KZ ]
2014-07-5;95124;Kazeria [ KZ ]
2014-07-5;96073;幻想エアリー
2014-07-5;97319;Laura Arkana met Peter Broderick
2014-07-5;97322;Mortaur
2014-07-5;97322;Mortaur
2014-07-5;97325;陈柔希
2014-07-5;97338;Watch Me Fall
2014-07-5;97341;Gavin Whelan
2014-07-5;97341;Gavin Whelan
2014-07-5;97344;Lugburz
2014-07-5;97346;The Caretaker
2014-07-5;97352;Maska Genetik
2014-07-5;97354;JoJo
2014-07-5;97356;Acorah
2014-07-5;97384;Fatoumata Diawara
2014-07-5;97390;Gustavo Dal Farra
2014-07-5;97393;Weird Owl
2014-07-5;97396;fDeluxe
2014-07-5;97398;Hong Kong In The 60s
2014-07-5;97399;Phontaine
2014-07-5;98070;Jason Gervais
2014-07-5;2313;秀兰玛雅
2014-07-5;10144;Depeche Mode
2014-07-5;14623;灰野敬二
2014-07-5;15152;Erotic Drum Band
2014-07-5;23257;日本原声带
2014-07-5;24509;Lasse Lindh
2014-07-5;29325;Ten Second Epic
2014-07-5;30847;Miranda!
2014-07-5;35918;大友良英
2014-07-5;36627;Incapacitants
2014-07-5;57414;간미연
2014-07-5;59325;岩崎琢
2014-07-5;70794;さかいゆう
2014-07-5;72554;黄明志
2014-07-5;74287;イダセイコ
2014-07-5;77443;韩国原声带
2014-07-5;78938;DOZ
2014-07-5;82110;Sunday2pm
2014-07-5;82621;宇海文
2014-07-5;88060;カンノユウキ
2014-07-5;90904;Feed Me
2014-07-5;97273;Felguk
2014-07-5;97407;Carolyn Southworth
2014-07-5;97419;El Hombre Trajeado
2014-07-5;97439;Baguette Bardot
2014-07-5;97440;The Heavy Pets
2014-07-5;97443;장미
2014-07-5;97450;Blóðtrú
2014-07-5;97462;Summer Here Kids
2014-07-5;97473;Keith Fullerton Whitman
2014-07-5;97473;Keith Fullerton Whitman
2014-07-5;97475;Kamchatka
2014-07-5;97475;Kamchatka
2014-07-5;97480;Cookie & Choco
2014-07-5;97480;Cookie & Choco
2014-07-5;97481;Crepe
2014-07-5;1501418973;Liminal Recs
2014-07-5;1501418973;Liminal Recs
2014-07-5;1675;黄奕
2014-07-5;7169;群星
2014-07-5;7169;群星
2014-07-5;7169;群星
2014-07-5;7169;群星
2014-07-5;10129;Sheryl Crow
2014-07-5;10144;Depeche Mode
2014-07-5;11069;Mark Isham
2014-07-5;11069;Mark Isham
2014-07-5;11069;Mark Isham
2014-07-5;11069;Mark Isham
2014-07-5;11069;Mark Isham
2014-07-5;11069;Mark Isham
2014-07-5;23468;신혜성
2014-07-5;24275;By2
2014-07-5;32912;Tyler Ramsey
2014-07-5;37933;Gavin Bryars
2014-07-5;57528;梶芽衣子
2014-07-5;60416;鷺巣詩郎
2014-07-5;60424;高橋直純
2014-07-5;73938;Marco Mengoni
2014-07-5;76684;Other Mountains
2014-07-5;78980;曲婉婷
2014-07-5;87713;Clover
2014-07-5;95014;回音哥
2014-07-5;97486;The Grey Wolves
2014-07-5;97521;Prinz Pi
2014-07-5;97521;Prinz Pi
2014-07-5;97542;Troum
2014-07-5;97546;张馨戈
2014-07-5;97547;李雷
2014-07-5;97548;Super Baby
2014-07-5;97553;Vanish Valley
2014-07-5;97558;Principe Valiente
2014-07-5;97563;Ctulu
2014-07-5;97569;This Time Next Year
2014-07-5;97746;Andreas Gross
2014-07-5;97746;Andreas Gross
2014-07-5;6738;川嶋あい
2014-07-5;7031;TRF
2014-07-5;7158;原声带
2014-07-5;16207;Rammstein
2014-07-5;16207;Rammstein
2014-07-5;16207;Rammstein
2014-07-5;23258;Various Artists
2014-07-5;23258;Various Artists
2014-07-5;23258;Various Artists
2014-07-5;25774;Rilo Kiley
2014-07-5;32852;Michael Nyman
2014-07-5;42618;TNT
2014-07-5;42618;TNT
2014-07-5;59486;Grimlair
2014-07-5;59698;RiJin
2014-07-5;62500;日本ACG
2014-07-5;65423;초신성
2014-07-5;67312;eLEQUTE
2014-07-5;68152;SUGIZO
2014-07-5;70746;Sarah Jaffe
2014-07-5;74414;ももいろクローバーZ
2014-07-5;77443;韩国原声带
2014-07-5;83293;MIHIRO
2014-07-5;91004;陈依然
2014-07-5;92015;Olam Ein Sof
2014-07-5;93063;眞木大輔
2014-07-5;95072;Zr19.84
2014-07-5;97588;Dan Kamit
2014-07-5;97750;Black Like Vengeance
2014-07-5;97770;Amber Lynn Nicol
2014-07-5;97772;魏群祥
2014-07-5;97793;A-10
2014-07-5;97795;Diego Stocco
2014-07-5;97810;Talking To Turtles
2014-07-5;97817;The Eye
2014-07-5;97822;Thistle & Twine
2014-07-5;262;古巨基
2014-07-5;7169;群星
2014-07-5;7172;飞轮海
2014-07-5;14999;Amanda Lear
2014-07-5;21051;Martin Carthy
2014-07-5;24063;加古隆
2014-07-5;27003;Estelle
2014-07-5;32887;Laura Marling
2014-07-5;50761;Christ Agony
2014-07-5;50761;Christ Agony
2014-07-5;50761;Christ Agony
2014-07-5;53241;Fink
2014-07-5;55306;Dark Sky
2014-07-5;55792;M-Swift
2014-07-5;56519;沈梅
2014-07-5;58628;Mark McKinney
2014-07-5;63682;JAY'ED
2014-07-5;67044;上海アリス幻樂団
2014-07-5;67044;上海アリス幻樂団
2014-07-5;74565;Mary See the Future
2014-07-5;77798;We Are The In Crowd
2014-07-5;82500;Transit
2014-07-5;85512;Abacinate
2014-07-5;86325;戸城佳南江
2014-07-5;87873;音召缶
2014-07-5;87873;音召缶
2014-07-5;88807;Cascade
2014-07-5;90434;西村知美
2014-07-5;90452;佐野量子
2014-07-5;90929;TUMENECO
2014-07-5;96970;Krum Bums
2014-07-5;97628;Lana Del Rey
2014-07-5;97824;The Humans
2014-07-5;97827;Geoffrey O’Connor
2014-07-5;97848;mr. Gnome
2014-07-5;97849;卫海霞
2014-07-5;97850;Noir Voir
2014-07-5;97850;Noir Voir
2014-07-5;97863;Relative Ash
2014-07-5;97871;Giorgio & Martin Koppehele
2014-07-5;97871;Giorgio & Martin Koppehele
2014-07-5;2143;汤灿
2014-07-5;6780;Glay
2014-07-5;14887;Basia
2014-07-5;23256;Soundtrack
2014-07-5;23258;Various Artists
2014-07-5;23258;Various Artists
2014-07-5;23258;Various Artists
2014-07-5;31245;Deas Vail
2014-07-5;59641;SM☆SH
2014-07-5;59719;聖飢魔II
2014-07-5;60276;植松伸夫
2014-07-5;60923;김태우
2014-07-5;61112;Rei Harakami
2014-07-5;61315;井上麻里奈
2014-07-5;61639;黛青塔娜
2014-07-5;63748;Lydia
2014-07-5;69206;exist†trace
2014-07-5;70948;KCB
2014-07-5;72608;David Myles
2014-07-5;82819;Golden City Factory
2014-07-5;84095;Halozy
2014-07-5;84219;Emika
2014-07-5;88487;Hiss Golden Messenger
2014-07-5;97819;宇部ソフトウェア技術研究所
2014-07-5;97892;La Pegatina
2014-07-5;97897;Talanas
2014-07-5;97902;Gabriel Miller Phillips
2014-07-5;97905;Malice
2014-07-5;97907;David Koven
2014-07-5;97907;David Koven
2014-07-5;97915;태화
2014-07-5;97919;The River Monks
2014-07-5;97924;Of Monsters And Men
2014-07-5;98071;Aperture Science Psychoacoustics Laboratory
2014-07-5;461242278;위대한 탄생
2014-07-5;597102180;折倉俊則
2014-07-5;801;三宝
2014-07-5;6745;Dir en grey
2014-07-5;7169;群星
2014-07-5;7169;群星
2014-07-5;7169;群星
2014-07-5;10144;Depeche Mode
2014-07-5;10870;Alice Coltrane
2014-07-5;10938;Ellery Eskelin
2014-07-5;19939;Martina McBride
2014-07-5;23259;日本群星
2014-07-5;23259;日本群星
2014-07-5;23259;日本群星
2014-07-5;24144;Skylark
2014-07-5;27584;Colin Stetson
2014-07-5;32743;별
2014-07-5;36358;Royal Philharmonic Orchestra
2014-07-5;44840;Declan O'Rourke
2014-07-5;56411;The Ready Set
2014-07-5;57012;水樹奈々
2014-07-5;62682;乔洋
2014-07-5;64558;Rockabye Baby!
2014-07-5;67886;Ô Paradis
2014-07-5;70906;王长风
2014-07-5;71041;李志辉
2014-07-5;77888;Skies of december
2014-07-5;78390;Abazagorath
2014-07-5;83599;推定少女
2014-07-5;83651;Kositu
2014-07-5;87723;the 49ers
2014-07-5;88101;LiLA'c Records
2014-07-5;91563;ろん
2014-07-5;94118;私立恵比寿中学
2014-07-5;97217;Sun Glitters
2014-07-5;97679;Naio Ssaion
2014-07-5;97930;Amal Maher
2014-07-5;97932;Lily Pond Orchestra
2014-07-5;97934;Kyle Landry
2014-07-5;97938;Kids At Risk
2014-07-5;97939;舞梅鬼
2014-07-5;97939;舞梅鬼
2014-07-5;97939;舞梅鬼
2014-07-5;97940;刘乐妍
2014-07-5;97943;Imaginary Johnny
2014-07-5;97948;Eldergaad
2014-07-5;97953;DJ Tama
2014-07-5;97955;Necrosis
2014-07-5;97977;Nada
2014-07-5;97977;Nada
2014-07-5;97977;Nada
2014-07-5;97977;Nada
2014-07-5;97977;Nada
2014-07-5;106746;Active Planets
2014-07-5;1134;郁钧剑
2014-07-5;1742;柯以敏
2014-07-5;2481;张燕
2014-07-5;7388;百慕三石
2014-07-5;10057;Bon Jovi
2014-07-5;10057;Bon Jovi
2014-07-5;10057;Bon Jovi
2014-07-5;10057;Bon Jovi
2014-07-5;13446;Joe Henry
2014-07-5;16194;Mr. Big
2014-07-5;16511;Frank Sinatra
2014-07-5;23258;Various Artists
2014-07-5;23259;日本群星
2014-07-5;31149;Philip Glass
2014-07-5;31149;Philip Glass
2014-07-5;48935;Lil' Boosie
2014-07-5;49995;Stateless
2014-07-5;53437;Gidon Kremer
2014-07-5;54775;Stéphane Pompougnac
2014-07-5;57471;Melissa Horn
2014-07-5;57547;Sabrina
2014-07-5;61890;Charlene Soraia
2014-07-5;65332;Arborea
2014-07-5;66368;T.L
2014-07-5;69648;Cate Le Bon
2014-07-5;79554;THE SOUND BEE HD
2014-07-5;81085;Atomtrakt
2014-07-5;82139;Westwind
2014-07-5;86097;Cathis Ord
2014-07-5;88115;Yuna
2014-07-5;91845;Loli Molina
2014-07-5;92673;Sorhin
2014-07-5;93563;Casa del Mirto
2014-07-5;93563;Casa del Mirto
2014-07-5;94538;The Joneses
2014-07-5;97631;Group36
2014-07-5;97980;陈羽凡
2014-07-5;97981;Bruce Brubaker
2014-07-5;97984;Slavland
2014-07-5;97984;Slavland
2014-07-5;97984;Slavland
2014-07-5;98000;Makano
2014-07-5;98001;Oathbreaker
2014-07-5;98005;Dysphagic
2014-07-5;98008;Lexi Elisha
2014-07-5;98013;Jons, Malone Bobak
2014-07-5;98039;Margot Anand
2014-07-5;98040;Chuck Cheesman
2014-07-5;98047;Beth Cawte
2014-07-5;98048;324
2014-07-5;98049;Risk
2014-07-5;98051;Dangerous!
2014-07-5;98054;April December
2014-07-5;5148;Malice Mizer
2014-07-5;7169;群星
2014-07-5;7169;群星
2014-07-5;7193;魏如萱
2014-07-5;18192;John Zorn
2014-07-5;18268;Candy Dulfer
2014-07-5;23258;Various Artists
2014-07-5;26120;1990s
2014-07-5;31481;백현진
2014-07-5;31488;휘성
2014-07-5;37933;Gavin Bryars
2014-07-5;48132;Insomnium
2014-07-5;58638;Chris Isaak
2014-07-5;59242;妖精帝國
2014-07-5;60317;陈建骐
2014-07-5;60317;陈建骐
2014-07-5;60317;陈建骐
2014-07-5;62500;日本ACG
2014-07-5;62500;日本ACG
2014-07-5;62500;日本ACG
2014-07-5;62500;日本ACG
2014-07-5;67304;Rita
2014-07-5;70495;遊佐浩二
2014-07-5;74083;Todesstoß
2014-07-5;75250;Countess
2014-07-5;75597;岩瀬敬吾
2014-07-5;75721;BORN
2014-07-5;77330;鶴田錦史
2014-07-5;78098;张超
2014-07-5;78600;Raventale
2014-07-5;79230;Woe, Is Me
2014-07-5;80717;石原詢子
2014-07-5;81201;Pat Coil
2014-07-5;81967;Kathryn Stott
2014-07-5;82519;山根康広
2014-07-5;88037;Jeremy Thurber
2014-07-5;88865;D-Story
2014-07-5;89770;ちょうちょ
2014-07-5;91997;EXIT TRANCE
2014-07-5;98066;Erene
2014-07-5;98081;Yohji Yamamoto
2014-07-5;98082;陈劭康
2014-07-5;98083;Tingvall Trio
2014-07-5;98083;Tingvall Trio
2014-07-5;98107;Junica
2014-07-5;98118;C-Real
2014-07-5;98131;Creamteam
2014-07-5;98131;Creamteam
2014-07-5;2502;赵薇
2014-07-5;3205;沼泽
2014-07-5;6158;矢野顕子
2014-07-5;12485;Dave Clarke
2014-07-5;12967;John Wesley Harding
2014-07-5;16361;Chris Rea
2014-07-5;17608;We the People
2014-07-5;23256;Soundtrack
2014-07-5;27892;My Brightest Diamond
2014-07-5;29744;Shane & Shane
2014-07-5;33850;Girls Aloud
2014-07-5;49265;Shane Alexander
2014-07-5;55277;Ambrose Akinmusire
2014-07-5;57713;松谷卓
2014-07-5;59116;Infinix
2014-07-5;59116;Infinix
2014-07-5;61294;杏里
2014-07-5;61316;DJ KAORI
2014-07-5;68342;Tribe of Circle
2014-07-5;71089;Animals as Leaders
2014-07-5;74784;SNK
2014-07-5;75302;back number
2014-07-5;77443;韩国原声带
2014-07-5;77443;韩国原声带
2014-07-5;82139;Westwind
2014-07-5;83272;うんちく商事
2014-07-5;89355;SHAH
2014-07-5;90231;COR-TEN
2014-07-5;93656;Insanity Reigns Supreme
2014-07-5;98045;Chad Valley
2014-07-5;98081;Yohji Yamamoto
2014-07-5;98163;Sickening Gore
2014-07-5;98170;Couple-D
2014-07-5;98171;Twisted X
2014-07-5;98180;Malaria!
2014-07-5;98186;김영호
2014-07-5;98196;Afterlife
2014-07-5;98198;芦田愛菜
2014-07-5;98203;ゆーきゃん
2014-07-5;98204;A.R.G.
2014-07-5;98208;Stephen Kellogg & the Sixers
2014-07-5;98211;Izzy Marie Hill
2014-07-5;98219;Krabathor
2014-07-5;98221;Supergroove
2014-07-5;98955;One Direction
2014-07-5;105879;QUAGUA
2014-07-5;10077;Kate Bush
2014-07-5;11564;Boyz II Men
2014-07-5;15072;Johnny Gill
2014-07-5;18909;Everlast
2014-07-5;22310;Masada
2014-07-5;22743;Manna
2014-07-5;23258;Various Artists
2014-07-5;23259;日本群星
2014-07-5;23643;Gary Moore
2014-07-5;23859;Ennio Morricone
2014-07-5;26051;Tokyo Police Club
2014-07-5;32831;조Pd
2014-07-5;38815;12 Stones
2014-07-5;48765;Five Finger Death Punch
2014-07-5;53952;羊毛とおはな
2014-07-5;56388;Deva Premal
2014-07-5;58159;Sezen Aksu
2014-07-5;62500;日本ACG
2014-07-5;62500;日本ACG
2014-07-5;62701;Alcoholic Faith Mission
2014-07-5;66515;Tsjuder
2014-07-5;67038;池頼広
2014-07-5;71274;Surprises
2014-07-5;75344;단비
2014-07-5;75715;Νίκος Γκάνος
2014-07-5;78442;石川秀美
2014-07-5;82828;鈴木慶一
2014-07-5;85991;DOG in The パラレルワールドオーケストラ
2014-07-5;86866;小川知子
2014-07-5;92316;Hamilton Park
2014-07-5;94372;인선
2014-07-5;95397;Studio Tomato
2014-07-5;96918;The 49ers + ZDW!?
2014-07-5;96918;The 49ers + ZDW!?
2014-07-5;97358;大魔王
2014-07-5;98238;Zelig
2014-07-5;98240;西田敏行
2014-07-5;98244;杉本彩
2014-07-5;98245;Buck
2014-07-5;98248;世武裕子
2014-07-5;98262;Ralf Mackenbach
2014-07-5;98268;Small Houses
2014-07-5;98278;Ankerstjerne
2014-07-5;98279;Mike Winans
2014-07-5;98286;Killinger
2014-07-5;98291;Seori
2014-07-5;98295;LSG
2014-07-5;98302;Flybanger
2014-07-5;98306;Red Orchid
2014-07-5;98309;Eepocampe
2014-07-5;98312;Susan Aglukark
2014-07-5;98315;Anthony Harrell
2014-07-5;108486;上海越剧院
2014-07-5;2936;脑浊乐队
2014-07-5;3279;榊原ゆい
2014-07-5;7169;群星
2014-07-5;11723;TLC
2014-07-5;23258;Various Artists
2014-07-5;28436;Paramore
2014-07-5;31501;조용필
2014-07-5;31614;Ibadi
2014-07-5;35111;Brooke Valentine
2014-07-5;42452;Nujabes
2014-07-5;48765;Five Finger Death Punch
2014-07-5;55656;倖田來未
2014-07-5;57010;Cowboy Junkies
2014-07-5;58105;Doug Walker
2014-07-5;60293;橋本みゆき
2014-07-5;62500;日本ACG
2014-07-5;66122;Secret
2014-07-5;68884;本多俊之
2014-07-5;70213;Me in Motion
2014-07-5;70485;佐咲紗花
2014-07-5;73104;Grace Weber
2014-07-5;73355;森進一
2014-07-5;73849;SV
2014-07-5;77288;相声瓦舍
2014-07-5;77380;Michael Paynter
2014-07-5;77663;Like a rabbit
2014-07-5;80717;石原詢子
2014-07-5;80722;General Surgery
2014-07-5;83251;Damiano Mercuri
2014-07-5;89024;茅野愛衣
2014-07-5;90572;HIROSHI WATANABE
2014-07-5;90929;TUMENECO
2014-07-5;91997;EXIT TRANCE
2014-07-5;98326;Mortal Sin
2014-07-5;98331;田山真美子
2014-07-5;98332;DJ Pharris
2014-07-5;98333;The Dartz
2014-07-5;98334;森川美穂
2014-07-5;98337;Crooked Words
2014-07-5;98340;Elina
2014-07-5;98362;Olfar
2014-07-5;98375;Ritual Carnage
2014-07-5;98378;Hanging Up The Moon
2014-07-5;98398;Sharon Von Fange
2014-07-5;98400;Lecrae & Statik Selektah
2014-07-5;1268;周永恒
2014-07-5;6733;倉木麻衣
2014-07-5;6971;SIAM SHADE
2014-07-5;11799;Alabama
2014-07-5;16367;John Waite
2014-07-5;23258;Various Artists
2014-07-5;23258;Various Artists
2014-07-5;23259;日本群星
2014-07-5;23542;Blue
2014-07-5;23635;Hammock
2014-07-5;23824;Sandro Perri
2014-07-5;26862;Will Haven
2014-07-5;28585;Shinedown
2014-07-5;31840;Sara Bareilles
2014-07-5;36374;Richard Clayderman
2014-07-5;40675;黄永灿
2014-07-5;41499;Russian Circles
2014-07-5;48195;John Rich
2014-07-5;62500;日本ACG
2014-07-5;62500;日本ACG
2014-07-5;62979;Jace Everett
2014-07-5;65416;Wale
2014-07-5;65602;Steel Panther
2014-07-5;75670;Emii
2014-07-5;81477;Mac Miller
2014-07-5;88689;Everlost
2014-07-5;89104;Arkells
2014-07-5;89269;Living Death
2014-07-5;96929;梦璟SAYA
2014-07-5;98423;The Stoics
2014-07-5;98448;程秀荣
2014-07-5;98450;Cuts
2014-07-5;98458;Pete Mroz
2014-07-5;98460;Devarrow
2014-07-5;98461;Keith Elgin
2014-07-5;98463;GremlinS
2014-07-5;98465;Edith Marquez
2014-07-5;98470;DIAURA
2014-07-5;98477;이성령
2014-07-5;98485;detune.
2014-07-5;105879;QUAGUA
2014-07-5;532;李克勤
2014-07-5;10033;Beck
2014-07-5;23258;Various Artists
2014-07-5;23258;Various Artists
2014-07-5;23258;Various Artists
2014-07-5;36374;Richard Clayderman
2014-07-5;59357;임재범
2014-07-5;60137;박지헌
2014-07-5;62500;日本ACG
2014-07-5;62500;日本ACG
2014-07-5;67204;马常胜
2014-07-5;70784;Philippe Saisse
2014-07-5;75356;ave；new
2014-07-5;79048;Wink
2014-07-5;84900;Korzus
2014-07-5;87151;Zero Bedroom Apartment
2014-07-5;90912;吉田知加
2014-07-5;96289;橋本由香利
2014-07-5;96576;石文
2014-07-5;97141;水月陵
2014-07-5;98105;金子美香
2014-07-5;98391;来国庆
2014-07-5;98436;A-1
2014-07-5;98470;DIAURA
2014-07-5;98494;Thug Murder
2014-07-5;98497;OK Sweetheart
2014-07-5;98502;Ahab
2014-07-5;98502;Ahab
2014-07-5;98502;Ahab
2014-07-5;98503;Mick Bassett
2014-07-5;98504;陈一笑
2014-07-5;98506;古城千恵
2014-07-5;98515;Electronic Noise Controller
2014-07-5;98522;Fay Brotherhood
2014-07-5;98524;Lovely Girls Are Blind
2014-07-5;98533;Spanish Harlem Orchestra
2014-07-5;98534;Ann Breen
2014-07-5;98534;Ann Breen
2014-07-5;98548;Tobias Lilja
2014-07-5;98554;나희경
2014-07-5;98563;马诺
2014-07-5;98567;PumpKin
2014-07-5;98571;ARB
2014-07-5;98578;平田宏美
2014-07-5;32;鲍比达
2014-07-5;10268;Iron Maiden
2014-07-5;10268;Iron Maiden
2014-07-5;10268;Iron Maiden
2014-07-5;10268;Iron Maiden
2014-07-5;10268;Iron Maiden
2014-07-5;13284;Mogwai
2014-07-5;13284;Mogwai
2014-07-5;13443;Giant Sand
2014-07-5;16166;Fates Warning
2014-07-5;23258;Various Artists
2014-07-5;27516;David Guetta
2014-07-5;32440;Aidan Moffat
2014-07-5;35698;Amber Rubarth
2014-07-5;45359;Chris Willis
2014-07-5;45954;Gregor Samsa
2014-07-5;58600;少女-ロリヰタ-23区
2014-07-5;59012;吴轶群
2014-07-5;62235;桃井はるこ
2014-07-5;64824;Saso
2014-07-5;65216;Justin Bieber
2014-07-5;66974;Jacaszek
2014-07-5;80783;孟蕾
2014-07-5;81622;Surkin
2014-07-5;89133;レミング
2014-07-5;90273;Riverside
2014-07-5;90273;Riverside
2014-07-5;90597;SiM
2014-07-5;93213;はちみつくまさん
2014-07-5;98580;Lana Lewis
2014-07-5;98582;Beth Wimmer
2014-07-5;98587;腥臭体液
2014-07-5;98617;Joshua Schiffman
2014-07-5;98617;Joshua Schiffman
2014-07-5;98619;To Kill a King
2014-07-5;98626;Jordan Story
2014-07-5;98629;Muscovy
2014-07-5;98640;Josh and Mer
2014-07-5;98643;Blood Feast
2014-07-5;98645;Cyclone Temple
2014-07-5;98655;Gary Tesca Orchestra
2014-07-5;98655;Gary Tesca Orchestra
2014-07-5;98655;Gary Tesca Orchestra
2014-07-5;98659;Destructor
2014-07-5;98666;福原希己江
2014-07-5;98672;Sarah Bowman
2014-07-5;98674;Post Mortem
2014-07-5;98674;Post Mortem
2014-07-5;985;西城秀樹
2014-07-5;1517;方季惟
2014-07-5;2580;卓文萱
2014-07-5;10296;King Crimson
2014-07-5;10348;Megadeth
2014-07-5;22526;Atari Teenage Riot
2014-07-5;23785;Arab Strap
2014-07-5;30264;Michael Crétu
2014-07-5;30386;Róisín Murphy
2014-07-5;59310;CLIFF EDGE
2014-07-5;64317;Attack Of The Mad Axeman
2014-07-5;64458;入野自由
2014-07-5;66147;Mumford & Sons
2014-07-5;66725;コナミ矩形波倶楽部
2014-07-5;75000;Disbelief
2014-07-5;76272;Carmen Rizzo
2014-07-5;78504;SPYAIR
2014-07-5;80401;Nuol
2014-07-5;81307;The Candy Spooky Theater
2014-07-5;82615;汪中意
2014-07-5;93213;はちみつくまさん
2014-07-5;93447;Stumbleine
2014-07-5;98676;Serenity In Murder
2014-07-5;98697;dBridge
2014-07-5;98709;冯奔
2014-07-5;98720;Birdflesh
2014-07-5;98725;D.O.N.S.
2014-07-5;98727;Viscera Infest
2014-07-5;98729;Be-ppin
2014-07-5;98739;Colour
2014-07-5;2116;苏霈
2014-07-5;2177;王菲
2014-07-5;7169;群星
2014-07-5;13284;Mogwai
2014-07-5;13654;Charalambides
2014-07-5;19775;Alicia Keys
2014-07-5;22262;Luny Tunes
2014-07-5;23257;日本原声带
2014-07-5;23785;Arab Strap
2014-07-5;39402;Smalltown Poets
2014-07-5;54145;空気公団
2014-07-5;55793;Statik Selektah 
2014-07-5;57728;Aidan Moffat & The Best-Ofs
2014-07-5;62487;The Angels of Venice
2014-07-5;62500;日本ACG
2014-07-5;62500;日本ACG
2014-07-5;62500;日本ACG
2014-07-5;68657;AB 에비뉴
2014-07-5;72875;Erkki-Sven Tuur
2014-07-5;72969;Peggy Sue
2014-07-5;73901;남규리
2014-07-5;74002;Entertainment for the braindead
2014-07-5;75702;Kele
2014-07-5;76971;Steve Russell
2014-07-5;77443;韩国原声带
2014-07-5;82394;HaKU
2014-07-5;85172;RomariaCrusade
2014-07-5;85251;Tam Quam Tabula Rasa
2014-07-5;85251;Tam Quam Tabula Rasa
2014-07-5;86583;Long Arm
2014-07-5;87967;MISS FD
2014-07-5;89218;태하
2014-07-5;90609;张雷
2014-07-5;94795;阎琰
2014-07-5;94795;阎琰
2014-07-5;95754;Capo Productions
2014-07-5;97493;Klar
2014-07-5;97589;Gary Hughes
2014-07-5;98641;In Dying Arms
2014-07-5;98641;In Dying Arms
2014-07-5;98740;Francis Goya
2014-07-5;98740;Francis Goya
2014-07-5;98742;Jonathan Clark
2014-07-5;98749;Simian Ghost
2014-07-5;98750;Elm Street
2014-07-5;98762;Micah Stampley
2014-07-5;98773;李玉波
2014-07-5;98792;Silent Screams
2014-07-5;98793;Mozart Parties
2014-07-5;647;刘德海
2014-07-5;1890;林心如
2014-07-5;12166;Etta James
2014-07-5;19142;Ivy Queen
2014-07-5;19773;Floetry
2014-07-5;23258;Various Artists
2014-07-5;32053;나윤권
2014-07-5;32153;서영은
2014-07-5;35594;Hammers of Misfortune
2014-07-5;35653;Nachtmahr
2014-07-5;42262;Zion
2014-07-5;54061;Dvar
2014-07-5;54061;Dvar
2014-07-5;56742;清水翔太
2014-07-5;56773;Anne-Sophie Mutter
2014-07-5;58647;Blake
2014-07-5;61494;Mandragora Scream
2014-07-5;63873;U-Kiss
2014-07-5;64813;노을
2014-07-5;65844;Ed Hale
2014-07-5;66520;Steve Aoki
2014-07-5;70619;Royal Scots Dragoon Guards
2014-07-5;71564;대국남아
2014-07-5;72558;THE BAWDIES
2014-07-5;81550;Ella Endlich
2014-07-5;86159;Barn Burner
2014-07-5;91997;EXIT TRANCE
2014-07-5;92941;Will Samson
2014-07-5;94779;Climax Denial
2014-07-5;97724;Bryn Terfel
2014-07-5;98805;Sheila Walsh
2014-07-5;98807;Caducity
2014-07-5;98814;Feculence
2014-07-5;98814;Feculence
2014-07-5;98820;Methadone Abortion Clinic
2014-07-5;98823;M.K.Sol
2014-07-5;98825;Bachelorette
2014-07-5;98842;La Biblioteca Deserta
2014-07-5;98842;La Biblioteca Deserta
2014-07-5;98897;Yamboo
2014-07-5;98902;Magus
2014-07-5;98914;NAGO
2014-07-5;98915;Yuria
2014-07-5;98922;5turns25
2014-07-5;98922;5turns25
2014-07-5;98922;5turns25
2014-07-5;98923;Aghora
2014-07-5;98924;Air Traffic Control
2014-07-5;98925;Scatterbrain
2014-07-5;98929;Trophy Wife
2014-07-5;98941;Dean De Benedictis
2014-07-5;98941;Dean De Benedictis
2014-07-5;98944;Jurga
2014-07-5;116186;其他原声带
2014-07-5;871708560;BrEaCh
2014-07-5;660;刘恺威
2014-07-5;3279;榊原ゆい
2014-07-5;7158;原声带
2014-07-5;7169;群星
2014-07-5;17498;Savage Garden
2014-07-5;39593;Above & Beyond
2014-07-5;56475;David Choi
2014-07-5;57371;小清水亜美
2014-07-5;58455;堀江由衣
2014-07-5;62300;Silent Stream of Godless Elegy
2014-07-5;66846;キャプテンストライダム
2014-07-5;71709;the telephones
2014-07-5;73576;青江三奈
2014-07-5;74372;熊谷育美
2014-07-5;75793;Flower
2014-07-5;77434;mimei
2014-07-5;77859;Aiumeen Basoa
2014-07-5;84918;チェウニ
2014-07-5;84918;チェウニ
2014-07-5;86125;Ryr
2014-07-5;86125;Ryr
2014-07-5;88184;Degalo
2014-07-5;93024;藤村歩
2014-07-5;93213;はちみつくまさん
2014-07-5;93299;Cu6ic
2014-07-5;94433;アルバトロシクス
2014-07-5;95435;刘云志
2014-07-5;98265;Stars Go Dim
2014-07-5;98491;Ulrik Munther
2014-07-5;98951;Proiekt Hat
2014-07-5;98951;Proiekt Hat
2014-07-5;98951;Proiekt Hat
2014-07-5;98981;Kaltherzig
2014-07-5;99000;Melo' Breeze
2014-07-5;99013;Abusiveness
2014-07-5;99013;Abusiveness
2014-07-5;99014;Stalnoy Pakt
2014-07-5;99014;Stalnoy Pakt
2014-07-5;99033;Nikola Gala
2014-07-5;99060;Sólstafir
2014-07-5;99112;Twilight Ophera
2014-07-5;99112;Twilight Ophera
2014-07-5;334;洪敬尧
2014-07-5;2297;谢金燕
2014-07-5;6691;岸本早未
2014-07-5;7374;张真菲
2014-07-5;10216;Serge Gainsbourg
2014-07-5;17668;Marco Borsato
2014-07-5;21634;Shakira
2014-07-5;23258;Various Artists
2014-07-5;23258;Various Artists
2014-07-5;23258;Various Artists
2014-07-5;23258;Various Artists
2014-07-5;23258;Various Artists
2014-07-5;23258;Various Artists
2014-07-5;35931;Estradasphere
2014-07-5;38696;kidneythieves
2014-07-5;38696;kidneythieves
2014-07-5;52717;余润泽
2014-07-5;58321;Celer
2014-07-5;59550;柳田久美子
2014-07-5;64177;Trepalium
2014-07-5;67391;Illogicist
2014-07-5;68966;Αρλέτα
2014-07-5;76140;Secret Sphere
2014-07-5;81409;Aleph
2014-07-5;82818;吴向飞
2014-07-5;89503;齐美泽
2014-07-5;89513;さよならポニーテール
2014-07-5;94024;Vlad Tepes
2014-07-5;96682;Finale
2014-07-5;96688;Cemetery Rapist
2014-07-5;98987;Touché Amoré
2014-07-5;99155;酒吧伤心人
2014-07-5;99169;The Pursuits
2014-07-5;99188;Merit Hemmingson
2014-07-5;99189;Smantha James
2014-07-5;99210;Clockwork Monkey
2014-07-5;99215;Mree
2014-07-5;99257;SoulSonic
2014-07-5;99282;Husky
2014-07-5;99287;秦靖红
2014-07-5;99817;石元丈晴
2014-07-5;103112;Moloch
2014-07-5;106976;765PRO ALLSTARS
2014-07-5;11479;Sarah Vaughan
2014-07-5;14338;Dntel
2014-07-5;15065;Destiny's Child
2014-07-5;16207;Rammstein
2014-07-5;23258;Various Artists
2014-07-5;23258;Various Artists
2014-07-5;23769;M83
2014-07-5;24779;Amy Winehouse
2014-07-5;44096;Nicole Scherzinger
2014-07-5;57646;Freddie Joachim
2014-07-5;58258;Martha Argerich
2014-07-5;62500;日本ACG
2014-07-5;64644;Tiara
2014-07-5;65912;The New Classics
2014-07-5;65912;The New Classics
2014-07-5;68166;Leddra Chapman
2014-07-5;68276;Nicole
2014-07-5;68298;Cluster
2014-07-5;70504;Leyland Kirby
2014-07-5;76986;Audrey Assad
2014-07-5;80300;伍代夏子
2014-07-5;81608;シャノ
2014-07-5;85837;Sektion B
2014-07-5;87783;Deborah Martin
2014-07-5;87994;幽閉サテライト
2014-07-5;88938;国安修二
2014-07-5;89000;Elements Garden
2014-07-5;93279;fractaleline
2014-07-5;94275;Neume
2014-07-5;94862;中原龍太郎
2014-07-5;95890;chemical pictures
2014-07-5;99119;Thomax
2014-07-5;99121;Blood Revolt
2014-07-5;99201;Gordian Knot
2014-07-5;99281;Vanessa Peters
2014-07-5;99294;Glen Galaxy
2014-07-5;99298;이상원
2014-07-5;99300;琅琊阁
2014-07-5;99309;Heathendom
2014-07-5;99310;宇文倾
2014-07-5;99317;Burn Season
2014-07-5;99327;Studio 99
2014-07-5;99328;Lowkey
2014-07-5;99330;Anenzephalia
2014-07-5;99334;Schattenspiel
2014-07-5;99339;Slogun
2014-07-5;99342;Survival Unit
2014-07-5;99344;Jeff Kowal
2014-07-5;99348;HuNTTeRR
2014-07-5;99354;Namaste
2014-07-5;99355;Jason Holdridge
2014-07-5;99359;Huckleberry P
2014-07-5;99360;Radio Soul
2014-07-5;1774;李碧华
2014-07-5;12240;Otis Rush
2014-07-5;13166;Chris Cornell
2014-07-5;16140;Autograph
2014-07-5;23462;Sarah Connor
2014-07-5;31370;My-Q
2014-07-5;32319;佐藤直紀
2014-07-5;47693;Collection d'Arnell-Andrea
2014-07-5;55912;Alex Beaupain
2014-07-5;56232;PeterLicht
2014-07-5;62500;日本ACG
2014-07-5;62648;Christopher Young
2014-07-5;62648;Christopher Young
2014-07-5;62742;石田彰
2014-07-5;67647;农村武装青年
2014-07-5;71207;King Midas Sound
2014-07-5;71329;Rapper Big Pooh
2014-07-5;78856;児玉奈央
2014-07-5;79347;Elu
2014-07-5;79391;うしろゆびさされ組
2014-07-5;79602;島津亜矢
2014-07-5;80169;Joan Sutherland
2014-07-5;94111;Rizzle Kicks
2014-07-5;94846;Munruthel
2014-07-5;97501;福島祐子
2014-07-5;99368;ベルベット
2014-07-5;99374;Wax Idols
2014-07-5;99386;Alarum
2014-07-5;99387;Keith and Kristyn Getty
2014-07-5;99390;Nimoy
2014-07-5;99391;Jayme Dawicki
2014-07-5;99405;Dream Into Dust
2014-07-5;99446;Vieo Abiungo
2014-07-5;2253;吴淑敏
2014-07-5;13715;Dido
2014-07-5;23148;SCSI-9
2014-07-5;23256;Soundtrack
2014-07-5;23259;日本群星
2014-07-5;23892;Princess Princess
2014-07-5;24031;Joshua Radin
2014-07-5;26706;All Time Low
2014-07-5;27516;David Guetta
2014-07-5;28545;Disharmonic Orchestra
2014-07-5;29390;Martyr
2014-07-5;29390;Martyr
2014-07-5;36677;Apparat
2014-07-5;39384;Don Moen
2014-07-5;42334;川中美幸
2014-07-5;56271;An Early Ending
2014-07-5;57586;Lucy Schwartz
2014-07-5;61360;Tycho
2014-07-5;62500;日本ACG
2014-07-5;70383;Dusty Kid
2014-07-5;82142;丁汀
2014-07-5;82427;조태선
2014-07-5;82783;정재욱
2014-07-5;85536;羽田健太郎
2014-07-5;87576;champ mc
2014-07-5;91261;Moden
2014-07-5;93065;Langoth
2014-07-5;94949;Rasthof Dachau
2014-07-5;95210;Gnaw Their Tongues
2014-07-5;95899;かくてるM49
2014-07-5;96369;ALTIMA
2014-07-5;99087;Larry Groupe
2014-07-5;99087;Larry Groupe
2014-07-5;99388;LAL制作委員会
2014-07-5;99451;YG'z
2014-07-5;99454;Young Maylay
2014-07-5;99473;燈音藝術集團
2014-07-5;99475;斬
2014-07-5;99478;M.Y乐团
2014-07-5;99479;金霖
2014-07-5;99481;The Sweet Lowdown
2014-07-5;99496;I Heart Sharks
2014-07-5;99504;米屋純
2014-07-5;99507;Autopsia
2014-07-5;99508;KorgBrain
2014-07-5;99509;Cog
2014-07-5;99515;함준영
2014-07-5;99517;Tugend Mensch
2014-07-5;99536;Absent Distance
2014-07-5;99557;仁爱知音儿童合唱团
2014-07-5;99558;林乖乖
2014-07-5;99561;易展
2014-07-5;99562;王梓蘅
2014-07-5;99569;Koi
2014-07-5;99572;Endless Heights
2014-07-5;99574;Tina Moore
2014-07-5;99575;Christopher Williams
2014-07-5;115427;DeZI:R
2014-07-5;374;黄贯中
2014-07-5;501;黎明
2014-07-5;6160;霜月はるか
2014-07-5;6935;平原綾香
2014-07-5;7183;崔恕
2014-07-5;10718;The Who
2014-07-5;10793;Art Blakey
2014-07-5;11216;Charles Mingus
2014-07-5;16092;My Dying Bride
2014-07-5;16497;Lobo
2014-07-5;23258;Various Artists
2014-07-5;23258;Various Artists
2014-07-5;28243;Young Jeezy
2014-07-5;30163;Nana Mouskouri
2014-07-5;30600;Johnny Foreigner
2014-07-5;35266;Assemblage 23
2014-07-5;39715;Max Steiner
2014-07-5;45604;Amoral
2014-07-5;49612;Ivory Tower
2014-07-5;49845;Birdy
2014-07-5;58881;Screenatorium 
2014-07-5;60956;The Getaway Plan
2014-07-5;62500;日本ACG
2014-07-5;62648;Christopher Young
2014-07-5;66115;Hypothermia
2014-07-5;66115;Hypothermia
2014-07-5;66738;谢俊仁
2014-07-5;77444;韩国群星
2014-07-5;78698;石川ひとみ
2014-07-5;79878;Jinja Safari
2014-07-5;84907;Polyphonic Branch
2014-07-5;90282;Jasmine Ash
2014-07-5;91225;Mariah Mcmanus
2014-07-5;95067;Con-Dom
2014-07-5;95068;Genocide Organ
2014-07-5;98976;Loudblast
2014-07-5;99517;Tugend Mensch
2014-07-5;99600;Order of the White Hand
2014-07-5;99608;LIPEI
2014-07-5;99632;Huldra
2014-07-5;99641;Sunuthar
2014-07-5;100961;Cassiopeia
2014-07-5;626;林石城
2014-07-5;1192;张伟文
2014-07-5;10391;Harry Nilsson
2014-07-5;10646;Suede
2014-07-5;10708;The Walker Brothers
2014-07-5;22827;Phoenecia
2014-07-5;23256;Soundtrack
2014-07-5;23256;Soundtrack
2014-07-5;23258;Various Artists
2014-07-5;23527;Sum 41
2014-07-5;24534;Yeah Yeah Yeahs
2014-07-5;24534;Yeah Yeah Yeahs
2014-07-5;30157;White Denim
2014-07-5;31684;Toy
2014-07-5;42021;Giya Kancheli
2014-07-5;49734;Reverend
2014-07-5;49901;Tristesse de la Lune
2014-07-5;50503;Necrodeath
2014-07-5;55580;The Miserable Rich
2014-07-5;56403;Harry Gregson-Williams
2014-07-5;58861;Alex Masi
2014-07-5;61360;Tycho
2014-07-5;61360;Tycho
2014-07-5;61871;Tinchy Stryder
2014-07-5;61969;陈中申
2014-07-5;62648;Christopher Young
2014-07-5;63819;Ohio Express
2014-07-5;64531;PD블루
2014-07-5;64758;畠山美由紀
2014-07-5;72231;waffles
2014-07-5;79804;Armagedda
2014-07-5;81562;Disfiguring The Goddess
2014-07-5;84952;099X
2014-07-5;87414;第一宇宙速度
2014-07-5;90251;Hera
2014-07-5;93622;Locrian
2014-07-5;97915;태화
2014-07-5;99478;M.Y乐团
2014-07-5;99611;Ramio Lin
2014-07-5;99662;Nightsky Bequest
2014-07-5;99668;Holden
2014-07-5;99672;Jeffrey Koepper
2014-07-5;99678;Poetic License
2014-07-5;99678;Poetic License
2014-07-5;99678;Poetic License
2014-07-5;99679;中島ゆきこ
2014-07-5;99692;Rossomahaar
2014-07-5;99694;Lanie Lane
2014-07-5;99716;Organ Language
2014-07-5;99717;Powersolo
2014-07-5;99719;李星成
2014-07-5;99720;靳雯涵
2014-07-5;99722;池勇
2014-07-5;99744;Lano
2014-07-5;99749;Nick Javas
2014-07-5;361156990;나는 가수다
2014-07-5;15105;Keith Sweat
2014-07-5;16515;Barbra Streisand
2014-07-5;23257;日本原声带
2014-07-5;23258;Various Artists
2014-07-5;23258;Various Artists
2014-07-5;23259;日本群星
2014-07-5;29024;National Skyline
2014-07-5;36374;Richard Clayderman
2014-07-5;36517;Mr. Nobody
2014-07-5;36767;John Cage
2014-07-5;42476;Speck
2014-07-5;57835;Emmy the Great
2014-07-5;60561;Silver Forest
2014-07-5;61194;ヒメカ
2014-07-5;61305;Ceui
2014-07-5;61333;Stardust Revue
2014-07-5;62500;日本ACG
2014-07-5;62648;Christopher Young
2014-07-5;64023;陈光荣
2014-07-5;66083;Dernière Volonté
2014-07-5;66083;Dernière Volonté
2014-07-5;75643;Wiener Philharmoniker
2014-07-5;78098;张超
2014-07-5;79807;Amely
2014-07-5;81541;Brian Seo
2014-07-5;82361;羽翼
2014-07-5;87873;音召缶
2014-07-5;88485;Rita Springer
2014-07-5;88938;国安修二
2014-07-5;89242;Seventh Angel
2014-07-5;90121;Casket
2014-07-5;98186;김영호
2014-07-5;98327;VOICE
2014-07-5;99755;Stive Morgan
2014-07-5;99762;YeYe
2014-07-5;99764;小泉やよい
2014-07-5;99777;14 Karat Soul
2014-07-5;99778;Anli Pollicino
2014-07-5;99778;Anli Pollicino
2014-07-5;99778;Anli Pollicino
2014-07-5;99780;山崎麻由美
2014-07-5;99784;Opii
2014-07-5;99787;Root
2014-07-5;99788;DELACROIX
2014-07-5;99794;Pac Div
2014-07-5;99802;Бункер
2014-07-5;99802;Бункер
2014-07-5;99811;JonPaul Palombo
2014-07-5;99818;RSLD
2014-07-5;99819;Les Affres De La Mort
2014-07-5;99821;Winterdemons
2014-07-5;99825;Les Mort Skin
2014-07-5;99828;Karjalan Tazavalla
2014-07-5;1168431603;Freitod
2014-07-5;1573262627;秋葉工房
2014-07-5;4103;D'espairsray
2014-07-5;6890;鈴木亜美
2014-07-5;7037;堂本剛
2014-07-5;10733;Frank Zappa
2014-07-5;11699;Diana Ross
2014-07-5;12532;Orbital
2014-07-5;12532;Orbital
2014-07-5;16108;Suffocation
2014-07-5;21531;Sainkho Namtchylak
2014-07-5;23256;Soundtrack
2014-07-5;23259;日本群星
2014-07-5;23259;日本群星
2014-07-5;32258;Tiësto
2014-07-5;44132;Snafu
2014-07-5;57037;The Shanghai Restoration Project
2014-07-5;57447;AKB48
2014-07-5;58911;遊助
2014-07-5;59034;Camerata Mediolanense
2014-07-5;59034;Camerata Mediolanense
2014-07-5;62500;日本ACG
2014-07-5;62648;Christopher Young
2014-07-5;63113;Kevin Costner & Modern West
2014-07-5;63285;Devante
2014-07-5;64417;神谷浩史
2014-07-5;67760;河口恭吾
2014-07-5;68202;CUNE
2014-07-5;72291;suzumoku
2014-07-5;72388;Vishal-Shekhar
2014-07-5;73541;筝座
2014-07-5;73638;Trio Mediaeval
2014-07-5;80232;U.S. Christmas
2014-07-5;80401;Nuol
2014-07-5;83430;Damato
2014-07-5;83889;Mike Tompkins
2014-07-5;84411;Argentum
2014-07-5;88200;鬱P
2014-07-5;88938;国安修二
2014-07-5;89272;Assorted Heap
2014-07-5;97568;Rose Funeral
2014-07-5;99733;John Stoddart
2014-07-5;99787;Root
2014-07-5;99841;Last Wail
2014-07-5;99858;伍华
2014-07-5;99859;王媛渊
2014-07-5;99863;RIDER CHIPS
2014-07-5;99881;DIAVRO
2014-07-5;99882;F.L.Y.
2014-07-5;99883;Gathered Ghosts
2014-07-5;99884;Young Statues
2014-07-5;99887;Peter & Kerry
2014-07-5;99890;Al Jewer
2014-07-5;99898;Paramaecium
2014-07-5;446;江智民
2014-07-5;3121;小岛
2014-07-5;6745;Dir en grey
2014-07-5;7169;群星
2014-07-5;19158;Heavy D
2014-07-5;31839;Monni
2014-07-5;36407;Gemma Hayes
2014-07-5;54174;Neutral
2014-07-5;54404;Brian Tyler
2014-07-5;57776;Alli Rogers
2014-07-5;60298;T-ara
2014-07-5;62241;Armand Amar
2014-07-5;65662;Gin Wigmore
2014-07-5;66242;Argharus
2014-07-5;66921;Geol
2014-07-5;76360;高野寛
2014-07-5;77443;韩国原声带
2014-07-5;83303;Virgos室男社
2014-07-5;88439;Angelic Quasar
2014-07-5;99145;Anthares
2014-07-5;99728;Mos Patipan
2014-07-5;99917;Freddie Stevenson
2014-07-5;99925;张艳梅
2014-07-5;99930;달에핀
2014-07-5;99935;FALCO&SHINO
2014-07-5;99937;David Ison
2014-07-5;99943;红笛
2014-07-5;99954;Monsoon Nui
2014-07-5;99954;Monsoon Nui
2014-07-5;99982;EL LATINO
2014-07-5;100024;王翌鑫
2014-07-5;100039;许亭根&方逊
2014-07-5;100041;黑色势力
2014-07-5;100046;Chris Davis
2014-07-5;100047;Tiny Home
2014-07-5;100053;Renald Francoeur
2014-07-5;117113;かめるかめりあ
2014-07-5;2297;谢金燕
2014-07-5;6745;Dir en grey
2014-07-5;7113;장우혁
2014-07-5;7169;群星
2014-07-5;7169;群星
2014-07-5;7266;顾峰
2014-07-5;7266;顾峰
2014-07-5;7341;刘紫玲
2014-07-5;10026;Be Bop Deluxe
2014-07-5;10026;Be Bop Deluxe
2014-07-5;10321;Los Lobos
2014-07-5;11883;Dixie Chicks
2014-07-5;13232;Placebo
2014-07-5;19061;Us3
2014-07-5;22504;Sweet Exorcist
2014-07-5;23258;Various Artists
2014-07-5;23258;Various Artists
2014-07-5;23258;Various Artists
2014-07-5;23300;Corneille
2014-07-5;23519;Maroon 5
2014-07-5;27676;Metronomy
2014-07-5;31983;김준성
2014-07-5;36940;Guy Sebastian
2014-07-5;37774;London Philharmonic Orchestra
2014-07-5;37774;London Philharmonic Orchestra
2014-07-5;37825;Erik Norlander
2014-07-5;37953;Revis
2014-07-5;37953;Revis
2014-07-5;40198;Ill Bill
2014-07-5;57485;川井憲次
2014-07-5;57747;ストレイテナー 
2014-07-5;62500;日本ACG
2014-07-5;62648;Christopher Young
2014-07-5;80695;The Fashion
2014-07-5;81271;Duck Sauce
2014-07-5;81514;目黒将司
2014-07-5;84898;渋谷慶一郎
2014-07-5;87476;Zack Hemsey
2014-07-5;88974;SPICY CHOCOLATE
2014-07-5;89055;Emma Paki
2014-07-5;89100;Otokaze
2014-07-5;92019;Destrophy
2014-07-5;92607;Loick Essien
2014-07-5;99981;yumeiroecho
2014-07-5;100062;Face to Face
2014-07-5;100065;真琴つばさ
2014-07-5;100070;The Remote Viewers
2014-07-5;100074;Lake Of Ghosts
2014-07-5;100077;The Stalactites
2014-07-5;100078;sundelay
2014-07-5;100079;Goodnight Caulfield
2014-07-5;100090;High Street Hymns
2014-07-5;100102;Camille Rocailleux
2014-07-5;100104;Rahze
2014-07-5;100106;Foldplop
2014-07-5;100111;Nicolo Festa
2014-07-5;100125;j-one
2014-07-5;100134;Age Of Daze
2014-07-5;100134;Age Of Daze
2014-07-5;1233;郑锦昌
2014-07-5;12559;Paul van Dyk
2014-07-5;17480;Kenny G
2014-07-5;23258;Various Artists
2014-07-5;26149;Jon McLaughlin
2014-07-5;28139;Isabelle Boulay
2014-07-5;28167;Sugarland
2014-07-5;36358;Royal Philharmonic Orchestra
2014-07-5;55000;All My Faith Lost ...
2014-07-5;55196;Crystal Stilts
2014-07-5;59244;邵夷贝
2014-07-5;59894;井筒昭雄
2014-07-5;60438;Little Boots
2014-07-5;60558;IOSYS
2014-07-5;62500;日本ACG
2014-07-5;65769;The Casino Brawl
2014-07-5;66967;Elmio
2014-07-5;67655;Anahi
2014-07-5;68118;City of Satellites
2014-07-5;72262;浅倉大介
2014-07-5;72492;Toroidh
2014-07-5;75710;We Are! The New Year
2014-07-5;76366;浮森かや子
2014-07-5;77048;WAVE
2014-07-5;80942;Sweet Licious
2014-07-5;88101;LiLA'c Records
2014-07-5;89306;Haley Dreis
2014-07-5;99067;Anno Domini Beats
2014-07-5;99067;Anno Domini Beats
2014-07-5;99133;Dorsal Atlântica
2014-07-5;99947;M-Seven
2014-07-5;99947;M-Seven
2014-07-5;100138;Parachute Band
2014-07-5;100140;Neil Davis
2014-07-5;100142;Gisbranco
2014-07-5;100152;Bianca Merkley
2014-07-5;100155;Novel
2014-07-5;100160;Aérea Negrot
2014-07-5;100162;张博艺
2014-07-5;100183;Narwhal Tusk
2014-07-5;100194;Silent Opera
2014-07-5;100200;Tahira Syed
2014-07-5;100202;Jon Durant
2014-07-5;100204;Baldrs Draumar
2014-07-5;100205;Mauthausen Orchestra
2014-07-5;100207;Raate
2014-07-5;100217;心定和尚
2014-07-5;100218;Perturbacion
2014-07-5;107315;Vogtland Philharmonie
2014-07-5;108253;严雪亭
2014-07-5;1288;宗次郎
2014-07-5;1288;宗次郎
2014-07-5;3004;Swing
2014-07-5;3270;ケツメイシ
2014-07-5;3270;ケツメイシ
2014-07-5;11945;The Judds
2014-07-5;15019;Arthur Russell
2014-07-5;23258;Various Artists
2014-07-5;29143;Surface
2014-07-5;31859;Lullatone
2014-07-5;55751;Auscultate
2014-07-5;55789;水木一郎
2014-07-5;57695;The Gerogerigegege
2014-07-5;67097;Rainbow
2014-07-5;68078;影山ヒロノブ
2014-07-5;70322;Amatory
2014-07-5;71880;lynch.
2014-07-5;72262;浅倉大介
2014-07-5;72262;浅倉大介
2014-07-5;75717;Sadael
2014-07-5;76846;中島卓偉
2014-07-5;78870;John Praw
2014-07-5;92194;The Snakes
2014-07-5;92251;Caithlin De Marrais
2014-07-5;95564;Sinitus Tempo
2014-07-5;96260;李贵府
2014-07-5;100230;鈴木朋
2014-07-5;100293;Caelestis
2014-07-5;100296;游美灵
2014-07-5;100302;Joseph
2014-07-5;100304;Oddjob
2014-07-5;100313;Nuclear Torment
2014-07-5;100323;Colette Chabot
2014-07-5;100324;Danishmendt
2014-07-5;100326;Parasite City
2014-07-5;100329;Lail Arad
2014-07-5;100330;Malsain
2014-07-5;100331;Uncanny
2014-07-5;100331;Uncanny
2014-07-5;100354;Necrofrost
2014-07-5;100381;田梓呈
2014-07-5;100382;张芸瑞
2014-07-5;100385;Wake Owl
2014-07-5;100390;Marc-André Hamelin
2014-07-5;100393;Yuridia
2014-07-5;4464;the GazettE
2014-07-5;4876;Kagrra
2014-07-5;6466;ナイトメア
2014-07-5;11779;LL Cool J
2014-07-5;11780;Mobb Deep
2014-07-5;14449;Glass Candy
2014-07-5;19021;Nas
2014-07-5;23258;Various Artists
2014-07-5;23369;Jazzamor
2014-07-5;31938;Sugababes
2014-07-5;38903;Dave Brubeck Quartet
2014-07-5;40765;The Magnificent
2014-07-5;42269;Claudia Jung
2014-07-5;43259;Blutengel
2014-07-5;54586;Kreesha Turner 
2014-07-5;55789;水木一郎
2014-07-5;58151;Dolly
2014-07-5;58600;少女-ロリヰタ-23区
2014-07-5;64976;Cloudkicker
2014-07-5;65770;ShinSight Trio
2014-07-5;67046;本田美奈子
2014-07-5;70658;The Echelon Effect
2014-07-5;71872;[:SITD:]
2014-07-5;75642;Memphis
2014-07-5;75875;Sonne Hagal
2014-07-5;75875;Sonne Hagal
2014-07-5;80221;卢凯彤
2014-07-5;81496;A-ble
2014-07-5;83365;Afrojack
2014-07-5;87567;Wilhelm Kempff
2014-07-5;89541;Centrozoon
2014-07-5;94382;ささきいさお
2014-07-5;97437;Galla
2014-07-5;98660;Indestroy
2014-07-5;99789;wyse
2014-07-5;99836;Loan Chau
2014-07-5;99946;Iceman
2014-07-5;100344;Rebecca & Fiona
2014-07-5;100374;Chloe Flower
2014-07-5;100415;Between Days
2014-07-5;100429;Evenings
2014-07-5;100446;Arif Sağ
2014-07-5;100458;Madison Marie and Mackenzie Paige
2014-07-5;100460;上野の森ブラス
2014-07-5;100461;みちしたの音楽
2014-07-5;100483;J56
2014-07-5;100484;Richard Parker
2014-07-5;100485;Ocoai
2014-07-5;100502;Marina V
2014-07-5;100516;Enthrallment
2014-07-5;100522;Diane Tell
2014-07-5;116965;ぺぺろんP
2014-07-5;1174;张杰
2014-07-5;3242;2 Unlimited
2014-07-5;6466;ナイトメア
2014-07-5;6466;ナイトメア
2014-07-5;7005;矢井田瞳
2014-07-5;11564;Boyz II Men
2014-07-5;16310;Insane Clown Posse
2014-07-5;18808;Daz Dillinger
2014-07-5;23256;Soundtrack
2014-07-5;23256;Soundtrack
2014-07-5;23258;Various Artists
2014-07-5;23258;Various Artists
2014-07-5;23261;王键
2014-07-5;23631;OneRepublic
2014-07-5;35737;Paper Route
2014-07-5;38476;Genocide
2014-07-5;48607;Hollywood Undead
2014-07-5;58888;VOCALOID
2014-07-5;62286;Followed By Ghosts
2014-07-5;63178;The Wayward
2014-07-5;64957;Asking Alexandria
2014-07-5;64973;Sorg Uten Tårer
2014-07-5;69080;ドレミ團
2014-07-5;69080;ドレミ團
2014-07-5;69919;榊原郁恵
2014-07-5;74611;Sam Tsui
2014-07-5;76099;蜉蝣
2014-07-5;76792;ธงไชย แมคอินไตย
2014-07-5;77334;みとせのりこ
2014-07-5;77710;西国の海妖
2014-07-5;79563;Olly Murs
2014-07-5;80915;Gut
2014-07-5;83865;binaria
2014-07-5;87820;Pierre-Laurent Aimard
2014-07-5;88562;OSTER project
2014-07-5;91276;今堀恒雄
2014-07-5;92067;CyHi Da Prynce
2014-07-5;94795;阎琰
2014-07-5;97492;Trollskogen
2014-07-5;97586;0411乐队
2014-07-5;97677;Lahannya
2014-07-5;99306;The X Factor US
2014-07-5;100394;Slinkee Minx
2014-07-5;100510;Fumes of Decay
2014-07-5;100531;Jordy Towers
2014-07-5;100533;ROOT FIVE
2014-07-5;100537;Pravana
2014-07-5;100539;Jelonek
2014-07-5;100569;宣鹏
2014-07-5;100584;Mélancolie
2014-07-5;100594;The Stratford 4
2014-07-5;100594;The Stratford 4
2014-07-5;117179;融合P
2014-07-5;133;陈一郎
2014-07-5;1968;罗海英
2014-07-5;6821;CHEMISTRY
2014-07-5;7169;群星
2014-07-5;10206;Peter Frampton
2014-07-5;12559;Paul van Dyk
2014-07-5;12559;Paul van Dyk
2014-07-5;12559;Paul van Dyk
2014-07-5;23258;Various Artists
2014-07-5;23259;日本群星
2014-07-5;30576;ポルノグラフィティ
2014-07-5;37269;Christophe Willem
2014-07-5;41707;Peter Broderick
2014-07-5;47821;Lady Gaga
2014-07-5;58415;ASIAN KUNG-FU GENERATION
2014-07-5;60501;Stellar Kart
2014-07-5;60657;Adam Lambert
2014-07-5;62500;日本ACG
2014-07-5;62500;日本ACG
2014-07-5;62500;日本ACG
2014-07-5;62500;日本ACG
2014-07-5;73468;SEKAI NO OWARI
2014-07-5;75345;Njiqahdda
2014-07-5;79965;桂銀淑
2014-07-5;85935;戊道子
2014-07-5;87820;Pierre-Laurent Aimard
2014-07-5;88098;Tigran Hamasyan
2014-07-5;88115;Yuna
2014-07-5;91533;Angela Gheorghiu
2014-07-5;94229;정진운
2014-07-5;99837;Adult Only
2014-07-5;99837;Adult Only
2014-07-5;100596;Porky Vagina
2014-07-5;100596;Porky Vagina
2014-07-5;100602;盖鸣晖
2014-07-5;100605;克尔曼
2014-07-5;100609;Obscure Anachronism
2014-07-5;100625;Tashaki Miyaki
2014-07-5;2469;张蓉蓉
2014-07-5;6682;As One
2014-07-5;6703;Bonnie Pink
2014-07-5;6757;徳永英明
2014-07-5;6899;mihimaru GT
2014-07-5;7322;小类
2014-07-5;11573;Mariah Carey
2014-07-5;12559;Paul van Dyk
2014-07-5;23257;日本原声带
2014-07-5;23258;Various Artists
2014-07-5;23258;Various Artists
2014-07-5;23258;Various Artists
2014-07-5;23840;Corrinne May
2014-07-5;24032;Wye Oak
2014-07-5;24074;Dan Gibson
2014-07-5;25965;The Music
2014-07-5;32764;조규찬
2014-07-5;34848;Dan Zanes & Friends
2014-07-5;45166;Portrait
2014-07-5;56109;陰陽座
2014-07-5;60326;David Nevue
2014-07-5;61677;井上あずみ
2014-07-5;62500;日本ACG
2014-07-5;62500;日本ACG
2014-07-5;66039;桜庭統
2014-07-5;67033;高山みなみ
2014-07-5;67173;LOVE LOVE LOVE
2014-07-5;69440;김연우
2014-07-5;72721;松尾早人
2014-07-5;72721;松尾早人
2014-07-5;74414;ももいろクローバーZ
2014-07-5;75309;IIO
2014-07-5;75309;IIO
2014-07-5;85478;Pablo Alborán
2014-07-5;87343;Aliene Ma'riage
2014-07-5;87978;チェリッシュ
2014-07-5;88656;8utterfly
2014-07-5;91538;Raoul Sinier
2014-07-5;97653;Engelsstaub
2014-07-5;98951;Proiekt Hat
2014-07-5;100541;O'Brother
2014-07-5;100675;Runners-Hi
2014-07-5;100676;Buga Kingz
2014-07-5;100678;Truthful Lies
2014-07-5;100684;Crybaby
2014-07-5;100691;Jessica Riddle
2014-07-5;100693;Modern Tapes
2014-07-5;100711;可儿
2014-07-5;100716;Shola Ama
2014-07-5;100718;Chelsea Lee
2014-07-5;100721;Sylvan
2014-07-5;100735;Mother Mars
2014-07-5;100737;Galia Arad
2014-07-5;100750;Institut
2014-07-5;100753;萧盈昕
2014-07-5;117108;安川午朗
2014-07-5;1494;丁薇
2014-07-5;6462;土屋アンナ
2014-07-5;7169;群星
2014-07-5;7169;群星
2014-07-5;7169;群星
2014-07-5;7169;群星
2014-07-5;7169;群星
2014-07-5;7169;群星
2014-07-5;7169;群星
2014-07-5;16030;Venom
2014-07-5;23256;Soundtrack
2014-07-5;31554;S.E.S
2014-07-5;32146;Bernard Herrmann
2014-07-5;32146;Bernard Herrmann
2014-07-5;32233;千住明
2014-07-5;37490;Gucci Mane
2014-07-5;56822;IU
2014-07-5;59357;임재범
2014-07-5;61177;the HIATUS
2014-07-5;62500;日本ACG
2014-07-5;62625;Raphael
2014-07-5;66345;LAREINE
2014-07-5;66345;LAREINE
2014-07-5;66590;シャ乱Q
2014-07-5;66590;シャ乱Q
2014-07-5;71597;Michael McCann
2014-07-5;71875;Ryan Huston
2014-07-5;73667;张晓红
2014-07-5;76099;蜉蝣
2014-07-5;77443;韩国原声带
2014-07-5;81506;a flood of circle
2014-07-5;85994;노기태
2014-07-5;86735;任军太
2014-07-5;87055;蔡玮瑜
2014-07-5;88349;刘冰
2014-07-5;89520;三輪学
2014-07-5;89576;Americano
2014-07-5;99444;The X Factor UK
2014-07-5;99444;The X Factor UK
2014-07-5;99444;The X Factor UK
2014-07-5;100700;DEEPS
2014-07-5;100700;DEEPS
2014-07-5;100702;須釜俊一
2014-07-5;100780;朱鷺
2014-07-5;100781;Evan Shinn
2014-07-5;100785;plane
2014-07-5;100785;plane
2014-07-5;100787;Baby Soul
2014-07-5;100793;Ark Storm
2014-07-5;100803;何老妖
2014-07-5;100812;关中惠
2014-07-5;100833;Golden Ages
2014-07-5;100839;Guttural
2014-07-5;100843;Pixikill
2014-07-5;100846;Tony Castles
2014-07-5;100849;星君
2014-07-5;100852;Oros
2014-07-5;100862;Volcano DJ Team
2014-07-5;100873;Junoflo
2014-07-5;100875;Ulala Session
2014-07-5;100885;Comoros
2014-07-5;100890;山口菊野
2014-07-5;100897;Automatic People
2014-07-5;100914;Scorned Deity
2014-07-5;100935;徐杨
2014-07-5;336;洪荣宏
2014-07-5;2401;尤雅
2014-07-5;3242;2 Unlimited
2014-07-5;3242;2 Unlimited
2014-07-5;7169;群星
2014-07-5;7169;群星
2014-07-5;7169;群星
2014-07-5;7169;群星
2014-07-5;7169;群星
2014-07-5;16754;Mark Mothersbaugh
2014-07-5;17746;Meja
2014-07-5;17746;Meja
2014-07-5;17746;Meja
2014-07-5;18837;Kurupt
2014-07-5;22863;Vladislav Delay
2014-07-5;23258;Various Artists
2014-07-5;23258;Various Artists
2014-07-5;25873;Jennifer Gentle
2014-07-5;31563;Gabriel Yared
2014-07-5;54603;Delta Goodrem
2014-07-5;54915;Deadmau5
2014-07-5;55937;Epica
2014-07-5;67495;X-Ray Dog
2014-07-5;69221;Ellie Goulding
2014-07-5;83208;Jaeson Ma
2014-07-5;83257;Septic Mind
2014-07-5;84390;Rebecca Ferguson
2014-07-5;97704;David And The High Spirit
2014-07-5;97704;David And The High Spirit
2014-07-5;97704;David And The High Spirit
2014-07-5;99306;The X Factor US
2014-07-5;100796;弦小杰
2014-07-5;100929;Colman Brothers
2014-07-5;100964;陈伟伦
2014-07-5;100966;Agnost Dei
2014-07-5;100969;Anosou
2014-07-5;100973;甘洛凡
2014-07-5;100975;All For Fake
2014-07-5;100976;Aneurysm
2014-07-5;100976;Aneurysm
2014-07-5;100979;Ron Clearfield
2014-07-5;101008;Classical Kids
2014-07-5;101010;Kingtyen
2014-07-5;101011;Corner Stone Cues
2014-07-5;101012;狗一般的少年
2014-07-5;6845;Joe Hisaishi
2014-07-5;7169;群星
2014-07-5;12559;Paul van Dyk
2014-07-5;12559;Paul van Dyk
2014-07-5;19775;Alicia Keys
2014-07-5;23258;Various Artists
2014-07-5;23258;Various Artists
2014-07-5;23258;Various Artists
2014-07-5;23258;Various Artists
2014-07-5;23259;日本群星
2014-07-5;23259;日本群星
2014-07-5;25813;Acid Mothers Temple & the Melting Paraiso U.F.O.
2014-07-5;25813;Acid Mothers Temple & the Melting Paraiso U.F.O.
2014-07-5;26219;Culcha Candela
2014-07-5;26696;Kelly Osbourne
2014-07-5;31561;The Quiett
2014-07-5;32233;千住明
2014-07-5;34388;Zita Swoon
2014-07-5;41258;James Last
2014-07-5;58888;VOCALOID
2014-07-5;60280;March of Heroes
2014-07-5;62500;日本ACG
2014-07-5;65458;Hess Is More
2014-07-5;69080;ドレミ團
2014-07-5;72201;堀江美都子
2014-07-5;72201;堀江美都子
2014-07-5;82973;RAMPANT
2014-07-5;82973;RAMPANT
2014-07-5;82973;RAMPANT
2014-07-5;86298;鹿乃
2014-07-5;86375;Mindthings
2014-07-5;89000;Elements Garden
2014-07-5;92314;Krystian Zimerman
2014-07-5;93305;earth Japan SOFT
2014-07-5;96431;Ivi Adamou
2014-07-5;97914;Left Spine Down
2014-07-5;98159;Incan Abraham
2014-07-5;100840;Holy Co$t
2014-07-5;101021;刘转亮
2014-07-5;101021;刘转亮
2014-07-5;101026;Emma Louise
2014-07-5;101027;Chrysta Bell
2014-07-5;101048;Matteo Macchioni
2014-07-5;101048;Matteo Macchioni
2014-07-5;101052;町田謙介フィーチャリングCHIHANA
2014-07-5;101056;Blaze of Perdition
2014-07-5;101061;Nina Pušlar
2014-07-5;101084;Blue Sky Drive
2014-07-5;101085;Stahlmantel
2014-07-5;101090;Tahne
2014-07-5;101102;Epoch Crysis
2014-07-5;101104;Jon Liddell
2014-07-5;101109;The Amazing
2014-07-5;101110;High Highs
2014-07-5;454;蒋大为
2014-07-5;1797;李玲玉
2014-07-5;2106;松田聖子
2014-07-5;2815;回声乐团
2014-07-5;3063;Twins
2014-07-5;3270;ケツメイシ
2014-07-5;3270;ケツメイシ
2014-07-5;7069;小室哲哉
2014-07-5;7169;群星
2014-07-5;7169;群星
2014-07-5;17746;Meja
2014-07-5;23258;Various Artists
2014-07-5;23259;日本群星
2014-07-5;24342;Clementine
2014-07-5;27809;Okkervil River
2014-07-5;28062;Basshunter
2014-07-5;32300;大島ミチル
2014-07-5;32319;佐藤直紀
2014-07-5;34909;Hombres G
2014-07-5;34909;Hombres G
2014-07-5;35625;Llewellyn
2014-07-5;41258;James Last
2014-07-5;57893;Mournful Congregation
2014-07-5;58323;氷川きよし
2014-07-5;59105;羽毛田丈史
2014-07-5;60495;Fire + Ice
2014-07-5;60689;Krypteria
2014-07-5;61518;Weaver At The Loom
2014-07-5;62193;Jeremy Soule
2014-07-5;62500;日本ACG
2014-07-5;62500;日本ACG
2014-07-5;62500;日本ACG
2014-07-5;62500;日本ACG
2014-07-5;65604;Sacred Oath
2014-07-5;74035;랄라스윗
2014-07-5;79420;David H. Yakobian
2014-07-5;82081;Megaromania
2014-07-5;84755;嘉手苅林昌
2014-07-5;92012;Damien Sargue
2014-07-5;92565;大江光
2014-07-5;92565;大江光
2014-07-5;97704;David And The High Spirit
2014-07-5;99444;The X Factor UK
2014-07-5;101100;Toiletgurgling Fecal Shower
2014-07-5;101113;轩子
2014-07-5;101114;桐雨
2014-07-5;101122;Jet Life
2014-07-5;101132;唐一雯
2014-07-5;101142;Krissy Nordhoff
2014-07-5;101159;モノオト
2014-07-5;101175;佳小宇
2014-07-5;103361;上松範康
2014-07-5;181237431;若山胤雄社中
2014-07-5;244;高凌风
2014-07-5;1073;杨臣刚
2014-07-5;7169;群星
2014-07-5;7169;群星
2014-07-5;7169;群星
2014-07-5;16141;Bang Tango
2014-07-5;16822;Tim Curry
2014-07-5;23258;Various Artists
2014-07-5;23259;日本群星
2014-07-5;23259;日本群星
2014-07-5;25612;Acid Mothers Temple
2014-07-5;37478;Flo Rida
2014-07-5;58840;简上仁
2014-07-5;59612;Space Cowboy
2014-07-5;60521;일락
2014-07-5;62080;The Details
2014-07-5;62500;日本ACG
2014-07-5;62500;日本ACG
2014-07-5;62905;佐藤通弘
2014-07-5;64840;庄野真代
2014-07-5;70706;松本梨香
2014-07-5;73272;I Spell it Nature
2014-07-5;74848;Big Brother
2014-07-5;76503;The Head and the Heart
2014-07-5;77059;J-Dogg
2014-07-5;77826;Serph
2014-07-5;79262;林田健司
2014-07-5;80650;Jose Padilla
2014-07-5;81295;awamok
2014-07-5;81373;JABBERLOOP
2014-07-5;82065;Beady Eye
2014-07-5;82141;Ghremdrakk
2014-07-5;84750;青木隆治
2014-07-5;96864;桃梨
2014-07-5;97426;Hi-Q 
2014-07-5;97704;David And The High Spirit
2014-07-5;97725;Kfir Epstein
2014-07-5;100268;Lil Twist
2014-07-5;101203;Nazzy
2014-07-5;101207;Human Remains
2014-07-5;101208;Øscillatör
2014-07-5;101217;Elegance
2014-07-5;101219;The Reddings
2014-07-5;101224;帅哥美女综艺团
2014-07-5;101252;坂本慎太郎
2014-07-5;101258;大杉久美子
2014-07-5;101269;解瑄
2014-07-5;101270;叶树涵铜管五重奏
2014-07-5;101273;陈洁莉
2014-07-5;101276;Acid Mothers Temple & The Cosmic Inferno
2014-07-5;101282;Shayne
2014-07-5;101291;The Local Strangers
2014-07-5;101306;Cloudica
2014-07-5;101312;铁汗乐团
2014-07-5;1771;李爱绮
2014-07-5;2110;宋祖英
2014-07-5;7030;東京プリン
2014-07-5;7030;東京プリン
2014-07-5;7169;群星
2014-07-5;7169;群星
2014-07-5;7169;群星
2014-07-5;10441;Prince
2014-07-5;11152;Charles Lloyd
2014-07-5;15702;P!nk
2014-07-5;16290;System of a Down
2014-07-5;23348;Eric Serra
2014-07-5;24045;Plain White T's
2014-07-5;55721;Jordi Savall
2014-07-5;57758;Carter Burwell
2014-07-5;60633;Avalanch
2014-07-5;62500;日本ACG
2014-07-5;79290;goatbed
2014-07-5;80165;Novemthree
2014-07-5;81105;龙梅子
2014-07-5;84059;Carolina Story
2014-07-5;88174;SoulChef
2014-07-5;92919;ram:
2014-07-5;92919;ram:
2014-07-5;96359;EndName
2014-07-5;98178;Jason Roberson
2014-07-5;101347;丰羽神话
2014-07-5;101349;登川誠仁
2014-07-5;101351;Imaginary Stigma
2014-07-5;101355;Ferals
2014-07-5;101360;Harrfluss
2014-07-5;101365;Blake Aaron Guthrie
2014-07-5;101374;Nuclear Summer
2014-07-5;101379;的哥老盖
2014-07-5;101385;Williamsburg
2014-07-5;101390;Fox and the Bird
2014-07-5;101395;Jess Hall Band
2014-07-5;101402;Kristiina Wheeler
2014-07-5;101410;大城美佐子
2014-07-5;101424;Golgotha
2014-07-5;101424;Golgotha
2014-07-5;101428;The Mist and The Morning Dew
2014-07-5;101429;Moon of Sorrow
2014-07-5;4548;谷山浩子
2014-07-5;6794;谷村新司
2014-07-5;6847;酒井法子
2014-07-5;13088;Black Tape for a Blue Girl
2014-07-5;15090;Maysa
2014-07-5;16180;Kittie
2014-07-5;19928;Ty Herndon
2014-07-5;22374;Harold Budd
2014-07-5;23256;Soundtrack
2014-07-5;23256;Soundtrack
2014-07-5;23258;Various Artists
2014-07-5;23258;Various Artists
2014-07-5;23258;Various Artists
2014-07-5;23258;Various Artists
2014-07-5;24253;Akiko
2014-07-5;34751;Classified
2014-07-5;38005;Télépopmusik
2014-07-5;43477;Spiral Cow
2014-07-5;49588;Igor Stravinsky
2014-07-5;52788;黒石ひとみ
2014-07-5;53380;Aspidistrafly
2014-07-5;55134;The Summer Set
2014-07-5;58563;Andrew Lloyd Webber
2014-07-5;58615;日之内エミ
2014-07-5;58615;日之内エミ
2014-07-5;58615;日之内エミ
2014-07-5;59761;Barbarian On The Groove
2014-07-5;60037;Xploding Plastix
2014-07-5;60104;Joker's Daughter
2014-07-5;61153;古内東子
2014-07-5;61153;古内東子
2014-07-5;61464;Immediate Music
2014-07-5;62500;日本ACG
2014-07-5;62500;日本ACG
2014-07-5;62500;日本ACG
2014-07-5;63682;JAY'ED
2014-07-5;64359;近藤浩治
2014-07-5;66147;Mumford & Sons
2014-07-5;66181;Bornholm
2014-07-5;66581;铁热沁夫
2014-07-5;67610;lecca
2014-07-5;69743;白天不亮
2014-07-5;70508;SHOW-YA
2014-07-5;70508;SHOW-YA
2014-07-5;72721;松尾早人
2014-07-5;75166;Fabrizio Paterlini
2014-07-5;79259;Borgore
2014-07-5;79998;周诗雅
2014-07-5;84580;Dark PHOENiX
2014-07-5;87410;葵かを里
2014-07-5;94061;九龍海鮮飯店
2014-07-5;101047;Princess Chelsea
2014-07-5;101334;Pastore
2014-07-5;101431;Gae Bolga
2014-07-5;101441;조아혜
2014-07-5;101443;Kyo Itachi
2014-07-5;101448;Nordisk Velde
2014-07-5;101455;Joey Newman
2014-07-5;101456;Pete Aves
2014-07-5;101458;Klassart
2014-07-5;101460;冯美娟子
2014-07-5;101464;区新明
2014-07-5;101475;백현수
2014-07-5;101476;Spector
2014-07-5;101481;The Collected
2014-07-5;115155;Nest
2014-07-5;2758;GALA
2014-07-5;6890;鈴木亜美
2014-07-5;6899;mihimaru GT
2014-07-5;7169;群星
2014-07-5;23256;Soundtrack
2014-07-5;28063;8-Bit Weapon
2014-07-5;52224;Judie Tzuke
2014-07-5;52788;黒石ひとみ
2014-07-5;57661;喜多村英梨
2014-07-5;58621;神田沙也加
2014-07-5;62500;日本ACG
2014-07-5;62500;日本ACG
2014-07-5;63173;This Is My Normal State
2014-07-5;65320;星弟
2014-07-5;69212;天地真理
2014-07-5;69212;天地真理
2014-07-5;70495;遊佐浩二
2014-07-5;71220;Jónsi
2014-07-5;71275;SiMoN
2014-07-5;76153;柴草玲
2014-07-5;77443;韩国原声带
2014-07-5;81773;【蓮】
2014-07-5;83419;Baptiste Giabiconi
2014-07-5;83889;Mike Tompkins
2014-07-5;86498;砂川恵理歌
2014-07-5;86498;砂川恵理歌
2014-07-5;92776;Konkhra
2014-07-5;92776;Konkhra
2014-07-5;93907;SJV-SC
2014-07-5;96997;星野真里
2014-07-5;96997;星野真里
2014-07-5;100299;Rome
2014-07-5;101333;Anothers Blood
2014-07-5;101521;星井七瀬
2014-07-5;101541;Dogs
2014-07-5;101541;Dogs
2014-07-5;101553;Tony Terry
2014-07-5;101557;Wadali Brothers
2014-07-5;101566;Para one & Tacteel
2014-07-5;101566;Para one & Tacteel
2014-07-5;101567;Peter Hollens
2014-07-5;101567;Peter Hollens
2014-07-5;101577;Mako Shopstore
2014-07-5;101583;Dead Man Ray
2014-07-5;101586;Raúl Planas
2014-07-5;101587;The Black Arts
2014-07-5;101594;宁可
2014-07-5;101597;大沢たかお
2014-07-5;116996;オワタP
2014-07-5;117143;(∵
2014-07-5;117192;ELEGUMI TOKYO
2014-07-5;6772;Fayray
2014-07-5;6923;内田有紀
2014-07-5;6923;内田有紀
2014-07-5;6923;内田有紀
2014-07-5;10635;Stiff Little Fingers
2014-07-5;14545;Illusion
2014-07-5;23256;Soundtrack
2014-07-5;23258;Various Artists
2014-07-5;23258;Various Artists
2014-07-5;23259;日本群星
2014-07-5;39705;A.R. Rahman
2014-07-5;41636;Olivier Messiaen
2014-07-5;56155;김정훈
2014-07-5;57051;泉谷しげる
2014-07-5;57051;泉谷しげる
2014-07-5;58145;荻野目洋子
2014-07-5;58145;荻野目洋子
2014-07-5;62241;Armand Amar
2014-07-5;65723;和久井映見
2014-07-5;72030;Hologram Party
2014-07-5;76397;Charlie Chaplin
2014-07-5;77444;韩国群星
2014-07-5;79451;晨熙
2014-07-5;79898;歌者森
2014-07-5;86912;奥菜恵
2014-07-5;86912;奥菜恵
2014-07-5;86912;奥菜恵
2014-07-5;96479;Hatemagick
2014-07-5;96479;Hatemagick
2014-07-5;101615;pertorika
2014-07-5;101624;Rhymics
2014-07-5;101635;Hollie Steel
2014-07-5;101648;佐々木淙山
2014-07-5;105570;Scott Lloyd Shelly
