2014-06-21;1;Alex
2014-06-21;2;阿宝
2014-06-21;4;阿弟仔
2014-06-21;5;阿杜
2014-06-21;6;阿贵
2014-06-21;7;阿华
2014-06-21;8;阿吉仔
2014-06-21;9;阿郎
2014-06-21;10;阿木
2014-06-21;11;阿强
2014-06-21;12;阿信
2014-06-21;13;阿振
2014-06-21;14;阿正
2014-06-21;15;艾成
2014-06-21;16;艾尔肯
2014-06-21;17;安德尊
2014-06-21;18;安琥
2014-06-21;19;강타
2014-06-21;21;卜学亮
2014-06-21;22;阿牛
2014-06-21;23;阿炳
2014-06-21;24;艾斯卡尔
2014-06-21;26;Bjack
2014-06-21;28;百川
2014-06-21;29;白驹荣
2014-06-21;30;Daydream
2014-06-21;32;鲍比达
2014-06-21;34;毕国勇
2014-06-21;7169;群星
2014-06-21;89333;Cynthia Harrell
2014-06-21;36;卞留念
2014-06-21;36;卞留念
2014-06-21;36;卞留念
2014-06-21;37;表儿
2014-06-21;39;布仁巴雅尔
2014-06-21;39;布仁巴雅尔
2014-06-21;41;蔡枫华
2014-06-21;41;蔡枫华
2014-06-21;41;蔡枫华
2014-06-21;41;蔡枫华
2014-06-21;41;蔡枫华
2014-06-21;41;蔡枫华
2014-06-21;41;蔡枫华
2014-06-21;41;蔡枫华
2014-06-21;41;蔡枫华
2014-06-21;41;蔡枫华
2014-06-21;41;蔡枫华
2014-06-21;41;蔡枫华
2014-06-21;41;蔡枫华
2014-06-21;41;蔡枫华
2014-06-21;41;蔡枫华
2014-06-21;42;蔡国庆
2014-06-21;42;蔡国庆
2014-06-21;42;蔡国庆
2014-06-21;43;蔡国权
2014-06-21;43;蔡国权
2014-06-21;43;蔡国权
2014-06-21;43;蔡国权
2014-06-21;43;蔡国权
2014-06-21;43;蔡国权
2014-06-21;43;蔡国权
2014-06-21;43;蔡国权
2014-06-21;43;蔡国权
2014-06-21;43;蔡国权
2014-06-21;43;蔡国权
2014-06-21;43;蔡国权
2014-06-21;43;蔡国权
2014-06-21;43;蔡国权
2014-06-21;43;蔡国权
2014-06-21;43;蔡国权
2014-06-21;43;蔡国权
2014-06-21;43;蔡国权
2014-06-21;44;蔡济文
2014-06-21;44;蔡济文
2014-06-21;44;蔡济文
2014-06-21;44;蔡济文
2014-06-21;44;蔡济文
2014-06-21;44;蔡济文
2014-06-21;45;蔡蓝钦
2014-06-21;45;蔡蓝钦
2014-06-21;46;蔡荣祖
2014-06-21;46;蔡荣祖
2014-06-21;46;蔡荣祖
2014-06-21;46;蔡荣祖
2014-06-21;46;蔡荣祖
2014-06-21;47;蔡小虎
2014-06-21;47;蔡小虎
2014-06-21;47;蔡小虎
2014-06-21;47;蔡小虎
2014-06-21;47;蔡小虎
2014-06-21;47;蔡小虎
2014-06-21;47;蔡小虎
2014-06-21;47;蔡小虎
2014-06-21;47;蔡小虎
2014-06-21;47;蔡小虎
2014-06-21;47;蔡小虎
2014-06-21;47;蔡小虎
2014-06-21;48;蔡兴国
2014-06-21;48;蔡兴国
2014-06-21;48;蔡兴国
2014-06-21;48;蔡兴国
2014-06-21;48;蔡兴国
2014-06-21;48;蔡兴国
2014-06-21;49;蔡兴麟
2014-06-21;49;蔡兴麟
2014-06-21;49;蔡兴麟
2014-06-21;50;蔡一杰
2014-06-21;51;蔡振南
2014-06-21;51;蔡振南
2014-06-21;51;蔡振南
2014-06-21;51;蔡振南
2014-06-21;51;蔡振南
2014-06-21;51;蔡振南
2014-06-21;51;蔡振南
2014-06-21;51;蔡振南
2014-06-21;52;蔡镇冲
2014-06-21;53;苍茫
2014-06-21;53;苍茫
2014-06-21;54;苍宇
2014-06-21;55;曹阿咏
2014-06-21;55;曹阿咏
2014-06-21;56;曹德维
2014-06-21;57;曹丁
2014-06-21;57;曹丁
2014-06-21;57;曹丁
2014-06-21;58;曹格
2014-06-21;58;曹格
2014-06-21;59;曹俊鸿
2014-06-21;60;曹松章
2014-06-21;60;曹松章
2014-06-21;60;曹松章
2014-06-21;60;曹松章
2014-06-21;61;曹西平
2014-06-21;62;曹永廉
2014-06-21;62;曹永廉
2014-06-21;64;曹玉荣
2014-06-21;64;曹玉荣
2014-06-21;64;曹玉荣
2014-06-21;65;侧田
2014-06-21;65;侧田
2014-06-21;65;侧田
2014-06-21;65;侧田
2014-06-21;66;长田
2014-06-21;67;常海
2014-06-21;68;常宽
2014-06-21;68;常宽
2014-06-21;68;常宽
2014-06-21;68;常宽
2014-06-21;68;常宽
2014-06-21;68;常宽
2014-06-21;68;常宽
2014-06-21;69;车继铃
2014-06-21;69;车继铃
2014-06-21;69;车继铃
2014-06-21;70;陈百强
2014-06-21;70;陈百强
2014-06-21;70;陈百强
2014-06-21;70;陈百强
2014-06-21;70;陈百强
2014-06-21;70;陈百强
2014-06-21;70;陈百强
2014-06-21;70;陈百强
2014-06-21;70;陈百强
2014-06-21;70;陈百强
2014-06-21;70;陈百强
2014-06-21;70;陈百强
2014-06-21;70;陈百强
2014-06-21;70;陈百强
2014-06-21;70;陈百强
2014-06-21;70;陈百强
2014-06-21;70;陈百强
2014-06-21;70;陈百强
2014-06-21;70;陈百强
2014-06-21;70;陈百强
2014-06-21;70;陈百强
2014-06-21;70;陈百强
2014-06-21;70;陈百强
2014-06-21;70;陈百强
2014-06-21;70;陈百强
2014-06-21;70;陈百强
2014-06-21;70;陈百强
2014-06-21;70;陈百强
2014-06-21;70;陈百强
2014-06-21;70;陈百强
2014-06-21;70;陈百强
2014-06-21;70;陈百强
2014-06-21;70;陈百强
2014-06-21;70;陈百强
2014-06-21;71;陈百祥
2014-06-21;72;陈柏全
2014-06-21;72;陈柏全
2014-06-21;73;陈彼得
2014-06-21;73;陈彼得
2014-06-21;73;陈彼得
2014-06-21;73;陈彼得
2014-06-21;74;陈长林
2014-06-21;75;陈德彰
2014-06-21;1068;颜福伟
2014-06-21;7324;曹轩宾
2014-06-21;75;陈德彰
2014-06-21;76;陈迪匡
2014-06-21;76;陈迪匡
2014-06-21;76;陈迪匡
2014-06-21;76;陈迪匡
2014-06-21;76;陈迪匡
2014-06-21;77;陈弘礼
2014-06-21;77;陈弘礼
2014-06-21;79;陈冠蒲
2014-06-21;80;陈冠希
2014-06-21;80;陈冠希
2014-06-21;80;陈冠希
2014-06-21;80;陈冠希
2014-06-21;80;陈冠希
2014-06-21;80;陈冠希
2014-06-21;80;陈冠希
2014-06-21;80;陈冠希
2014-06-21;80;陈冠希
2014-06-21;80;陈冠希
2014-06-21;80;陈冠希
2014-06-21;80;陈冠希
2014-06-21;80;陈冠希
2014-06-21;80;陈冠希
2014-06-21;80;陈冠希
2014-06-21;81;陈冠宇
2014-06-21;81;陈冠宇
2014-06-21;81;陈冠宇
2014-06-21;81;陈冠宇
2014-06-21;81;陈冠宇
2014-06-21;81;陈冠宇
2014-06-21;81;陈冠宇
2014-06-21;81;陈冠宇
2014-06-21;81;陈冠宇
2014-06-21;81;陈冠宇
2014-06-21;81;陈冠宇
2014-06-21;81;陈冠宇
2014-06-21;81;陈冠宇
2014-06-21;81;陈冠宇
2014-06-21;81;陈冠宇
2014-06-21;81;陈冠宇
2014-06-21;81;陈冠宇
2014-06-21;81;陈冠宇
2014-06-21;82;陈国华
2014-06-21;83;陈国平
2014-06-21;85;陈浩德
2014-06-21;85;陈浩德
2014-06-21;85;陈浩德
2014-06-21;85;陈浩德
2014-06-21;85;陈浩德
2014-06-21;85;陈浩德
2014-06-21;85;陈浩德
2014-06-21;86;陈浩峰
2014-06-21;87;陈浩民
2014-06-21;87;陈浩民
2014-06-21;87;陈浩民
2014-06-21;88;陈骅
2014-06-21;88;陈骅
2014-06-21;89;陈辉阳
2014-06-21;89;陈辉阳
2014-06-21;89;陈辉阳
2014-06-21;89;陈辉阳
2014-06-21;89;陈辉阳
2014-06-21;89;陈辉阳
2014-06-21;90;陈加洛
2014-06-21;91;陈建年
2014-06-21;91;陈建年
2014-06-21;91;陈建年
2014-06-21;93;陈纪匡
2014-06-21;94;陈杰洲
2014-06-21;94;陈杰洲
2014-06-21;95;陈金祥
2014-06-21;96;陈俊菘
2014-06-21;97;陈军
2014-06-21;97;陈军
2014-06-21;98;陈俊廷
2014-06-21;99;陈坤
2014-06-21;99;陈坤
2014-06-21;100;陈雷
2014-06-21;100;陈雷
2014-06-21;100;陈雷
2014-06-21;100;陈雷
2014-06-21;100;陈雷
2014-06-21;481;孔祥东
2014-06-21;101;陈雷激
2014-06-21;102;陈蕾士
2014-06-21;103;陈立强
2014-06-21;104;陈良泉
2014-06-21;105;陈林
2014-06-21;106;陈明章
2014-06-21;106;陈明章
2014-06-21;106;陈明章
2014-06-21;106;陈明章
2014-06-21;106;陈明章
2014-06-21;106;陈明章
2014-06-21;106;陈明章
2014-06-21;106;陈明章
2014-06-21;106;陈明章
2014-06-21;106;陈明章
2014-06-21;107;陈宁
2014-06-21;108;陈其钢
2014-06-21;109;陈启泰
2014-06-21;110;陈庆仁
2014-06-21;111;陈仁丰
2014-06-21;111;陈仁丰
2014-06-21;112;陈任
2014-06-21;113;陈容森
2014-06-21;114;陈汝佳
2014-06-21;114;陈汝佳
2014-06-21;114;陈汝佳
2014-06-21;114;陈汝佳
2014-06-21;114;陈汝佳
2014-06-21;114;陈汝佳
2014-06-21;115;陈瑞斌
2014-06-21;115;陈瑞斌
2014-06-21;116;陈山河
2014-06-21;116;陈山河
2014-06-21;117;陈尚实
2014-06-21;117;陈尚实
2014-06-21;118;陈少华
2014-06-21;118;陈少华
2014-06-21;118;陈少华
2014-06-21;119;陈升
2014-06-21;119;陈升
2014-06-21;119;陈升
2014-06-21;119;陈升
2014-06-21;119;陈升
2014-06-21;119;陈升
2014-06-21;119;陈升
2014-06-21;119;陈升
2014-06-21;119;陈升
2014-06-21;119;陈升
2014-06-21;119;陈升
2014-06-21;119;陈升
2014-06-21;119;陈升
2014-06-21;119;陈升
2014-06-21;119;陈升
2014-06-21;119;陈升
2014-06-21;119;陈升
2014-06-21;120;陈爽
2014-06-21;121;陈司翰
2014-06-21;121;陈司翰
2014-06-21;121;陈司翰
2014-06-21;121;陈司翰
2014-06-21;122;陈威全
2014-06-21;122;陈威全
2014-06-21;123;陈伟
2014-06-21;123;陈伟
2014-06-21;123;陈伟
2014-06-21;124;陈伟联
2014-06-21;124;陈伟联
2014-06-21;125;陈小春
2014-06-21;125;陈小春
2014-06-21;125;陈小春
2014-06-21;125;陈小春
2014-06-21;125;陈小春
2014-06-21;125;陈小春
2014-06-21;125;陈小春
2014-06-21;125;陈小春
2014-06-21;125;陈小春
2014-06-21;125;陈小春
2014-06-21;125;陈小春
2014-06-21;125;陈小春
2014-06-21;1552;高胜美
2014-06-21;7169;群星
2014-06-21;125565;任光
2014-06-21;125;陈小春
2014-06-21;125;陈小春
2014-06-21;125;陈小春
2014-06-21;125;陈小春
2014-06-21;125;陈小春
2014-06-21;125;陈小春
2014-06-21;125;陈小春
2014-06-21;125;陈小春
2014-06-21;126;陈晓东
2014-06-21;126;陈晓东
2014-06-21;126;陈晓东
2014-06-21;126;陈晓东
2014-06-21;126;陈晓东
2014-06-21;126;陈晓东
2014-06-21;126;陈晓东
2014-06-21;126;陈晓东
2014-06-21;126;陈晓东
2014-06-21;126;陈晓东
2014-06-21;126;陈晓东
2014-06-21;126;陈晓东
2014-06-21;126;陈晓东
2014-06-21;126;陈晓东
2014-06-21;126;陈晓东
2014-06-21;126;陈晓东
2014-06-21;126;陈晓东
2014-06-21;126;陈晓东
2014-06-21;126;陈晓东
2014-06-21;126;陈晓东
2014-06-21;126;陈晓东
2014-06-21;126;陈晓东
2014-06-21;126;陈晓东
2014-06-21;126;陈晓东
2014-06-21;126;陈晓东
2014-06-21;126;陈晓东
2014-06-21;126;陈晓东
2014-06-21;127;陈星
2014-06-21;127;陈星
2014-06-21;127;陈星
2014-06-21;127;陈星
2014-06-21;127;陈星
2014-06-21;127;陈星
2014-06-21;127;陈星
2014-06-21;128;陈旭
2014-06-21;128;陈旭
2014-06-21;128;陈旭
2014-06-21;129;陈勋
2014-06-21;130;陈勋奇
2014-06-21;131;陈扬
2014-06-21;131;陈扬
2014-06-21;131;陈扬
2014-06-21;132;陈耀川
2014-06-21;132;陈耀川
2014-06-21;133;陈一郎
2014-06-21;133;陈一郎
2014-06-21;134;陈奕
2014-06-21;134;陈奕
2014-06-21;134;陈奕
2014-06-21;135;陈奕迅
2014-06-21;135;陈奕迅
2014-06-21;135;陈奕迅
2014-06-21;135;陈奕迅
2014-06-21;135;陈奕迅
2014-06-21;135;陈奕迅
2014-06-21;135;陈奕迅
2014-06-21;135;陈奕迅
2014-06-21;135;陈奕迅
2014-06-21;135;陈奕迅
2014-06-21;135;陈奕迅
2014-06-21;135;陈奕迅
2014-06-21;135;陈奕迅
2014-06-21;135;陈奕迅
2014-06-21;135;陈奕迅
2014-06-21;135;陈奕迅
2014-06-21;135;陈奕迅
2014-06-21;135;陈奕迅
2014-06-21;135;陈奕迅
2014-06-21;135;陈奕迅
2014-06-21;135;陈奕迅
2014-06-21;135;陈奕迅
2014-06-21;135;陈奕迅
2014-06-21;135;陈奕迅
2014-06-21;135;陈奕迅
2014-06-21;135;陈奕迅
2014-06-21;7169;群星
2014-06-21;117911;陈奕
2014-06-21;117911;陈奕
2014-06-21;135;陈奕迅
2014-06-21;135;陈奕迅
2014-06-21;135;陈奕迅
2014-06-21;135;陈奕迅
2014-06-21;135;陈奕迅
2014-06-21;135;陈奕迅
2014-06-21;135;陈奕迅
2014-06-21;135;陈奕迅
2014-06-21;135;陈奕迅
2014-06-21;135;陈奕迅
2014-06-21;135;陈奕迅
2014-06-21;136;陈逸达
2014-06-21;137;陈永淘
2014-06-21;137;陈永淘
2014-06-21;137;陈永淘
2014-06-21;139;陈雨霈
2014-06-21;140;陈震
2014-06-21;141;陈震东
2014-06-21;142;陈志明
2014-06-21;143;陈志朋
2014-06-21;143;陈志朋
2014-06-21;143;陈志朋
2014-06-21;143;陈志朋
2014-06-21;144;陈志远
2014-06-21;144;陈志远
2014-06-21;144;陈志远
2014-06-21;144;陈志远
2014-06-21;144;陈志远
2014-06-21;145;陈峙民
2014-06-21;146;陈瑞洪
2014-06-21;146;陈瑞洪
2014-06-21;147;晨辉
2014-06-21;148;成公亮
2014-06-21;148;成公亮
2014-06-21;149;成龙
2014-06-21;149;成龙
2014-06-21;149;成龙
2014-06-21;149;成龙
2014-06-21;149;成龙
2014-06-21;149;成龙
2014-06-21;149;成龙
2014-06-21;149;成龙
2014-06-21;150;成震
2014-06-21;151;城振铭
2014-06-21;152;程闯
2014-06-21;153;程前
2014-06-21;154;程志
2014-06-21;156;迟志强
2014-06-21;156;迟志强
2014-06-21;157;春雷
2014-06-21;158;崔健
2014-06-21;158;崔健
2014-06-21;158;崔健
2014-06-21;158;崔健
2014-06-21;158;崔健
2014-06-21;158;崔健
2014-06-21;158;崔健
2014-06-21;158;崔健
2014-06-21;158;崔健
2014-06-21;159;崔永元
2014-06-21;160;乱弹阿翔
2014-06-21;161;眼球先生
2014-06-21;161;眼球先生
2014-06-21;161;眼球先生
2014-06-21;162;DJ Anson
2014-06-21;163;DJ Point
2014-06-21;164;DJ Tommy
2014-06-21;164;DJ Tommy
2014-06-21;164;DJ Tommy
2014-06-21;165;大AL
2014-06-21;165;大AL
2014-06-21;165;大AL
2014-06-21;165;大AL
2014-06-21;166;大漠刀郎
2014-06-21;167;大支
2014-06-21;168;戴兵
2014-06-21;169;戴军
2014-06-21;169;戴军
2014-06-21;169;戴军
2014-06-21;169;戴军
2014-06-21;170;Darrell Six
2014-06-21;171;戴玉强
2014-06-21;171;戴玉强
2014-06-21;171;戴玉强
2014-06-21;171;戴玉强
2014-06-21;172;单良
2014-06-21;173;刀郎
2014-06-21;173;刀郎
2014-06-21;7169;群星
2014-06-21;81474;胡雁
2014-06-21;173;刀郎
2014-06-21;173;刀郎
2014-06-21;173;刀郎
2014-06-21;173;刀郎
2014-06-21;174;邓广福
2014-06-21;175;邓昊天
2014-06-21;176;邓惠欣
2014-06-21;177;邓寄尘
2014-06-21;177;邓寄尘
2014-06-21;177;邓寄尘
2014-06-21;177;邓寄尘
2014-06-21;178;邓建栋
2014-06-21;179;邓健泓
2014-06-21;179;邓健泓
2014-06-21;179;邓健泓
2014-06-21;179;邓健泓
2014-06-21;179;邓健泓
2014-06-21;179;邓健泓
2014-06-21;179;邓健泓
2014-06-21;180;邓建明
2014-06-21;180;邓建明
2014-06-21;180;邓建明
2014-06-21;181;邓伟标
2014-06-21;181;邓伟标
2014-06-21;181;邓伟标
2014-06-21;182;邓志浩
2014-06-21;182;邓志浩
2014-06-21;183;邓智彰
2014-06-21;183;邓智彰
2014-06-21;183;邓智彰
2014-06-21;183;邓智彰
2014-06-21;183;邓智彰
2014-06-21;183;邓智彰
2014-06-21;183;邓智彰
2014-06-21;184;迪克牛仔
2014-06-21;184;迪克牛仔
2014-06-21;184;迪克牛仔
2014-06-21;184;迪克牛仔
2014-06-21;184;迪克牛仔
2014-06-21;184;迪克牛仔
2014-06-21;184;迪克牛仔
2014-06-21;184;迪克牛仔
2014-06-21;184;迪克牛仔
2014-06-21;184;迪克牛仔
2014-06-21;184;迪克牛仔
2014-06-21;184;迪克牛仔
2014-06-21;185;第七乐章
2014-06-21;186;刁寒
2014-06-21;187;丁力
2014-06-21;188;丁善德
2014-06-21;189;丁子峻
2014-06-21;189;丁子峻
2014-06-21;189;丁子峻
2014-06-21;190;顶楼的马戏团
2014-06-21;191;汤运焕
2014-06-21;191;汤运焕
2014-06-21;192;东来东往
2014-06-21;192;东来东往
2014-06-21;192;东来东往
2014-06-21;192;东来东往
2014-06-21;193;东山少爷
2014-06-21;193;东山少爷
2014-06-21;194;董赫男
2014-06-21;195;董荣骏
2014-06-21;196;董运昌
2014-06-21;196;董运昌
2014-06-21;196;董运昌
2014-06-21;196;董运昌
2014-06-21;196;董运昌
2014-06-21;196;董运昌
2014-06-21;197;窦鹏
2014-06-21;197;窦鹏
2014-06-21;198;窦唯
2014-06-21;198;窦唯
2014-06-21;198;窦唯
2014-06-21;7169;群星
2014-06-21;198;窦唯
2014-06-21;198;窦唯
2014-06-21;198;窦唯
2014-06-21;199;窦智孔
2014-06-21;200;杜冲
2014-06-21;201;杜聪
2014-06-21;201;杜聪
2014-06-21;201;杜聪
2014-06-21;201;杜聪
2014-06-21;202;杜德伟
2014-06-21;202;杜德伟
2014-06-21;202;杜德伟
2014-06-21;202;杜德伟
2014-06-21;202;杜德伟
2014-06-21;202;杜德伟
2014-06-21;202;杜德伟
2014-06-21;202;杜德伟
2014-06-21;202;杜德伟
2014-06-21;202;杜德伟
2014-06-21;202;杜德伟
2014-06-21;202;杜德伟
2014-06-21;202;杜德伟
2014-06-21;202;杜德伟
2014-06-21;202;杜德伟
2014-06-21;202;杜德伟
2014-06-21;202;杜德伟
2014-06-21;202;杜德伟
2014-06-21;202;杜德伟
2014-06-21;202;杜德伟
2014-06-21;202;杜德伟
2014-06-21;202;杜德伟
2014-06-21;202;杜德伟
2014-06-21;202;杜德伟
2014-06-21;202;杜德伟
2014-06-21;202;杜德伟
2014-06-21;202;杜德伟
2014-06-21;202;杜德伟
2014-06-21;202;杜德伟
2014-06-21;202;杜德伟
2014-06-21;202;杜德伟
2014-06-21;202;杜德伟
2014-06-21;202;杜德伟
2014-06-21;202;杜德伟
2014-06-21;202;杜德伟
2014-06-21;202;杜德伟
2014-06-21;202;杜德伟
2014-06-21;202;杜德伟
2014-06-21;202;杜德伟
2014-06-21;202;杜德伟
2014-06-21;202;杜德伟
2014-06-21;202;杜德伟
2014-06-21;202;杜德伟
2014-06-21;202;杜德伟
2014-06-21;202;杜德伟
2014-06-21;202;杜德伟
2014-06-21;203;杜昊
2014-06-21;204;杜汶泽
2014-06-21;205;杜奕衡
2014-06-21;207;二勇
2014-06-21;208;Funky末吉
2014-06-21;209;范捷滨
2014-06-21;209;范捷滨
2014-06-21;210;范李彬
2014-06-21;210;范李彬
2014-06-21;211;范野
2014-06-21;211;范野
2014-06-21;212;范逸臣
2014-06-21;212;范逸臣
2014-06-21;212;范逸臣
2014-06-21;213;范振锋
2014-06-21;213;范振锋
2014-06-21;214;范宗沛
2014-06-21;214;范宗沛
2014-06-21;214;范宗沛
2014-06-21;214;范宗沛
2014-06-21;214;范宗沛
2014-06-21;214;范宗沛
2014-06-21;215;方邦
2014-06-21;216;方大同
2014-06-21;216;方大同
2014-06-21;217;方锦龙
2014-06-21;218;方力申
2014-06-21;7169;群星
2014-06-21;218;方力申
2014-06-21;218;方力申
2014-06-21;218;方力申
2014-06-21;218;方力申
2014-06-21;218;方力申
2014-06-21;218;方力申
2014-06-21;219;方顺吉
2014-06-21;220;方奕
2014-06-21;221;方志耀
2014-06-21;221;方志耀
2014-06-21;221;方志耀
2014-06-21;223;费翔
2014-06-21;223;费翔
2014-06-21;223;费翔
2014-06-21;223;费翔
2014-06-21;223;费翔
2014-06-21;223;费翔
2014-06-21;223;费翔
2014-06-21;223;费翔
2014-06-21;223;费翔
2014-06-21;223;费翔
2014-06-21;223;费翔
2014-06-21;223;费翔
2014-06-21;223;费翔
2014-06-21;223;费翔
2014-06-21;223;费翔
2014-06-21;223;费翔
2014-06-21;223;费翔
2014-06-21;224;费玉清
2014-06-21;224;费玉清
2014-06-21;224;费玉清
2014-06-21;224;费玉清
2014-06-21;224;费玉清
2014-06-21;224;费玉清
2014-06-21;224;费玉清
2014-06-21;224;费玉清
2014-06-21;224;费玉清
2014-06-21;224;费玉清
2014-06-21;224;费玉清
2014-06-21;224;费玉清
2014-06-21;224;费玉清
2014-06-21;224;费玉清
2014-06-21;224;费玉清
2014-06-21;224;费玉清
2014-06-21;224;费玉清
2014-06-21;224;费玉清
2014-06-21;224;费玉清
2014-06-21;224;费玉清
2014-06-21;224;费玉清
2014-06-21;224;费玉清
2014-06-21;224;费玉清
2014-06-21;224;费玉清
2014-06-21;224;费玉清
2014-06-21;224;费玉清
2014-06-21;224;费玉清
2014-06-21;224;费玉清
2014-06-21;224;费玉清
2014-06-21;224;费玉清
2014-06-21;224;费玉清
2014-06-21;224;费玉清
2014-06-21;224;费玉清
2014-06-21;224;费玉清
2014-06-21;224;费玉清
2014-06-21;224;费玉清
2014-06-21;224;费玉清
2014-06-21;224;费玉清
2014-06-21;224;费玉清
2014-06-21;224;费玉清
2014-06-21;224;费玉清
2014-06-21;224;费玉清
2014-06-21;224;费玉清
2014-06-21;224;费玉清
2014-06-21;226;冯德伦
2014-06-21;226;冯德伦
2014-06-21;227;冯杰
2014-06-21;227;冯杰
2014-06-21;228;冯乔
2014-06-21;228;冯乔
2014-06-21;229;冯伟棠
2014-06-21;229;冯伟棠
2014-06-21;229;冯伟棠
2014-06-21;229;冯伟棠
2014-06-21;229;冯伟棠
2014-06-21;229;冯伟棠
2014-06-21;229;冯伟棠
2014-06-21;230;冯晓泉
2014-06-21;230;冯晓泉
2014-06-21;230;冯晓泉
2014-06-21;230;冯晓泉
2014-06-21;1474;戴娆
2014-06-21;52277;Berlin Philharmonic Orchestra
2014-06-21;112496;王熹蛮
2014-06-21;49;蔡兴麟
2014-06-21;231;浮克
2014-06-21;232;傅聪
2014-06-21;232;傅聪
2014-06-21;232;傅聪
2014-06-21;232;傅聪
2014-06-21;233;付笛声
2014-06-21;233;付笛声
2014-06-21;234;傅振辉
2014-06-21;234;傅振辉
2014-06-21;234;傅振辉
2014-06-21;234;傅振辉
2014-06-21;234;傅振辉
2014-06-21;234;傅振辉
2014-06-21;234;傅振辉
2014-06-21;234;傅振辉
2014-06-21;235;廖健
2014-06-21;236;威利
2014-06-21;236;威利
2014-06-21;236;威利
2014-06-21;236;威利
2014-06-21;238;甘明超
2014-06-21;238;甘明超
2014-06-21;238;甘明超
2014-06-21;239;甘仕良
2014-06-21;239;甘仕良
2014-06-21;240;甘子辉
2014-06-21;241;刚泽斌
2014-06-21;241;刚泽斌
2014-06-21;242;高枫
2014-06-21;242;高枫
2014-06-21;242;高枫
2014-06-21;242;高枫
2014-06-21;243;高林生
2014-06-21;243;高林生
2014-06-21;243;高林生
2014-06-21;243;高林生
2014-06-21;243;高林生
2014-06-21;243;高林生
2014-06-21;244;高凌风
2014-06-21;244;高凌风
2014-06-21;244;高凌风
2014-06-21;244;高凌风
2014-06-21;244;高凌风
2014-06-21;244;高凌风
2014-06-21;244;高凌风
2014-06-21;244;高凌风
2014-06-21;244;高凌风
2014-06-21;244;高凌风
2014-06-21;244;高凌风
2014-06-21;244;高凌风
2014-06-21;244;高凌风
2014-06-21;244;高凌风
2014-06-21;244;高凌风
2014-06-21;244;高凌风
2014-06-21;244;高凌风
2014-06-21;244;高凌风
2014-06-21;244;高凌风
2014-06-21;244;高凌风
2014-06-21;245;高隆
2014-06-21;246;高鲁泉
2014-06-21;247;高明瀚
2014-06-21;247;高明瀚
2014-06-21;248;高明骏
2014-06-21;248;高明骏
2014-06-21;248;高明骏
2014-06-21;248;高明骏
2014-06-21;248;高明骏
2014-06-21;248;高明骏
2014-06-21;248;高明骏
2014-06-21;248;高明骏
2014-06-21;248;高明骏
2014-06-21;248;高明骏
2014-06-21;248;高明骏
2014-06-21;249;高培华
2014-06-21;249;高培华
2014-06-21;249;高培华
2014-06-21;249;高培华
2014-06-21;251;高人杰
2014-06-21;251;高人杰
2014-06-21;2931;S.H.E
2014-06-21;7146;高旗 & 超载
2014-06-21;7146;高旗 & 超载
2014-06-21;90373;小皮
2014-06-21;252;高山峰
2014-06-21;253;高向鹏
2014-06-21;253;高向鹏
2014-06-21;253;高向鹏
2014-06-21;253;高向鹏
2014-06-21;253;高向鹏
2014-06-21;255;葛民辉
2014-06-21;256;耿宁
2014-06-21;256;耿宁
2014-06-21;256;耿宁
2014-06-21;257;恭硕良
2014-06-21;257;恭硕良
2014-06-21;257;恭硕良
2014-06-21;258;龚一
2014-06-21;258;龚一
2014-06-21;258;龚一
2014-06-21;258;龚一
2014-06-21;259;狗毛
2014-06-21;259;狗毛
2014-06-21;260;苟伟
2014-06-21;261;古皓
2014-06-21;262;古巨基
2014-06-21;262;古巨基
2014-06-21;262;古巨基
2014-06-21;262;古巨基
2014-06-21;262;古巨基
2014-06-21;262;古巨基
2014-06-21;262;古巨基
2014-06-21;262;古巨基
2014-06-21;262;古巨基
2014-06-21;262;古巨基
2014-06-21;262;古巨基
2014-06-21;262;古巨基
2014-06-21;262;古巨基
2014-06-21;262;古巨基
2014-06-21;262;古巨基
2014-06-21;262;古巨基
2014-06-21;262;古巨基
2014-06-21;262;古巨基
2014-06-21;262;古巨基
2014-06-21;262;古巨基
2014-06-21;262;古巨基
2014-06-21;262;古巨基
2014-06-21;262;古巨基
2014-06-21;262;古巨基
2014-06-21;262;古巨基
2014-06-21;262;古巨基
2014-06-21;262;古巨基
2014-06-21;262;古巨基
2014-06-21;262;古巨基
2014-06-21;262;古巨基
2014-06-21;262;古巨基
2014-06-21;262;古巨基
2014-06-21;262;古巨基
2014-06-21;263;古天乐
2014-06-21;263;古天乐
2014-06-21;263;古天乐
2014-06-21;263;古天乐
2014-06-21;264;谷峰
2014-06-21;265;谷僳
2014-06-21;266;股民老张
2014-06-21;267;顾海滨
2014-06-21;268;顾嘉辉
2014-06-21;268;顾嘉辉
2014-06-21;268;顾嘉辉
2014-06-21;269;关德辉
2014-06-21;269;关德辉
2014-06-21;269;关德辉
2014-06-21;269;关德辉
2014-06-21;269;关德辉
2014-06-21;270;关贵敏
2014-06-21;271;关乃忠
2014-06-21;271;关乃忠
2014-06-21;272;关威
2014-06-21;273;关正杰
2014-06-21;273;关正杰
2014-06-21;273;关正杰
2014-06-21;273;关正杰
2014-06-21;273;关正杰
2014-06-21;273;关正杰
2014-06-21;7158;原声带
2014-06-21;7158;原声带
2014-06-21;273;关正杰
2014-06-21;273;关正杰
2014-06-21;273;关正杰
2014-06-21;273;关正杰
2014-06-21;273;关正杰
2014-06-21;273;关正杰
2014-06-21;273;关正杰
2014-06-21;273;关正杰
2014-06-21;273;关正杰
2014-06-21;273;关正杰
2014-06-21;273;关正杰
2014-06-21;273;关正杰
2014-06-21;274;关智斌
2014-06-21;274;关智斌
2014-06-21;274;关智斌
2014-06-21;274;关智斌
2014-06-21;275;光磊
2014-06-21;275;光磊
2014-06-21;276;光头杰
2014-06-21;277;光头李进
2014-06-21;277;光头李进
2014-06-21;277;光头李进
2014-06-21;277;光头李进
2014-06-21;278;广智
2014-06-21;278;广智
2014-06-21;279;郭炳坚
2014-06-21;280;郭顶
2014-06-21;281;郭峰
2014-06-21;281;郭峰
2014-06-21;281;郭峰
2014-06-21;281;郭峰
2014-06-21;281;郭峰
2014-06-21;281;郭峰
2014-06-21;281;郭峰
2014-06-21;281;郭峰
2014-06-21;281;郭峰
2014-06-21;282;郭富城
2014-06-21;282;郭富城
2014-06-21;282;郭富城
2014-06-21;282;郭富城
2014-06-21;282;郭富城
2014-06-21;282;郭富城
2014-06-21;282;郭富城
2014-06-21;282;郭富城
2014-06-21;282;郭富城
2014-06-21;282;郭富城
2014-06-21;282;郭富城
2014-06-21;282;郭富城
2014-06-21;282;郭富城
2014-06-21;282;郭富城
2014-06-21;282;郭富城
2014-06-21;282;郭富城
2014-06-21;282;郭富城
2014-06-21;282;郭富城
2014-06-21;282;郭富城
2014-06-21;282;郭富城
2014-06-21;282;郭富城
2014-06-21;282;郭富城
2014-06-21;282;郭富城
2014-06-21;282;郭富城
2014-06-21;282;郭富城
2014-06-21;282;郭富城
2014-06-21;282;郭富城
2014-06-21;282;郭富城
2014-06-21;282;郭富城
2014-06-21;282;郭富城
2014-06-21;282;郭富城
2014-06-21;282;郭富城
2014-06-21;282;郭富城
2014-06-21;282;郭富城
2014-06-21;282;郭富城
2014-06-21;282;郭富城
2014-06-21;282;郭富城
2014-06-21;282;郭富城
2014-06-21;282;郭富城
2014-06-21;282;郭富城
2014-06-21;282;郭富城
2014-06-21;282;郭富城
2014-06-21;282;郭富城
2014-06-21;282;郭富城
2014-06-21;282;郭富城
2014-06-21;282;郭富城
2014-06-21;282;郭富城
2014-06-21;282;郭富城
2014-06-21;282;郭富城
2014-06-21;282;郭富城
2014-06-21;282;郭富城
2014-06-21;282;郭富城
2014-06-21;282;郭富城
2014-06-21;282;郭富城
2014-06-21;282;郭富城
2014-06-21;282;郭富城
2014-06-21;282;郭富城
2014-06-21;282;郭富城
2014-06-21;282;郭富城
2014-06-21;282;郭富城
2014-06-21;282;郭富城
2014-06-21;282;郭富城
2014-06-21;282;郭富城
2014-06-21;282;郭富城
2014-06-21;282;郭富城
2014-06-21;282;郭富城
2014-06-21;283;郭桂彬
2014-06-21;283;郭桂彬
2014-06-21;283;郭桂彬
2014-06-21;283;郭桂彬
2014-06-21;284;郭晋安
2014-06-21;285;郭敬明
2014-06-21;286;郭力行
2014-06-21;287;郭品超
2014-06-21;287;郭品超
2014-06-21;288;郭虔哲
2014-06-21;289;郭颂
2014-06-21;289;郭颂
2014-06-21;290;郭铁军
2014-06-21;291;郭伟亮
2014-06-21;291;郭伟亮
2014-06-21;292;郭小霖
2014-06-21;292;郭小霖
2014-06-21;292;郭小霖
2014-06-21;292;郭小霖
2014-06-21;292;郭小霖
2014-06-21;292;郭小霖
2014-06-21;292;郭小霖
2014-06-21;292;郭小霖
2014-06-21;293;郭英男
2014-06-21;293;郭英男
2014-06-21;294;郭兆楠
2014-06-21;295;郭子
2014-06-21;295;郭子
2014-06-21;295;郭子
2014-06-21;295;郭子
2014-06-21;295;郭子
2014-06-21;295;郭子
2014-06-21;296;郭子言
2014-06-21;297;郭宗翰
2014-06-21;298;光良
2014-06-21;298;光良
2014-06-21;298;光良
2014-06-21;298;光良
2014-06-21;300;海俊杰
2014-06-21;301;海雷
2014-06-21;301;海雷
2014-06-21;301;海雷
2014-06-21;301;海雷
2014-06-21;301;海雷
2014-06-21;301;海雷
2014-06-21;301;海雷
2014-06-21;301;海雷
2014-06-21;301;海雷
2014-06-21;301;海雷
2014-06-21;301;海雷
2014-06-21;302;含笑
2014-06-21;302;含笑
2014-06-21;302;含笑
2014-06-21;302;含笑
2014-06-21;303;韩乘光
2014-06-21;304;韩东
2014-06-21;305;韩磊
2014-06-21;305;韩磊
2014-06-21;305;韩磊
2014-06-21;306;韩森
2014-06-21;307;韩晓
2014-06-21;307;韩晓
2014-06-21;307;韩晓
2014-06-21;308;韩志坚
2014-06-21;7167;许飞
2014-06-21;7208;韩东
2014-06-21;312;皓天
2014-06-21;312;皓天
2014-06-21;312;皓天
2014-06-21;312;皓天
2014-06-21;313;何宝生
2014-06-21;313;何宝生
2014-06-21;313;何宝生
2014-06-21;315;何笃霖
2014-06-21;315;何笃霖
2014-06-21;315;何笃霖
2014-06-21;315;何笃霖
2014-06-21;316;何炅
2014-06-21;316;何炅
2014-06-21;316;何炅
2014-06-21;317;何国禧
2014-06-21;317;何国禧
2014-06-21;318;何纪光
2014-06-21;319;何家劲
2014-06-21;319;何家劲
2014-06-21;319;何家劲
2014-06-21;319;何家劲
2014-06-21;319;何家劲
2014-06-21;319;何家劲
2014-06-21;319;何家劲
2014-06-21;319;何家劲
2014-06-21;319;何家劲
2014-06-21;319;何家劲
2014-06-21;321;何润东
2014-06-21;321;何润东
2014-06-21;321;何润东
2014-06-21;321;何润东
2014-06-21;321;何润东
2014-06-21;321;何润东
2014-06-21;321;何润东
2014-06-21;321;何润东
2014-06-21;322;何训田
2014-06-21;322;何训田
2014-06-21;323;何映达
2014-06-21;323;何映达
2014-06-21;324;何永泰
2014-06-21;326;何志健
2014-06-21;327;贺西格
2014-06-21;328;贺一航
2014-06-21;329;黑龙
2014-06-21;329;黑龙
2014-06-21;329;黑龙
2014-06-21;329;黑龙
2014-06-21;329;黑龙
2014-06-21;331;恒春兮
2014-06-21;331;恒春兮
2014-06-21;332;红豆
2014-06-21;332;红豆
2014-06-21;332;红豆
2014-06-21;333;洪楗华
2014-06-21;333;洪楗华
2014-06-21;334;洪敬尧
2014-06-21;335;洪俊扬
2014-06-21;336;洪荣宏
2014-06-21;336;洪荣宏
2014-06-21;336;洪荣宏
2014-06-21;336;洪荣宏
2014-06-21;336;洪荣宏
2014-06-21;336;洪荣宏
2014-06-21;336;洪荣宏
2014-06-21;336;洪荣宏
2014-06-21;336;洪荣宏
2014-06-21;336;洪荣宏
2014-06-21;336;洪荣宏
2014-06-21;337;洪伟杰
2014-06-21;338;洪祥赫
2014-06-21;339;洪信杰
2014-06-21;340;洪一平
2014-06-21;340;洪一平
2014-06-21;340;洪一平
2014-06-21;340;洪一平
2014-06-21;341;侯德健
2014-06-21;341;侯德健
2014-06-21;341;侯德健
2014-06-21;341;侯德健
2014-06-21;341;侯德健
2014-06-21;343;侯强
2014-06-21;343;侯强
2014-06-21;344;侯旭
2014-06-21;345;侯志坚
2014-06-21;7169;群星
2014-06-21;7169;群星
2014-06-21;63215;郝邵文
2014-06-21;1384262281;黑皮
2014-06-21;345;侯志坚
2014-06-21;345;侯志坚
2014-06-21;345;侯志坚
2014-06-21;346;后弦
2014-06-21;346;后弦
2014-06-21;347;胡兵
2014-06-21;347;胡兵
2014-06-21;347;胡兵
2014-06-21;348;胡德夫
2014-06-21;349;胡枫
2014-06-21;349;胡枫
2014-06-21;350;胡歌
2014-06-21;351;胡瓜
2014-06-21;351;胡瓜
2014-06-21;351;胡瓜
2014-06-21;351;胡瓜
2014-06-21;351;胡瓜
2014-06-21;353;胡力
2014-06-21;353;胡力
2014-06-21;354;胡吗个
2014-06-21;355;胡诺言
2014-06-21;356;胡畔
2014-06-21;357;胡松华
2014-06-21;357;胡松华
2014-06-21;357;胡松华
2014-06-21;358;胡天泉
2014-06-21;359;胡彦斌
2014-06-21;359;胡彦斌
2014-06-21;359;胡彦斌
2014-06-21;359;胡彦斌
2014-06-21;360;胡越山
2014-06-21;361;虎子
2014-06-21;361;虎子
2014-06-21;361;虎子
2014-06-21;362;花生队长
2014-06-21;363;华少
2014-06-21;364;华少翌
2014-06-21;365;骅梓
2014-06-21;365;骅梓
2014-06-21;366;荒山亮
2014-06-21;366;荒山亮
2014-06-21;367;黄安
2014-06-21;367;黄安
2014-06-21;367;黄安
2014-06-21;367;黄安
2014-06-21;367;黄安
2014-06-21;367;黄安
2014-06-21;368;黄安源
2014-06-21;368;黄安源
2014-06-21;369;黄崇旭
2014-06-21;370;黄大城
2014-06-21;370;黄大城
2014-06-21;371;黄大军
2014-06-21;372;黄大炜
2014-06-21;372;黄大炜
2014-06-21;372;黄大炜
2014-06-21;372;黄大炜
2014-06-21;372;黄大炜
2014-06-21;372;黄大炜
2014-06-21;372;黄大炜
2014-06-21;372;黄大炜
2014-06-21;372;黄大炜
2014-06-21;373;黄格选
2014-06-21;373;黄格选
2014-06-21;373;黄格选
2014-06-21;373;黄格选
2014-06-21;373;黄格选
2014-06-21;374;黄贯中
2014-06-21;374;黄贯中
2014-06-21;374;黄贯中
2014-06-21;374;黄贯中
2014-06-21;374;黄贯中
2014-06-21;374;黄贯中
2014-06-21;374;黄贯中
2014-06-21;374;黄贯中
2014-06-21;375;黄国俊
2014-06-21;376;黄国伦
2014-06-21;377;黄鹤翔
2014-06-21;377;黄鹤翔
2014-06-21;377;黄鹤翔
2014-06-21;377;黄鹤翔
2014-06-21;377;黄鹤翔
2014-06-21;1367;陈宝珠
2014-06-21;378;黄宏墨
2014-06-21;378;黄宏墨
2014-06-21;379;黄家强
2014-06-21;379;黄家强
2014-06-21;379;黄家强
2014-06-21;379;黄家强
2014-06-21;380;黄金成
2014-06-21;380;黄金成
2014-06-21;381;黄俊雄
2014-06-21;382;黄凯芹
2014-06-21;382;黄凯芹
2014-06-21;382;黄凯芹
2014-06-21;382;黄凯芹
2014-06-21;382;黄凯芹
2014-06-21;382;黄凯芹
2014-06-21;382;黄凯芹
2014-06-21;382;黄凯芹
2014-06-21;382;黄凯芹
2014-06-21;382;黄凯芹
2014-06-21;382;黄凯芹
2014-06-21;382;黄凯芹
2014-06-21;382;黄凯芹
2014-06-21;382;黄凯芹
2014-06-21;382;黄凯芹
2014-06-21;382;黄凯芹
2014-06-21;382;黄凯芹
2014-06-21;382;黄凯芹
2014-06-21;382;黄凯芹
2014-06-21;382;黄凯芹
2014-06-21;382;黄凯芹
2014-06-21;382;黄凯芹
2014-06-21;382;黄凯芹
2014-06-21;384;黄磊
2014-06-21;384;黄磊
2014-06-21;385;黄立行
2014-06-21;385;黄立行
2014-06-21;385;黄立行
2014-06-21;385;黄立行
2014-06-21;385;黄立行
2014-06-21;385;黄立行
2014-06-21;385;黄立行
2014-06-21;386;黄连煜
2014-06-21;387;黄蒙拉
2014-06-21;387;黄蒙拉
2014-06-21;387;黄蒙拉
2014-06-21;388;黄名伟
2014-06-21;388;黄名伟
2014-06-21;389;品冠
2014-06-21;389;品冠
2014-06-21;389;品冠
2014-06-21;389;品冠
2014-06-21;389;品冠
2014-06-21;389;品冠
2014-06-21;390;黄品源
2014-06-21;390;黄品源
2014-06-21;390;黄品源
2014-06-21;390;黄品源
2014-06-21;390;黄品源
2014-06-21;390;黄品源
2014-06-21;390;黄品源
2014-06-21;390;黄品源
2014-06-21;390;黄品源
2014-06-21;390;黄品源
2014-06-21;390;黄品源
2014-06-21;390;黄品源
2014-06-21;390;黄品源
2014-06-21;390;黄品源
2014-06-21;390;黄品源
2014-06-21;390;黄品源
2014-06-21;390;黄品源
2014-06-21;390;黄品源
2014-06-21;391;黄清元
2014-06-21;391;黄清元
2014-06-21;391;黄清元
2014-06-21;391;黄清元
2014-06-21;391;黄清元
2014-06-21;391;黄清元
2014-06-21;391;黄清元
2014-06-21;391;黄清元
2014-06-21;391;黄清元
2014-06-21;391;黄清元
2014-06-21;391;黄清元
2014-06-21;392;黄秋生
2014-06-21;392;黄秋生
2014-06-21;392;黄秋生
2014-06-21;2020;慕钰华
2014-06-21;393;黄汝燊
2014-06-21;393;黄汝燊
2014-06-21;394;黄瑞文
2014-06-21;394;黄瑞文
2014-06-21;395;黄山
2014-06-21;396;黄石
2014-06-21;396;黄石
2014-06-21;397;黄士嘉
2014-06-21;398;黄世豪
2014-06-21;399;黄舒骏
2014-06-21;399;黄舒骏
2014-06-21;399;黄舒骏
2014-06-21;399;黄舒骏
2014-06-21;399;黄舒骏
2014-06-21;399;黄舒骏
2014-06-21;399;黄舒骏
2014-06-21;399;黄舒骏
2014-06-21;399;黄舒骏
2014-06-21;399;黄舒骏
2014-06-21;399;黄舒骏
2014-06-21;400;黄维德
2014-06-21;400;黄维德
2014-06-21;401;黄伟麟
2014-06-21;401;黄伟麟
2014-06-21;402;黄伟文
2014-06-21;403;黄西田
2014-06-21;403;黄西田
2014-06-21;404;黄心懋
2014-06-21;404;黄心懋
2014-06-21;404;黄心懋
2014-06-21;405;黄洋哲
2014-06-21;406;黄耀明
2014-06-21;406;黄耀明
2014-06-21;406;黄耀明
2014-06-21;406;黄耀明
2014-06-21;406;黄耀明
2014-06-21;406;黄耀明
2014-06-21;406;黄耀明
2014-06-21;406;黄耀明
2014-06-21;406;黄耀明
2014-06-21;406;黄耀明
2014-06-21;406;黄耀明
2014-06-21;406;黄耀明
2014-06-21;406;黄耀明
2014-06-21;406;黄耀明
2014-06-21;406;黄耀明
2014-06-21;406;黄耀明
2014-06-21;406;黄耀明
2014-06-21;406;黄耀明
2014-06-21;406;黄耀明
2014-06-21;406;黄耀明
2014-06-21;406;黄耀明
2014-06-21;406;黄耀明
2014-06-21;406;黄耀明
2014-06-21;407;黄一飞
2014-06-21;407;黄一飞
2014-06-21;408;黄义达
2014-06-21;408;黄义达
2014-06-21;408;黄义达
2014-06-21;409;黄翊
2014-06-21;409;黄翊
2014-06-21;409;黄翊
2014-06-21;409;黄翊
2014-06-21;409;黄翊
2014-06-21;409;黄翊
2014-06-21;409;黄翊
2014-06-21;410;黄阅
2014-06-21;411;黄霑
2014-06-21;411;黄霑
2014-06-21;411;黄霑
2014-06-21;411;黄霑
2014-06-21;412;黄湛熙
2014-06-21;413;黄征
2014-06-21;413;黄征
2014-06-21;413;黄征
2014-06-21;413;黄征
2014-06-21;414;黄中原
2014-06-21;414;黄中原
2014-06-21;415;黄仲昆
2014-06-21;415;黄仲昆
2014-06-21;415;黄仲昆
2014-06-21;415;黄仲昆
2014-06-21;415;黄仲昆
2014-06-21;416;黄仲齐
2014-06-21;417;黄子华
2014-06-21;417;黄子华
2014-06-21;417;黄子华
2014-06-21;417;黄子华
2014-06-21;418;黄子佼
2014-06-21;420;霍建华
2014-06-21;421;霍经伦
2014-06-21;422;霍永刚
2014-06-21;423;霍正奇
2014-06-21;423;霍正奇
2014-06-21;423;霍正奇
2014-06-21;423;霍正奇
2014-06-21;423;霍正奇
2014-06-21;424;文千岁
2014-06-21;424;文千岁
2014-06-21;424;文千岁
2014-06-21;424;文千岁
2014-06-21;424;文千岁
2014-06-21;424;文千岁
2014-06-21;424;文千岁
2014-06-21;424;文千岁
2014-06-21;424;文千岁
2014-06-21;424;文千岁
2014-06-21;424;文千岁
2014-06-21;425;小河
2014-06-21;426;姫神
2014-06-21;427;吉利
2014-06-21;428;吉中鸣
2014-06-21;428;吉中鸣
2014-06-21;429;几米
2014-06-21;429;几米
2014-06-21;429;几米
2014-06-21;429;几米
2014-06-21;430;纪宏仁
2014-06-21;430;纪宏仁
2014-06-21;430;纪宏仁
2014-06-21;430;纪宏仁
2014-06-21;431;纪华麟
2014-06-21;432;季龙祥
2014-06-21;433;季忠平
2014-06-21;433;季忠平
2014-06-21;434;贾鹏芳
2014-06-21;434;贾鹏芳
2014-06-21;434;贾鹏芳
2014-06-21;434;贾鹏芳
2014-06-21;434;贾鹏芳
2014-06-21;434;贾鹏芳
2014-06-21;434;贾鹏芳
2014-06-21;434;贾鹏芳
2014-06-21;434;贾鹏芳
2014-06-21;434;贾鹏芳
2014-06-21;435;贾思乐
2014-06-21;436;贾志筠
2014-06-21;437;江得胜
2014-06-21;438;江华
2014-06-21;438;江华
2014-06-21;438;江华
2014-06-21;439;江凯文
2014-06-21;439;江凯文
2014-06-21;439;江凯文
2014-06-21;440;江明学
2014-06-21;440;江明学
2014-06-21;440;江明学
2014-06-21;440;江明学
2014-06-21;440;江明学
2014-06-21;440;江明学
2014-06-21;440;江明学
2014-06-21;440;江明学
2014-06-21;442;江涛
2014-06-21;442;江涛
2014-06-21;443;江天
2014-06-21;443;江天
2014-06-21;443;江天
2014-06-21;443;江天
2014-06-21;443;江天
2014-06-21;444;江小鹏
2014-06-21;445;江震与瑞路乐队
2014-06-21;446;江智民
2014-06-21;446;江智民
2014-06-21;446;江智民
2014-06-21;447;姜华
2014-06-21;447;姜华
2014-06-21;448;姜嘉锵
2014-06-21;449;姜木
2014-06-21;449;姜木
2014-06-21;450;姜鹏
2014-06-21;451;姜小鹏
2014-06-21;452;姜育恒
2014-06-21;452;姜育恒
2014-06-21;452;姜育恒
2014-06-21;452;姜育恒
2014-06-21;452;姜育恒
2014-06-21;452;姜育恒
2014-06-21;452;姜育恒
2014-06-21;81855;贾鹏新
2014-06-21;81855;贾鹏新
2014-06-21;452;姜育恒
2014-06-21;452;姜育恒
2014-06-21;452;姜育恒
2014-06-21;452;姜育恒
2014-06-21;452;姜育恒
2014-06-21;452;姜育恒
2014-06-21;452;姜育恒
2014-06-21;452;姜育恒
2014-06-21;452;姜育恒
2014-06-21;452;姜育恒
2014-06-21;452;姜育恒
2014-06-21;452;姜育恒
2014-06-21;452;姜育恒
2014-06-21;452;姜育恒
2014-06-21;452;姜育恒
2014-06-21;452;姜育恒
2014-06-21;452;姜育恒
2014-06-21;452;姜育恒
2014-06-21;452;姜育恒
2014-06-21;452;姜育恒
2014-06-21;452;姜育恒
2014-06-21;452;姜育恒
2014-06-21;452;姜育恒
2014-06-21;452;姜育恒
2014-06-21;452;姜育恒
2014-06-21;452;姜育恒
2014-06-21;452;姜育恒
2014-06-21;453;蒋才如
2014-06-21;453;蒋才如
2014-06-21;454;蒋大为
2014-06-21;454;蒋大为
2014-06-21;454;蒋大为
2014-06-21;455;蒋国基
2014-06-21;456;蒋进兴
2014-06-21;457;蒋志光
2014-06-21;457;蒋志光
2014-06-21;457;蒋志光
2014-06-21;457;蒋志光
2014-06-21;457;蒋志光
2014-06-21;457;蒋志光
2014-06-21;458;蒋舟
2014-06-21;459;焦金海
2014-06-21;459;焦金海
2014-06-21;461;金城武
2014-06-21;461;金城武
2014-06-21;461;金城武
2014-06-21;461;金城武
2014-06-21;461;金城武
2014-06-21;461;金城武
2014-06-21;461;金城武
2014-06-21;461;金城武
2014-06-21;461;金城武
2014-06-21;461;金城武
2014-06-21;461;金城武
2014-06-21;462;金得哲
2014-06-21;465;金学峰
2014-06-21;465;金学峰
2014-06-21;465;金学峰
2014-06-21;465;金学峰
2014-06-21;467;景岗山
2014-06-21;467;景岗山
2014-06-21;467;景岗山
2014-06-21;467;景岗山
2014-06-21;468;玖建
2014-06-21;469;潘军
2014-06-21;470;Andy Kao
2014-06-21;471;康康
2014-06-21;471;康康
2014-06-21;471;康康
2014-06-21;471;康康
2014-06-21;471;康康
2014-06-21;471;康康
2014-06-21;473;康贤
2014-06-21;474;柯受良
2014-06-21;475;柯有伦
2014-06-21;475;柯有伦
2014-06-21;476;克里木
2014-06-21;478;孔宏伟
2014-06-21;479;孔令奇
2014-06-21;479;孔令奇
2014-06-21;480;孔庆翔
2014-06-21;480;孔庆翔
2014-06-21;481;孔祥东
2014-06-21;481;孔祥东
2014-06-21;481;孔祥东
2014-06-21;46882;梅林茂
2014-06-21;116525;李秋泽
2014-06-21;483;Lawrence
2014-06-21;483;Lawrence
2014-06-21;483;Lawrence
2014-06-21;483;Lawrence
2014-06-21;484;Log
2014-06-21;485;Luciano Titi
2014-06-21;486;蓝奕邦
2014-06-21;486;蓝奕邦
2014-06-21;486;蓝奕邦
2014-06-21;487;郎朗
2014-06-21;487;郎朗
2014-06-21;487;郎朗
2014-06-21;487;郎朗
2014-06-21;487;郎朗
2014-06-21;488;老兵
2014-06-21;489;老狼
2014-06-21;489;老狼
2014-06-21;489;老狼
2014-06-21;490;雷亮
2014-06-21;491;雷龙
2014-06-21;491;雷龙
2014-06-21;492;雷颂德
2014-06-21;492;雷颂德
2014-06-21;493;雷有辉
2014-06-21;495;雷振邦
2014-06-21;496;冷煜
2014-06-21;497;黎彼得
2014-06-21;498;黎沸挥
2014-06-21;498;黎沸挥
2014-06-21;498;黎沸挥
2014-06-21;498;黎沸挥
2014-06-21;498;黎沸挥
2014-06-21;498;黎沸挥
2014-06-21;499;黎锦光
2014-06-21;500;黎骏
2014-06-21;500;黎骏
2014-06-21;500;黎骏
2014-06-21;501;黎明
2014-06-21;501;黎明
2014-06-21;501;黎明
2014-06-21;501;黎明
2014-06-21;501;黎明
2014-06-21;501;黎明
2014-06-21;501;黎明
2014-06-21;501;黎明
2014-06-21;501;黎明
2014-06-21;501;黎明
2014-06-21;501;黎明
2014-06-21;501;黎明
2014-06-21;501;黎明
2014-06-21;501;黎明
2014-06-21;501;黎明
2014-06-21;501;黎明
2014-06-21;501;黎明
2014-06-21;501;黎明
2014-06-21;501;黎明
2014-06-21;501;黎明
2014-06-21;501;黎明
2014-06-21;501;黎明
2014-06-21;501;黎明
2014-06-21;501;黎明
2014-06-21;501;黎明
2014-06-21;103451;赵增熹
2014-06-21;501;黎明
2014-06-21;501;黎明
2014-06-21;501;黎明
2014-06-21;501;黎明
2014-06-21;501;黎明
2014-06-21;501;黎明
2014-06-21;501;黎明
2014-06-21;501;黎明
2014-06-21;501;黎明
2014-06-21;501;黎明
2014-06-21;501;黎明
2014-06-21;501;黎明
2014-06-21;501;黎明
2014-06-21;501;黎明
2014-06-21;501;黎明
2014-06-21;501;黎明
2014-06-21;501;黎明
2014-06-21;501;黎明
2014-06-21;501;黎明
2014-06-21;501;黎明
2014-06-21;501;黎明
2014-06-21;501;黎明
2014-06-21;501;黎明
2014-06-21;501;黎明
2014-06-21;501;黎明
2014-06-21;501;黎明
2014-06-21;501;黎明
2014-06-21;501;黎明
2014-06-21;501;黎明
2014-06-21;501;黎明
2014-06-21;501;黎明
2014-06-21;501;黎明
2014-06-21;501;黎明
2014-06-21;501;黎明
2014-06-21;501;黎明
2014-06-21;501;黎明
2014-06-21;501;黎明
2014-06-21;501;黎明
2014-06-21;501;黎明
2014-06-21;501;黎明
2014-06-21;501;黎明
2014-06-21;502;黎升铭
2014-06-21;502;黎升铭
2014-06-21;502;黎升铭
2014-06-21;502;黎升铭
2014-06-21;502;黎升铭
2014-06-21;503;黎小田
2014-06-21;504;黎信昌
2014-06-21;505;黎子菱
2014-06-21;506;李炳辰
2014-06-21;507;李琛
2014-06-21;508;李春波
2014-06-21;508;李春波
2014-06-21;508;李春波
2014-06-21;508;李春波
2014-06-21;508;李春波
2014-06-21;509;Dick Lee
2014-06-21;509;Dick Lee
2014-06-21;510;李恩邦
2014-06-21;511;李凤翔
2014-06-21;512;李岗霖
2014-06-21;513;李光羲
2014-06-21;514;李国祥
2014-06-21;514;李国祥
2014-06-21;514;李国祥
2014-06-21;514;李国祥
2014-06-21;514;李国祥
2014-06-21;514;李国祥
2014-06-21;514;李国祥
2014-06-21;514;李国祥
2014-06-21;514;李国祥
2014-06-21;514;李国祥
2014-06-21;514;李国祥
2014-06-21;514;李国祥
2014-06-21;514;李国祥
2014-06-21;515;李汉颖
2014-06-21;515;李汉颖
2014-06-21;515;李汉颖
2014-06-21;515;李汉颖
2014-06-21;516;李濠
2014-06-21;517;李桀汉
2014-06-21;517;李桀汉
2014-06-21;518;李骥
2014-06-21;518;李骥
2014-06-21;519;李加靓
2014-06-21;519;李加靓
2014-06-21;7169;群星
2014-06-21;239;甘仕良
2014-06-21;520;李家明
2014-06-21;521;李嘉强
2014-06-21;521;李嘉强
2014-06-21;521;李嘉强
2014-06-21;521;李嘉强
2014-06-21;522;李坚
2014-06-21;523;李建复
2014-06-21;523;李建复
2014-06-21;523;李建复
2014-06-21;523;李建复
2014-06-21;523;李建复
2014-06-21;524;李健
2014-06-21;524;李健
2014-06-21;524;李健
2014-06-21;524;李健
2014-06-21;525;李健达
2014-06-21;525;李健达
2014-06-21;526;李杰
2014-06-21;526;李杰
2014-06-21;526;李杰
2014-06-21;526;李杰
2014-06-21;526;李杰
2014-06-21;526;李杰
2014-06-21;527;李玖哲
2014-06-21;527;李玖哲
2014-06-21;528;李俊广
2014-06-21;529;李俊广
2014-06-21;530;李俊杰
2014-06-21;531;李俊驹
2014-06-21;532;李克勤
2014-06-21;532;李克勤
2014-06-21;532;李克勤
2014-06-21;532;李克勤
2014-06-21;532;李克勤
2014-06-21;532;李克勤
2014-06-21;532;李克勤
2014-06-21;532;李克勤
2014-06-21;532;李克勤
2014-06-21;532;李克勤
2014-06-21;532;李克勤
2014-06-21;532;李克勤
2014-06-21;532;李克勤
2014-06-21;532;李克勤
2014-06-21;532;李克勤
2014-06-21;532;李克勤
2014-06-21;532;李克勤
2014-06-21;532;李克勤
2014-06-21;532;李克勤
2014-06-21;532;李克勤
2014-06-21;532;李克勤
2014-06-21;532;李克勤
2014-06-21;532;李克勤
2014-06-21;532;李克勤
2014-06-21;532;李克勤
2014-06-21;532;李克勤
2014-06-21;532;李克勤
2014-06-21;532;李克勤
2014-06-21;532;李克勤
2014-06-21;532;李克勤
2014-06-21;532;李克勤
2014-06-21;532;李克勤
2014-06-21;532;李克勤
2014-06-21;532;李克勤
2014-06-21;532;李克勤
2014-06-21;532;李克勤
2014-06-21;532;李克勤
2014-06-21;532;李克勤
2014-06-21;532;李克勤
2014-06-21;532;李克勤
2014-06-21;532;李克勤
2014-06-21;532;李克勤
2014-06-21;1586307987;左麟右李
2014-06-21;1586307987;左麟右李
2014-06-21;1586307987;左麟右李
2014-06-21;532;李克勤
2014-06-21;532;李克勤
2014-06-21;532;李克勤
2014-06-21;532;李克勤
2014-06-21;532;李克勤
2014-06-21;532;李克勤
2014-06-21;532;李克勤
2014-06-21;532;李克勤
2014-06-21;532;李克勤
2014-06-21;532;李克勤
2014-06-21;533;李坤雨
2014-06-21;533;李坤雨
2014-06-21;534;李李仁
2014-06-21;535;李龙基
2014-06-21;535;李龙基
2014-06-21;535;李龙基
2014-06-21;535;李龙基
2014-06-21;535;李龙基
2014-06-21;535;李龙基
2014-06-21;535;李龙基
2014-06-21;535;李龙基
2014-06-21;535;李龙基
2014-06-21;536;李茂山
2014-06-21;536;李茂山
2014-06-21;536;李茂山
2014-06-21;536;李茂山
2014-06-21;536;李茂山
2014-06-21;536;李茂山
2014-06-21;536;李茂山
2014-06-21;536;李茂山
2014-06-21;536;李茂山
2014-06-21;537;李明德
2014-06-21;537;李明德
2014-06-21;537;李明德
2014-06-21;538;李明洋
2014-06-21;538;李明洋
2014-06-21;538;李明洋
2014-06-21;539;李明育
2014-06-21;541;李奇
2014-06-21;542;李泉
2014-06-21;542;李泉
2014-06-21;542;李泉
2014-06-21;542;李泉
2014-06-21;542;李泉
2014-06-21;542;李泉
2014-06-21;543;李绍继
2014-06-21;543;李绍继
2014-06-21;543;李绍继
2014-06-21;543;李绍继
2014-06-21;543;李绍继
2014-06-21;544;李圣杰
2014-06-21;544;李圣杰
2014-06-21;544;李圣杰
2014-06-21;544;李圣杰
2014-06-21;545;李寿全
2014-06-21;545;李寿全
2014-06-21;546;李恕权
2014-06-21;546;李恕权
2014-06-21;546;李恕权
2014-06-21;546;李恕权
2014-06-21;546;李恕权
2014-06-21;546;李恕权
2014-06-21;546;李恕权
2014-06-21;546;李恕权
2014-06-21;546;李恕权
2014-06-21;546;李恕权
2014-06-21;547;李双江
2014-06-21;547;李双江
2014-06-21;549;李思捷
2014-06-21;550;李泰祥
2014-06-21;550;李泰祥
2014-06-21;550;李泰祥
2014-06-21;550;李泰祥
2014-06-21;550;李泰祥
2014-06-21;550;李泰祥
2014-06-21;550;李泰祥
2014-06-21;550;李泰祥
2014-06-21;550;李泰祥
2014-06-21;550;李泰祥
2014-06-21;1827;李尤
2014-06-21;1827;李尤
2014-06-21;89459;新加坡华乐团
2014-06-21;551;李天华
2014-06-21;551;李天华
2014-06-21;552;李威
2014-06-21;553;李伟菘
2014-06-21;554;李炜
2014-06-21;554;李炜
2014-06-21;554;李炜
2014-06-21;554;李炜
2014-06-21;555;李炆
2014-06-21;556;李祥霆
2014-06-21;556;李祥霆
2014-06-21;556;李祥霆
2014-06-21;557;李小龙
2014-06-21;557;李小龙
2014-06-21;557;李小龙
2014-06-21;557;李小龙
2014-06-21;558;李晓东
2014-06-21;559;李晓杰
2014-06-21;560;李雪
2014-06-21;561;李亚明
2014-06-21;561;李亚明
2014-06-21;561;李亚明
2014-06-21;561;李亚明
2014-06-21;561;李亚明
2014-06-21;561;李亚明
2014-06-21;561;李亚明
2014-06-21;561;李亚明
2014-06-21;561;李亚明
2014-06-21;561;李亚明
2014-06-21;562;李延亮
2014-06-21;562;李延亮
2014-06-21;562;李延亮
2014-06-21;563;李一凡
2014-06-21;564;李逸
2014-06-21;564;李逸
2014-06-21;564;李逸
2014-06-21;565;李逸朗
2014-06-21;565;李逸朗
2014-06-21;565;李逸朗
2014-06-21;565;李逸朗
2014-06-21;566;李永昌
2014-06-21;567;李雨寰
2014-06-21;567;李雨寰
2014-06-21;567;李雨寰
2014-06-21;568;李元
2014-06-21;569;李云迪
2014-06-21;569;李云迪
2014-06-21;569;李云迪
2014-06-21;569;李云迪
2014-06-21;569;李云迪
2014-06-21;569;李云迪
2014-06-21;569;李云迪
2014-06-21;570;李哲艺
2014-06-21;571;李直
2014-06-21;572;李中浩
2014-06-21;572;李中浩
2014-06-21;572;李中浩
2014-06-21;573;李宗盛
2014-06-21;573;李宗盛
2014-06-21;573;李宗盛
2014-06-21;573;李宗盛
2014-06-21;573;李宗盛
2014-06-21;573;李宗盛
2014-06-21;573;李宗盛
2014-06-21;573;李宗盛
2014-06-21;573;李宗盛
2014-06-21;573;李宗盛
2014-06-21;573;李宗盛
2014-06-21;574;立威廉
2014-06-21;575;栗正
2014-06-21;576;连释
2014-06-21;578;梁朝伟
2014-06-21;578;梁朝伟
2014-06-21;578;梁朝伟
2014-06-21;578;梁朝伟
2014-06-21;578;梁朝伟
2014-06-21;578;梁朝伟
2014-06-21;578;梁朝伟
2014-06-21;578;梁朝伟
2014-06-21;578;梁朝伟
2014-06-21;578;梁朝伟
2014-06-21;578;梁朝伟
2014-06-21;578;梁朝伟
2014-06-21;578;梁朝伟
2014-06-21;579;梁大海
2014-06-21;580;梁汉威
2014-06-21;581;梁汉文
2014-06-21;581;梁汉文
2014-06-21;581;梁汉文
2014-06-21;581;梁汉文
2014-06-21;581;梁汉文
2014-06-21;581;梁汉文
2014-06-21;581;梁汉文
2014-06-21;581;梁汉文
2014-06-21;581;梁汉文
2014-06-21;581;梁汉文
2014-06-21;581;梁汉文
2014-06-21;581;梁汉文
2014-06-21;581;梁汉文
2014-06-21;581;梁汉文
2014-06-21;581;梁汉文
2014-06-21;581;梁汉文
2014-06-21;581;梁汉文
2014-06-21;581;梁汉文
2014-06-21;581;梁汉文
2014-06-21;581;梁汉文
2014-06-21;581;梁汉文
2014-06-21;581;梁汉文
2014-06-21;583;梁弘志
2014-06-21;583;梁弘志
2014-06-21;583;梁弘志
2014-06-21;584;梁家辉
2014-06-21;585;梁铭越
2014-06-21;586;梁翘柏
2014-06-21;587;梁球
2014-06-21;589;梁天
2014-06-21;589;梁天
2014-06-21;589;梁天
2014-06-21;590;梁文福
2014-06-21;590;梁文福
2014-06-21;590;梁文福
2014-06-21;590;梁文福
2014-06-21;592;梁永斌
2014-06-21;593;梁在平
2014-06-21;594;梁振宇
2014-06-21;595;廖百威
2014-06-21;596;廖昌永
2014-06-21;597;廖士贤
2014-06-21;598;廖仕伟
2014-06-21;599;廖伟力
2014-06-21;599;廖伟力
2014-06-21;599;廖伟力
2014-06-21;600;廖忠
2014-06-21;601;林保怡
2014-06-21;601;林保怡
2014-06-21;601;林保怡
2014-06-21;601;林保怡
2014-06-21;601;林保怡
2014-06-21;602;林承光
2014-06-21;603;林大海
2014-06-21;604;林东松
2014-06-21;604;林东松
2014-06-21;604;林东松
2014-06-21;605;林风
2014-06-21;607;林国荣
2014-06-21;608;林海
2014-06-21;608;林海
2014-06-21;608;林海
2014-06-21;608;林海
2014-06-21;608;林海
2014-06-21;608;林海
2014-06-21;608;林海
2014-06-21;608;林海
2014-06-21;609;林海峰
2014-06-21;609;林海峰
2014-06-21;609;林海峰
2014-06-21;609;林海峰
2014-06-21;609;林海峰
2014-06-21;609;林海峰
2014-06-21;609;林海峰
2014-06-21;609;林海峰
2014-06-21;610;汉洋
2014-06-21;610;汉洋
2014-06-21;612;林建亨
2014-06-21;613;林剑衡
2014-06-21;613;林剑衡
2014-06-21;613;林剑衡
2014-06-21;614;林健辉
2014-06-21;615;林俊杰
2014-06-21;615;林俊杰
2014-06-21;615;林俊杰
2014-06-21;615;林俊杰
2014-06-21;615;林俊杰
2014-06-21;615;林俊杰
2014-06-21;616;林俊贤
2014-06-21;617;林克昌
2014-06-21;618;林立洋
2014-06-21;618;林立洋
2014-06-21;618;林立洋
2014-06-21;619;林隆璇
2014-06-21;619;林隆璇
2014-06-21;619;林隆璇
2014-06-21;619;林隆璇
2014-06-21;619;林隆璇
2014-06-21;619;林隆璇
2014-06-21;619;林隆璇
2014-06-21;619;林隆璇
2014-06-21;619;林隆璇
2014-06-21;619;林隆璇
2014-06-21;619;林隆璇
2014-06-21;619;林隆璇
2014-06-21;619;林隆璇
2014-06-21;619;林隆璇
2014-06-21;619;林隆璇
2014-06-21;620;林毛根
2014-06-21;621;林敏聪
2014-06-21;622;林强
2014-06-21;622;林强
2014-06-21;622;林强
2014-06-21;622;林强
2014-06-21;622;林强
2014-06-21;622;林强
2014-06-21;622;林强
2014-06-21;622;林强
2014-06-21;622;林强
2014-06-21;623;林琼珑
2014-06-21;623;林琼珑
2014-06-21;623;林琼珑
2014-06-21;624;林仁建
2014-06-21;625;林少兴
2014-06-21;626;林石城
2014-06-21;626;林石城
2014-06-21;628;林夕
2014-06-21;628;林夕
2014-06-21;628;林夕
2014-06-21;629;林显丞
2014-06-21;630;林曜
2014-06-21;630;林曜
2014-06-21;631;林一峰
2014-06-21;631;林一峰
2014-06-21;631;林一峰
2014-06-21;631;林一峰
2014-06-21;631;林一峰
2014-06-21;631;林一峰
2014-06-21;631;林一峰
2014-06-21;631;林一峰
2014-06-21;631;林一峰
2014-06-21;631;林一峰
2014-06-21;631;林一峰
2014-06-21;632;林依轮
2014-06-21;632;林依轮
2014-06-21;632;林依轮
2014-06-21;632;林依轮
2014-06-21;632;林依轮
2014-06-21;632;林依轮
2014-06-21;632;林依轮
2014-06-21;632;林依轮
2014-06-21;633;林颐
2014-06-21;633;林颐
2014-06-21;634;林友声
2014-06-21;635;林佑威
2014-06-21;636;林宇中
2014-06-21;636;林宇中
2014-06-21;637;林禹胜
2014-06-21;637;林禹胜
2014-06-21;637;林禹胜
2014-06-21;637;林禹胜
2014-06-21;638;林志炫
2014-06-21;638;林志炫
2014-06-21;638;林志炫
2014-06-21;638;林志炫
2014-06-21;638;林志炫
2014-06-21;638;林志炫
2014-06-21;638;林志炫
2014-06-21;638;林志炫
2014-06-21;638;林志炫
2014-06-21;638;林志炫
2014-06-21;638;林志炫
2014-06-21;639;林志颖
2014-06-21;639;林志颖
2014-06-21;639;林志颖
2014-06-21;639;林志颖
2014-06-21;639;林志颖
2014-06-21;639;林志颖
2014-06-21;639;林志颖
2014-06-21;639;林志颖
2014-06-21;639;林志颖
2014-06-21;639;林志颖
2014-06-21;639;林志颖
2014-06-21;639;林志颖
2014-06-21;640;林子良
2014-06-21;640;林子良
2014-06-21;640;林子良
2014-06-21;641;林子祥
2014-06-21;641;林子祥
2014-06-21;641;林子祥
2014-06-21;641;林子祥
2014-06-21;641;林子祥
2014-06-21;641;林子祥
2014-06-21;641;林子祥
2014-06-21;641;林子祥
2014-06-21;641;林子祥
2014-06-21;641;林子祥
2014-06-21;641;林子祥
2014-06-21;641;林子祥
2014-06-21;641;林子祥
2014-06-21;641;林子祥
2014-06-21;641;林子祥
2014-06-21;641;林子祥
2014-06-21;641;林子祥
2014-06-21;641;林子祥
2014-06-21;641;林子祥
2014-06-21;641;林子祥
2014-06-21;641;林子祥
2014-06-21;641;林子祥
2014-06-21;641;林子祥
2014-06-21;641;林子祥
2014-06-21;641;林子祥
2014-06-21;641;林子祥
2014-06-21;641;林子祥
2014-06-21;641;林子祥
2014-06-21;641;林子祥
2014-06-21;641;林子祥
2014-06-21;641;林子祥
2014-06-21;641;林子祥
2014-06-21;641;林子祥
2014-06-21;641;林子祥
2014-06-21;641;林子祥
2014-06-21;641;林子祥
2014-06-21;641;林子祥
2014-06-21;641;林子祥
2014-06-21;641;林子祥
2014-06-21;641;林子祥
2014-06-21;641;林子祥
2014-06-21;641;林子祥
2014-06-21;641;林子祥
2014-06-21;641;林子祥
2014-06-21;641;林子祥
2014-06-21;641;林子祥
2014-06-21;641;林子祥
2014-06-21;641;林子祥
2014-06-21;641;林子祥
2014-06-21;641;林子祥
2014-06-21;641;林子祥
2014-06-21;641;林子祥
2014-06-21;641;林子祥
2014-06-21;641;林子祥
2014-06-21;641;林子祥
2014-06-21;641;林子祥
2014-06-21;641;林子祥
2014-06-21;641;林子祥
2014-06-21;641;林子祥
2014-06-21;642;凌峰
2014-06-21;642;凌峰
2014-06-21;642;凌峰
2014-06-21;643;凌霄
2014-06-21;644;零峰
2014-06-21;645;刘斌
2014-06-21;646;刘秉义
2014-06-21;646;刘秉义
2014-06-21;647;刘德海
2014-06-21;647;刘德海
2014-06-21;648;刘德华
2014-06-21;648;刘德华
2014-06-21;648;刘德华
2014-06-21;648;刘德华
2014-06-21;648;刘德华
2014-06-21;648;刘德华
2014-06-21;648;刘德华
2014-06-21;648;刘德华
2014-06-21;648;刘德华
2014-06-21;648;刘德华
2014-06-21;648;刘德华
2014-06-21;648;刘德华
2014-06-21;648;刘德华
2014-06-21;648;刘德华
2014-06-21;648;刘德华
2014-06-21;648;刘德华
2014-06-21;648;刘德华
2014-06-21;648;刘德华
2014-06-21;648;刘德华
2014-06-21;648;刘德华
2014-06-21;648;刘德华
2014-06-21;648;刘德华
2014-06-21;648;刘德华
2014-06-21;648;刘德华
2014-06-21;648;刘德华
2014-06-21;648;刘德华
2014-06-21;648;刘德华
2014-06-21;648;刘德华
2014-06-21;648;刘德华
2014-06-21;648;刘德华
2014-06-21;648;刘德华
2014-06-21;648;刘德华
2014-06-21;648;刘德华
2014-06-21;648;刘德华
2014-06-21;648;刘德华
2014-06-21;648;刘德华
2014-06-21;648;刘德华
2014-06-21;648;刘德华
2014-06-21;648;刘德华
2014-06-21;648;刘德华
2014-06-21;648;刘德华
2014-06-21;648;刘德华
2014-06-21;648;刘德华
2014-06-21;648;刘德华
2014-06-21;648;刘德华
2014-06-21;648;刘德华
2014-06-21;648;刘德华
2014-06-21;648;刘德华
2014-06-21;648;刘德华
2014-06-21;648;刘德华
2014-06-21;648;刘德华
2014-06-21;648;刘德华
2014-06-21;648;刘德华
2014-06-21;648;刘德华
2014-06-21;648;刘德华
2014-06-21;648;刘德华
2014-06-21;648;刘德华
2014-06-21;648;刘德华
2014-06-21;648;刘德华
2014-06-21;648;刘德华
2014-06-21;648;刘德华
2014-06-21;648;刘德华
2014-06-21;648;刘德华
2014-06-21;648;刘德华
2014-06-21;648;刘德华
2014-06-21;648;刘德华
2014-06-21;648;刘德华
2014-06-21;648;刘德华
2014-06-21;648;刘德华
2014-06-21;648;刘德华
2014-06-21;648;刘德华
2014-06-21;648;刘德华
2014-06-21;648;刘德华
2014-06-21;648;刘德华
2014-06-21;649;刘丰年
2014-06-21;650;刘罡
2014-06-21;650;刘罡
2014-06-21;650;刘罡
2014-06-21;650;刘罡
2014-06-21;650;刘罡
2014-06-21;650;刘罡
2014-06-21;651;刘畊宏
2014-06-21;651;刘畊宏
2014-06-21;653;刘海波
2014-06-21;653;刘海波
2014-06-21;653;刘海波
2014-06-21;653;刘海波
2014-06-21;653;刘海波
2014-06-21;653;刘海波
2014-06-21;653;刘海波
2014-06-21;654;刘汉乐
2014-06-21;655;刘浩龙
2014-06-21;655;刘浩龙
2014-06-21;655;刘浩龙
2014-06-21;655;刘浩龙
2014-06-21;656;刘和刚
2014-06-21;656;刘和刚
2014-06-21;656;刘和刚
2014-06-21;657;刘欢
2014-06-21;657;刘欢
2014-06-21;657;刘欢
2014-06-21;657;刘欢
2014-06-21;657;刘欢
2014-06-21;657;刘欢
2014-06-21;657;刘欢
2014-06-21;657;刘欢
2014-06-21;657;刘欢
2014-06-21;658;刘家昌
2014-06-21;658;刘家昌
2014-06-21;658;刘家昌
2014-06-21;658;刘家昌
2014-06-21;658;刘家昌
2014-06-21;658;刘家昌
2014-06-21;658;刘家昌
2014-06-21;658;刘家昌
2014-06-21;658;刘家昌
2014-06-21;658;刘家昌
2014-06-21;659;刘嘉亮
2014-06-21;659;刘嘉亮
2014-06-21;659;刘嘉亮
2014-06-21;659;刘嘉亮
2014-06-21;660;刘恺威
2014-06-21;660;刘恺威
2014-06-21;661;刘可
2014-06-21;661;刘可
2014-06-21;661;刘可
2014-06-21;662;刘亮鹭
2014-06-21;662;刘亮鹭
2014-06-21;662;刘亮鹭
2014-06-21;662;刘亮鹭
2014-06-21;663;刘明源
2014-06-21;664;刘宁
2014-06-21;665;刘鹏
2014-06-21;7169;群星
2014-06-21;100964;陈伟伦
2014-06-21;667;刘日曦
2014-06-21;668;刘劭希
2014-06-21;668;刘劭希
2014-06-21;668;刘劭希
2014-06-21;668;刘劭希
2014-06-21;668;刘劭希
2014-06-21;668;刘劭希
2014-06-21;669;刘伟仁
2014-06-21;669;刘伟仁
2014-06-21;670;刘文正
2014-06-21;670;刘文正
2014-06-21;670;刘文正
2014-06-21;670;刘文正
2014-06-21;670;刘文正
2014-06-21;670;刘文正
2014-06-21;670;刘文正
2014-06-21;670;刘文正
2014-06-21;670;刘文正
2014-06-21;670;刘文正
2014-06-21;670;刘文正
2014-06-21;670;刘文正
2014-06-21;670;刘文正
2014-06-21;670;刘文正
2014-06-21;670;刘文正
2014-06-21;670;刘文正
2014-06-21;670;刘文正
2014-06-21;670;刘文正
2014-06-21;670;刘文正
2014-06-21;670;刘文正
2014-06-21;670;刘文正
2014-06-21;670;刘文正
2014-06-21;670;刘文正
2014-06-21;670;刘文正
2014-06-21;670;刘文正
2014-06-21;670;刘文正
2014-06-21;670;刘文正
2014-06-21;670;刘文正
2014-06-21;670;刘文正
2014-06-21;670;刘文正
2014-06-21;670;刘文正
2014-06-21;670;刘文正
2014-06-21;670;刘文正
2014-06-21;671;刘锡明
2014-06-21;671;刘锡明
2014-06-21;671;刘锡明
2014-06-21;671;刘锡明
2014-06-21;671;刘锡明
2014-06-21;671;刘锡明
2014-06-21;671;刘锡明
2014-06-21;671;刘锡明
2014-06-21;671;刘锡明
2014-06-21;671;刘锡明
2014-06-21;671;刘锡明
2014-06-21;671;刘锡明
2014-06-21;672;刘晓耕
2014-06-21;673;刘星
2014-06-21;673;刘星
2014-06-21;673;刘星
2014-06-21;673;刘星
2014-06-21;673;刘星
2014-06-21;673;刘星
2014-06-21;673;刘星
2014-06-21;673;刘星
2014-06-21;674;刘以达
2014-06-21;674;刘以达
2014-06-21;674;刘以达
2014-06-21;674;刘以达
2014-06-21;674;刘以达
2014-06-21;675;刘艺
2014-06-21;676;刘英
2014-06-21;677;刘元
2014-06-21;678;刘允乐
2014-06-21;679;刘铮
2014-06-21;679;刘铮
2014-06-21;679;刘铮
2014-06-21;680;刘志荣
2014-06-21;681;刘中意
2014-06-21;682;刘雨潼
2014-06-21;683;刘祖儿
2014-06-21;684;龙军
2014-06-21;686;龙伟
2014-06-21;687;楼乾贵
2014-06-21;688;卢庚戌
2014-06-21;689;卢冠廷
2014-06-21;689;卢冠廷
2014-06-21;689;卢冠廷
2014-06-21;689;卢冠廷
2014-06-21;689;卢冠廷
2014-06-21;689;卢冠廷
2014-06-21;689;卢冠廷
2014-06-21;689;卢冠廷
2014-06-21;689;卢冠廷
2014-06-21;690;卢海鹏
2014-06-21;692;卢小旭
2014-06-21;693;陆春龄
2014-06-21;694;陆家俊
2014-06-21;694;陆家俊
2014-06-21;695;Noel Quinlan
2014-06-21;696;陆毅
2014-06-21;696;陆毅
2014-06-21;696;陆毅
2014-06-21;696;陆毅
2014-06-21;697;陆毅鹏
2014-06-21;698;逯学军
2014-06-21;699;吕方
2014-06-21;699;吕方
2014-06-21;699;吕方
2014-06-21;699;吕方
2014-06-21;699;吕方
2014-06-21;699;吕方
2014-06-21;699;吕方
2014-06-21;699;吕方
2014-06-21;699;吕方
2014-06-21;699;吕方
2014-06-21;699;吕方
2014-06-21;699;吕方
2014-06-21;699;吕方
2014-06-21;699;吕方
2014-06-21;699;吕方
2014-06-21;699;吕方
2014-06-21;699;吕方
2014-06-21;699;吕方
2014-06-21;699;吕方
2014-06-21;699;吕方
2014-06-21;699;吕方
2014-06-21;699;吕方
2014-06-21;699;吕方
2014-06-21;699;吕方
2014-06-21;699;吕方
2014-06-21;699;吕方
2014-06-21;699;吕方
2014-06-21;699;吕方
2014-06-21;699;吕方
2014-06-21;699;吕方
2014-06-21;699;吕方
2014-06-21;700;吕继宏
2014-06-21;700;吕继宏
2014-06-21;700;吕继宏
2014-06-21;700;吕继宏
2014-06-21;700;吕继宏
2014-06-21;701;吕念祖
2014-06-21;701;吕念祖
2014-06-21;702;吕奇
2014-06-21;702;吕奇
2014-06-21;702;吕奇
2014-06-21;702;吕奇
2014-06-21;702;吕奇
2014-06-21;703;吕思清
2014-06-21;703;吕思清
2014-06-21;703;吕思清
2014-06-21;703;吕思清
2014-06-21;703;吕思清
2014-06-21;703;吕思清
2014-06-21;703;吕思清
2014-06-21;705;吕昭炫
2014-06-21;706;伦永亮
2014-06-21;706;伦永亮
2014-06-21;706;伦永亮
2014-06-21;706;伦永亮
2014-06-21;706;伦永亮
2014-06-21;706;伦永亮
2014-06-21;706;伦永亮
2014-06-21;1897;林忆莲
2014-06-21;7169;群星
2014-06-21;706;伦永亮
2014-06-21;706;伦永亮
2014-06-21;706;伦永亮
2014-06-21;706;伦永亮
2014-06-21;706;伦永亮
2014-06-21;706;伦永亮
2014-06-21;706;伦永亮
2014-06-21;706;伦永亮
2014-06-21;706;伦永亮
2014-06-21;706;伦永亮
2014-06-21;706;伦永亮
2014-06-21;706;伦永亮
2014-06-21;707;罗百吉
2014-06-21;707;罗百吉
2014-06-21;707;罗百吉
2014-06-21;707;罗百吉
2014-06-21;707;罗百吉
2014-06-21;707;罗百吉
2014-06-21;707;罗百吉
2014-06-21;707;罗百吉
2014-06-21;707;罗百吉
2014-06-21;707;罗百吉
2014-06-21;707;罗百吉
2014-06-21;707;罗百吉
2014-06-21;708;罗宾
2014-06-21;708;罗宾
2014-06-21;708;罗宾
2014-06-21;708;罗宾
2014-06-21;708;罗宾
2014-06-21;708;罗宾
2014-06-21;708;罗宾
2014-06-21;708;罗宾
2014-06-21;708;罗宾
2014-06-21;709;罗大佑
2014-06-21;709;罗大佑
2014-06-21;709;罗大佑
2014-06-21;709;罗大佑
2014-06-21;709;罗大佑
2014-06-21;709;罗大佑
2014-06-21;709;罗大佑
2014-06-21;709;罗大佑
2014-06-21;709;罗大佑
2014-06-21;709;罗大佑
2014-06-21;709;罗大佑
2014-06-21;709;罗大佑
2014-06-21;709;罗大佑
2014-06-21;709;罗大佑
2014-06-21;709;罗大佑
2014-06-21;709;罗大佑
2014-06-21;709;罗大佑
2014-06-21;709;罗大佑
2014-06-21;709;罗大佑
2014-06-21;710;罗纮武
2014-06-21;711;罗吉镇
2014-06-21;712;罗家英
2014-06-21;712;罗家英
2014-06-21;712;罗家英
2014-06-21;713;罗嘉良
2014-06-21;713;罗嘉良
2014-06-21;713;罗嘉良
2014-06-21;713;罗嘉良
2014-06-21;713;罗嘉良
2014-06-21;713;罗嘉良
2014-06-21;713;罗嘉良
2014-06-21;713;罗嘉良
2014-06-21;713;罗嘉良
2014-06-21;714;罗建章
2014-06-21;715;罗军
2014-06-21;716;罗时丰
2014-06-21;716;罗时丰
2014-06-21;716;罗时丰
2014-06-21;716;罗时丰
2014-06-21;716;罗时丰
2014-06-21;716;罗时丰
2014-06-21;716;罗时丰
2014-06-21;716;罗时丰
2014-06-21;716;罗时丰
2014-06-21;716;罗时丰
2014-06-21;97107;OK男女合唱团
2014-06-21;97107;OK男女合唱团
2014-06-21;716;罗时丰
2014-06-21;716;罗时丰
2014-06-21;716;罗时丰
2014-06-21;716;罗时丰
2014-06-21;717;罗守诚
2014-06-21;718;罗文
2014-06-21;718;罗文
2014-06-21;718;罗文
2014-06-21;718;罗文
2014-06-21;718;罗文
2014-06-21;718;罗文
2014-06-21;718;罗文
2014-06-21;718;罗文
2014-06-21;718;罗文
2014-06-21;718;罗文
2014-06-21;718;罗文
2014-06-21;718;罗文
2014-06-21;718;罗文
2014-06-21;718;罗文
2014-06-21;718;罗文
2014-06-21;718;罗文
2014-06-21;718;罗文
2014-06-21;718;罗文
2014-06-21;718;罗文
2014-06-21;718;罗文
2014-06-21;718;罗文
2014-06-21;718;罗文
2014-06-21;718;罗文
2014-06-21;718;罗文
2014-06-21;718;罗文
2014-06-21;718;罗文
2014-06-21;718;罗文
2014-06-21;718;罗文
2014-06-21;718;罗文
2014-06-21;718;罗文
2014-06-21;718;罗文
2014-06-21;718;罗文
2014-06-21;718;罗文
2014-06-21;718;罗文
2014-06-21;718;罗文
2014-06-21;718;罗文
2014-06-21;718;罗文
2014-06-21;718;罗文
2014-06-21;718;罗文
2014-06-21;718;罗文
2014-06-21;718;罗文
2014-06-21;718;罗文
2014-06-21;718;罗文
2014-06-21;718;罗文
2014-06-21;718;罗文
2014-06-21;718;罗文
2014-06-21;718;罗文
2014-06-21;718;罗文
2014-06-21;718;罗文
2014-06-21;718;罗文
2014-06-21;718;罗文
2014-06-21;988;Kitaro
2014-06-21;718;罗文
2014-06-21;719;罗文聪
2014-06-21;719;罗文聪
2014-06-21;720;罗志祥
2014-06-21;720;罗志祥
2014-06-21;720;罗志祥
2014-06-21;720;罗志祥
2014-06-21;721;罗中旭
2014-06-21;721;罗中旭
2014-06-21;721;罗中旭
2014-06-21;721;罗中旭
2014-06-21;722;倮倮
2014-06-21;724;MC HotDog
2014-06-21;724;MC HotDog
2014-06-21;724;MC HotDog
2014-06-21;724;MC HotDog
2014-06-21;724;MC HotDog
2014-06-21;726;马德钟
2014-06-21;727;马浚伟
2014-06-21;727;马浚伟
2014-06-21;727;马浚伟
2014-06-21;727;马浚伟
2014-06-21;727;马浚伟
2014-06-21;727;马浚伟
2014-06-21;727;马浚伟
2014-06-21;727;马浚伟
2014-06-21;727;马浚伟
2014-06-21;727;马浚伟
2014-06-21;727;马浚伟
2014-06-21;727;马浚伟
2014-06-21;727;马浚伟
2014-06-21;729;马尚仁
2014-06-21;730;马威
2014-06-21;732;马旭成
2014-06-21;733;Yo-Yo Ma
2014-06-21;733;Yo-Yo Ma
2014-06-21;734;马兆骏
2014-06-21;734;马兆骏
2014-06-21;734;马兆骏
2014-06-21;734;马兆骏
2014-06-21;734;马兆骏
2014-06-21;734;马兆骏
2014-06-21;734;马兆骏
2014-06-21;734;马兆骏
2014-06-21;735;麦浚龙
2014-06-21;735;麦浚龙
2014-06-21;735;麦浚龙
2014-06-21;735;麦浚龙
2014-06-21;735;麦浚龙
2014-06-21;735;麦浚龙
2014-06-21;736;麦柯
2014-06-21;738;麦伟豪
2014-06-21;739;麦伟林
2014-06-21;739;麦伟林
2014-06-21;739;麦伟林
2014-06-21;740;满江
2014-06-21;740;满江
2014-06-21;740;满江
2014-06-21;740;满江
2014-06-21;740;满江
2014-06-21;741;满文军
2014-06-21;741;满文军
2014-06-21;741;满文军
2014-06-21;741;满文军
2014-06-21;741;满文军
2014-06-21;741;满文军
2014-06-21;742;毛宁
2014-06-21;742;毛宁
2014-06-21;742;毛宁
2014-06-21;742;毛宁
2014-06-21;742;毛宁
2014-06-21;742;毛宁
2014-06-21;742;毛宁
2014-06-21;742;毛宁
2014-06-21;742;毛宁
2014-06-21;742;毛宁
2014-06-21;743;梅少祈
2014-06-21;744;米志宏
2014-06-21;744;米志宏
2014-06-21;745;民雄
2014-06-21;746;名洋
2014-06-21;746;名洋
2014-06-21;748;莫翰
2014-06-21;749;莫华伦
2014-06-21;750;莫少聪
2014-06-21;750;莫少聪
2014-06-21;750;莫少聪
2014-06-21;750;莫少聪
2014-06-21;750;莫少聪
2014-06-21;751;莫镇贤
2014-06-21;751;莫镇贤
2014-06-21;752;麻吉弟弟
2014-06-21;753;No Name
2014-06-21;753;No Name
2014-06-21;753;No Name
2014-06-21;754;那森
2014-06-21;755;倪敏然
2014-06-21;756;钮大可
2014-06-21;756;钮大可
2014-06-21;756;钮大可
2014-06-21;758;欧翠峰
2014-06-21;758;欧翠峰
2014-06-21;759;欧得洋
2014-06-21;759;欧得洋
2014-06-21;759;欧得洋
2014-06-21;760;欧阳德勋
2014-06-21;761;欧阳浩瀚
2014-06-21;762;区瑞强
2014-06-21;762;区瑞强
2014-06-21;762;区瑞强
2014-06-21;762;区瑞强
2014-06-21;762;区瑞强
2014-06-21;762;区瑞强
2014-06-21;762;区瑞强
2014-06-21;762;区瑞强
2014-06-21;762;区瑞强
2014-06-21;762;区瑞强
2014-06-21;762;区瑞强
2014-06-21;762;区瑞强
2014-06-21;762;区瑞强
2014-06-21;762;区瑞强
2014-06-21;762;区瑞强
2014-06-21;116864;廖士庆
2014-06-21;762;区瑞强
2014-06-21;762;区瑞强
2014-06-21;762;区瑞强
2014-06-21;762;区瑞强
2014-06-21;762;区瑞强
2014-06-21;762;区瑞强
2014-06-21;762;区瑞强
2014-06-21;762;区瑞强
2014-06-21;762;区瑞强
2014-06-21;762;区瑞强
2014-06-21;762;区瑞强
2014-06-21;762;区瑞强
2014-06-21;762;区瑞强
2014-06-21;762;区瑞强
2014-06-21;762;区瑞强
2014-06-21;763;Sulumi
2014-06-21;764;潘安邦
2014-06-21;764;潘安邦
2014-06-21;764;潘安邦
2014-06-21;765;潘长江
2014-06-21;766;潘辉
2014-06-21;766;潘辉
2014-06-21;767;潘劲东
2014-06-21;768;潘玮柏
2014-06-21;768;潘玮柏
2014-06-21;768;潘玮柏
2014-06-21;768;潘玮柏
2014-06-21;768;潘玮柏
2014-06-21;768;潘玮柏
2014-06-21;768;潘玮柏
2014-06-21;769;西域刀郎
2014-06-21;769;西域刀郎
2014-06-21;769;西域刀郎
2014-06-21;769;西域刀郎
2014-06-21;770;潘协庆
2014-06-21;770;潘协庆
2014-06-21;770;潘协庆
2014-06-21;770;潘协庆
2014-06-21;770;潘协庆
2014-06-21;771;庞龙
2014-06-21;771;庞龙
2014-06-21;771;庞龙
2014-06-21;772;彭健新
2014-06-21;772;彭健新
2014-06-21;772;彭健新
2014-06-21;772;彭健新
2014-06-21;772;彭健新
2014-06-21;772;彭健新
2014-06-21;772;彭健新
2014-06-21;772;彭健新
2014-06-21;773;彭伟华
2014-06-21;773;彭伟华
2014-06-21;773;彭伟华
2014-06-21;773;彭伟华
2014-06-21;774;彭修文
2014-06-21;775;澎恰恰
2014-06-21;775;澎恰恰
2014-06-21;775;澎恰恰
2014-06-21;775;澎恰恰
2014-06-21;776;飘乐队
2014-06-21;776;飘乐队
2014-06-21;778;朴树
2014-06-21;778;朴树
2014-06-21;779;仇云峰
2014-06-21;780;七郎
2014-06-21;780;七郎
2014-06-21;782;齐峰
2014-06-21;783;齐秦
2014-06-21;783;齐秦
2014-06-21;783;齐秦
2014-06-21;783;齐秦
2014-06-21;783;齐秦
2014-06-21;783;齐秦
2014-06-21;783;齐秦
2014-06-21;783;齐秦
2014-06-21;783;齐秦
2014-06-21;783;齐秦
2014-06-21;783;齐秦
2014-06-21;783;齐秦
2014-06-21;783;齐秦
2014-06-21;783;齐秦
2014-06-21;783;齐秦
2014-06-21;783;齐秦
2014-06-21;783;齐秦
2014-06-21;783;齐秦
2014-06-21;783;齐秦
2014-06-21;783;齐秦
2014-06-21;783;齐秦
2014-06-21;783;齐秦
2014-06-21;783;齐秦
2014-06-21;783;齐秦
2014-06-21;783;齐秦
2014-06-21;783;齐秦
2014-06-21;783;齐秦
2014-06-21;783;齐秦
2014-06-21;783;齐秦
2014-06-21;783;齐秦
2014-06-21;783;齐秦
2014-06-21;783;齐秦
2014-06-21;783;齐秦
2014-06-21;784;岂珩
2014-06-21;785;秦立巍
2014-06-21;785;秦立巍
2014-06-21;786;秦伟
2014-06-21;786;秦伟
2014-06-21;787;秦杨
2014-06-21;787;秦杨
2014-06-21;788;秦永
2014-06-21;788;秦永
2014-06-21;788;秦永
2014-06-21;788;秦永
2014-06-21;788;秦永
2014-06-21;789;青山
2014-06-21;791;邱清云
2014-06-21;791;邱清云
2014-06-21;791;邱清云
2014-06-21;791;邱清云
2014-06-21;792;邱泽
2014-06-21;792;邱泽
2014-06-21;792;邱泽
2014-06-21;794;曲世聪
2014-06-21;795;曲文军
2014-06-21;796;曲佑良
2014-06-21;796;曲佑良
2014-06-21;796;曲佑良
2014-06-21;796;曲佑良
2014-06-21;799;任贤齐
2014-06-21;799;任贤齐
2014-06-21;63869;区君祥
2014-06-21;87184;陈云山
2014-06-21;87184;陈云山
2014-06-21;590;梁文福
2014-06-21;799;任贤齐
2014-06-21;799;任贤齐
2014-06-21;799;任贤齐
2014-06-21;799;任贤齐
2014-06-21;799;任贤齐
2014-06-21;799;任贤齐
2014-06-21;799;任贤齐
2014-06-21;799;任贤齐
2014-06-21;799;任贤齐
2014-06-21;799;任贤齐
2014-06-21;799;任贤齐
2014-06-21;799;任贤齐
2014-06-21;799;任贤齐
2014-06-21;799;任贤齐
2014-06-21;799;任贤齐
2014-06-21;799;任贤齐
2014-06-21;799;任贤齐
2014-06-21;799;任贤齐
2014-06-21;799;任贤齐
2014-06-21;799;任贤齐
2014-06-21;799;任贤齐
2014-06-21;799;任贤齐
2014-06-21;799;任贤齐
2014-06-21;800;容中尔甲
2014-06-21;800;容中尔甲
2014-06-21;800;容中尔甲
2014-06-21;801;三宝
2014-06-21;801;三宝
2014-06-21;802;沙宝亮
2014-06-21;802;沙宝亮
2014-06-21;802;沙宝亮
2014-06-21;802;沙宝亮
2014-06-21;802;沙宝亮
2014-06-21;803;艺人概览
2014-06-21;803;艺人概览
2014-06-21;804;上官流云
2014-06-21;804;上官流云
2014-06-21;805;上明
2014-06-21;806;邵兵
2014-06-21;807;邵恩
2014-06-21;808;艺人概览
2014-06-21;809;沈丹
2014-06-21;809;沈丹
2014-06-21;810;沈怀一
2014-06-21;812;沈榕
2014-06-21;814;沈文程
2014-06-21;814;沈文程
2014-06-21;814;沈文程
2014-06-21;814;沈文程
2014-06-21;814;沈文程
2014-06-21;814;沈文程
2014-06-21;814;沈文程
2014-06-21;814;沈文程
2014-06-21;814;沈文程
2014-06-21;815;沈祥龙
2014-06-21;816;沈洋
2014-06-21;816;沈洋
2014-06-21;817;盛中国
2014-06-21;817;盛中国
2014-06-21;818;施文彬
2014-06-21;818;施文彬
2014-06-21;2071;任洁玲
2014-06-21;7400;沈洋
2014-06-21;818;施文彬
2014-06-21;818;施文彬
2014-06-21;818;施文彬
2014-06-21;818;施文彬
2014-06-21;818;施文彬
2014-06-21;818;施文彬
2014-06-21;818;施文彬
2014-06-21;818;施文彬
2014-06-21;819;施文斌
2014-06-21;819;施文斌
2014-06-21;820;施孝荣
2014-06-21;820;施孝荣
2014-06-21;820;施孝荣
2014-06-21;820;施孝荣
2014-06-21;820;施孝荣
2014-06-21;820;施孝荣
2014-06-21;820;施孝荣
2014-06-21;821;施易男
2014-06-21;821;施易男
2014-06-21;822;石村
2014-06-21;823;石开
2014-06-21;824;石康钧
2014-06-21;825;石信之
2014-06-21;825;石信之
2014-06-21;825;石信之
2014-06-21;825;石信之
2014-06-21;826;史俊鹏
2014-06-21;826;史俊鹏
2014-06-21;826;史俊鹏
2014-06-21;827;誓言
2014-06-21;828;斯文
2014-06-21;829;四方果
2014-06-21;830;宋达民
2014-06-21;831;宋雪莱
2014-06-21;831;宋雪莱
2014-06-21;832;宋岳庭
2014-06-21;832;宋岳庭
2014-06-21;833;苏儿真
2014-06-21;833;苏儿真
2014-06-21;834;苏来
2014-06-21;834;苏来
2014-06-21;834;苏来
2014-06-21;835;苏永康
2014-06-21;835;苏永康
2014-06-21;835;苏永康
2014-06-21;835;苏永康
2014-06-21;835;苏永康
2014-06-21;835;苏永康
2014-06-21;835;苏永康
2014-06-21;835;苏永康
2014-06-21;835;苏永康
2014-06-21;835;苏永康
2014-06-21;835;苏永康
2014-06-21;835;苏永康
2014-06-21;835;苏永康
2014-06-21;835;苏永康
2014-06-21;835;苏永康
2014-06-21;835;苏永康
2014-06-21;835;苏永康
2014-06-21;835;苏永康
2014-06-21;835;苏永康
2014-06-21;835;苏永康
2014-06-21;835;苏永康
2014-06-21;835;苏永康
2014-06-21;835;苏永康
2014-06-21;835;苏永康
2014-06-21;835;苏永康
2014-06-21;835;苏永康
2014-06-21;835;苏永康
2014-06-21;835;苏永康
2014-06-21;1127;余天
2014-06-21;835;苏永康
2014-06-21;835;苏永康
2014-06-21;835;苏永康
2014-06-21;835;苏永康
2014-06-21;835;苏永康
2014-06-21;835;苏永康
2014-06-21;835;苏永康
2014-06-21;835;苏永康
2014-06-21;835;苏永康
2014-06-21;835;苏永康
2014-06-21;835;苏永康
2014-06-21;835;苏永康
2014-06-21;835;苏永康
2014-06-21;836;苏有朋
2014-06-21;836;苏有朋
2014-06-21;836;苏有朋
2014-06-21;836;苏有朋
2014-06-21;836;苏有朋
2014-06-21;836;苏有朋
2014-06-21;836;苏有朋
2014-06-21;836;苏有朋
2014-06-21;836;苏有朋
2014-06-21;836;苏有朋
2014-06-21;836;苏有朋
2014-06-21;836;苏有朋
2014-06-21;836;苏有朋
2014-06-21;836;苏有朋
2014-06-21;837;苏洲
2014-06-21;837;苏洲
2014-06-21;838;眭澔平
2014-06-21;838;眭澔平
2014-06-21;840;孙国庆
2014-06-21;840;孙国庆
2014-06-21;842;孙敬凡
2014-06-21;842;孙敬凡
2014-06-21;843;孙楠
2014-06-21;843;孙楠
2014-06-21;843;孙楠
2014-06-21;843;孙楠
2014-06-21;843;孙楠
2014-06-21;843;孙楠
2014-06-21;843;孙楠
2014-06-21;843;孙楠
2014-06-21;843;孙楠
2014-06-21;843;孙楠
2014-06-21;843;孙楠
2014-06-21;843;孙楠
2014-06-21;844;孙情
2014-06-21;845;孙协志
2014-06-21;845;孙协志
2014-06-21;845;孙协志
2014-06-21;845;孙协志
2014-06-21;846;孙耀威
2014-06-21;846;孙耀威
2014-06-21;846;孙耀威
2014-06-21;846;孙耀威
2014-06-21;846;孙耀威
2014-06-21;846;孙耀威
2014-06-21;846;孙耀威
2014-06-21;846;孙耀威
2014-06-21;846;孙耀威
2014-06-21;846;孙耀威
2014-06-21;846;孙耀威
2014-06-21;846;孙耀威
2014-06-21;846;孙耀威
2014-06-21;846;孙耀威
2014-06-21;846;孙耀威
2014-06-21;846;孙耀威
2014-06-21;846;孙耀威
2014-06-21;846;孙耀威
2014-06-21;846;孙耀威
2014-06-21;846;孙耀威
2014-06-21;846;孙耀威
2014-06-21;848;Tae
2014-06-21;7158;原声带
2014-06-21;7169;群星
2014-06-21;60632;左宏元
2014-06-21;848;Tae
2014-06-21;849;Tank
2014-06-21;849;Tank
2014-06-21;850;邰正宵
2014-06-21;850;邰正宵
2014-06-21;850;邰正宵
2014-06-21;850;邰正宵
2014-06-21;850;邰正宵
2014-06-21;850;邰正宵
2014-06-21;850;邰正宵
2014-06-21;850;邰正宵
2014-06-21;850;邰正宵
2014-06-21;850;邰正宵
2014-06-21;850;邰正宵
2014-06-21;850;邰正宵
2014-06-21;850;邰正宵
2014-06-21;850;邰正宵
2014-06-21;850;邰正宵
2014-06-21;850;邰正宵
2014-06-21;850;邰正宵
2014-06-21;850;邰正宵
2014-06-21;850;邰正宵
2014-06-21;850;邰正宵
2014-06-21;850;邰正宵
2014-06-21;850;邰正宵
2014-06-21;851;钛
2014-06-21;852;泰迪罗宾
2014-06-21;852;泰迪罗宾
2014-06-21;852;泰迪罗宾
2014-06-21;852;泰迪罗宾
2014-06-21;852;泰迪罗宾
2014-06-21;852;泰迪罗宾
2014-06-21;853;谈军
2014-06-21;854;谭宝硕
2014-06-21;855;谭炳文
2014-06-21;855;谭炳文
2014-06-21;855;谭炳文
2014-06-21;855;谭炳文
2014-06-21;855;谭炳文
2014-06-21;855;谭炳文
2014-06-21;855;谭炳文
2014-06-21;855;谭炳文
2014-06-21;855;谭炳文
2014-06-21;855;谭炳文
2014-06-21;855;谭炳文
2014-06-21;855;谭炳文
2014-06-21;855;谭炳文
2014-06-21;855;谭炳文
2014-06-21;855;谭炳文
2014-06-21;855;谭炳文
2014-06-21;855;谭炳文
2014-06-21;855;谭炳文
2014-06-21;857;谭炎健
2014-06-21;857;谭炎健
2014-06-21;857;谭炎健
2014-06-21;857;谭炎健
2014-06-21;857;谭炎健
2014-06-21;858;谭耀文
2014-06-21;858;谭耀文
2014-06-21;858;谭耀文
2014-06-21;858;谭耀文
2014-06-21;858;谭耀文
2014-06-21;858;谭耀文
2014-06-21;859;谭咏麟
2014-06-21;859;谭咏麟
2014-06-21;859;谭咏麟
2014-06-21;859;谭咏麟
2014-06-21;859;谭咏麟
2014-06-21;859;谭咏麟
2014-06-21;859;谭咏麟
2014-06-21;859;谭咏麟
2014-06-21;859;谭咏麟
2014-06-21;859;谭咏麟
2014-06-21;32849;谭盾
2014-06-21;859;谭咏麟
2014-06-21;859;谭咏麟
2014-06-21;859;谭咏麟
2014-06-21;859;谭咏麟
2014-06-21;859;谭咏麟
2014-06-21;859;谭咏麟
2014-06-21;859;谭咏麟
2014-06-21;859;谭咏麟
2014-06-21;859;谭咏麟
2014-06-21;859;谭咏麟
2014-06-21;859;谭咏麟
2014-06-21;859;谭咏麟
2014-06-21;859;谭咏麟
2014-06-21;859;谭咏麟
2014-06-21;859;谭咏麟
2014-06-21;859;谭咏麟
2014-06-21;859;谭咏麟
2014-06-21;859;谭咏麟
2014-06-21;859;谭咏麟
2014-06-21;859;谭咏麟
2014-06-21;859;谭咏麟
2014-06-21;859;谭咏麟
2014-06-21;859;谭咏麟
2014-06-21;859;谭咏麟
2014-06-21;859;谭咏麟
2014-06-21;859;谭咏麟
2014-06-21;859;谭咏麟
2014-06-21;859;谭咏麟
2014-06-21;859;谭咏麟
2014-06-21;859;谭咏麟
2014-06-21;859;谭咏麟
2014-06-21;859;谭咏麟
2014-06-21;859;谭咏麟
2014-06-21;859;谭咏麟
2014-06-21;859;谭咏麟
2014-06-21;859;谭咏麟
2014-06-21;859;谭咏麟
2014-06-21;859;谭咏麟
2014-06-21;859;谭咏麟
2014-06-21;859;谭咏麟
2014-06-21;859;谭咏麟
2014-06-21;859;谭咏麟
2014-06-21;859;谭咏麟
2014-06-21;859;谭咏麟
2014-06-21;859;谭咏麟
2014-06-21;859;谭咏麟
2014-06-21;859;谭咏麟
2014-06-21;859;谭咏麟
2014-06-21;859;谭咏麟
2014-06-21;859;谭咏麟
2014-06-21;859;谭咏麟
2014-06-21;859;谭咏麟
2014-06-21;859;谭咏麟
2014-06-21;859;谭咏麟
2014-06-21;859;谭咏麟
2014-06-21;859;谭咏麟
2014-06-21;859;谭咏麟
2014-06-21;859;谭咏麟
2014-06-21;859;谭咏麟
2014-06-21;859;谭咏麟
2014-06-21;859;谭咏麟
2014-06-21;859;谭咏麟
2014-06-21;859;谭咏麟
2014-06-21;859;谭咏麟
2014-06-21;859;谭咏麟
2014-06-21;859;谭咏麟
2014-06-21;859;谭咏麟
2014-06-21;859;谭咏麟
2014-06-21;859;谭咏麟
2014-06-21;859;谭咏麟
2014-06-21;859;谭咏麟
2014-06-21;859;谭咏麟
2014-06-21;859;谭咏麟
2014-06-21;859;谭咏麟
2014-06-21;859;谭咏麟
2014-06-21;859;谭咏麟
2014-06-21;859;谭咏麟
2014-06-21;859;谭咏麟
2014-06-21;859;谭咏麟
2014-06-21;859;谭咏麟
2014-06-21;859;谭咏麟
2014-06-21;859;谭咏麟
2014-06-21;859;谭咏麟
2014-06-21;859;谭咏麟
2014-06-21;859;谭咏麟
2014-06-21;859;谭咏麟
2014-06-21;859;谭咏麟
2014-06-21;859;谭咏麟
2014-06-21;860;汤潮
2014-06-21;860;汤潮
2014-06-21;860;汤潮
2014-06-21;861;汤沐海
2014-06-21;862;汤正川
2014-06-21;863;唐彪
2014-06-21;864;唐东山
2014-06-21;865;唐磊
2014-06-21;865;唐磊
2014-06-21;865;唐磊
2014-06-21;866;唐尼
2014-06-21;866;唐尼
2014-06-21;866;唐尼
2014-06-21;866;唐尼
2014-06-21;866;唐尼
2014-06-21;866;唐尼
2014-06-21;866;唐尼
2014-06-21;866;唐尼
2014-06-21;866;唐尼
2014-06-21;866;唐尼
2014-06-21;866;唐尼
2014-06-21;866;唐尼
2014-06-21;866;唐尼
2014-06-21;866;唐尼
2014-06-21;866;唐尼
2014-06-21;867;唐文龙
2014-06-21;867;唐文龙
2014-06-21;867;唐文龙
2014-06-21;868;唐志伟
2014-06-21;869;陶大伟
2014-06-21;869;陶大伟
2014-06-21;870;陶喆
2014-06-21;870;陶喆
2014-06-21;870;陶喆
2014-06-21;870;陶喆
2014-06-21;870;陶喆
2014-06-21;870;陶喆
2014-06-21;870;陶喆
2014-06-21;870;陶喆
2014-06-21;870;陶喆
2014-06-21;871;腾格尔
2014-06-21;871;腾格尔
2014-06-21;871;腾格尔
2014-06-21;871;腾格尔
2014-06-21;871;腾格尔
2014-06-21;871;腾格尔
2014-06-21;871;腾格尔
2014-06-21;1836;梁静茹
2014-06-21;7169;群星
2014-06-21;871;腾格尔
2014-06-21;871;腾格尔
2014-06-21;871;腾格尔
2014-06-21;871;腾格尔
2014-06-21;871;腾格尔
2014-06-21;871;腾格尔
2014-06-21;871;腾格尔
2014-06-21;871;腾格尔
2014-06-21;871;腾格尔
2014-06-21;871;腾格尔
2014-06-21;871;腾格尔
2014-06-21;872;田家达
2014-06-21;872;田家达
2014-06-21;873;田宇
2014-06-21;874;佟大为
2014-06-21;875;佟铁鑫
2014-06-21;875;佟铁鑫
2014-06-21;876;童安格
2014-06-21;876;童安格
2014-06-21;876;童安格
2014-06-21;876;童安格
2014-06-21;876;童安格
2014-06-21;876;童安格
2014-06-21;876;童安格
2014-06-21;876;童安格
2014-06-21;876;童安格
2014-06-21;876;童安格
2014-06-21;876;童安格
2014-06-21;876;童安格
2014-06-21;876;童安格
2014-06-21;876;童安格
2014-06-21;877;童孔
2014-06-21;878;屠洪刚
2014-06-21;878;屠洪刚
2014-06-21;879;屠颖
2014-06-21;880;庹宗华
2014-06-21;880;庹宗华
2014-06-21;1272;周治平
2014-06-21;7169;群星
2014-06-21;880;庹宗华
2014-06-21;880;庹宗华
2014-06-21;881;庹宗康
2014-06-21;881;庹宗康
2014-06-21;882;游学志
2014-06-21;882;游学志
2014-06-21;882;游学志
2014-06-21;882;游学志
2014-06-21;882;游学志
2014-06-21;882;游学志
2014-06-21;883;万沙浪
2014-06-21;883;万沙浪
2014-06-21;884;万晓利
2014-06-21;884;万晓利
2014-06-21;885;万一
2014-06-21;886;万梓良
2014-06-21;887;汪峰
2014-06-21;887;汪峰
2014-06-21;887;汪峰
2014-06-21;887;汪峰
2014-06-21;887;汪峰
2014-06-21;887;汪峰
2014-06-21;888;王柏森
2014-06-21;888;王柏森
2014-06-21;888;王柏森
2014-06-21;888;王柏森
2014-06-21;890;王昌元
2014-06-21;892;王梵瑞
2014-06-21;893;王浩信
2014-06-21;893;王浩信
2014-06-21;894;王鹤铮
2014-06-21;895;王宏恩
2014-06-21;895;王宏恩
2014-06-21;896;王嘉明
2014-06-21;897;王建杰
2014-06-21;897;王建杰
2014-06-21;897;王建杰
2014-06-21;897;王建杰
2014-06-21;897;王建杰
2014-06-21;897;王建杰
2014-06-21;897;王建杰
2014-06-21;897;王建杰
2014-06-21;897;王建杰
2014-06-21;897;王建杰
2014-06-21;898;王建欣
2014-06-21;899;王杰
2014-06-21;899;王杰
2014-06-21;899;王杰
2014-06-21;899;王杰
2014-06-21;899;王杰
2014-06-21;899;王杰
2014-06-21;899;王杰
2014-06-21;899;王杰
2014-06-21;899;王杰
2014-06-21;899;王杰
2014-06-21;899;王杰
2014-06-21;899;王杰
2014-06-21;899;王杰
2014-06-21;899;王杰
2014-06-21;899;王杰
2014-06-21;899;王杰
2014-06-21;899;王杰
2014-06-21;899;王杰
2014-06-21;899;王杰
2014-06-21;899;王杰
2014-06-21;899;王杰
2014-06-21;899;王杰
2014-06-21;899;王杰
2014-06-21;899;王杰
2014-06-21;899;王杰
2014-06-21;899;王杰
2014-06-21;899;王杰
2014-06-21;899;王杰
2014-06-21;899;王杰
2014-06-21;899;王杰
2014-06-21;899;王杰
2014-06-21;899;王杰
2014-06-21;899;王杰
2014-06-21;899;王杰
2014-06-21;899;王杰
2014-06-21;899;王杰
2014-06-21;899;王杰
2014-06-21;899;王杰
2014-06-21;899;王杰
2014-06-21;899;王杰
2014-06-21;899;王杰
2014-06-21;899;王杰
2014-06-21;899;王杰
2014-06-21;899;王杰
2014-06-21;899;王杰
2014-06-21;899;王杰
2014-06-21;899;王杰
2014-06-21;900;王洁实
2014-06-21;900;王洁实
2014-06-21;900;王洁实
2014-06-21;900;王洁实
2014-06-21;900;王洁实
2014-06-21;901;王介安
2014-06-21;902;王珏
2014-06-21;903;王俊雄
2014-06-21;903;王俊雄
2014-06-21;903;王俊雄
2014-06-21;903;王俊雄
2014-06-21;903;王俊雄
2014-06-21;903;王俊雄
2014-06-21;903;王俊雄
2014-06-21;903;王俊雄
2014-06-21;903;王俊雄
2014-06-21;903;王俊雄
2014-06-21;903;王俊雄
2014-06-21;903;王俊雄
2014-06-21;903;王俊雄
2014-06-21;903;王俊雄
2014-06-21;903;王俊雄
2014-06-21;903;王俊雄
2014-06-21;903;王俊雄
2014-06-21;903;王俊雄
2014-06-21;903;王俊雄
2014-06-21;903;王俊雄
2014-06-21;903;王俊雄
2014-06-21;904;王开城
2014-06-21;905;王磊
2014-06-21;905;王磊
2014-06-21;905;王磊
2014-06-21;905;王磊
2014-06-21;906;王力宏
2014-06-21;906;王力宏
2014-06-21;906;王力宏
2014-06-21;906;王力宏
2014-06-21;906;王力宏
2014-06-21;92570;何国杰
2014-06-21;94391;罗启瑞
2014-06-21;95061;The Patinettes
2014-06-21;906;王力宏
2014-06-21;906;王力宏
2014-06-21;906;王力宏
2014-06-21;906;王力宏
2014-06-21;906;王力宏
2014-06-21;906;王力宏
2014-06-21;906;王力宏
2014-06-21;906;王力宏
2014-06-21;906;王力宏
2014-06-21;906;王力宏
2014-06-21;906;王力宏
2014-06-21;906;王力宏
2014-06-21;906;王力宏
2014-06-21;906;王力宏
2014-06-21;906;王力宏
2014-06-21;906;王力宏
2014-06-21;906;王力宏
2014-06-21;906;王力宏
2014-06-21;906;王力宏
2014-06-21;906;王力宏
2014-06-21;907;王立平
2014-06-21;908;王联
2014-06-21;908;王联
2014-06-21;909;王量
2014-06-21;910;王洛宾
2014-06-21;910;王洛宾
2014-06-21;910;王洛宾
2014-06-21;911;王梦麟
2014-06-21;912;王明哲
2014-06-21;913;王启文
2014-06-21;913;王启文
2014-06-21;913;王启文
2014-06-21;914;王仁宏
2014-06-21;915;王瑞瑜
2014-06-21;915;王瑞瑜
2014-06-21;916;王森地
2014-06-21;916;王森地
2014-06-21;916;王森地
2014-06-21;916;王森地
2014-06-21;917;王识贤
2014-06-21;917;王识贤
2014-06-21;917;王识贤
2014-06-21;917;王识贤
2014-06-21;917;王识贤
2014-06-21;917;王识贤
2014-06-21;917;王识贤
2014-06-21;917;王识贤
2014-06-21;917;王识贤
2014-06-21;917;王识贤
2014-06-21;918;王首承
2014-06-21;920;王威胜
2014-06-21;921;王喜
2014-06-21;921;王喜
2014-06-21;921;王喜
2014-06-21;922;王翔
2014-06-21;924;王雁盟
2014-06-21;924;王雁盟
2014-06-21;925;王永吉
2014-06-21;926;王勇
2014-06-21;927;王月明
2014-06-21;927;王月明
2014-06-21;927;王月明
2014-06-21;928;艺人概览
2014-06-21;929;王志文
2014-06-21;930;王中平
2014-06-21;930;王中平
2014-06-21;930;王中平
2014-06-21;930;王中平
2014-06-21;930;王中平
2014-06-21;930;王中平
2014-06-21;930;王中平
2014-06-21;930;王中平
2014-06-21;930;王中平
2014-06-21;930;王中平
2014-06-21;930;王中平
2014-06-21;931;王子鸣
2014-06-21;931;王子鸣
2014-06-21;931;王子鸣
2014-06-21;931;王子鸣
2014-06-21;931;王子鸣
2014-06-21;931;王子鸣
2014-06-21;932;韦岚笛
2014-06-21;933;魏巍
2014-06-21;934;温金龙
2014-06-21;934;温金龙
2014-06-21;934;温金龙
2014-06-21;935;温可铮
2014-06-21;936;温力铭
2014-06-21;936;温力铭
2014-06-21;936;温力铭
2014-06-21;936;温力铭
2014-06-21;7158;原声带
2014-06-21;937;温兆伦
2014-06-21;937;温兆伦
2014-06-21;937;温兆伦
2014-06-21;937;温兆伦
2014-06-21;937;温兆伦
2014-06-21;937;温兆伦
2014-06-21;937;温兆伦
2014-06-21;937;温兆伦
2014-06-21;937;温兆伦
2014-06-21;937;温兆伦
2014-06-21;937;温兆伦
2014-06-21;937;温兆伦
2014-06-21;937;温兆伦
2014-06-21;937;温兆伦
2014-06-21;938;文迪
2014-06-21;939;文夏
2014-06-21;940;文章
2014-06-21;940;文章
2014-06-21;940;文章
2014-06-21;940;文章
2014-06-21;940;文章
2014-06-21;940;文章
2014-06-21;940;文章
2014-06-21;940;文章
2014-06-21;940;文章
2014-06-21;940;文章
2014-06-21;940;文章
2014-06-21;940;文章
2014-06-21;940;文章
2014-06-21;940;文章
2014-06-21;940;文章
2014-06-21;940;文章
2014-06-21;940;文章
2014-06-21;940;文章
2014-06-21;941;汶麟
2014-06-21;941;汶麟
2014-06-21;942;翁立友
2014-06-21;942;翁立友
2014-06-21;942;翁立友
2014-06-21;943;翁培伦
2014-06-21;944;翁镇发
2014-06-21;945;巫奇
2014-06-21;945;巫奇
2014-06-21;945;巫奇
2014-06-21;945;巫奇
2014-06-21;945;巫奇
2014-06-21;946;巫启贤
2014-06-21;946;巫启贤
2014-06-21;946;巫启贤
2014-06-21;946;巫启贤
2014-06-21;946;巫启贤
2014-06-21;946;巫启贤
2014-06-21;946;巫启贤
2014-06-21;946;巫启贤
2014-06-21;946;巫启贤
2014-06-21;946;巫启贤
2014-06-21;946;巫启贤
2014-06-21;946;巫启贤
2014-06-21;946;巫启贤
2014-06-21;946;巫启贤
2014-06-21;946;巫启贤
2014-06-21;946;巫启贤
2014-06-21;946;巫启贤
2014-06-21;946;巫启贤
2014-06-21;946;巫启贤
2014-06-21;946;巫启贤
2014-06-21;946;巫启贤
2014-06-21;946;巫启贤
2014-06-21;946;巫启贤
2014-06-21;946;巫启贤
2014-06-21;946;巫启贤
2014-06-21;946;巫启贤
2014-06-21;946;巫启贤
2014-06-21;946;巫启贤
2014-06-21;946;巫启贤
2014-06-21;946;巫启贤
2014-06-21;946;巫启贤
2014-06-21;946;巫启贤
2014-06-21;946;巫启贤
2014-06-21;947;吴百伦
2014-06-21;949;吴大维
2014-06-21;950;吴大卫
2014-06-21;951;吴岱融
2014-06-21;952;吴涤清
2014-06-21;952;吴涤清
2014-06-21;952;吴涤清
2014-06-21;952;吴涤清
2014-06-21;952;吴涤清
2014-06-21;1428;陈松伶
2014-06-21;952;吴涤清
2014-06-21;952;吴涤清
2014-06-21;952;吴涤清
2014-06-21;952;吴涤清
2014-06-21;952;吴涤清
2014-06-21;953;吴刚
2014-06-21;953;吴刚
2014-06-21;954;吴国敬
2014-06-21;954;吴国敬
2014-06-21;954;吴国敬
2014-06-21;954;吴国敬
2014-06-21;954;吴国敬
2014-06-21;954;吴国敬
2014-06-21;954;吴国敬
2014-06-21;954;吴国敬
2014-06-21;954;吴国敬
2014-06-21;954;吴国敬
2014-06-21;954;吴国敬
2014-06-21;954;吴国敬
2014-06-21;954;吴国敬
2014-06-21;956;吴浩康
2014-06-21;956;吴浩康
2014-06-21;956;吴浩康
2014-06-21;956;吴浩康
2014-06-21;956;吴浩康
2014-06-21;956;吴浩康
2014-06-21;956;吴浩康
2014-06-21;957;吴建豪
2014-06-21;957;吴建豪
2014-06-21;958;吴克羣
2014-06-21;958;吴克羣
2014-06-21;958;吴克羣
2014-06-21;958;吴克羣
2014-06-21;958;吴克羣
2014-06-21;960;吴鹏
2014-06-21;961;吴奇隆
2014-06-21;961;吴奇隆
2014-06-21;961;吴奇隆
2014-06-21;961;吴奇隆
2014-06-21;961;吴奇隆
2014-06-21;961;吴奇隆
2014-06-21;961;吴奇隆
2014-06-21;961;吴奇隆
2014-06-21;961;吴奇隆
2014-06-21;961;吴奇隆
2014-06-21;961;吴奇隆
2014-06-21;961;吴奇隆
2014-06-21;961;吴奇隆
2014-06-21;961;吴奇隆
2014-06-21;961;吴奇隆
2014-06-21;962;吴启华
2014-06-21;962;吴启华
2014-06-21;963;吴若权
2014-06-21;964;吴爽
2014-06-21;965;吴彤
2014-06-21;965;吴彤
2014-06-21;966;吴炜
2014-06-21;967;吴文笙
2014-06-21;969;艺人概览
2014-06-21;970;吴秀波
2014-06-21;971;吴翼男
2014-06-21;972;吴迎
2014-06-21;973;吴宇凯
2014-06-21;974;吴展濠
2014-06-21;976;吴卓羲
2014-06-21;976;吴卓羲
2014-06-21;977;吴宗宪
2014-06-21;977;吴宗宪
2014-06-21;977;吴宗宪
2014-06-21;977;吴宗宪
2014-06-21;977;吴宗宪
2014-06-21;977;吴宗宪
2014-06-21;977;吴宗宪
2014-06-21;977;吴宗宪
2014-06-21;977;吴宗宪
2014-06-21;977;吴宗宪
2014-06-21;977;吴宗宪
2014-06-21;977;吴宗宪
2014-06-21;977;吴宗宪
2014-06-21;977;吴宗宪
2014-06-21;978;伍佰&China Blue
2014-06-21;978;伍佰&China Blue
2014-06-21;978;伍佰&China Blue
2014-06-21;978;伍佰&China Blue
2014-06-21;7158;原声带
2014-06-21;57383;吴兆基
2014-06-21;57383;吴兆基
2014-06-21;978;伍佰&China Blue
2014-06-21;978;伍佰&China Blue
2014-06-21;978;伍佰&China Blue
2014-06-21;978;伍佰&China Blue
2014-06-21;978;伍佰&China Blue
2014-06-21;978;伍佰&China Blue
2014-06-21;978;伍佰&China Blue
2014-06-21;978;伍佰&China Blue
2014-06-21;978;伍佰&China Blue
2014-06-21;978;伍佰&China Blue
2014-06-21;978;伍佰&China Blue
2014-06-21;978;伍佰&China Blue
2014-06-21;978;伍佰&China Blue
2014-06-21;978;伍佰&China Blue
2014-06-21;978;伍佰&China Blue
2014-06-21;978;伍佰&China Blue
2014-06-21;978;伍佰&China Blue
2014-06-21;978;伍佰&China Blue
2014-06-21;979;伍国忠
2014-06-21;979;伍国忠
2014-06-21;979;伍国忠
2014-06-21;979;伍国忠
2014-06-21;980;伍乐城
2014-06-21;981;伍思凯
2014-06-21;981;伍思凯
2014-06-21;981;伍思凯
2014-06-21;981;伍思凯
2014-06-21;981;伍思凯
2014-06-21;981;伍思凯
2014-06-21;981;伍思凯
2014-06-21;981;伍思凯
2014-06-21;981;伍思凯
2014-06-21;981;伍思凯
2014-06-21;981;伍思凯
2014-06-21;981;伍思凯
2014-06-21;981;伍思凯
2014-06-21;981;伍思凯
2014-06-21;981;伍思凯
2014-06-21;981;伍思凯
2014-06-21;981;伍思凯
2014-06-21;981;伍思凯
2014-06-21;981;伍思凯
2014-06-21;981;伍思凯
2014-06-21;982;伍卫国
2014-06-21;983;伍修平
2014-06-21;984;解小东
2014-06-21;984;解小东
2014-06-21;986;西皮士
2014-06-21;987;奚雷
2014-06-21;988;Kitaro
2014-06-21;988;Kitaro
2014-06-21;988;Kitaro
2014-06-21;988;Kitaro
2014-06-21;988;Kitaro
2014-06-21;988;Kitaro
2014-06-21;988;Kitaro
2014-06-21;989;夏·保罗
2014-06-21;990;夏金城
2014-06-21;990;夏金城
2014-06-21;990;夏金城
2014-06-21;991;夏韶声
2014-06-21;991;夏韶声
2014-06-21;991;夏韶声
2014-06-21;991;夏韶声
2014-06-21;991;夏韶声
2014-06-21;991;夏韶声
2014-06-21;991;夏韶声
2014-06-21;991;夏韶声
2014-06-21;991;夏韶声
2014-06-21;991;夏韶声
2014-06-21;991;夏韶声
2014-06-21;991;夏韶声
2014-06-21;991;夏韶声
2014-06-21;991;夏韶声
2014-06-21;991;夏韶声
2014-06-21;991;夏韶声
2014-06-21;991;夏韶声
2014-06-21;991;夏韶声
2014-06-21;991;夏韶声
2014-06-21;991;夏韶声
2014-06-21;991;夏韶声
2014-06-21;991;夏韶声
2014-06-21;991;夏韶声
2014-06-21;991;夏韶声
2014-06-21;993;湘海
2014-06-21;995;萧白镛
2014-06-21;996;萧福德
2014-06-21;996;萧福德
2014-06-21;996;萧福德
2014-06-21;997;萧煌奇
2014-06-21;997;萧煌奇
2014-06-21;997;萧煌奇
2014-06-21;998;李紫昕
2014-06-21;999;萧正楠
2014-06-21;999;萧正楠
2014-06-21;999;萧正楠
2014-06-21;1000;小安
2014-06-21;1001;小虫
2014-06-21;1001;小虫
2014-06-21;1001;小虫
2014-06-21;1001;小虫
2014-06-21;1001;小虫
2014-06-21;1001;小虫
2014-06-21;1002;小东
2014-06-21;1002;小东
2014-06-21;1003;小非
2014-06-21;1004;小高
2014-06-21;1005;小光
2014-06-21;1006;小柯
2014-06-21;1006;小柯
2014-06-21;1006;小柯
2014-06-21;1006;小柯
2014-06-21;1007;曾一鸣
2014-06-21;1009;小松拓也
2014-06-21;1010;晓戈
2014-06-21;1011;肖飞
2014-06-21;1012;歇斯
2014-06-21;1013;谢东
2014-06-21;1013;谢东
2014-06-21;1014;谢军
2014-06-21;1014;谢军
2014-06-21;1015;谢雷
2014-06-21;1015;谢雷
2014-06-21;1015;谢雷
2014-06-21;1015;谢雷
2014-06-21;1016;谢天笑
2014-06-21;1016;谢天笑
2014-06-21;1017;谢霆锋
2014-06-21;1017;谢霆锋
2014-06-21;1017;谢霆锋
2014-06-21;1017;谢霆锋
2014-06-21;1017;谢霆锋
2014-06-21;1017;谢霆锋
2014-06-21;1017;谢霆锋
2014-06-21;1017;谢霆锋
2014-06-21;1017;谢霆锋
2014-06-21;1017;谢霆锋
2014-06-21;1017;谢霆锋
2014-06-21;1017;谢霆锋
2014-06-21;1017;谢霆锋
2014-06-21;1017;谢霆锋
2014-06-21;1017;谢霆锋
2014-06-21;1017;谢霆锋
2014-06-21;1017;谢霆锋
2014-06-21;1017;谢霆锋
2014-06-21;1017;谢霆锋
2014-06-21;1017;谢霆锋
2014-06-21;1017;谢霆锋
2014-06-21;1017;谢霆锋
2014-06-21;1017;谢霆锋
2014-06-21;1017;谢霆锋
2014-06-21;1017;谢霆锋
2014-06-21;1017;谢霆锋
2014-06-21;1017;谢霆锋
2014-06-21;1019;谢宇书
2014-06-21;1020;谢宇威
2014-06-21;1020;谢宇威
2014-06-21;77375;陈小平
2014-06-21;80728;陈小奇
2014-06-21;1021;谢祖武
2014-06-21;1022;辛龙
2014-06-21;1022;辛龙
2014-06-21;1023;辛子奇
2014-06-21;1024;信
2014-06-21;1024;信
2014-06-21;1025;熊天平
2014-06-21;1025;熊天平
2014-06-21;1025;熊天平
2014-06-21;1025;熊天平
2014-06-21;1025;熊天平
2014-06-21;1025;熊天平
2014-06-21;1025;熊天平
2014-06-21;1025;熊天平
2014-06-21;1025;熊天平
2014-06-21;1025;熊天平
2014-06-21;1025;熊天平
2014-06-21;1026;徐嘉良
2014-06-21;1027;徐靖博
2014-06-21;1028;徐乃麟
2014-06-21;1028;徐乃麟
2014-06-21;1028;徐乃麟
2014-06-21;1028;徐乃麟
2014-06-21;1029;徐清原
2014-06-21;1029;徐清原
2014-06-21;1030;徐仁修
2014-06-21;1031;徐伟贤
2014-06-21;1031;徐伟贤
2014-06-21;1032;徐玮
2014-06-21;1032;徐玮
2014-06-21;1033;徐小明
2014-06-21;1033;徐小明
2014-06-21;1033;徐小明
2014-06-21;1033;徐小明
2014-06-21;1033;徐小明
2014-06-21;1033;徐小明
2014-06-21;1033;徐小明
2014-06-21;1033;徐小明
2014-06-21;1033;徐小明
2014-06-21;1034;徐鑫
2014-06-21;1035;徐镇东
2014-06-21;1036;徐子崴
2014-06-21;1037;徐子源
2014-06-21;1038;许冠杰
2014-06-21;1038;许冠杰
2014-06-21;1038;许冠杰
2014-06-21;1038;许冠杰
2014-06-21;1038;许冠杰
2014-06-21;1038;许冠杰
2014-06-21;1038;许冠杰
2014-06-21;1038;许冠杰
2014-06-21;1038;许冠杰
2014-06-21;1038;许冠杰
2014-06-21;1038;许冠杰
2014-06-21;1038;许冠杰
2014-06-21;1038;许冠杰
2014-06-21;1038;许冠杰
2014-06-21;1038;许冠杰
2014-06-21;1038;许冠杰
2014-06-21;1038;许冠杰
2014-06-21;1038;许冠杰
2014-06-21;1038;许冠杰
2014-06-21;1038;许冠杰
2014-06-21;1038;许冠杰
2014-06-21;1038;许冠杰
2014-06-21;1038;许冠杰
2014-06-21;1038;许冠杰
2014-06-21;1038;许冠杰
2014-06-21;1038;许冠杰
2014-06-21;1038;许冠杰
2014-06-21;1038;许冠杰
2014-06-21;1038;许冠杰
2014-06-21;1038;许冠杰
2014-06-21;1038;许冠杰
2014-06-21;1038;许冠杰
2014-06-21;1038;许冠杰
2014-06-21;1038;许冠杰
2014-06-21;1038;许冠杰
2014-06-21;1038;许冠杰
2014-06-21;1038;许冠杰
2014-06-21;1038;许冠杰
2014-06-21;1038;许冠杰
2014-06-21;1038;许冠杰
2014-06-21;1038;许冠杰
2014-06-21;1038;许冠杰
2014-06-21;1038;许冠杰
2014-06-21;1038;许冠杰
2014-06-21;1038;许冠杰
2014-06-21;1038;许冠杰
2014-06-21;1039;许冠英
2014-06-21;1039;许冠英
2014-06-21;1039;许冠英
2014-06-21;1039;许冠英
2014-06-21;1039;许冠英
2014-06-21;1040;许海
2014-06-21;1041;许健
2014-06-21;1042;许可
2014-06-21;1043;许乐
2014-06-21;1043;许乐
2014-06-21;1043;许乐
2014-06-21;1043;许乐
2014-06-21;1045;许绍洋
2014-06-21;1045;许绍洋
2014-06-21;1046;许巍
2014-06-21;1046;许巍
2014-06-21;1046;许巍
2014-06-21;1046;许巍
2014-06-21;1046;许巍
2014-06-21;1046;许巍
2014-06-21;1047;许元成
2014-06-21;1048;许志安
2014-06-21;1048;许志安
2014-06-21;1048;许志安
2014-06-21;1048;许志安
2014-06-21;1048;许志安
2014-06-21;1048;许志安
2014-06-21;1048;许志安
2014-06-21;1048;许志安
2014-06-21;1048;许志安
2014-06-21;1048;许志安
2014-06-21;1048;许志安
2014-06-21;1048;许志安
2014-06-21;1048;许志安
2014-06-21;1048;许志安
2014-06-21;1048;许志安
2014-06-21;1048;许志安
2014-06-21;1048;许志安
2014-06-21;1048;许志安
2014-06-21;1048;许志安
2014-06-21;1048;许志安
2014-06-21;1048;许志安
2014-06-21;1048;许志安
2014-06-21;1048;许志安
2014-06-21;1048;许志安
2014-06-21;1048;许志安
2014-06-21;1048;许志安
2014-06-21;1048;许志安
2014-06-21;1048;许志安
2014-06-21;1048;许志安
2014-06-21;1048;许志安
2014-06-21;1048;许志安
2014-06-21;1048;许志安
2014-06-21;1048;许志安
2014-06-21;1048;许志安
2014-06-21;1048;许志安
2014-06-21;1048;许志安
2014-06-21;1048;许志安
2014-06-21;1048;许志安
2014-06-21;1048;许志安
2014-06-21;1048;许志安
2014-06-21;1048;许志安
2014-06-21;1048;许志安
2014-06-21;1048;许志安
2014-06-21;1048;许志安
2014-06-21;1048;许志安
2014-06-21;1048;许志安
2014-06-21;1048;许志安
2014-06-21;1048;许志安
2014-06-21;1048;许志安
2014-06-21;1048;许志安
2014-06-21;1048;许志安
2014-06-21;1048;许志安
2014-06-21;1048;许志安
2014-06-21;1048;许志安
2014-06-21;1048;许志安
2014-06-21;1048;许志安
2014-06-21;1048;许志安
2014-06-21;1048;许志安
2014-06-21;1049;许子聪
2014-06-21;1050;旭天
2014-06-21;1050;旭天
2014-06-21;1051;薛伟
2014-06-21;1051;薛伟
2014-06-21;1051;薛伟
2014-06-21;1051;薛伟
2014-06-21;1051;薛伟
2014-06-21;1051;薛伟
2014-06-21;1051;薛伟
2014-06-21;1051;薛伟
2014-06-21;1051;薛伟
2014-06-21;1051;薛伟
2014-06-21;1051;薛伟
2014-06-21;1053;薛岳
2014-06-21;1053;薛岳
2014-06-21;1053;薛岳
2014-06-21;1053;薛岳
2014-06-21;1053;薛岳
2014-06-21;1053;薛岳
2014-06-21;1053;薛岳
2014-06-21;1054;薛志正
2014-06-21;1055;薛忠铭
2014-06-21;1056;雪村
2014-06-21;1056;雪村
2014-06-21;1058;周传雄
2014-06-21;1058;周传雄
2014-06-21;1058;周传雄
2014-06-21;1058;周传雄
2014-06-21;1058;周传雄
2014-06-21;1058;周传雄
2014-06-21;1058;周传雄
2014-06-21;1058;周传雄
2014-06-21;1058;周传雄
2014-06-21;1058;周传雄
2014-06-21;1058;周传雄
2014-06-21;1058;周传雄
2014-06-21;1058;周传雄
2014-06-21;1058;周传雄
2014-06-21;1058;周传雄
2014-06-21;1058;周传雄
2014-06-21;1058;周传雄
2014-06-21;1059;Alan Young
2014-06-21;1060;乐之翼
2014-06-21;1061;亚东
2014-06-21;1061;亚东
2014-06-21;1061;亚东
2014-06-21;1061;亚东
2014-06-21;1062;亚明
2014-06-21;1063;亚雄
2014-06-21;1064;严波
2014-06-21;1065;言承旭
2014-06-21;1065;言承旭
2014-06-21;1066;阎维文
2014-06-21;1066;阎维文
2014-06-21;1066;阎维文
2014-06-21;1066;阎维文
2014-06-21;1066;阎维文
2014-06-21;1067;阎学敏
2014-06-21;1067;阎学敏
2014-06-21;1067;阎学敏
2014-06-21;1068;颜福伟
2014-06-21;1068;颜福伟
2014-06-21;1069;颜联武
2014-06-21;1069;颜联武
2014-06-21;1069;颜联武
2014-06-21;1070;颜志文
2014-06-21;1070;颜志文
2014-06-21;1070;颜志文
2014-06-21;1070;颜志文
2014-06-21;1071;阳帆
2014-06-21;1071;阳帆
2014-06-21;1071;阳帆
2014-06-21;1071;阳帆
2014-06-21;1071;阳帆
2014-06-21;1071;阳帆
2014-06-21;1071;阳帆
2014-06-21;1071;阳帆
2014-06-21;1072;阳一
2014-06-21;1072;阳一
2014-06-21;1072;阳一
2014-06-21;1072;阳一
2014-06-21;1073;杨臣刚
2014-06-21;1073;杨臣刚
2014-06-21;1073;杨臣刚
2014-06-21;1073;杨臣刚
2014-06-21;1073;杨臣刚
2014-06-21;1074;杨呈伟
2014-06-21;1075;杨大为
2014-06-21;1076;杨洪基
2014-06-21;1077;杨家成
2014-06-21;1078;杨嘉松
2014-06-21;1078;杨嘉松
2014-06-21;1079;杨锦聪
2014-06-21;1080;杨峻荣
2014-06-21;1080;杨峻荣
2014-06-21;1080;杨峻荣
2014-06-21;1080;杨峻荣
2014-06-21;1127;余天
2014-06-21;1883;林少英
2014-06-21;1080;杨峻荣
2014-06-21;1080;杨峻荣
2014-06-21;1081;杨克强
2014-06-21;1081;杨克强
2014-06-21;1081;杨克强
2014-06-21;1081;杨克强
2014-06-21;1081;杨克强
2014-06-21;1082;杨坤
2014-06-21;1082;杨坤
2014-06-21;1082;杨坤
2014-06-21;1082;杨坤
2014-06-21;1083;杨烈
2014-06-21;1084;杨明煌
2014-06-21;1085;杨庆煌
2014-06-21;1085;杨庆煌
2014-06-21;1085;杨庆煌
2014-06-21;1085;杨庆煌
2014-06-21;1085;杨庆煌
2014-06-21;1085;杨庆煌
2014-06-21;1085;杨庆煌
2014-06-21;1086;杨惟
2014-06-21;1087;杨弦
2014-06-21;1087;杨弦
2014-06-21;1087;杨弦
2014-06-21;1088;杨耀东
2014-06-21;1088;杨耀东
2014-06-21;1089;杨一
2014-06-21;1090;杨哲
2014-06-21;1090;杨哲
2014-06-21;1091;杨宗宪
2014-06-21;1091;杨宗宪
2014-06-21;1091;杨宗宪
2014-06-21;1091;杨宗宪
2014-06-21;1091;杨宗宪
2014-06-21;1091;杨宗宪
2014-06-21;1091;杨宗宪
2014-06-21;1091;杨宗宪
2014-06-21;1091;杨宗宪
2014-06-21;1091;杨宗宪
2014-06-21;1091;杨宗宪
2014-06-21;1091;杨宗宪
2014-06-21;1092;姚乙
2014-06-21;1092;姚乙
2014-06-21;1093;姚忠
2014-06-21;1094;野峰
2014-06-21;1096;叶开
2014-06-21;1097;叶良俊
2014-06-21;1097;叶良俊
2014-06-21;1097;叶良俊
2014-06-21;1098;叶启田
2014-06-21;1098;叶启田
2014-06-21;1098;叶启田
2014-06-21;1098;叶启田
2014-06-21;1099;叶世荣
2014-06-21;1099;叶世荣
2014-06-21;1099;叶世荣
2014-06-21;1100;叶树涵
2014-06-21;1100;叶树涵
2014-06-21;1101;叶文辉
2014-06-21;1101;叶文辉
2014-06-21;1101;叶文辉
2014-06-21;1101;叶文辉
2014-06-21;1101;叶文辉
2014-06-21;1102;叶锡安
2014-06-21;1102;叶锡安
2014-06-21;1103;叶宇澄
2014-06-21;1103;叶宇澄
2014-06-21;1103;叶宇澄
2014-06-21;1104;叶振棠
2014-06-21;1104;叶振棠
2014-06-21;1104;叶振棠
2014-06-21;1104;叶振棠
2014-06-21;1104;叶振棠
2014-06-21;1104;叶振棠
2014-06-21;1104;叶振棠
2014-06-21;1104;叶振棠
2014-06-21;1104;叶振棠
2014-06-21;1104;叶振棠
2014-06-21;1104;叶振棠
2014-06-21;1104;叶振棠
2014-06-21;1104;叶振棠
2014-06-21;2733;凡人二重唱
2014-06-21;7158;原声带
2014-06-21;57031;Zion
2014-06-21;1104;叶振棠
2014-06-21;1104;叶振棠
2014-06-21;1104;叶振棠
2014-06-21;1104;叶振棠
2014-06-21;1104;叶振棠
2014-06-21;1104;叶振棠
2014-06-21;1104;叶振棠
2014-06-21;1105;一帆
2014-06-21;1106;伊格
2014-06-21;1107;伊洋
2014-06-21;1107;伊洋
2014-06-21;1107;伊洋
2014-06-21;1108;易桀齐
2014-06-21;1108;易桀齐
2014-06-21;1109;殷飚
2014-06-21;1110;殷承宗
2014-06-21;1110;殷承宗
2014-06-21;1110;殷承宗
2014-06-21;1110;殷承宗
2014-06-21;1110;殷承宗
2014-06-21;1110;殷承宗
2014-06-21;1111;殷浩
2014-06-21;1112;殷正洋
2014-06-21;1112;殷正洋
2014-06-21;1112;殷正洋
2014-06-21;1112;殷正洋
2014-06-21;1112;殷正洋
2014-06-21;1112;殷正洋
2014-06-21;1112;殷正洋
2014-06-21;1112;殷正洋
2014-06-21;1112;殷正洋
2014-06-21;1112;殷正洋
2014-06-21;1112;殷正洋
2014-06-21;1112;殷正洋
2014-06-21;1112;殷正洋
2014-06-21;1112;殷正洋
2014-06-21;1112;殷正洋
2014-06-21;1113;尹光
2014-06-21;1113;尹光
2014-06-21;1113;尹光
2014-06-21;1113;尹光
2014-06-21;1113;尹光
2014-06-21;1113;尹光
2014-06-21;1113;尹光
2014-06-21;1113;尹光
2014-06-21;1113;尹光
2014-06-21;1113;尹光
2014-06-21;1113;尹光
2014-06-21;1113;尹光
2014-06-21;1113;尹光
2014-06-21;1113;尹光
2014-06-21;1113;尹光
2014-06-21;1113;尹光
2014-06-21;1113;尹光
2014-06-21;1113;尹光
2014-06-21;1113;尹光
2014-06-21;1113;尹光
2014-06-21;1114;尹吾
2014-06-21;1114;尹吾
2014-06-21;1114;尹吾
2014-06-21;1116;尹子维
2014-06-21;1117;应昌佑
2014-06-21;1118;应豪
2014-06-21;1118;应豪
2014-06-21;1119;永邦
2014-06-21;1119;永邦
2014-06-21;1119;永邦
2014-06-21;1119;永邦
2014-06-21;1120;游鸿明
2014-06-21;1120;游鸿明
2014-06-21;1120;游鸿明
2014-06-21;1120;游鸿明
2014-06-21;1120;游鸿明
2014-06-21;1120;游鸿明
2014-06-21;1120;游鸿明
2014-06-21;1120;游鸿明
2014-06-21;1120;游鸿明
2014-06-21;1120;游鸿明
2014-06-21;1120;游鸿明
2014-06-21;1120;游鸿明
2014-06-21;1120;游鸿明
2014-06-21;1120;游鸿明
2014-06-21;1120;游鸿明
2014-06-21;1120;游鸿明
2014-06-21;1121;于凤翔
2014-06-21;1122;于冠华
2014-06-21;1122;于冠华
2014-06-21;1122;于冠华
2014-06-21;1122;于冠华
2014-06-21;1122;于冠华
2014-06-21;1122;于冠华
2014-06-21;1123;于光中
2014-06-21;1124;于立成
2014-06-21;1124;于立成
2014-06-21;1125;余帝
2014-06-21;1126;余其伟
2014-06-21;1126;余其伟
2014-06-21;1127;余天
2014-06-21;1127;余天
2014-06-21;1127;余天
2014-06-21;1127;余天
2014-06-21;1127;余天
2014-06-21;1127;余天
2014-06-21;1127;余天
2014-06-21;1127;余天
2014-06-21;1127;余天
2014-06-21;1127;余天
2014-06-21;1127;余天
2014-06-21;1127;余天
2014-06-21;1127;余天
2014-06-21;1127;余天
2014-06-21;1127;余天
2014-06-21;1127;余天
2014-06-21;1127;余天
2014-06-21;1127;余天
2014-06-21;1127;余天
2014-06-21;1127;余天
2014-06-21;1127;余天
2014-06-21;1127;余天
2014-06-21;1127;余天
2014-06-21;1127;余天
2014-06-21;1127;余天
2014-06-21;1127;余天
2014-06-21;1128;余文乐
2014-06-21;1128;余文乐
2014-06-21;1128;余文乐
2014-06-21;1128;余文乐
2014-06-21;1128;余文乐
2014-06-21;1129;余亦五
2014-06-21;1130;俞逊发
2014-06-21;1130;俞逊发
2014-06-21;1130;俞逊发
2014-06-21;1131;雨宗林
2014-06-21;1131;雨宗林
2014-06-21;1131;雨宗林
2014-06-21;1131;雨宗林
2014-06-21;1131;雨宗林
2014-06-21;1131;雨宗林
2014-06-21;1132;庾澄庆
2014-06-21;1132;庾澄庆
2014-06-21;1132;庾澄庆
2014-06-21;1132;庾澄庆
2014-06-21;1132;庾澄庆
2014-06-21;1132;庾澄庆
2014-06-21;1132;庾澄庆
2014-06-21;1132;庾澄庆
2014-06-21;1132;庾澄庆
2014-06-21;1132;庾澄庆
2014-06-21;1132;庾澄庆
2014-06-21;1132;庾澄庆
2014-06-21;1132;庾澄庆
2014-06-21;1132;庾澄庆
2014-06-21;1132;庾澄庆
2014-06-21;1132;庾澄庆
2014-06-21;1132;庾澄庆
2014-06-21;1132;庾澄庆
2014-06-21;1132;庾澄庆
2014-06-21;1132;庾澄庆
2014-06-21;1132;庾澄庆
2014-06-21;1132;庾澄庆
2014-06-21;1132;庾澄庆
2014-06-21;1133;郁冬
2014-06-21;1134;郁钧剑
2014-06-21;1134;郁钧剑
2014-06-21;1135;元通
2014-06-21;1136;袁培华
2014-06-21;1136;袁培华
2014-06-21;1137;袁惟仁
2014-06-21;1137;袁惟仁
2014-06-21;1137;袁惟仁
2014-06-21;1138;袁小迪
2014-06-21;1138;袁小迪
2014-06-21;1138;袁小迪
2014-06-21;1138;袁小迪
2014-06-21;1138;袁小迪
2014-06-21;1138;袁小迪
2014-06-21;1138;袁小迪
2014-06-21;1138;袁小迪
2014-06-21;1138;袁小迪
2014-06-21;1139;袁子皓
2014-06-21;1139;袁子皓
2014-06-21;1139;袁子皓
2014-06-21;1140;袁志伟
2014-06-21;1140;袁志伟
2014-06-21;1141;增山裕纪
2014-06-21;1142;臧天朔
2014-06-21;1142;臧天朔
