2014-06-26;4263;ELLEGARDEN
2014-06-26;4432;風味堂
2014-06-26;4432;風味堂
2014-06-26;4462;Gavy NJ
2014-06-26;4464;the GazettE
2014-06-26;4464;the GazettE
2014-06-26;4464;the GazettE
2014-06-26;4464;the GazettE
2014-06-26;4464;the GazettE
2014-06-26;4464;the GazettE
2014-06-26;4548;谷山浩子
2014-06-26;4555;Buck-Tick
2014-06-26;4555;Buck-Tick
2014-06-26;4555;Buck-Tick
2014-06-26;4555;Buck-Tick
2014-06-26;4555;Buck-Tick
2014-06-26;4647;홍경민
2014-06-26;4647;홍경민
2014-06-26;4647;홍경민
2014-06-26;4647;홍경민
2014-06-26;4647;홍경민
2014-06-26;4856;嘉陽愛子
2014-06-26;4876;Kagrra
2014-06-26;4876;Kagrra
2014-06-26;4876;Kagrra
2014-06-26;4876;Kagrra
2014-06-26;4876;Kagrra
2014-06-26;4989;Last Alliance
2014-06-26;4989;Last Alliance
2014-06-26;4989;Last Alliance
2014-06-26;4989;Last Alliance
2014-06-26;5103;이승기
2014-06-26;5103;이승기
2014-06-26;5104;이선희
2014-06-26;5104;이선희
2014-06-26;5104;이선희
2014-06-26;5104;이선희
2014-06-26;5104;이선희
2014-06-26;5104;이선희
2014-06-26;5104;이선희
2014-06-26;5109;임형주
2014-06-26;5109;임형주
2014-06-26;5109;임형주
2014-06-26;5109;임형주
2014-06-26;5109;임형주
2014-06-26;5109;임형주
2014-06-26;5148;Malice Mizer
2014-06-26;5148;Malice Mizer
2014-06-26;5148;Malice Mizer
2014-06-26;5148;Malice Mizer
2014-06-26;5148;Malice Mizer
2014-06-26;5148;Malice Mizer
2014-06-26;5148;Malice Mizer
2014-06-26;5148;Malice Mizer
2014-06-26;5148;Malice Mizer
2014-06-26;5148;Malice Mizer
2014-06-26;5197;Maronie Girls
2014-06-26;5228;岡本真夜
2014-06-26;5357;艺人概览
2014-06-26;5357;艺人概览
2014-06-26;5463;No Kiss
2014-06-26;5506;大山百合香
2014-06-26;5506;大山百合香
2014-06-26;5506;大山百合香
2014-06-26;5506;大山百合香
2014-06-26;5546;PAMELAH
2014-06-26;5546;PAMELAH
2014-06-26;5546;PAMELAH
2014-06-26;5551;Paper Moon
2014-06-26;5690;청안
2014-06-26;5702;RAG FAIR
2014-06-26;5702;RAG FAIR
2014-06-26;5702;RAG FAIR
2014-06-26;5811;2Shai
2014-06-26;5811;2Shai
2014-06-26;5827;Sam Lee
2014-06-26;56398;笹川美和
2014-06-26;5878;Seo Hoo
2014-06-26;5878;Seo Hoo
2014-06-26;6146;山本サヤカ
2014-06-26;6150;上原あずみ
2014-06-26;6150;上原あずみ
2014-06-26;6150;上原あずみ
2014-06-26;6159;矢野絢子
2014-06-26;6159;矢野絢子
2014-06-26;6159;矢野絢子
2014-06-26;6159;矢野絢子
2014-06-26;6159;矢野絢子
2014-06-26;6160;霜月はるか
2014-06-26;6405;鳳山雅姫
2014-06-26;6405;鳳山雅姫
2014-06-26;6405;鳳山雅姫
2014-06-26;6405;鳳山雅姫
2014-06-26;6405;鳳山雅姫
2014-06-26;6435;T-Square
2014-06-26;6435;T-Square
2014-06-26;6435;T-Square
2014-06-26;6435;T-Square
2014-06-26;6435;T-Square
2014-06-26;6435;T-Square
2014-06-26;6435;T-Square
2014-06-26;6435;T-Square
2014-06-26;6435;T-Square
2014-06-26;60917;riya
2014-06-26;6452;湯川潮音
2014-06-26;6452;湯川潮音
2014-06-26;6452;湯川潮音
2014-06-26;6452;湯川潮音
2014-06-26;6452;湯川潮音
2014-06-26;6452;湯川潮音
2014-06-26;6452;湯川潮音
2014-06-26;6457;藤田恵美
2014-06-26;6457;藤田恵美
2014-06-26;6457;藤田恵美
2014-06-26;6466;ナイトメア
2014-06-26;6466;ナイトメア
2014-06-26;6466;ナイトメア
2014-06-26;6466;ナイトメア
2014-06-26;6466;ナイトメア
2014-06-26;6466;ナイトメア
2014-06-26;6466;ナイトメア
2014-06-26;6466;ナイトメア
2014-06-26;6466;ナイトメア
2014-06-26;6466;ナイトメア
2014-06-26;121229;Swanky Tunes
