2014-06-18;1;Alex
2014-06-18;2;阿宝
2014-06-18;4;阿弟仔
2014-06-18;5;阿杜
2014-06-18;6;阿贵
2014-06-18;7;阿华
2014-06-18;8;阿吉仔
2014-06-18;9;阿郎
2014-06-18;10;阿木
2014-06-18;11;阿强
2014-06-18;12;阿信
2014-06-18;13;阿振
2014-06-18;14;阿正
2014-06-18;15;艾成
2014-06-18;16;艾尔肯
2014-06-18;17;安德尊
2014-06-18;18;安琥
2014-06-18;19;강타
2014-06-18;21;卜学亮
2014-06-18;22;阿牛
2014-06-18;23;阿炳
2014-06-18;24;艾斯卡尔
2014-06-18;26;Bjack
2014-06-18;28;百川
2014-06-18;29;白驹荣
2014-06-18;30;Daydream
2014-06-18;32;鲍比达
2014-06-18;34;毕国勇
2014-06-18;35;毕晓世
2014-06-18;36;卞留念
2014-06-18;37;表儿
2014-06-18;39;布仁巴雅尔
2014-06-18;41;蔡枫华
2014-06-18;42;蔡国庆
2014-06-18;43;蔡国权
2014-06-18;7169;群星
2014-06-18;89333;Cynthia Harrell
2014-06-18;43;蔡国权
2014-06-18;43;蔡国权
2014-06-18;43;蔡国权
2014-06-18;43;蔡国权
2014-06-18;43;蔡国权
2014-06-18;43;蔡国权
2014-06-18;43;蔡国权
2014-06-18;43;蔡国权
2014-06-18;43;蔡国权
2014-06-18;43;蔡国权
2014-06-18;43;蔡国权
2014-06-18;43;蔡国权
2014-06-18;43;蔡国权
2014-06-18;43;蔡国权
2014-06-18;43;蔡国权
2014-06-18;44;蔡济文
2014-06-18;44;蔡济文
2014-06-18;44;蔡济文
2014-06-18;44;蔡济文
2014-06-18;44;蔡济文
2014-06-18;44;蔡济文
2014-06-18;45;蔡蓝钦
2014-06-18;45;蔡蓝钦
2014-06-18;46;蔡荣祖
2014-06-18;46;蔡荣祖
2014-06-18;46;蔡荣祖
2014-06-18;46;蔡荣祖
2014-06-18;46;蔡荣祖
2014-06-18;47;蔡小虎
2014-06-18;47;蔡小虎
2014-06-18;47;蔡小虎
2014-06-18;47;蔡小虎
2014-06-18;47;蔡小虎
2014-06-18;47;蔡小虎
2014-06-18;47;蔡小虎
2014-06-18;47;蔡小虎
2014-06-18;47;蔡小虎
2014-06-18;47;蔡小虎
2014-06-18;47;蔡小虎
2014-06-18;47;蔡小虎
2014-06-18;48;蔡兴国
2014-06-18;48;蔡兴国
2014-06-18;48;蔡兴国
2014-06-18;48;蔡兴国
2014-06-18;48;蔡兴国
2014-06-18;48;蔡兴国
2014-06-18;49;蔡兴麟
2014-06-18;49;蔡兴麟
2014-06-18;49;蔡兴麟
2014-06-18;50;蔡一杰
2014-06-18;51;蔡振南
2014-06-18;51;蔡振南
2014-06-18;51;蔡振南
2014-06-18;51;蔡振南
2014-06-18;51;蔡振南
2014-06-18;51;蔡振南
2014-06-18;51;蔡振南
2014-06-18;51;蔡振南
2014-06-18;52;蔡镇冲
2014-06-18;53;苍茫
2014-06-18;53;苍茫
2014-06-18;54;苍宇
2014-06-18;55;曹阿咏
2014-06-18;55;曹阿咏
2014-06-18;56;曹德维
2014-06-18;57;曹丁
2014-06-18;57;曹丁
2014-06-18;57;曹丁
2014-06-18;58;曹格
2014-06-18;58;曹格
2014-06-18;58;曹格
2014-06-18;59;曹俊鸿
2014-06-18;60;曹松章
2014-06-18;60;曹松章
2014-06-18;60;曹松章
2014-06-18;60;曹松章
2014-06-18;61;曹西平
2014-06-18;62;曹永廉
2014-06-18;62;曹永廉
2014-06-18;64;曹玉荣
2014-06-18;64;曹玉荣
2014-06-18;64;曹玉荣
2014-06-18;65;侧田
2014-06-18;65;侧田
2014-06-18;65;侧田
2014-06-18;65;侧田
2014-06-18;65;侧田
2014-06-18;66;长田
2014-06-18;67;常海
2014-06-18;68;常宽
2014-06-18;68;常宽
2014-06-18;68;常宽
2014-06-18;68;常宽
2014-06-18;68;常宽
2014-06-18;68;常宽
2014-06-18;68;常宽
2014-06-18;69;车继铃
2014-06-18;69;车继铃
2014-06-18;69;车继铃
2014-06-18;70;陈百强
2014-06-18;70;陈百强
2014-06-18;70;陈百强
2014-06-18;70;陈百强
2014-06-18;7324;曹轩宾
2014-06-18;70;陈百强
2014-06-18;70;陈百强
2014-06-18;70;陈百强
2014-06-18;70;陈百强
2014-06-18;70;陈百强
2014-06-18;70;陈百强
2014-06-18;70;陈百强
2014-06-18;70;陈百强
2014-06-18;70;陈百强
2014-06-18;70;陈百强
2014-06-18;70;陈百强
2014-06-18;70;陈百强
2014-06-18;70;陈百强
2014-06-18;70;陈百强
2014-06-18;70;陈百强
2014-06-18;70;陈百强
2014-06-18;70;陈百强
2014-06-18;70;陈百强
2014-06-18;70;陈百强
2014-06-18;70;陈百强
2014-06-18;70;陈百强
2014-06-18;70;陈百强
2014-06-18;70;陈百强
2014-06-18;70;陈百强
2014-06-18;70;陈百强
2014-06-18;71;陈百祥
2014-06-18;72;陈柏全
2014-06-18;72;陈柏全
2014-06-18;73;陈彼得
2014-06-18;73;陈彼得
2014-06-18;73;陈彼得
2014-06-18;73;陈彼得
2014-06-18;74;陈长林
2014-06-18;75;陈德彰
2014-06-18;75;陈德彰
2014-06-18;75;陈德彰
2014-06-18;76;陈迪匡
2014-06-18;76;陈迪匡
2014-06-18;76;陈迪匡
2014-06-18;76;陈迪匡
2014-06-18;76;陈迪匡
2014-06-18;77;陈弘礼
2014-06-18;77;陈弘礼
2014-06-18;79;陈冠蒲
2014-06-18;80;陈冠希
2014-06-18;80;陈冠希
2014-06-18;80;陈冠希
2014-06-18;80;陈冠希
2014-06-18;80;陈冠希
2014-06-18;80;陈冠希
2014-06-18;80;陈冠希
2014-06-18;80;陈冠希
2014-06-18;80;陈冠希
2014-06-18;80;陈冠希
2014-06-18;80;陈冠希
2014-06-18;80;陈冠希
2014-06-18;80;陈冠希
2014-06-18;80;陈冠希
2014-06-18;80;陈冠希
2014-06-18;81;陈冠宇
2014-06-18;81;陈冠宇
2014-06-18;81;陈冠宇
2014-06-18;81;陈冠宇
2014-06-18;81;陈冠宇
2014-06-18;81;陈冠宇
2014-06-18;81;陈冠宇
2014-06-18;81;陈冠宇
2014-06-18;81;陈冠宇
2014-06-18;81;陈冠宇
2014-06-18;81;陈冠宇
2014-06-18;81;陈冠宇
2014-06-18;81;陈冠宇
2014-06-18;81;陈冠宇
2014-06-18;81;陈冠宇
2014-06-18;81;陈冠宇
2014-06-18;81;陈冠宇
2014-06-18;81;陈冠宇
2014-06-18;82;陈国华
2014-06-18;83;陈国平
2014-06-18;85;陈浩德
2014-06-18;85;陈浩德
2014-06-18;85;陈浩德
2014-06-18;85;陈浩德
2014-06-18;85;陈浩德
2014-06-18;85;陈浩德
2014-06-18;85;陈浩德
2014-06-18;86;陈浩峰
2014-06-18;87;陈浩民
2014-06-18;87;陈浩民
2014-06-18;87;陈浩民
2014-06-18;88;陈骅
2014-06-18;88;陈骅
2014-06-18;89;陈辉阳
2014-06-18;89;陈辉阳
2014-06-18;89;陈辉阳
2014-06-18;89;陈辉阳
2014-06-18;89;陈辉阳
2014-06-18;1068;颜福伟
2014-06-18;90;陈加洛
2014-06-18;91;陈建年
2014-06-18;91;陈建年
2014-06-18;91;陈建年
2014-06-18;93;陈纪匡
2014-06-18;94;陈杰洲
2014-06-18;94;陈杰洲
2014-06-18;95;陈金祥
2014-06-18;96;陈俊菘
2014-06-18;97;陈军
2014-06-18;97;陈军
2014-06-18;98;陈俊廷
2014-06-18;99;陈坤
2014-06-18;99;陈坤
2014-06-18;100;陈雷
2014-06-18;100;陈雷
2014-06-18;100;陈雷
2014-06-18;100;陈雷
2014-06-18;100;陈雷
2014-06-18;101;陈雷激
2014-06-18;102;陈蕾士
2014-06-18;103;陈立强
2014-06-18;104;陈良泉
2014-06-18;105;陈林
2014-06-18;106;陈明章
2014-06-18;106;陈明章
2014-06-18;106;陈明章
2014-06-18;106;陈明章
2014-06-18;106;陈明章
2014-06-18;106;陈明章
2014-06-18;106;陈明章
2014-06-18;106;陈明章
2014-06-18;106;陈明章
2014-06-18;106;陈明章
2014-06-18;107;陈宁
2014-06-18;108;陈其钢
2014-06-18;109;陈启泰
2014-06-18;110;陈庆仁
2014-06-18;111;陈仁丰
2014-06-18;111;陈仁丰
2014-06-18;112;陈任
2014-06-18;113;陈容森
2014-06-18;114;陈汝佳
2014-06-18;114;陈汝佳
2014-06-18;114;陈汝佳
2014-06-18;114;陈汝佳
2014-06-18;114;陈汝佳
2014-06-18;114;陈汝佳
2014-06-18;115;陈瑞斌
2014-06-18;115;陈瑞斌
2014-06-18;116;陈山河
2014-06-18;116;陈山河
2014-06-18;117;陈尚实
2014-06-18;117;陈尚实
2014-06-18;118;陈少华
2014-06-18;118;陈少华
2014-06-18;118;陈少华
2014-06-18;119;陈升
2014-06-18;119;陈升
2014-06-18;119;陈升
2014-06-18;119;陈升
2014-06-18;119;陈升
2014-06-18;119;陈升
2014-06-18;119;陈升
2014-06-18;119;陈升
2014-06-18;119;陈升
2014-06-18;119;陈升
2014-06-18;119;陈升
2014-06-18;119;陈升
2014-06-18;119;陈升
2014-06-18;119;陈升
2014-06-18;119;陈升
2014-06-18;119;陈升
2014-06-18;119;陈升
2014-06-18;119;陈升
2014-06-18;120;陈爽
2014-06-18;121;陈司翰
2014-06-18;121;陈司翰
2014-06-18;121;陈司翰
2014-06-18;121;陈司翰
2014-06-18;122;陈威全
2014-06-18;122;陈威全
2014-06-18;123;陈伟
2014-06-18;123;陈伟
2014-06-18;123;陈伟
2014-06-18;124;陈伟联
2014-06-18;124;陈伟联
2014-06-18;125;陈小春
2014-06-18;125;陈小春
2014-06-18;125;陈小春
2014-06-18;125;陈小春
2014-06-18;125;陈小春
2014-06-18;125;陈小春
2014-06-18;125;陈小春
2014-06-18;125;陈小春
2014-06-18;125;陈小春
2014-06-18;125;陈小春
2014-06-18;125;陈小春
2014-06-18;125;陈小春
2014-06-18;125;陈小春
2014-06-18;125;陈小春
2014-06-18;125;陈小春
2014-06-18;125;陈小春
2014-06-18;481;孔祥东
2014-06-18;1552;高胜美
2014-06-18;7169;群星
2014-06-18;125565;任光
2014-06-18;125;陈小春
2014-06-18;125;陈小春
2014-06-18;125;陈小春
2014-06-18;125;陈小春
2014-06-18;126;陈晓东
2014-06-18;126;陈晓东
2014-06-18;126;陈晓东
2014-06-18;126;陈晓东
2014-06-18;126;陈晓东
2014-06-18;126;陈晓东
2014-06-18;126;陈晓东
2014-06-18;126;陈晓东
2014-06-18;126;陈晓东
2014-06-18;126;陈晓东
2014-06-18;126;陈晓东
2014-06-18;126;陈晓东
2014-06-18;126;陈晓东
2014-06-18;126;陈晓东
2014-06-18;126;陈晓东
2014-06-18;126;陈晓东
2014-06-18;126;陈晓东
2014-06-18;126;陈晓东
2014-06-18;126;陈晓东
2014-06-18;126;陈晓东
2014-06-18;126;陈晓东
2014-06-18;126;陈晓东
2014-06-18;126;陈晓东
2014-06-18;126;陈晓东
2014-06-18;126;陈晓东
2014-06-18;126;陈晓东
2014-06-18;126;陈晓东
2014-06-18;127;陈星
2014-06-18;127;陈星
2014-06-18;127;陈星
2014-06-18;127;陈星
2014-06-18;127;陈星
2014-06-18;127;陈星
2014-06-18;127;陈星
2014-06-18;128;陈旭
2014-06-18;128;陈旭
2014-06-18;128;陈旭
2014-06-18;129;陈勋
2014-06-18;130;陈勋奇
2014-06-18;131;陈扬
2014-06-18;131;陈扬
2014-06-18;131;陈扬
2014-06-18;132;陈耀川
2014-06-18;132;陈耀川
2014-06-18;133;陈一郎
2014-06-18;133;陈一郎
2014-06-18;134;陈奕
2014-06-18;134;陈奕
2014-06-18;134;陈奕
2014-06-18;135;陈奕迅
2014-06-18;135;陈奕迅
2014-06-18;135;陈奕迅
2014-06-18;135;陈奕迅
2014-06-18;135;陈奕迅
2014-06-18;135;陈奕迅
2014-06-18;135;陈奕迅
2014-06-18;135;陈奕迅
2014-06-18;135;陈奕迅
2014-06-18;135;陈奕迅
2014-06-18;135;陈奕迅
2014-06-18;135;陈奕迅
2014-06-18;135;陈奕迅
2014-06-18;135;陈奕迅
2014-06-18;135;陈奕迅
2014-06-18;135;陈奕迅
2014-06-18;135;陈奕迅
2014-06-18;135;陈奕迅
2014-06-18;135;陈奕迅
2014-06-18;135;陈奕迅
2014-06-18;135;陈奕迅
2014-06-18;135;陈奕迅
2014-06-18;135;陈奕迅
2014-06-18;135;陈奕迅
2014-06-18;135;陈奕迅
2014-06-18;135;陈奕迅
2014-06-18;135;陈奕迅
2014-06-18;135;陈奕迅
2014-06-18;135;陈奕迅
2014-06-18;135;陈奕迅
2014-06-18;135;陈奕迅
2014-06-18;135;陈奕迅
2014-06-18;135;陈奕迅
2014-06-18;135;陈奕迅
2014-06-18;135;陈奕迅
2014-06-18;135;陈奕迅
2014-06-18;135;陈奕迅
2014-06-18;135;陈奕迅
2014-06-18;136;陈逸达
2014-06-18;137;陈永淘
2014-06-18;137;陈永淘
2014-06-18;137;陈永淘
2014-06-18;139;陈雨霈
2014-06-18;140;陈震
2014-06-18;141;陈震东
2014-06-18;142;陈志明
2014-06-18;143;陈志朋
2014-06-18;143;陈志朋
2014-06-18;143;陈志朋
2014-06-18;143;陈志朋
2014-06-18;7169;群星
2014-06-18;117911;陈奕
2014-06-18;117911;陈奕
2014-06-18;144;陈志远
2014-06-18;144;陈志远
2014-06-18;144;陈志远
2014-06-18;144;陈志远
2014-06-18;145;陈峙民
2014-06-18;146;陈瑞洪
2014-06-18;146;陈瑞洪
2014-06-18;147;晨辉
2014-06-18;148;成公亮
2014-06-18;148;成公亮
2014-06-18;149;成龙
2014-06-18;149;成龙
2014-06-18;149;成龙
2014-06-18;149;成龙
2014-06-18;149;成龙
2014-06-18;149;成龙
2014-06-18;149;成龙
2014-06-18;149;成龙
2014-06-18;150;成震
2014-06-18;151;城振铭
2014-06-18;152;程闯
2014-06-18;153;程前
2014-06-18;154;程志
2014-06-18;156;迟志强
2014-06-18;156;迟志强
2014-06-18;157;春雷
2014-06-18;158;崔健
2014-06-18;158;崔健
2014-06-18;158;崔健
2014-06-18;158;崔健
2014-06-18;158;崔健
2014-06-18;158;崔健
2014-06-18;158;崔健
2014-06-18;158;崔健
2014-06-18;158;崔健
2014-06-18;159;崔永元
2014-06-18;160;乱弹阿翔
2014-06-18;161;眼球先生
2014-06-18;161;眼球先生
2014-06-18;161;眼球先生
2014-06-18;162;DJ Anson
2014-06-18;163;DJ Point
2014-06-18;164;DJ Tommy
2014-06-18;164;DJ Tommy
2014-06-18;164;DJ Tommy
2014-06-18;165;大AL
2014-06-18;165;大AL
2014-06-18;165;大AL
2014-06-18;165;大AL
2014-06-18;166;大漠刀郎
2014-06-18;167;大支
2014-06-18;168;戴兵
2014-06-18;169;戴军
2014-06-18;169;戴军
2014-06-18;169;戴军
2014-06-18;169;戴军
2014-06-18;170;Darrell Six
2014-06-18;171;戴玉强
2014-06-18;171;戴玉强
2014-06-18;171;戴玉强
2014-06-18;171;戴玉强
2014-06-18;172;单良
2014-06-18;173;刀郎
2014-06-18;173;刀郎
2014-06-18;173;刀郎
2014-06-18;173;刀郎
2014-06-18;173;刀郎
2014-06-18;173;刀郎
2014-06-18;173;刀郎
2014-06-18;174;邓广福
2014-06-18;175;邓昊天
2014-06-18;176;邓惠欣
2014-06-18;177;邓寄尘
2014-06-18;177;邓寄尘
2014-06-18;177;邓寄尘
2014-06-18;177;邓寄尘
2014-06-18;178;邓建栋
2014-06-18;179;邓健泓
2014-06-18;179;邓健泓
2014-06-18;179;邓健泓
2014-06-18;179;邓健泓
2014-06-18;179;邓健泓
2014-06-18;179;邓健泓
2014-06-18;179;邓健泓
2014-06-18;180;邓建明
2014-06-18;180;邓建明
2014-06-18;180;邓建明
2014-06-18;181;邓伟标
2014-06-18;181;邓伟标
2014-06-18;181;邓伟标
2014-06-18;182;邓志浩
2014-06-18;182;邓志浩
2014-06-18;183;邓智彰
2014-06-18;183;邓智彰
2014-06-18;183;邓智彰
2014-06-18;183;邓智彰
2014-06-18;183;邓智彰
2014-06-18;183;邓智彰
2014-06-18;183;邓智彰
2014-06-18;184;迪克牛仔
2014-06-18;184;迪克牛仔
2014-06-18;184;迪克牛仔
2014-06-18;184;迪克牛仔
2014-06-18;184;迪克牛仔
2014-06-18;184;迪克牛仔
2014-06-18;184;迪克牛仔
2014-06-18;184;迪克牛仔
2014-06-18;184;迪克牛仔
2014-06-18;184;迪克牛仔
2014-06-18;7169;群星
2014-06-18;7169;群星
2014-06-18;81474;胡雁
2014-06-18;184;迪克牛仔
2014-06-18;185;第七乐章
2014-06-18;186;刁寒
2014-06-18;186;刁寒
2014-06-18;187;丁力
2014-06-18;188;丁善德
2014-06-18;189;丁子峻
2014-06-18;189;丁子峻
2014-06-18;189;丁子峻
2014-06-18;190;顶楼的马戏团
2014-06-18;191;汤运焕
2014-06-18;191;汤运焕
2014-06-18;192;东来东往
2014-06-18;192;东来东往
2014-06-18;192;东来东往
2014-06-18;192;东来东往
2014-06-18;193;东山少爷
2014-06-18;193;东山少爷
2014-06-18;194;董赫男
2014-06-18;195;董荣骏
2014-06-18;196;董运昌
2014-06-18;196;董运昌
2014-06-18;196;董运昌
2014-06-18;196;董运昌
2014-06-18;196;董运昌
2014-06-18;196;董运昌
2014-06-18;197;窦鹏
2014-06-18;197;窦鹏
2014-06-18;198;窦唯
2014-06-18;198;窦唯
2014-06-18;198;窦唯
2014-06-18;198;窦唯
2014-06-18;198;窦唯
2014-06-18;198;窦唯
2014-06-18;199;窦智孔
2014-06-18;200;杜冲
2014-06-18;201;杜聪
2014-06-18;201;杜聪
2014-06-18;201;杜聪
2014-06-18;201;杜聪
2014-06-18;202;杜德伟
2014-06-18;202;杜德伟
2014-06-18;202;杜德伟
2014-06-18;202;杜德伟
2014-06-18;202;杜德伟
2014-06-18;202;杜德伟
2014-06-18;202;杜德伟
2014-06-18;202;杜德伟
2014-06-18;202;杜德伟
2014-06-18;202;杜德伟
2014-06-18;202;杜德伟
2014-06-18;202;杜德伟
2014-06-18;202;杜德伟
2014-06-18;202;杜德伟
2014-06-18;202;杜德伟
2014-06-18;202;杜德伟
2014-06-18;202;杜德伟
2014-06-18;202;杜德伟
2014-06-18;202;杜德伟
2014-06-18;202;杜德伟
2014-06-18;202;杜德伟
2014-06-18;202;杜德伟
2014-06-18;202;杜德伟
2014-06-18;202;杜德伟
2014-06-18;202;杜德伟
2014-06-18;202;杜德伟
2014-06-18;202;杜德伟
2014-06-18;202;杜德伟
2014-06-18;202;杜德伟
2014-06-18;202;杜德伟
2014-06-18;202;杜德伟
2014-06-18;202;杜德伟
2014-06-18;202;杜德伟
2014-06-18;202;杜德伟
2014-06-18;202;杜德伟
2014-06-18;202;杜德伟
2014-06-18;202;杜德伟
2014-06-18;202;杜德伟
2014-06-18;202;杜德伟
2014-06-18;202;杜德伟
2014-06-18;202;杜德伟
2014-06-18;202;杜德伟
2014-06-18;202;杜德伟
2014-06-18;202;杜德伟
2014-06-18;202;杜德伟
2014-06-18;202;杜德伟
2014-06-18;203;杜昊
2014-06-18;204;杜汶泽
2014-06-18;205;杜奕衡
2014-06-18;207;二勇
2014-06-18;208;Funky末吉
2014-06-18;209;范捷滨
2014-06-18;209;范捷滨
2014-06-18;210;范李彬
2014-06-18;210;范李彬
2014-06-18;211;范野
2014-06-18;211;范野
2014-06-18;212;范逸臣
2014-06-18;212;范逸臣
2014-06-18;7169;群星
2014-06-18;213;范振锋
2014-06-18;214;范宗沛
2014-06-18;214;范宗沛
2014-06-18;214;范宗沛
2014-06-18;214;范宗沛
2014-06-18;214;范宗沛
2014-06-18;214;范宗沛
2014-06-18;215;方邦
2014-06-18;216;方大同
2014-06-18;216;方大同
2014-06-18;217;方锦龙
2014-06-18;218;方力申
2014-06-18;218;方力申
2014-06-18;218;方力申
2014-06-18;218;方力申
2014-06-18;218;方力申
2014-06-18;218;方力申
2014-06-18;218;方力申
2014-06-18;218;方力申
2014-06-18;219;方顺吉
2014-06-18;220;方奕
2014-06-18;221;方志耀
2014-06-18;221;方志耀
2014-06-18;221;方志耀
2014-06-18;223;费翔
2014-06-18;223;费翔
2014-06-18;223;费翔
2014-06-18;223;费翔
2014-06-18;223;费翔
2014-06-18;223;费翔
2014-06-18;223;费翔
2014-06-18;223;费翔
2014-06-18;223;费翔
2014-06-18;223;费翔
2014-06-18;223;费翔
2014-06-18;223;费翔
2014-06-18;223;费翔
2014-06-18;223;费翔
2014-06-18;223;费翔
2014-06-18;223;费翔
2014-06-18;223;费翔
2014-06-18;224;费玉清
2014-06-18;224;费玉清
2014-06-18;224;费玉清
2014-06-18;224;费玉清
2014-06-18;224;费玉清
2014-06-18;224;费玉清
2014-06-18;224;费玉清
2014-06-18;224;费玉清
2014-06-18;224;费玉清
2014-06-18;224;费玉清
2014-06-18;224;费玉清
2014-06-18;224;费玉清
2014-06-18;224;费玉清
2014-06-18;224;费玉清
2014-06-18;224;费玉清
2014-06-18;224;费玉清
2014-06-18;224;费玉清
2014-06-18;224;费玉清
2014-06-18;224;费玉清
2014-06-18;224;费玉清
2014-06-18;224;费玉清
2014-06-18;224;费玉清
2014-06-18;224;费玉清
2014-06-18;224;费玉清
2014-06-18;224;费玉清
2014-06-18;224;费玉清
2014-06-18;224;费玉清
2014-06-18;224;费玉清
2014-06-18;224;费玉清
2014-06-18;224;费玉清
2014-06-18;224;费玉清
2014-06-18;224;费玉清
2014-06-18;224;费玉清
2014-06-18;224;费玉清
2014-06-18;224;费玉清
2014-06-18;224;费玉清
2014-06-18;224;费玉清
2014-06-18;224;费玉清
2014-06-18;224;费玉清
2014-06-18;224;费玉清
2014-06-18;224;费玉清
2014-06-18;224;费玉清
2014-06-18;226;冯德伦
2014-06-18;226;冯德伦
2014-06-18;227;冯杰
2014-06-18;227;冯杰
2014-06-18;228;冯乔
2014-06-18;228;冯乔
2014-06-18;229;冯伟棠
2014-06-18;229;冯伟棠
2014-06-18;229;冯伟棠
2014-06-18;229;冯伟棠
2014-06-18;229;冯伟棠
2014-06-18;229;冯伟棠
2014-06-18;1474;戴娆
2014-06-18;52277;Berlin Philharmonic Orchestra
2014-06-18;112496;王熹蛮
2014-06-18;49;蔡兴麟
2014-06-18;230;冯晓泉
2014-06-18;230;冯晓泉
2014-06-18;230;冯晓泉
2014-06-18;230;冯晓泉
2014-06-18;231;浮克
2014-06-18;231;浮克
2014-06-18;232;傅聪
2014-06-18;232;傅聪
2014-06-18;232;傅聪
2014-06-18;232;傅聪
2014-06-18;233;付笛声
2014-06-18;233;付笛声
2014-06-18;234;傅振辉
2014-06-18;234;傅振辉
2014-06-18;234;傅振辉
2014-06-18;234;傅振辉
2014-06-18;234;傅振辉
2014-06-18;234;傅振辉
2014-06-18;234;傅振辉
2014-06-18;234;傅振辉
2014-06-18;235;廖健
2014-06-18;236;威利
2014-06-18;236;威利
2014-06-18;236;威利
2014-06-18;236;威利
2014-06-18;238;甘明超
2014-06-18;238;甘明超
2014-06-18;238;甘明超
2014-06-18;239;甘仕良
2014-06-18;239;甘仕良
2014-06-18;240;甘子辉
2014-06-18;241;刚泽斌
2014-06-18;241;刚泽斌
2014-06-18;242;高枫
2014-06-18;242;高枫
2014-06-18;242;高枫
2014-06-18;242;高枫
2014-06-18;243;高林生
2014-06-18;243;高林生
2014-06-18;243;高林生
2014-06-18;243;高林生
2014-06-18;243;高林生
2014-06-18;243;高林生
2014-06-18;244;高凌风
2014-06-18;244;高凌风
2014-06-18;244;高凌风
2014-06-18;244;高凌风
2014-06-18;244;高凌风
2014-06-18;244;高凌风
2014-06-18;244;高凌风
2014-06-18;244;高凌风
2014-06-18;244;高凌风
2014-06-18;244;高凌风
2014-06-18;244;高凌风
2014-06-18;244;高凌风
2014-06-18;244;高凌风
2014-06-18;244;高凌风
2014-06-18;244;高凌风
2014-06-18;244;高凌风
2014-06-18;244;高凌风
2014-06-18;244;高凌风
2014-06-18;244;高凌风
2014-06-18;244;高凌风
2014-06-18;244;高凌风
2014-06-18;245;高隆
2014-06-18;246;高鲁泉
2014-06-18;247;高明瀚
2014-06-18;247;高明瀚
2014-06-18;248;高明骏
2014-06-18;248;高明骏
2014-06-18;248;高明骏
2014-06-18;248;高明骏
2014-06-18;248;高明骏
2014-06-18;248;高明骏
2014-06-18;248;高明骏
2014-06-18;248;高明骏
2014-06-18;248;高明骏
2014-06-18;248;高明骏
2014-06-18;248;高明骏
2014-06-18;249;高培华
2014-06-18;249;高培华
2014-06-18;249;高培华
2014-06-18;249;高培华
2014-06-18;251;高人杰
2014-06-18;251;高人杰
2014-06-18;251;高人杰
2014-06-18;252;高山峰
2014-06-18;253;高向鹏
2014-06-18;253;高向鹏
2014-06-18;253;高向鹏
2014-06-18;253;高向鹏
2014-06-18;253;高向鹏
2014-06-18;255;葛民辉
2014-06-18;256;耿宁
2014-06-18;256;耿宁
2014-06-18;256;耿宁
2014-06-18;257;恭硕良
2014-06-18;257;恭硕良
2014-06-18;257;恭硕良
2014-06-18;258;龚一
2014-06-18;258;龚一
2014-06-18;258;龚一
2014-06-18;258;龚一
2014-06-18;259;狗毛
2014-06-18;259;狗毛
2014-06-18;260;苟伟
2014-06-18;261;古皓
2014-06-18;262;古巨基
2014-06-18;2931;S.H.E
2014-06-18;7146;高旗 & 超载
2014-06-18;7146;高旗 & 超载
2014-06-18;90373;小皮
2014-06-18;262;古巨基
2014-06-18;262;古巨基
2014-06-18;262;古巨基
2014-06-18;262;古巨基
2014-06-18;262;古巨基
2014-06-18;262;古巨基
2014-06-18;262;古巨基
2014-06-18;262;古巨基
2014-06-18;262;古巨基
2014-06-18;262;古巨基
2014-06-18;262;古巨基
2014-06-18;262;古巨基
2014-06-18;262;古巨基
2014-06-18;262;古巨基
2014-06-18;262;古巨基
2014-06-18;262;古巨基
2014-06-18;262;古巨基
2014-06-18;262;古巨基
2014-06-18;262;古巨基
2014-06-18;262;古巨基
2014-06-18;262;古巨基
2014-06-18;262;古巨基
2014-06-18;262;古巨基
2014-06-18;262;古巨基
2014-06-18;262;古巨基
2014-06-18;262;古巨基
2014-06-18;262;古巨基
2014-06-18;262;古巨基
2014-06-18;262;古巨基
2014-06-18;262;古巨基
2014-06-18;262;古巨基
2014-06-18;262;古巨基
2014-06-18;263;古天乐
2014-06-18;263;古天乐
2014-06-18;263;古天乐
2014-06-18;263;古天乐
2014-06-18;264;谷峰
2014-06-18;265;谷僳
2014-06-18;266;股民老张
2014-06-18;267;顾海滨
2014-06-18;268;顾嘉辉
2014-06-18;268;顾嘉辉
2014-06-18;268;顾嘉辉
2014-06-18;269;关德辉
2014-06-18;269;关德辉
2014-06-18;269;关德辉
2014-06-18;269;关德辉
2014-06-18;269;关德辉
2014-06-18;270;关贵敏
2014-06-18;271;关乃忠
2014-06-18;271;关乃忠
2014-06-18;272;关威
2014-06-18;273;关正杰
2014-06-18;273;关正杰
2014-06-18;273;关正杰
2014-06-18;273;关正杰
2014-06-18;273;关正杰
2014-06-18;273;关正杰
2014-06-18;273;关正杰
2014-06-18;273;关正杰
2014-06-18;273;关正杰
2014-06-18;273;关正杰
2014-06-18;273;关正杰
2014-06-18;273;关正杰
2014-06-18;273;关正杰
2014-06-18;273;关正杰
2014-06-18;273;关正杰
2014-06-18;273;关正杰
2014-06-18;273;关正杰
2014-06-18;273;关正杰
2014-06-18;273;关正杰
2014-06-18;274;关智斌
2014-06-18;274;关智斌
2014-06-18;274;关智斌
2014-06-18;274;关智斌
2014-06-18;275;光磊
2014-06-18;275;光磊
2014-06-18;276;光头杰
2014-06-18;277;光头李进
2014-06-18;277;光头李进
2014-06-18;277;光头李进
2014-06-18;277;光头李进
2014-06-18;278;广智
2014-06-18;278;广智
2014-06-18;279;郭炳坚
2014-06-18;280;郭顶
2014-06-18;281;郭峰
2014-06-18;281;郭峰
2014-06-18;281;郭峰
2014-06-18;281;郭峰
2014-06-18;281;郭峰
2014-06-18;281;郭峰
2014-06-18;281;郭峰
2014-06-18;281;郭峰
2014-06-18;281;郭峰
2014-06-18;282;郭富城
2014-06-18;282;郭富城
2014-06-18;282;郭富城
2014-06-18;282;郭富城
2014-06-18;282;郭富城
2014-06-18;282;郭富城
2014-06-18;282;郭富城
2014-06-18;7158;原声带
2014-06-18;7158;原声带
2014-06-18;282;郭富城
2014-06-18;282;郭富城
2014-06-18;282;郭富城
2014-06-18;282;郭富城
2014-06-18;282;郭富城
2014-06-18;282;郭富城
2014-06-18;282;郭富城
2014-06-18;282;郭富城
2014-06-18;282;郭富城
2014-06-18;282;郭富城
2014-06-18;282;郭富城
2014-06-18;282;郭富城
2014-06-18;282;郭富城
2014-06-18;282;郭富城
2014-06-18;282;郭富城
2014-06-18;282;郭富城
2014-06-18;282;郭富城
2014-06-18;282;郭富城
2014-06-18;282;郭富城
2014-06-18;282;郭富城
2014-06-18;282;郭富城
2014-06-18;282;郭富城
2014-06-18;282;郭富城
2014-06-18;282;郭富城
2014-06-18;282;郭富城
2014-06-18;282;郭富城
2014-06-18;282;郭富城
2014-06-18;282;郭富城
2014-06-18;282;郭富城
2014-06-18;282;郭富城
2014-06-18;282;郭富城
2014-06-18;282;郭富城
2014-06-18;282;郭富城
2014-06-18;282;郭富城
2014-06-18;282;郭富城
2014-06-18;282;郭富城
2014-06-18;282;郭富城
2014-06-18;282;郭富城
2014-06-18;282;郭富城
2014-06-18;282;郭富城
2014-06-18;282;郭富城
2014-06-18;282;郭富城
2014-06-18;282;郭富城
2014-06-18;282;郭富城
2014-06-18;282;郭富城
2014-06-18;282;郭富城
2014-06-18;282;郭富城
2014-06-18;282;郭富城
2014-06-18;282;郭富城
2014-06-18;282;郭富城
2014-06-18;282;郭富城
2014-06-18;282;郭富城
2014-06-18;282;郭富城
2014-06-18;282;郭富城
2014-06-18;282;郭富城
2014-06-18;282;郭富城
2014-06-18;282;郭富城
2014-06-18;282;郭富城
2014-06-18;283;郭桂彬
2014-06-18;283;郭桂彬
2014-06-18;283;郭桂彬
2014-06-18;283;郭桂彬
2014-06-18;284;郭晋安
2014-06-18;285;郭敬明
2014-06-18;286;郭力行
2014-06-18;287;郭品超
2014-06-18;287;郭品超
2014-06-18;288;郭虔哲
2014-06-18;289;郭颂
2014-06-18;289;郭颂
2014-06-18;290;郭铁军
2014-06-18;291;郭伟亮
2014-06-18;291;郭伟亮
2014-06-18;292;郭小霖
2014-06-18;292;郭小霖
2014-06-18;292;郭小霖
2014-06-18;292;郭小霖
2014-06-18;292;郭小霖
2014-06-18;292;郭小霖
2014-06-18;292;郭小霖
2014-06-18;292;郭小霖
2014-06-18;293;郭英男
2014-06-18;293;郭英男
2014-06-18;294;郭兆楠
2014-06-18;295;郭子
2014-06-18;295;郭子
2014-06-18;295;郭子
2014-06-18;295;郭子
2014-06-18;295;郭子
2014-06-18;295;郭子
2014-06-18;296;郭子言
2014-06-18;297;郭宗翰
2014-06-18;298;光良
2014-06-18;298;光良
2014-06-18;298;光良
2014-06-18;298;光良
2014-06-18;300;海俊杰
2014-06-18;301;海雷
2014-06-18;301;海雷
2014-06-18;301;海雷
2014-06-18;7167;许飞
2014-06-18;301;海雷
2014-06-18;301;海雷
2014-06-18;301;海雷
2014-06-18;301;海雷
2014-06-18;301;海雷
2014-06-18;301;海雷
2014-06-18;302;含笑
2014-06-18;302;含笑
2014-06-18;302;含笑
2014-06-18;302;含笑
2014-06-18;303;韩乘光
2014-06-18;304;韩东
2014-06-18;305;韩磊
2014-06-18;305;韩磊
2014-06-18;305;韩磊
2014-06-18;306;韩森
2014-06-18;307;韩晓
2014-06-18;307;韩晓
2014-06-18;307;韩晓
2014-06-18;308;韩志坚
2014-06-18;309;杭天
2014-06-18;312;皓天
2014-06-18;312;皓天
2014-06-18;312;皓天
2014-06-18;312;皓天
2014-06-18;313;何宝生
2014-06-18;313;何宝生
2014-06-18;313;何宝生
2014-06-18;315;何笃霖
2014-06-18;315;何笃霖
2014-06-18;315;何笃霖
2014-06-18;315;何笃霖
2014-06-18;316;何炅
2014-06-18;316;何炅
2014-06-18;316;何炅
2014-06-18;317;何国禧
2014-06-18;317;何国禧
2014-06-18;318;何纪光
2014-06-18;319;何家劲
2014-06-18;319;何家劲
2014-06-18;319;何家劲
2014-06-18;319;何家劲
2014-06-18;319;何家劲
2014-06-18;319;何家劲
2014-06-18;319;何家劲
2014-06-18;319;何家劲
2014-06-18;319;何家劲
2014-06-18;319;何家劲
2014-06-18;321;何润东
2014-06-18;321;何润东
2014-06-18;321;何润东
2014-06-18;321;何润东
2014-06-18;321;何润东
2014-06-18;321;何润东
2014-06-18;321;何润东
2014-06-18;321;何润东
2014-06-18;322;何训田
2014-06-18;322;何训田
2014-06-18;323;何映达
2014-06-18;323;何映达
2014-06-18;324;何永泰
2014-06-18;326;何志健
2014-06-18;327;贺西格
2014-06-18;328;贺一航
2014-06-18;329;黑龙
2014-06-18;329;黑龙
2014-06-18;329;黑龙
2014-06-18;329;黑龙
2014-06-18;329;黑龙
2014-06-18;331;恒春兮
2014-06-18;331;恒春兮
2014-06-18;332;红豆
2014-06-18;332;红豆
2014-06-18;332;红豆
2014-06-18;333;洪楗华
2014-06-18;333;洪楗华
2014-06-18;334;洪敬尧
2014-06-18;335;洪俊扬
2014-06-18;336;洪荣宏
2014-06-18;336;洪荣宏
2014-06-18;336;洪荣宏
2014-06-18;336;洪荣宏
2014-06-18;336;洪荣宏
2014-06-18;336;洪荣宏
2014-06-18;336;洪荣宏
2014-06-18;336;洪荣宏
2014-06-18;336;洪荣宏
2014-06-18;336;洪荣宏
2014-06-18;336;洪荣宏
2014-06-18;337;洪伟杰
2014-06-18;338;洪祥赫
2014-06-18;339;洪信杰
2014-06-18;340;洪一平
2014-06-18;340;洪一平
2014-06-18;340;洪一平
2014-06-18;340;洪一平
2014-06-18;341;侯德健
2014-06-18;341;侯德健
2014-06-18;341;侯德健
2014-06-18;341;侯德健
2014-06-18;341;侯德健
2014-06-18;7169;群星
2014-06-18;7169;群星
2014-06-18;7208;韩东
2014-06-18;63215;郝邵文
2014-06-18;1384262281;黑皮
2014-06-18;343;侯强
2014-06-18;344;侯旭
2014-06-18;345;侯志坚
2014-06-18;345;侯志坚
2014-06-18;345;侯志坚
2014-06-18;345;侯志坚
2014-06-18;346;后弦
2014-06-18;346;后弦
2014-06-18;347;胡兵
2014-06-18;347;胡兵
2014-06-18;347;胡兵
2014-06-18;348;胡德夫
2014-06-18;349;胡枫
2014-06-18;349;胡枫
2014-06-18;350;胡歌
2014-06-18;351;胡瓜
2014-06-18;351;胡瓜
2014-06-18;351;胡瓜
2014-06-18;351;胡瓜
2014-06-18;351;胡瓜
2014-06-18;353;胡力
2014-06-18;353;胡力
2014-06-18;354;胡吗个
2014-06-18;355;胡诺言
2014-06-18;356;胡畔
2014-06-18;357;胡松华
2014-06-18;357;胡松华
2014-06-18;357;胡松华
2014-06-18;358;胡天泉
2014-06-18;359;胡彦斌
2014-06-18;359;胡彦斌
2014-06-18;359;胡彦斌
2014-06-18;359;胡彦斌
2014-06-18;360;胡越山
2014-06-18;361;虎子
2014-06-18;361;虎子
2014-06-18;361;虎子
2014-06-18;362;花生队长
2014-06-18;363;华少
2014-06-18;364;华少翌
2014-06-18;365;骅梓
2014-06-18;365;骅梓
2014-06-18;366;荒山亮
2014-06-18;366;荒山亮
2014-06-18;367;黄安
2014-06-18;367;黄安
2014-06-18;367;黄安
2014-06-18;367;黄安
2014-06-18;367;黄安
2014-06-18;367;黄安
2014-06-18;368;黄安源
2014-06-18;368;黄安源
2014-06-18;369;黄崇旭
2014-06-18;370;黄大城
2014-06-18;370;黄大城
2014-06-18;371;黄大军
2014-06-18;372;黄大炜
2014-06-18;372;黄大炜
2014-06-18;372;黄大炜
2014-06-18;372;黄大炜
2014-06-18;372;黄大炜
2014-06-18;372;黄大炜
2014-06-18;372;黄大炜
2014-06-18;372;黄大炜
2014-06-18;372;黄大炜
2014-06-18;373;黄格选
2014-06-18;373;黄格选
2014-06-18;373;黄格选
2014-06-18;373;黄格选
2014-06-18;373;黄格选
2014-06-18;374;黄贯中
2014-06-18;374;黄贯中
2014-06-18;374;黄贯中
2014-06-18;374;黄贯中
2014-06-18;374;黄贯中
2014-06-18;374;黄贯中
2014-06-18;374;黄贯中
2014-06-18;374;黄贯中
2014-06-18;375;黄国俊
2014-06-18;376;黄国伦
2014-06-18;377;黄鹤翔
2014-06-18;377;黄鹤翔
2014-06-18;377;黄鹤翔
2014-06-18;377;黄鹤翔
2014-06-18;377;黄鹤翔
2014-06-18;378;黄宏墨
2014-06-18;378;黄宏墨
2014-06-18;378;黄宏墨
2014-06-18;379;黄家强
2014-06-18;379;黄家强
2014-06-18;379;黄家强
2014-06-18;379;黄家强
2014-06-18;380;黄金成
2014-06-18;380;黄金成
2014-06-18;381;黄俊雄
2014-06-18;382;黄凯芹
2014-06-18;382;黄凯芹
2014-06-18;382;黄凯芹
2014-06-18;382;黄凯芹
2014-06-18;382;黄凯芹
2014-06-18;382;黄凯芹
2014-06-18;382;黄凯芹
2014-06-18;382;黄凯芹
2014-06-18;1367;陈宝珠
2014-06-18;1494;丁薇
2014-06-18;382;黄凯芹
2014-06-18;382;黄凯芹
2014-06-18;382;黄凯芹
2014-06-18;382;黄凯芹
2014-06-18;382;黄凯芹
2014-06-18;382;黄凯芹
2014-06-18;382;黄凯芹
2014-06-18;382;黄凯芹
2014-06-18;382;黄凯芹
2014-06-18;382;黄凯芹
2014-06-18;382;黄凯芹
2014-06-18;382;黄凯芹
2014-06-18;382;黄凯芹
2014-06-18;382;黄凯芹
2014-06-18;384;黄磊
2014-06-18;384;黄磊
2014-06-18;385;黄立行
2014-06-18;385;黄立行
2014-06-18;385;黄立行
2014-06-18;385;黄立行
2014-06-18;385;黄立行
2014-06-18;385;黄立行
2014-06-18;385;黄立行
2014-06-18;386;黄连煜
2014-06-18;387;黄蒙拉
2014-06-18;387;黄蒙拉
2014-06-18;387;黄蒙拉
2014-06-18;388;黄名伟
2014-06-18;388;黄名伟
2014-06-18;389;品冠
2014-06-18;389;品冠
2014-06-18;389;品冠
2014-06-18;389;品冠
2014-06-18;389;品冠
2014-06-18;389;品冠
2014-06-18;390;黄品源
2014-06-18;390;黄品源
2014-06-18;390;黄品源
2014-06-18;390;黄品源
2014-06-18;390;黄品源
2014-06-18;390;黄品源
2014-06-18;390;黄品源
2014-06-18;390;黄品源
2014-06-18;390;黄品源
2014-06-18;390;黄品源
2014-06-18;390;黄品源
2014-06-18;390;黄品源
2014-06-18;390;黄品源
2014-06-18;390;黄品源
2014-06-18;390;黄品源
2014-06-18;390;黄品源
2014-06-18;390;黄品源
2014-06-18;390;黄品源
2014-06-18;390;黄品源
2014-06-18;391;黄清元
2014-06-18;391;黄清元
2014-06-18;391;黄清元
2014-06-18;391;黄清元
2014-06-18;391;黄清元
2014-06-18;391;黄清元
2014-06-18;391;黄清元
2014-06-18;391;黄清元
2014-06-18;391;黄清元
2014-06-18;391;黄清元
2014-06-18;391;黄清元
2014-06-18;391;黄清元
2014-06-18;392;黄秋生
2014-06-18;392;黄秋生
2014-06-18;392;黄秋生
2014-06-18;393;黄汝燊
2014-06-18;393;黄汝燊
2014-06-18;393;黄汝燊
2014-06-18;394;黄瑞文
2014-06-18;394;黄瑞文
2014-06-18;395;黄山
2014-06-18;396;黄石
2014-06-18;396;黄石
2014-06-18;397;黄士嘉
2014-06-18;398;黄世豪
2014-06-18;399;黄舒骏
2014-06-18;399;黄舒骏
2014-06-18;399;黄舒骏
2014-06-18;399;黄舒骏
2014-06-18;399;黄舒骏
2014-06-18;2020;慕钰华
2014-06-18;438;江华
2014-06-18;439;江凯文
2014-06-18;439;江凯文
2014-06-18;439;江凯文
2014-06-18;440;江明学
2014-06-18;440;江明学
2014-06-18;440;江明学
2014-06-18;440;江明学
2014-06-18;440;江明学
2014-06-18;440;江明学
2014-06-18;440;江明学
2014-06-18;440;江明学
2014-06-18;442;江涛
2014-06-18;442;江涛
2014-06-18;443;江天
2014-06-18;443;江天
2014-06-18;443;江天
2014-06-18;443;江天
2014-06-18;443;江天
2014-06-18;444;江小鹏
2014-06-18;445;江震与瑞路乐队
2014-06-18;446;江智民
2014-06-18;446;江智民
2014-06-18;446;江智民
2014-06-18;447;姜华
2014-06-18;447;姜华
2014-06-18;448;姜嘉锵
2014-06-18;449;姜木
2014-06-18;449;姜木
2014-06-18;450;姜鹏
2014-06-18;451;姜小鹏
2014-06-18;452;姜育恒
2014-06-18;452;姜育恒
2014-06-18;452;姜育恒
2014-06-18;452;姜育恒
2014-06-18;452;姜育恒
2014-06-18;452;姜育恒
2014-06-18;452;姜育恒
2014-06-18;452;姜育恒
2014-06-18;452;姜育恒
2014-06-18;452;姜育恒
2014-06-18;452;姜育恒
2014-06-18;452;姜育恒
2014-06-18;452;姜育恒
2014-06-18;452;姜育恒
2014-06-18;452;姜育恒
2014-06-18;452;姜育恒
2014-06-18;452;姜育恒
2014-06-18;452;姜育恒
2014-06-18;452;姜育恒
2014-06-18;452;姜育恒
2014-06-18;452;姜育恒
2014-06-18;452;姜育恒
2014-06-18;452;姜育恒
2014-06-18;452;姜育恒
2014-06-18;452;姜育恒
2014-06-18;452;姜育恒
2014-06-18;452;姜育恒
2014-06-18;452;姜育恒
2014-06-18;452;姜育恒
2014-06-18;452;姜育恒
2014-06-18;452;姜育恒
2014-06-18;452;姜育恒
2014-06-18;452;姜育恒
2014-06-18;452;姜育恒
2014-06-18;453;蒋才如
2014-06-18;453;蒋才如
2014-06-18;454;蒋大为
2014-06-18;454;蒋大为
2014-06-18;454;蒋大为
2014-06-18;455;蒋国基
2014-06-18;456;蒋进兴
2014-06-18;457;蒋志光
2014-06-18;457;蒋志光
2014-06-18;457;蒋志光
2014-06-18;457;蒋志光
2014-06-18;457;蒋志光
2014-06-18;457;蒋志光
2014-06-18;458;蒋舟
2014-06-18;459;焦金海
2014-06-18;459;焦金海
2014-06-18;461;金城武
2014-06-18;461;金城武
2014-06-18;461;金城武
2014-06-18;461;金城武
2014-06-18;461;金城武
2014-06-18;461;金城武
2014-06-18;461;金城武
2014-06-18;461;金城武
2014-06-18;461;金城武
2014-06-18;461;金城武
2014-06-18;461;金城武
2014-06-18;462;金得哲
2014-06-18;465;金学峰
2014-06-18;465;金学峰
2014-06-18;465;金学峰
2014-06-18;465;金学峰
2014-06-18;467;景岗山
2014-06-18;467;景岗山
2014-06-18;467;景岗山
2014-06-18;467;景岗山
2014-06-18;468;玖建
2014-06-18;469;潘军
2014-06-18;470;Andy Kao
2014-06-18;471;康康
2014-06-18;471;康康
2014-06-18;471;康康
2014-06-18;471;康康
2014-06-18;471;康康
2014-06-18;471;康康
2014-06-18;473;康贤
2014-06-18;474;柯受良
2014-06-18;475;柯有伦
2014-06-18;475;柯有伦
2014-06-18;476;克里木
2014-06-18;478;孔宏伟
2014-06-18;479;孔令奇
2014-06-18;479;孔令奇
2014-06-18;480;孔庆翔
2014-06-18;480;孔庆翔
2014-06-18;481;孔祥东
2014-06-18;481;孔祥东
2014-06-18;481;孔祥东
2014-06-18;46882;梅林茂
2014-06-18;116525;李秋泽
2014-06-18;483;Lawrence
2014-06-18;483;Lawrence
2014-06-18;483;Lawrence
2014-06-18;483;Lawrence
2014-06-18;484;Log
2014-06-18;485;Luciano Titi
2014-06-18;486;蓝奕邦
2014-06-18;486;蓝奕邦
2014-06-18;486;蓝奕邦
2014-06-18;487;郎朗
2014-06-18;487;郎朗
2014-06-18;487;郎朗
2014-06-18;487;郎朗
2014-06-18;487;郎朗
2014-06-18;488;老兵
2014-06-18;489;老狼
2014-06-18;489;老狼
2014-06-18;489;老狼
2014-06-18;490;雷亮
2014-06-18;491;雷龙
2014-06-18;491;雷龙
2014-06-18;492;雷颂德
2014-06-18;492;雷颂德
2014-06-18;493;雷有辉
2014-06-18;495;雷振邦
2014-06-18;496;冷煜
2014-06-18;497;黎彼得
2014-06-18;498;黎沸挥
2014-06-18;498;黎沸挥
2014-06-18;498;黎沸挥
2014-06-18;498;黎沸挥
2014-06-18;498;黎沸挥
2014-06-18;498;黎沸挥
2014-06-18;499;黎锦光
2014-06-18;500;黎骏
2014-06-18;500;黎骏
2014-06-18;500;黎骏
2014-06-18;501;黎明
2014-06-18;501;黎明
2014-06-18;501;黎明
2014-06-18;501;黎明
2014-06-18;501;黎明
2014-06-18;501;黎明
2014-06-18;501;黎明
2014-06-18;501;黎明
2014-06-18;501;黎明
2014-06-18;501;黎明
2014-06-18;501;黎明
2014-06-18;501;黎明
2014-06-18;501;黎明
2014-06-18;501;黎明
2014-06-18;501;黎明
2014-06-18;501;黎明
2014-06-18;501;黎明
2014-06-18;501;黎明
2014-06-18;501;黎明
2014-06-18;501;黎明
2014-06-18;501;黎明
2014-06-18;501;黎明
2014-06-18;501;黎明
2014-06-18;501;黎明
2014-06-18;501;黎明
2014-06-18;501;黎明
2014-06-18;501;黎明
2014-06-18;501;黎明
2014-06-18;501;黎明
2014-06-18;501;黎明
2014-06-18;501;黎明
2014-06-18;501;黎明
2014-06-18;501;黎明
2014-06-18;501;黎明
2014-06-18;501;黎明
2014-06-18;501;黎明
2014-06-18;501;黎明
2014-06-18;501;黎明
2014-06-18;501;黎明
2014-06-18;501;黎明
2014-06-18;501;黎明
2014-06-18;501;黎明
2014-06-18;501;黎明
2014-06-18;501;黎明
2014-06-18;501;黎明
2014-06-18;501;黎明
2014-06-18;501;黎明
2014-06-18;501;黎明
2014-06-18;501;黎明
2014-06-18;501;黎明
2014-06-18;501;黎明
2014-06-18;501;黎明
2014-06-18;501;黎明
2014-06-18;103451;赵增熹
2014-06-18;520;李家明
2014-06-18;520;李家明
2014-06-18;521;李嘉强
2014-06-18;521;李嘉强
2014-06-18;521;李嘉强
2014-06-18;521;李嘉强
2014-06-18;522;李坚
2014-06-18;523;李建复
2014-06-18;523;李建复
2014-06-18;523;李建复
2014-06-18;523;李建复
2014-06-18;523;李建复
2014-06-18;524;李健
2014-06-18;524;李健
2014-06-18;524;李健
2014-06-18;524;李健
2014-06-18;525;李健达
2014-06-18;525;李健达
2014-06-18;526;李杰
2014-06-18;526;李杰
2014-06-18;526;李杰
2014-06-18;526;李杰
2014-06-18;526;李杰
2014-06-18;526;李杰
2014-06-18;527;李玖哲
2014-06-18;527;李玖哲
2014-06-18;528;李俊广
2014-06-18;529;李俊广
2014-06-18;530;李俊杰
2014-06-18;531;李俊驹
2014-06-18;532;李克勤
2014-06-18;532;李克勤
2014-06-18;532;李克勤
2014-06-18;532;李克勤
2014-06-18;532;李克勤
2014-06-18;532;李克勤
2014-06-18;532;李克勤
2014-06-18;532;李克勤
2014-06-18;532;李克勤
2014-06-18;535;李龙基
2014-06-18;535;李龙基
2014-06-18;535;李龙基
2014-06-18;535;李龙基
2014-06-18;535;李龙基
2014-06-18;535;李龙基
2014-06-18;536;李茂山
2014-06-18;536;李茂山
2014-06-18;536;李茂山
2014-06-18;551;李天华
2014-06-18;551;李天华
2014-06-18;552;李威
2014-06-18;553;李伟菘
2014-06-18;554;李炜
2014-06-18;554;李炜
2014-06-18;554;李炜
2014-06-18;554;李炜
2014-06-18;555;李炆
2014-06-18;556;李祥霆
2014-06-18;556;李祥霆
2014-06-18;556;李祥霆
2014-06-18;557;李小龙
2014-06-18;557;李小龙
2014-06-18;557;李小龙
2014-06-18;557;李小龙
2014-06-18;558;李晓东
2014-06-18;559;李晓杰
2014-06-18;560;李雪
2014-06-18;561;李亚明
2014-06-18;561;李亚明
2014-06-18;561;李亚明
2014-06-18;561;李亚明
2014-06-18;561;李亚明
2014-06-18;561;李亚明
2014-06-18;561;李亚明
2014-06-18;561;李亚明
2014-06-18;561;李亚明
2014-06-18;562;李延亮
2014-06-18;562;李延亮
2014-06-18;562;李延亮
2014-06-18;563;李一凡
2014-06-18;564;李逸
2014-06-18;564;李逸
2014-06-18;564;李逸
2014-06-18;565;李逸朗
2014-06-18;565;李逸朗
2014-06-18;565;李逸朗
2014-06-18;565;李逸朗
2014-06-18;566;李永昌
2014-06-18;567;李雨寰
2014-06-18;567;李雨寰
2014-06-18;567;李雨寰
2014-06-18;568;李元
2014-06-18;569;李云迪
2014-06-18;569;李云迪
2014-06-18;569;李云迪
