2014-06-15;1;Alex
2014-06-15;2;阿宝
2014-06-15;4;阿弟仔
2014-06-15;5;阿杜
2014-06-15;6;阿贵
2014-06-15;7;阿华
2014-06-15;8;阿吉仔
2014-06-15;9;阿郎
2014-06-15;10;阿木
2014-06-15;11;阿强
2014-06-15;12;阿信
2014-06-15;13;阿振
2014-06-15;14;阿正
2014-06-15;15;艾成
2014-06-15;16;艾尔肯
2014-06-15;17;安德尊
2014-06-15;18;安琥
2014-06-15;19;강타
2014-06-15;21;卜学亮
2014-06-15;22;阿牛
2014-06-15;23;阿炳
2014-06-15;24;艾斯卡尔
2014-06-15;26;Bjack
2014-06-15;28;百川
2014-06-15;29;白驹荣
2014-06-15;30;Daydream
2014-06-15;32;鲍比达
2014-06-15;34;毕国勇
2014-06-15;35;毕晓世
2014-06-15;36;卞留念
2014-06-15;37;表儿
2014-06-15;39;布仁巴雅尔
2014-06-15;41;蔡枫华
2014-06-15;42;蔡国庆
2014-06-15;43;蔡国权
2014-06-15;44;蔡济文
2014-06-15;45;蔡蓝钦
2014-06-15;46;蔡荣祖
2014-06-15;47;蔡小虎
2014-06-15;48;蔡兴国
2014-06-15;49;蔡兴麟
2014-06-15;50;蔡一杰
2014-06-15;51;蔡振南
2014-06-15;52;蔡镇冲
2014-06-15;53;苍茫
2014-06-15;54;苍宇
2014-06-15;55;曹阿咏
2014-06-15;56;曹德维
2014-06-15;57;曹丁
2014-06-15;58;曹格
2014-06-15;59;曹俊鸿
2014-06-15;60;曹松章
2014-06-15;61;曹西平
2014-06-15;62;曹永廉
2014-06-15;64;曹玉荣
2014-06-15;65;侧田
2014-06-15;66;长田
2014-06-15;67;常海
2014-06-15;68;常宽
2014-06-15;69;车继铃
2014-06-15;70;陈百强
2014-06-15;71;陈百祥
2014-06-15;72;陈柏全
2014-06-15;73;陈彼得
2014-06-15;74;陈长林
2014-06-15;75;陈德彰
2014-06-15;76;陈迪匡
2014-06-15;77;陈弘礼
2014-06-15;79;陈冠蒲
2014-06-15;80;陈冠希
2014-06-15;81;陈冠宇
2014-06-15;82;陈国华
2014-06-15;83;陈国平
2014-06-15;85;陈浩德
2014-06-15;86;陈浩峰
2014-06-15;87;陈浩民
2014-06-15;88;陈骅
2014-06-15;89;陈辉阳
2014-06-15;90;陈加洛
2014-06-15;91;陈建年
2014-06-15;93;陈纪匡
2014-06-15;94;陈杰洲
2014-06-15;95;陈金祥
2014-06-15;96;陈俊菘
2014-06-15;97;陈军
2014-06-15;98;陈俊廷
2014-06-15;99;陈坤
2014-06-15;100;陈雷
2014-06-15;101;陈雷激
2014-06-15;102;陈蕾士
2014-06-15;103;陈立强
2014-06-15;104;陈良泉
2014-06-15;105;陈林
2014-06-15;106;陈明章
2014-06-15;107;陈宁
2014-06-15;108;陈其钢
2014-06-15;109;陈启泰
2014-06-15;110;陈庆仁
2014-06-15;111;陈仁丰
2014-06-15;112;陈任
2014-06-15;113;陈容森
2014-06-15;114;陈汝佳
2014-06-15;115;陈瑞斌
2014-06-15;116;陈山河
2014-06-15;117;陈尚实
2014-06-15;118;陈少华
2014-06-15;119;陈升
2014-06-15;121;陈司翰
2014-06-15;122;陈威全
2014-06-15;123;陈伟
2014-06-15;124;陈伟联
2014-06-15;125;陈小春
2014-06-15;126;陈晓东
2014-06-15;127;陈星
2014-06-15;128;陈旭
2014-06-15;129;陈勋
2014-06-15;130;陈勋奇
2014-06-15;131;陈扬
2014-06-15;132;陈耀川
2014-06-15;133;陈一郎
2014-06-15;134;陈奕
2014-06-15;135;陈奕迅
2014-06-15;136;陈逸达
2014-06-15;137;陈永淘
2014-06-15;139;陈雨霈
2014-06-15;140;陈震
2014-06-15;141;陈震东
2014-06-15;142;陈志明
2014-06-15;143;陈志朋
2014-06-15;144;陈志远
2014-06-15;145;陈峙民
2014-06-15;146;陈瑞洪
2014-06-15;147;晨辉
2014-06-15;148;成公亮
2014-06-15;149;成龙
2014-06-15;151;城振铭
2014-06-15;152;程闯
2014-06-15;153;程前
2014-06-15;154;程志
2014-06-15;156;迟志强
2014-06-15;157;春雷
2014-06-15;158;崔健
2014-06-15;160;乱弹阿翔
2014-06-15;161;眼球先生
2014-06-15;162;DJ Anson
2014-06-15;163;DJ Point
2014-06-15;164;DJ Tommy
2014-06-15;165;大AL
2014-06-15;166;大漠刀郎
2014-06-15;167;大支
2014-06-15;168;戴兵
2014-06-15;169;戴军
2014-06-15;170;Darrell Six
2014-06-15;171;戴玉强
2014-06-15;172;单良
2014-06-15;173;刀郎
2014-06-15;174;邓广福
2014-06-15;175;邓昊天
2014-06-15;176;邓惠欣
2014-06-15;177;邓寄尘
2014-06-15;178;邓建栋
2014-06-15;179;邓健泓
2014-06-15;180;邓建明
2014-06-15;181;邓伟标
2014-06-15;182;邓志浩
2014-06-15;183;邓智彰
2014-06-15;184;迪克牛仔
2014-06-15;185;第七乐章
2014-06-15;186;刁寒
2014-06-15;187;丁力
2014-06-15;188;丁善德
2014-06-15;189;丁子峻
2014-06-15;190;顶楼的马戏团
2014-06-15;191;汤运焕
2014-06-15;192;东来东往
2014-06-15;193;东山少爷
2014-06-15;194;董赫男
2014-06-15;195;董荣骏
2014-06-15;196;董运昌
2014-06-15;197;窦鹏
2014-06-15;198;窦唯
2014-06-15;199;窦智孔
2014-06-15;200;杜冲
2014-06-15;201;杜聪
2014-06-15;202;杜德伟
2014-06-15;203;杜昊
2014-06-15;204;杜汶泽
2014-06-15;205;杜奕衡
2014-06-15;207;二勇
2014-06-15;208;Funky末吉
2014-06-15;209;范捷滨
2014-06-15;210;范李彬
2014-06-15;211;范野
2014-06-15;212;范逸臣
2014-06-15;213;范振锋
2014-06-15;214;范宗沛
2014-06-15;215;方邦
2014-06-15;216;方大同
2014-06-15;217;方锦龙
2014-06-15;218;方力申
2014-06-15;219;方顺吉
2014-06-15;221;方志耀
2014-06-15;223;费翔
2014-06-15;481;孔祥东
2014-06-15;1068;颜福伟
2014-06-15;1552;高胜美
2014-06-15;7169;群星
2014-06-15;7324;曹轩宾
2014-06-15;81474;胡雁
2014-06-15;89333;Cynthia Harrell
2014-06-15;117911;陈奕
2014-06-15;125565;任光
