2014-06-15;224;他一定很爱你;485480;22
2014-06-15;1;梦的列车;296068;6
2014-06-15;2;懂事;175767;6
2014-06-15;232;离别;173333;22
2014-06-15;3;背影;173063;6
2014-06-15;229;撕夜;164744;22
2014-06-15;214;坚持到底;159477;21
2014-06-15;225;天黑;141489;22
2014-06-15;6;一个人跳舞;130901;6
2014-06-15;8;约定;127216;6
2014-06-15;228;Andy;118810;22
2014-06-15;7;小宇宙;118302;6
2014-06-15;5;回忆;100228;6
2014-06-15;4;Sharon;96795;6
2014-06-15;9;城市;80051;6
2014-06-15;226;天天看到你;76148;22
2014-06-15;17;走西口;60338;5
2014-06-15;395199;山丹丹花开红艳艳;59983;8
2014-06-15;11;时光印记;57230;6
2014-06-15;395190;想亲亲;42395;8
2014-06-15;12;I Am The Wind;42104;8
2014-06-15;198;退让;40795;19
2014-06-15;195;哈啰;36778;19
2014-06-15;152;小说;32924;16
2014-06-15;25;爱你在心口难开;32512;5
2014-06-15;227;一个人住;29394;22
2014-06-15;22;咱们的领袖毛泽东;27508;5
2014-06-15;395192;五哥放羊;26383;8
2014-06-15;395191;兰花花;24365;8
2014-06-15;26;民歌大联唱: 山歌好比春江水 / 信天游 / 八路军拉大栓 / 山路十八弯 / 花儿少年 / 青春舞曲 / 沂蒙山小调 / 山丹丹花开红艳艳;22710;5
2014-06-15;395194;疙梁梁;22491;8
2014-06-15;219;你就像个小孩;21340;21
2014-06-15;20;篱笆墙的影子;20897;5
2014-06-15;24;大海;18284;5
2014-06-15;223;雨衣;18003;21
2014-06-15;18;青藏高原;17636;5
2014-06-15;16;圪梁梁;16516;5
2014-06-15;230;无法阻挡;16062;22
2014-06-15;19;想亲亲想在心眼眼上;16060;5
2014-06-15;216;放手;15349;21
2014-06-15;395193;赶牲灵;14836;8
2014-06-15;395198;亲亲小妹子;14646;8
2014-06-15;161;Andy;14110;16
2014-06-15;395197;大拜年;13392;8
2014-06-15;222;相容;13106;21
2014-06-15;10;那夜;12677;6
2014-06-15;217;天蝎蝴蝶;12343;21
2014-06-15;138;下雪;11954;16
2014-06-15;395195;想着个人睡不香;11686;8
2014-06-15;233;Right Here Waiting;11360;22
2014-06-15;231;你很好;10554;22
2014-06-15;151;他一定很爱你;10505;16
2014-06-15;21;绣荷包;10478;5
2014-06-15;23;杨柳青;9870;5
2014-06-15;220;下次如果离开你;9443;21
2014-06-15;395196;天上不会掉馍馍;8681;8
2014-06-15;154;离别;8403;16
2014-06-15;137;I...Do;8094;16
2014-06-15;156;撕夜;7834;16
2014-06-15;13;4Ever Yours 2Night;7811;8
2014-06-15;147;一首情歌;7077;16
2014-06-15;148;爱字怎么写;7033;16
2014-06-15;215;惩罚;6835;21
2014-06-15;14;I Am The Wind (Karaoke;5911;8
2014-06-15;49;音乐7;5876;10
2014-06-15;87;呛;5623;13
2014-06-15;1769926139;突然想到理想这个词;5458;6
2014-06-15;1769546506;阿拉侬;5336;6
2014-06-15;15;4Ever Yours 2Night (Karaoke;4997;8
2014-06-15;1769926145;石径;4990;6
2014-06-15;149;天涯海角;4918;16
2014-06-15;218;幻想;4700;21
2014-06-15;196;下雨的时候会想你;4544;19
2014-06-15;221;恩赐;4538;21
2014-06-15;157;坚持到底;4425;16
2014-06-15;160;天黑(弦乐版;4206;16
2014-06-15;199;小说;4039;19
2014-06-15;37;特别 ;3670;6
2014-06-15;197;走向前;3635;19
2014-06-15;153;你就像个小孩;3575;16
2014-06-15;1769926147;Baby;3216;6
2014-06-15;1769926141;旗开得胜;3006;6
2014-06-15;90;暧昧;2932;13
2014-06-15;315;可爱的马;2891;27
2014-06-15;203;Hello;2781;19
2014-06-15;163;祝你快乐;2718;16
2014-06-15;304;歹命囝仔;2638;27
2014-06-15;162;天天看到你;2427;16
2014-06-15;159;下雨的时候会想你;2412;16
2014-06-15;140;一天天一点点;2346;16
2014-06-15;1769371711;望春风;2340;31
2014-06-15;145;相信我可以;2168;16
2014-06-15;201;死心彻底;2123;19
2014-06-15;141;有你才完整;2095;16
2014-06-15;204;祝你快乐;2085;19
2014-06-15;1769926140;宽恕;2005;6
2014-06-15;1769926143;别离的予感;2002;6
2014-06-15;81;虎头峰;1997;14
2014-06-15;143;抬起头;1944;16
2014-06-15;164;他一定很爱你(Demo版;1903;16
2014-06-15;321;无情的爱人;1852;28
2014-06-15;1769926146;大热;1832;6
2014-06-15;142;西出阳关;1831;16
2014-06-15;88;平衡;1775;13
2014-06-15;158;一个人住;1773;16
2014-06-15;150;认真;1750;16
2014-06-15;1769371689;河边春梦;1747;30
2014-06-15;144;如果你爱我是因为我爱你;1726;16
2014-06-15;155;走向前;1656;16
2014-06-15;202;爱你比我重要;1627;19
2014-06-15;139;睡不着;1627;16
2014-06-15;89;地图;1603;13
2014-06-15;65;乎你知;1541;14
2014-06-15;305;旧情深深;1539;27
2014-06-15;200;无能为力;1508;19
2014-06-15;111;挣扎;1437;11
2014-06-15;1769371707;雨夜花;1371;31
2014-06-15;1769371685;心酸酸;1357;30
2014-06-15;114;我没读书;1350;12
2014-06-15;1769926142;云云南南;1337;6
2014-06-15;124;惠安之春;1244;15
2014-06-15;146;这首歌是谁写的;1187;16
2014-06-15;93;虎头峰;1163;13
2014-06-15;296;温泉乡的吉他;1119;26
2014-06-15;43;音乐4;1042;10
2014-06-15;113;Intro;1029;12
2014-06-15;135;为青春喝彩(伴奏;1018;15
2014-06-15;86;序词;995;13
2014-06-15;1769926149;Fight For This Love;960;6
2014-06-15;123;惠安之春(演唱会版;958;15
2014-06-15;268;新年ㄙㄨㄥ、(阿贵/秀妹/阿弟/妈妈;952;24
2014-06-15;91;鸟笼;943;13
2014-06-15;1769926150;Russian Roulette;931;6
2014-06-15;310;悲恋的公路;926;27
2014-06-15;1769371713;心茫茫;912;31
2014-06-15;61;我是阿弟仔;885;14
2014-06-15;92;塔;876;13
2014-06-15;126;解语花;847;15
2014-06-15;98;Intro2;813;11
2014-06-15;100;宝贝别哭;779;11
2014-06-15;313;可怜的小姑娘;772;27
2014-06-15;128;为青春喝彩;740;15
2014-06-15;129;一生一世情不渝;739;15
2014-06-15;330;妈妈歌星;721;28
2014-06-15;56;我没读书;718;14
2014-06-15;319;月娘我问你;709;28
2014-06-15;1769926148;爱不灭(中文版;706;6
2014-06-15;125;太阳泪珠;701;15
2014-06-15;127;我已经爱上你;685;15
2014-06-15;1769926144;36;677;6
2014-06-15;116;我在这;670;12
2014-06-15;96;敦伦;635;13
2014-06-15;1769371690;青春悲喜曲;608;30
2014-06-15;97;跋;595;13
2014-06-15;94;认罪;592;13
2014-06-15;356;太阳最红,毛主席最亲;586;32
2014-06-15;1769371684;一只鸟仔;581;30
2014-06-15;1769926152;Gave it All Away;580;6
2014-06-15;99;乎你知;579;11
2014-06-15;300;何时再相会;560;26
2014-06-15;117;找无人爱;557;12
2014-06-15;1769371691;南都夜曲;555;30
2014-06-15;115;你在叼位;553;12
2014-06-15;48;暧昧;552;10
2014-06-15;1769926151;Don't Tell Me That It's Over;542;6
2014-06-15;95;门;540;13
2014-06-15;1769371686;思念故乡;531;30
2014-06-15;1769926153;Shock;525;6
2014-06-15;350;神奇的天路;506;32
2014-06-15;1769371710;思想起;488;31
2014-06-15;58;找无人爱;482;14
2014-06-15;63;今天又下了一丝丝的雨;467;14
2014-06-15;66;水查某;461;14
2014-06-15;101;水查某;452;11
2014-06-15;353;可爱的一朵玫瑰花;450;32
2014-06-15;60;醉生梦死;450;14
2014-06-15;289;黄昏思情;442;26
2014-06-15;110;我是人;441;11
2014-06-15;67;摸一摸;439;14
2014-06-15;1769371705;望你早归;424;31
2014-06-15;309;台北发的尾班车;409;27
2014-06-15;112;主祷文;402;11
2014-06-15;122;醉生梦死;392;12
2014-06-15;80;塔;387;14
2014-06-15;1769371687;春花梦露;377;30
2014-06-15;102;日月囝仔;373;11
2014-06-15;57;心爱的欧拖卖;360;14
2014-06-15;1769371708;月夜愁;354;31
2014-06-15;284;等待;353;25
2014-06-15;62;爱人三角裤;351;14
2014-06-15;118;我是阿弟仔;340;12
2014-06-15;1769371688;双雁影;339;30
2014-06-15;295;可怜恋花再会吧;332;26
2014-06-15;109;你这个死人;324;11
2014-06-15;119;心爱的欧拖卖;311;12
2014-06-15;103;黑玫瑰;309;11
2014-06-15;264;快乐天堂(阿贵/秀妹/阿弟/妈妈/阿嬷/神父/燕子/涛兄;308;24
2014-06-15;64;七逃囝仔;305;14
2014-06-15;120;甘愿为你苦;303;12
2014-06-15;104;永远那么远;301;11
2014-06-15;108;剉冰变调曲;299;11
2014-06-15;308;查埔人的心情;296;27
2014-06-15;38;音乐1;294;10
2014-06-15;1769371714;青春岭;292;31
2014-06-15;121;呒知影人;290;12
2014-06-15;1769371706;秋怨;288;31
2014-06-15;1769371709;春宵吟;288;31
2014-06-15;1769371692;孤恋花;285;30
2014-06-15;334;不通天光;275;29
2014-06-15;78;暧昧;271;14
2014-06-15;1769371712;一粒红蛋;269;31
2014-06-15;329;再会夜都市;269;28
2014-06-15;1769371693;满山春色;262;30
2014-06-15;107;摸一摸;258;11
2014-06-15;287;你是否会想起我;257;25
2014-06-15;106;卡拉Ok Night;251;11
2014-06-15;105;Bobby Blue Bra;250;11
2014-06-15;294;悲情的城市;250;26
2014-06-15;41;音乐3;248;10
2014-06-15;77;地图;243;14
2014-06-15;272;李老师之我要你的爱(原曲:我要你的爱;236;24
2014-06-15;269;爱的歌声;235;24
2014-06-15;349;雨季;234;32
2014-06-15;298;雾夜的灯塔;230;26
2014-06-15;311;男性的纯情;230;27
2014-06-15;348;看望;227;32
2014-06-15;355;青春舞曲;225;32
2014-06-15;76;平衡;224;14
2014-06-15;130;惠安之春(演唱会版伴奏;223;15
2014-06-15;46;阿麻;220;10
2014-06-15;250;乘着风;220;23
2014-06-15;317;旧情深深(二胡演奏;219;27
2014-06-15;40;疯;218;10
2014-06-15;297;惜别夜港边;215;26
2014-06-15;39;音乐2;207;10
2014-06-15;134;我已经爱上你(伴奏;206;15
2014-06-15;59;呒知影人;206;14
2014-06-15;273;阿贵谢谢你(阿贵/猛章;204;24
2014-06-15;325;最后才知输赢;204;28
2014-06-15;131;惠安之春(录音室版伴奏;201;15
2014-06-15;71;台客与土狗;195;14
2014-06-15;132;太阳泪珠(伴奏;191;15
2014-06-15;136;一生一世情不渝(伴奏;190;15
2014-06-15;352;月亮情人;187;32
2014-06-15;73;挣扎;186;14
2014-06-15;70;孩子;186;14
2014-06-15;245;仙女下凡;186;23
2014-06-15;290;爱情走马灯;182;26
2014-06-15;68;你这个死人;179;14
2014-06-15;338;奋斗;178;29
2014-06-15;133;解语花(伴奏;177;15
2014-06-15;79;鸟笼;174;14
2014-06-15;72;宝贝别哭;171;14
2014-06-15;44;地图;166;10
2014-06-15;75;呛;163;14
2014-06-15;306;希望你作伴;162;27
2014-06-15;253;朋友;160;23
2014-06-15;327;男性一生哭三摆;155;28
2014-06-15;357;今年的雨季没有人来问候;155;32
2014-06-15;83;斗;152;14
2014-06-15;74;序;152;14
2014-06-15;316;歹命囝仔(二胡演奏;152;27
2014-06-15;280;再点一支烟;152;25
2014-06-15;320;失恋的节奏;151;28
2014-06-15;260;大家,再见了;151;23
2014-06-15;69;我是人;150;14
2014-06-15;259;飞天粉红猪;147;23
2014-06-15;266;耶诞组曲(阿贵/秀妹/阿弟;146;24
2014-06-15;331;月娘我问你(二胡演奏;141;28
2014-06-15;302;爱情走马灯(伴唱;135;26
2014-06-15;326;无情之梦;135;28
2014-06-15;54;坚持信仰;133;10
2014-06-15;50;挣扎;132;10
2014-06-15;42;歹势;132;10
2014-06-15;322;空中云;131;28
2014-06-15;307;船只海岸;131;27
2014-06-15;351;索乌恋曲;129;32
2014-06-15;84;敦伦;126;14
2014-06-15;82;认罪;123;14
2014-06-15;53;音乐9;122;10
2014-06-15;279;好花不常开;122;25
2014-06-15;354;相约山寨;121;32
2014-06-15;238;阿贵起床啰;116;23
2014-06-15;286;坐台小姐;114;25
2014-06-15;45;音乐5;112;10
2014-06-15;51;音乐8;111;10
2014-06-15;85;跋;109;14
2014-06-15;337;双人酒杯;107;29
2014-06-15;335;看人生;106;29
2014-06-15;47;音乐6;103;10
2014-06-15;328;难忘的凰凰桥;95;28
2014-06-15;52;平衡;95;10
2014-06-15;293;将感情放水流;93;26
2014-06-15;241;茅坑事变;93;23
2014-06-15;55;音乐10;91;10
2014-06-15;312;请你信赖我;88;27
2014-06-15;257;抬头吧!小鸡;79;23
2014-06-15;291;东港未了情;77;26
2014-06-15;323;青春不再回;76;28
2014-06-15;324;梦中也爱你;76;28
2014-06-15;318;船只海岸(二胡演奏;73;27
2014-06-15;314;第二的故乡;71;27
2014-06-15;249;犀牛;68;23
2014-06-15;292;走唱人生;67;26
2014-06-15;301;黄昏思情(伴唱;60;26
2014-06-15;345;看人生(二胡演奏;60;29
2014-06-15;267;妈妈不要怕(妈妈/阿贵/猪哥雯;60;24
2014-06-15;333;无情的爱人(二胡演奏;54;28
2014-06-15;332;失恋的节奏(二胡演奏;51;28
2014-06-15;299;故乡的月;51;26
2014-06-15;344;不通天光(二胡演奏;50;29
2014-06-15;262;我的爸爸;50;23
2014-06-15;244;黑暗中的怪兽;45;23
2014-06-15;252;快逃;44;23
2014-06-15;283;谁的眼泪;40;25
2014-06-15;235;红龟棵;40;23
2014-06-15;265;哇喺Grandma(阿嬷;39;24
2014-06-15;336;我不是随便的人;37;29
2014-06-15;288;不要太完美;37;25
2014-06-15;239;看蛇笑;35;23
2014-06-15;240;小芳的便当;34;23
2014-06-15;270;你的电话(阿贵/燕子/小芳;33;24
2014-06-15;234;我很坏;32;23
2014-06-15;339;会·好吗无一定;31;29
2014-06-15;271;ㄇㄞˋ走(原曲:别走;30;24
2014-06-15;236;快快快快递公司;30;23
2014-06-15;285;也许;29;25
2014-06-15;263;任务成功;29;23
2014-06-15;282;再见我的爱;28;25
2014-06-15;343;相思情;28;29
2014-06-15;254;体育老师擂台战;28;23
2014-06-15;340;我的心中;27;29
2014-06-15;342;新爱你入骨;26;29
2014-06-15;281;我爱你;25;25
2014-06-15;341;感情下尚重;25;29
2014-06-15;303;东港未了情(伴唱;24;26
2014-06-15;251;犀牛终结者;24;23
2014-06-15;248;猪莲帮;24;23
2014-06-15;247;自然课;23;23
2014-06-15;243;国民教育委员会;21;23
2014-06-15;246;春水校歌;18;23
2014-06-15;242;燕子的外双C;18;23
2014-06-15;255;自然老师实验战;17;23
2014-06-15;237;露壁高跟鞋;17;23
2014-06-15;256;幕后主使者;13;23
2014-06-15;258;捕兽战队;12;23
2014-06-15;261;再会阿娜答;10;23
