2014-06-23;238219;Make A Wish;19871;19881
2014-06-23;238236;Lonesome;4817;19882
2014-06-23;238241;花;4616;19883
2014-06-23;238231;指轮;3756;19882
2014-06-23;238217;Supernova;2494;19881
2014-06-23;238220;Addicted;2373;19881
2014-06-23;238228;サンタクロース;2144;19882
2014-06-23;238242;Punk;1897;19883
2014-06-23;238225;Perfect Days;1841;19881
2014-06-23;238235;Middle Of Nowhere;1746;19882
2014-06-23;238226;Good Morning Kid;1673;19881
2014-06-23;238218;スターフィッシュ;1623;19881
2014-06-23;238224;ロストワールド;1415;19881
2014-06-23;238240;Stupid;1361;19883
2014-06-23;238232;月;1318;19882
2014-06-23;238239;The End Of The World;1285;19883
2014-06-23;238229;Can You Feel Like I Do;1221;19882
2014-06-23;238221;バタフライ;1195;19881
2014-06-23;238243;ナイフ;1025;19883
2014-06-23;238222;My Bloody Holiday;1015;19881
2014-06-23;238223;Pizza Man;986;19881
2014-06-23;238234;风の日;968;19882
2014-06-23;238237;Sliding Door;951;19882
2014-06-23;238227;My Favorite Song;906;19882
2014-06-23;238238;The End Of The World  (DON'T TRUST ANYONE BUT US VERSION;859;19882
2014-06-23;238233;45;858;19882
2014-06-23;238230;Bare Foot;807;19882
